wandb: Currently logged in as: ilhamsyahids. Use `wandb login --relogin` to force relogin
wandb: - Waiting for wandb.init()...wandb: \ Waiting for wandb.init()...wandb: wandb version 0.15.0 is available!  To upgrade, please run:
wandb:  $ pip install wandb --upgrade
wandb: Tracking run with wandb version 0.14.0
wandb: Run data is saved locally in logs/wandb/run-20230422_183903-u254zvcy
wandb: Run `wandb offline` to turn off syncing.
wandb: Syncing run coba
wandb: ⭐️ View project at https://wandb.ai/ilhamsyahids/MaskRCNN
wandb: 🚀 View run at https://wandb.ai/ilhamsyahids/MaskRCNN/runs/u254zvcy
wandb: logging graph, to disable use `wandb.watch(log_graph=False)`
/home/m23522033/torch-mask-rcnn/.venv/lib/python3.8/site-packages/lightning_fabric/connector.py:562: UserWarning: 16 is supported for historical reasons but its usage is discouraged. Please set your precision to 16-mixed instead!
  rank_zero_warn(
/home/m23522033/torch-mask-rcnn/.venv/lib/python3.8/site-packages/lightning_fabric/plugins/environments/slurm.py:165: PossibleUserWarning: The `srun` command is available on your system but is not used. HINT: If your intention is to run Lightning on SLURM, prepend your python command with `srun` like so: srun python3 train.py --config-file config/gpu/try/a.yaml ...
  rank_zero_warn(
Using 16bit Automatic Mixed Precision (AMP)
GPU available: True (cuda), used: True
TPU available: False, using: 0 TPU cores
IPU available: False, using: 0 IPUs
HPU available: False, using: 0 HPUs
/home/m23522033/torch-mask-rcnn/.venv/lib/python3.8/site-packages/lightning_fabric/plugins/environments/slurm.py:165: PossibleUserWarning: The `srun` command is available on your system but is not used. HINT: If your intention is to run Lightning on SLURM, prepend your python command with `srun` like so: srun python3 train.py --config-file config/gpu/try/a.yaml ...
  rank_zero_warn(
Initializing distributed: GLOBAL_RANK: 0, MEMBER: 1/8
Initializing distributed: GLOBAL_RANK: 4, MEMBER: 5/8
Initializing distributed: GLOBAL_RANK: 2, MEMBER: 3/8
Initializing distributed: GLOBAL_RANK: 5, MEMBER: 6/8
Initializing distributed: GLOBAL_RANK: 6, MEMBER: 7/8
Initializing distributed: GLOBAL_RANK: 7, MEMBER: 8/8
Initializing distributed: GLOBAL_RANK: 1, MEMBER: 2/8
Initializing distributed: GLOBAL_RANK: 3, MEMBER: 4/8
----------------------------------------------------------------------------------------------------
distributed_backend=nccl
All distributed processes registered. Starting with 8 processes
----------------------------------------------------------------------------------------------------

LOCAL_RANK: 6 - CUDA_VISIBLE_DEVICES: [0,1,2,3,4,5,6,7]
LOCAL_RANK: 4 - CUDA_VISIBLE_DEVICES: [0,1,2,3,4,5,6,7]
LOCAL_RANK: 3 - CUDA_VISIBLE_DEVICES: [0,1,2,3,4,5,6,7]
LOCAL_RANK: 5 - CUDA_VISIBLE_DEVICES: [0,1,2,3,4,5,6,7]
LOCAL_RANK: 2 - CUDA_VISIBLE_DEVICES: [0,1,2,3,4,5,6,7]
LOCAL_RANK: 7 - CUDA_VISIBLE_DEVICES: [0,1,2,3,4,5,6,7]
LOCAL_RANK: 1 - CUDA_VISIBLE_DEVICES: [0,1,2,3,4,5,6,7]
LOCAL_RANK: 0 - CUDA_VISIBLE_DEVICES: [0,1,2,3,4,5,6,7]

  | Name  | Type     | Params
-----------------------------------
0 | model | MaskRCNN | 46.4 M
-----------------------------------
46.1 M    Trainable params
225 K     Non-trainable params
46.4 M    Total params
185.438   Total estimated model params size (MB)
/home/m23522033/torch-mask-rcnn/.venv/lib/python3.8/site-packages/lightning_fabric/loggers/csv_logs.py:188: UserWarning: Experiment logs directory logs/coba/version_1 exists and is not empty. Previous log files in this directory will be deleted when the new ones are saved!
  rank_zero_warn(
/home/m23522033/torch-mask-rcnn/.venv/lib/python3.8/site-packages/pytorch_lightning/trainer/connectors/logger_connector/result.py:432: PossibleUserWarning: It is recommended to use `self.log('model_time', ..., sync_dist=True)` when logging on epoch level in distributed setting to accumulate the metric across devices.
  warning_cache.warn(
/home/m23522033/torch-mask-rcnn/.venv/lib/python3.8/site-packages/pytorch_lightning/trainer/connectors/logger_connector/result.py:432: PossibleUserWarning: It is recommended to use `self.log('evaluator_time', ..., sync_dist=True)` when logging on epoch level in distributed setting to accumulate the metric across devices.
  warning_cache.warn(
/home/m23522033/torch-mask-rcnn/.venv/lib/python3.8/site-packages/pytorch_lightning/trainer/connectors/logger_connector/result.py:432: PossibleUserWarning: It is recommended to use `self.log('map_bbox', ..., sync_dist=True)` when logging on epoch level in distributed setting to accumulate the metric across devices.
  warning_cache.warn(
/home/m23522033/torch-mask-rcnn/.venv/lib/python3.8/site-packages/pytorch_lightning/trainer/connectors/logger_connector/result.py:432: PossibleUserWarning: It is recommended to use `self.log('map_50_bbox', ..., sync_dist=True)` when logging on epoch level in distributed setting to accumulate the metric across devices.
  warning_cache.warn(
/home/m23522033/torch-mask-rcnn/.venv/lib/python3.8/site-packages/pytorch_lightning/trainer/connectors/logger_connector/result.py:432: PossibleUserWarning: It is recommended to use `self.log('mar_bbox', ..., sync_dist=True)` when logging on epoch level in distributed setting to accumulate the metric across devices.
  warning_cache.warn(
/home/m23522033/torch-mask-rcnn/.venv/lib/python3.8/site-packages/pytorch_lightning/trainer/connectors/logger_connector/result.py:432: PossibleUserWarning: It is recommended to use `self.log('map_segm', ..., sync_dist=True)` when logging on epoch level in distributed setting to accumulate the metric across devices.
  warning_cache.warn(
/home/m23522033/torch-mask-rcnn/.venv/lib/python3.8/site-packages/pytorch_lightning/trainer/connectors/logger_connector/result.py:432: PossibleUserWarning: It is recommended to use `self.log('map_50_segm', ..., sync_dist=True)` when logging on epoch level in distributed setting to accumulate the metric across devices.
  warning_cache.warn(
/home/m23522033/torch-mask-rcnn/.venv/lib/python3.8/site-packages/pytorch_lightning/trainer/connectors/logger_connector/result.py:432: PossibleUserWarning: It is recommended to use `self.log('mar_segm', ..., sync_dist=True)` when logging on epoch level in distributed setting to accumulate the metric across devices.
  warning_cache.warn(
`Trainer.fit` stopped: `max_epochs=10` reached.
FIT Profiler Report

--------------------------------------------------------------------------------------------------------------------------------------------------------------------------------------------------------------------------------------------------------------------------
|  Action                                                                                                                                                         	|  Mean duration (s)	|  Num calls      	|  Total time (s) 	|  Percentage %   	|
--------------------------------------------------------------------------------------------------------------------------------------------------------------------------------------------------------------------------------------------------------------------------
|  Total                                                                                                                                                          	|  -              	|  454437         	|  1.2602e+04     	|  100 %          	|
--------------------------------------------------------------------------------------------------------------------------------------------------------------------------------------------------------------------------------------------------------------------------
|  run_training_epoch                                                                                                                                             	|  1250.8         	|  10             	|  1.2508e+04     	|  99.256         	|
|  run_training_batch                                                                                                                                             	|  1.1282         	|  9160           	|  1.0334e+04     	|  82.002         	|
|  [LightningModule]Mask_RCNN.optimizer_step                                                                                                                      	|  1.1281         	|  9160           	|  1.0333e+04     	|  81.994         	|
|  [Strategy]DDPStrategy.training_step                                                                                                                            	|  0.53717        	|  9160           	|  4920.5         	|  39.045         	|
|  [Strategy]DDPStrategy.backward                                                                                                                                 	|  0.19895        	|  9160           	|  1822.4         	|  14.461         	|
|  [Strategy]DDPStrategy.validation_step                                                                                                                          	|  0.5861         	|  790            	|  463.02         	|  3.6741         	|
|  [_TrainingEpochLoop].train_dataloader_next                                                                                                                     	|  0.038758       	|  9160           	|  355.02         	|  2.8171         	|
|  [Callback]COCOEvaluator.on_validation_epoch_end                                                                                                                	|  31.141         	|  10             	|  311.41         	|  2.4711         	|
|  [Callback]COCOEvaluator.on_validation_batch_end                                                                                                                	|  0.37808        	|  790            	|  298.68         	|  2.3701         	|
|  [Strategy]DDPStrategy.batch_to_device                                                                                                                          	|  0.023401       	|  9950           	|  232.84         	|  1.8476         	|
|  [LightningModule]Mask_RCNN.transfer_batch_to_device                                                                                                            	|  0.023244       	|  9950           	|  231.28         	|  1.8352         	|
|  [Callback]COCOEvaluator.on_validation_start                                                                                                                    	|  3.7908         	|  10             	|  37.908         	|  0.30081        	|
|  [Callback]ModelCheckpoint{'monitor': None, 'mode': 'min', 'every_n_train_steps': 0, 'every_n_epochs': 1, 'train_time_interval': None}.on_train_epoch_end       	|  3.0024         	|  10             	|  30.024         	|  0.23825        	|
|  [LightningDataModule]COCODataModule.setup                                                                                                                      	|  21.454         	|  1              	|  21.454         	|  0.17024        	|
|  [Callback]COCOEvaluator.on_validation_epoch_start                                                                                                              	|  1.7269         	|  10             	|  17.269         	|  0.13703        	|
|  [_EvaluationLoop].val_next                                                                                                                                     	|  0.021469       	|  790            	|  16.96          	|  0.13458        	|
|  [LightningModule]Mask_RCNN.on_train_epoch_end                                                                                                                  	|  0.73836        	|  10             	|  7.3836         	|  0.05859        	|
|  [LightningModule]Mask_RCNN.optimizer_zero_grad                                                                                                                 	|  0.00059032     	|  9160           	|  5.4074         	|  0.042908       	|
|  [Callback]LearningRateMonitor.on_train_batch_start                                                                                                             	|  0.0002101      	|  9160           	|  1.9246         	|  0.015272       	|
|  [Callback]TQDMProgressBar.on_train_batch_end                                                                                                                   	|  8.7211e-05     	|  9160           	|  0.79885        	|  0.006339       	|
|  [LightningModule]Mask_RCNN.configure_gradient_clipping                                                                                                         	|  3.2142e-05     	|  9160           	|  0.29442        	|  0.0023362      	|
|  [Callback]ModelCheckpoint{'monitor': None, 'mode': 'min', 'every_n_train_steps': 0, 'every_n_epochs': 1, 'train_time_interval': None}.on_train_batch_end       	|  3.0349e-05     	|  9160           	|  0.27799        	|  0.0022059      	|
|  [LightningDataModule]COCODataModule.train_dataloader                                                                                                           	|  0.17584        	|  1              	|  0.17584        	|  0.0013953      	|
|  [Callback]TQDMProgressBar.on_train_batch_start                                                                                                                 	|  6.0757e-06     	|  9160           	|  0.055654       	|  0.00044162     	|
|  [Callback]TQDMProgressBar.on_validation_batch_end                                                                                                              	|  6.4777e-05     	|  790            	|  0.051174       	|  0.00040607     	|
|  [Callback]TQDMProgressBar.on_after_backward                                                                                                                    	|  4.7671e-06     	|  9160           	|  0.043667       	|  0.0003465      	|
|  [Callback]TQDMProgressBar.on_validation_start                                                                                                                  	|  0.004027       	|  10             	|  0.04027        	|  0.00031954     	|
|  [LightningModule]Mask_RCNN.on_before_batch_transfer                                                                                                            	|  3.5317e-06     	|  9950           	|  0.03514        	|  0.00027884     	|
|  [Callback]TQDMProgressBar.on_before_zero_grad                                                                                                                  	|  3.7761e-06     	|  9160           	|  0.034589       	|  0.00027447     	|
|  [Callback]TQDMProgressBar.on_before_optimizer_step                                                                                                             	|  3.7013e-06     	|  9160           	|  0.033904       	|  0.00026903     	|
|  [Callback]TQDMProgressBar.on_before_backward                                                                                                                   	|  3.2103e-06     	|  9160           	|  0.029406       	|  0.00023334     	|
|  [LightningModule]Mask_RCNN.on_validation_model_eval                                                                                                            	|  0.0028568      	|  10             	|  0.028568       	|  0.00022669     	|
|  [LightningModule]Mask_RCNN.on_after_batch_transfer                                                                                                             	|  2.8132e-06     	|  9950           	|  0.027991       	|  0.00022211     	|
|  [Callback]LearningRateMonitor.on_train_batch_end                                                                                                               	|  2.3987e-06     	|  9160           	|  0.021972       	|  0.00017435     	|
|  [LightningModule]Mask_RCNN.on_train_batch_start                                                                                                                	|  2.1337e-06     	|  9160           	|  0.019545       	|  0.00015509     	|
|  [Callback]TQDMProgressBar.on_validation_batch_start                                                                                                            	|  2.4564e-05     	|  790            	|  0.019406       	|  0.00015399     	|
|  [LightningModule]Mask_RCNN.on_after_backward                                                                                                                   	|  2.0105e-06     	|  9160           	|  0.018416       	|  0.00014614     	|
|  [LightningModule]Mask_RCNN.on_train_batch_end                                                                                                                  	|  1.9313e-06     	|  9160           	|  0.017691       	|  0.00014038     	|
|  [LightningModule]Mask_RCNN.on_before_zero_grad                                                                                                                 	|  1.9043e-06     	|  9160           	|  0.017443       	|  0.00013842     	|
|  [Callback]COCOEvaluator.on_train_batch_start                                                                                                                   	|  1.7544e-06     	|  9160           	|  0.01607        	|  0.00012752     	|
|  [LightningModule]Mask_RCNN.on_before_optimizer_step                                                                                                            	|  1.7027e-06     	|  9160           	|  0.015597       	|  0.00012376     	|
|  [Callback]ModelCheckpoint{'monitor': None, 'mode': 'min', 'every_n_train_steps': 0, 'every_n_epochs': 1, 'train_time_interval': None}.on_train_batch_start     	|  1.6903e-06     	|  9160           	|  0.015484       	|  0.00012286     	|
|  [LightningModule]Mask_RCNN.on_before_backward                                                                                                                  	|  1.6839e-06     	|  9160           	|  0.015424       	|  0.00012239     	|
|  [Callback]LearningRateMonitor.on_after_backward                                                                                                                	|  1.6724e-06     	|  9160           	|  0.015319       	|  0.00012156     	|
|  [Callback]ModelCheckpoint{'monitor': None, 'mode': 'min', 'every_n_train_steps': 0, 'every_n_epochs': 1, 'train_time_interval': None}.on_after_backward        	|  1.6072e-06     	|  9160           	|  0.014722       	|  0.00011682     	|
|  [Callback]LearningRateMonitor.on_before_optimizer_step                                                                                                         	|  1.5856e-06     	|  9160           	|  0.014524       	|  0.00011525     	|
|  [Callback]LearningRateMonitor.on_before_zero_grad                                                                                                              	|  1.5124e-06     	|  9160           	|  0.013854       	|  0.00010993     	|
|  [Callback]TQDMProgressBar.on_validation_end                                                                                                                    	|  0.0013455      	|  10             	|  0.013455       	|  0.00010677     	|
|  [Callback]COCOEvaluator.on_train_batch_end                                                                                                                     	|  1.4648e-06     	|  9160           	|  0.013417       	|  0.00010647     	|
|  [Callback]LearningRateMonitor.on_before_backward                                                                                                               	|  1.4298e-06     	|  9160           	|  0.013097       	|  0.00010392     	|
|  [Callback]ModelCheckpoint{'monitor': None, 'mode': 'min', 'every_n_train_steps': 0, 'every_n_epochs': 1, 'train_time_interval': None}.on_before_optimizer_step 	|  1.3985e-06     	|  9160           	|  0.01281        	|  0.00010165     	|
|  [Callback]ModelSummary.on_train_batch_start                                                                                                                    	|  1.3934e-06     	|  9160           	|  0.012764       	|  0.00010128     	|
|  [Callback]ModelCheckpoint{'monitor': None, 'mode': 'min', 'every_n_train_steps': 0, 'every_n_epochs': 1, 'train_time_interval': None}.on_before_zero_grad      	|  1.3862e-06     	|  9160           	|  0.012698       	|  0.00010076     	|
|  [Callback]ModelCheckpoint{'monitor': None, 'mode': 'min', 'every_n_train_steps': 0, 'every_n_epochs': 1, 'train_time_interval': None}.on_before_backward       	|  1.3501e-06     	|  9160           	|  0.012367       	|  9.8135e-05     	|
|  [Callback]ModelSummary.on_train_batch_end                                                                                                                      	|  1.3123e-06     	|  9160           	|  0.012021       	|  9.5387e-05     	|
|  [Callback]COCOEvaluator.on_before_zero_grad                                                                                                                    	|  1.312e-06      	|  9160           	|  0.012018       	|  9.5366e-05     	|
|  [Callback]COCOEvaluator.on_after_backward                                                                                                                      	|  1.3113e-06     	|  9160           	|  0.012011       	|  9.5309e-05     	|
|  [Strategy]DDPStrategy.on_train_batch_start                                                                                                                     	|  1.3013e-06     	|  9160           	|  0.01192        	|  9.4583e-05     	|
|  [Callback]COCOEvaluator.on_before_optimizer_step                                                                                                               	|  1.2927e-06     	|  9160           	|  0.011841       	|  9.3961e-05     	|
|  [Callback]COCOEvaluator.on_before_backward                                                                                                                     	|  1.2604e-06     	|  9160           	|  0.011546       	|  9.1615e-05     	|
|  [LightningModule]Mask_RCNN.on_validation_model_train                                                                                                           	|  0.0011439      	|  10             	|  0.011439       	|  9.0774e-05     	|
|  [Callback]ModelSummary.on_after_backward                                                                                                                       	|  1.2422e-06     	|  9160           	|  0.011379       	|  9.0293e-05     	|
|  [Callback]ModelSummary.on_before_zero_grad                                                                                                                     	|  1.188e-06      	|  9160           	|  0.010882       	|  8.6349e-05     	|
|  [Callback]TQDMProgressBar.on_train_epoch_start                                                                                                                 	|  0.0010757      	|  10             	|  0.010757       	|  8.5359e-05     	|
|  [Callback]ModelSummary.on_before_backward                                                                                                                      	|  1.166e-06      	|  9160           	|  0.010681       	|  8.4752e-05     	|
|  [Callback]ModelSummary.on_before_optimizer_step                                                                                                                	|  1.1637e-06     	|  9160           	|  0.01066        	|  8.4585e-05     	|
|  [Callback]ModelSummary.on_fit_start                                                                                                                            	|  0.006375       	|  1              	|  0.006375       	|  5.0586e-05     	|
|  [Callback]ModelSummary.on_validation_batch_end                                                                                                                 	|  7.4622e-06     	|  790            	|  0.0058951      	|  4.6778e-05     	|
|  [LightningModule]Mask_RCNN.on_validation_batch_end                                                                                                             	|  6.1432e-06     	|  790            	|  0.0048531      	|  3.851e-05      	|
|  [Callback]TQDMProgressBar.on_train_epoch_end                                                                                                                   	|  0.00040629     	|  10             	|  0.0040629      	|  3.2239e-05     	|
|  [Callback]LearningRateMonitor.on_validation_batch_end                                                                                                          	|  3.2271e-06     	|  790            	|  0.0025494      	|  2.023e-05      	|
|  [Callback]LearningRateMonitor.on_validation_batch_start                                                                                                        	|  2.3985e-06     	|  790            	|  0.0018948      	|  1.5036e-05     	|
|  [Callback]ModelCheckpoint{'monitor': None, 'mode': 'min', 'every_n_train_steps': 0, 'every_n_epochs': 1, 'train_time_interval': None}.on_validation_batch_end  	|  2.0775e-06     	|  790            	|  0.0016412      	|  1.3023e-05     	|
|  [Callback]ModelCheckpoint{'monitor': None, 'mode': 'min', 'every_n_train_steps': 0, 'every_n_epochs': 1, 'train_time_interval': None}.setup                    	|  0.0016002      	|  1              	|  0.0016002      	|  1.2697e-05     	|
|  [LightningModule]Mask_RCNN.lr_scheduler_step                                                                                                                   	|  0.00013653     	|  10             	|  0.0013653      	|  1.0833e-05     	|
|  [Callback]TQDMProgressBar.on_train_start                                                                                                                       	|  0.0013564      	|  1              	|  0.0013564      	|  1.0763e-05     	|
|  [Callback]ModelCheckpoint{'monitor': None, 'mode': 'min', 'every_n_train_steps': 0, 'every_n_epochs': 1, 'train_time_interval': None}.on_validation_batch_start	|  1.5835e-06     	|  790            	|  0.001251       	|  9.9267e-06     	|
|  [LightningModule]Mask_RCNN.on_validation_batch_start                                                                                                           	|  1.5455e-06     	|  790            	|  0.001221       	|  9.6884e-06     	|
|  [Callback]COCOEvaluator.on_validation_batch_start                                                                                                              	|  1.4537e-06     	|  790            	|  0.0011484      	|  9.1129e-06     	|
|  [Callback]ModelSummary.on_validation_batch_start                                                                                                               	|  1.2873e-06     	|  790            	|  0.0010169      	|  8.0696e-06     	|
|  [LightningModule]Mask_RCNN.configure_optimizers                                                                                                                	|  0.0010032      	|  1              	|  0.0010032      	|  7.9603e-06     	|
|  [LightningDataModule]COCODataModule.val_dataloader                                                                                                             	|  0.00087057     	|  1              	|  0.00087057     	|  6.9081e-06     	|
|  [Callback]TQDMProgressBar.on_train_end                                                                                                                         	|  0.00085869     	|  1              	|  0.00085869     	|  6.8138e-06     	|
|  [Callback]ModelCheckpoint{'monitor': None, 'mode': 'min', 'every_n_train_steps': 0, 'every_n_epochs': 1, 'train_time_interval': None}.on_validation_end        	|  6.5575e-05     	|  10             	|  0.00065575     	|  5.2035e-06     	|
|  [LightningModule]Mask_RCNN.on_validation_epoch_start                                                                                                           	|  4.952e-05      	|  10             	|  0.0004952      	|  3.9295e-06     	|
|  [Callback]LearningRateMonitor.on_train_epoch_start                                                                                                             	|  2.3583e-05     	|  10             	|  0.00023583     	|  1.8714e-06     	|
|  [Callback]COCOEvaluator.on_train_epoch_start                                                                                                                   	|  2.1606e-05     	|  10             	|  0.00021606     	|  1.7144e-06     	|
|  [LightningModule]Mask_RCNN.on_train_end                                                                                                                        	|  0.00021568     	|  1              	|  0.00021568     	|  1.7114e-06     	|
|  [Callback]ModelSummary.on_validation_start                                                                                                                     	|  1.8605e-05     	|  10             	|  0.00018605     	|  1.4763e-06     	|
|  [Callback]LearningRateMonitor.on_train_start                                                                                                                   	|  0.00016571     	|  1              	|  0.00016571     	|  1.3149e-06     	|
|  [LightningModule]Mask_RCNN.on_train_epoch_start                                                                                                                	|  1.5728e-05     	|  10             	|  0.00015728     	|  1.248e-06      	|
|  [Callback]ModelSummary.on_validation_epoch_start                                                                                                               	|  1.4003e-05     	|  10             	|  0.00014003     	|  1.1112e-06     	|
|  [Callback]LearningRateMonitor.on_validation_start                                                                                                              	|  1.2416e-05     	|  10             	|  0.00012416     	|  9.8524e-07     	|
|  [LightningDataModule]COCODataModule.state_dict                                                                                                                 	|  1.0836e-05     	|  10             	|  0.00010836     	|  8.5985e-07     	|
|  [Callback]ModelSummary.on_validation_epoch_end                                                                                                                 	|  1.034e-05      	|  10             	|  0.0001034      	|  8.2048e-07     	|
|  [Strategy]DDPStrategy.on_validation_start                                                                                                                      	|  6.8584e-06     	|  10             	|  6.8584e-05     	|  5.4422e-07     	|
|  [Callback]LearningRateMonitor.on_validation_end                                                                                                                	|  5.259e-06      	|  10             	|  5.259e-05      	|  4.1731e-07     	|
|  [Callback]TQDMProgressBar.setup                                                                                                                                	|  4.5609e-05     	|  1              	|  4.5609e-05     	|  3.6191e-07     	|
|  [LightningModule]Mask_RCNN.on_validation_start                                                                                                                 	|  4.435e-06      	|  10             	|  4.435e-05      	|  3.5192e-07     	|
|  [Callback]ModelCheckpoint{'monitor': None, 'mode': 'min', 'every_n_train_steps': 0, 'every_n_epochs': 1, 'train_time_interval': None}.on_validation_start      	|  4.1912e-06     	|  10             	|  4.1912e-05     	|  3.3258e-07     	|
|  [Callback]TQDMProgressBar.on_save_checkpoint                                                                                                                   	|  3.8677e-06     	|  10             	|  3.8677e-05     	|  3.069e-07      	|
|  [Callback]LearningRateMonitor.on_train_epoch_end                                                                                                               	|  3.7608e-06     	|  10             	|  3.7608e-05     	|  2.9842e-07     	|
|  [Callback]TQDMProgressBar.on_validation_epoch_end                                                                                                              	|  3.5272e-06     	|  10             	|  3.5272e-05     	|  2.7989e-07     	|
|  [LightningModule]Mask_RCNN.on_validation_epoch_end                                                                                                             	|  3.2961e-06     	|  10             	|  3.2961e-05     	|  2.6155e-07     	|
|  [Callback]TQDMProgressBar.on_validation_epoch_start                                                                                                            	|  3.1706e-06     	|  10             	|  3.1706e-05     	|  2.5159e-07     	|
|  [LightningModule]Mask_RCNN.on_validation_end                                                                                                                   	|  2.8561e-06     	|  10             	|  2.8561e-05     	|  2.2663e-07     	|
|  [Strategy]DDPStrategy.on_validation_end                                                                                                                        	|  2.778e-06      	|  10             	|  2.778e-05      	|  2.2044e-07     	|
|  [Callback]ModelCheckpoint{'monitor': None, 'mode': 'min', 'every_n_train_steps': 0, 'every_n_epochs': 1, 'train_time_interval': None}.on_train_epoch_start     	|  2.5919e-06     	|  10             	|  2.5919e-05     	|  2.0567e-07     	|
|  [Callback]ModelSummary.on_train_epoch_start                                                                                                                    	|  2.5538e-06     	|  10             	|  2.5538e-05     	|  2.0265e-07     	|
|  [Callback]LearningRateMonitor.on_save_checkpoint                                                                                                               	|  2.0327e-06     	|  10             	|  2.0327e-05     	|  1.613e-07      	|
|  [Callback]ModelCheckpoint{'monitor': None, 'mode': 'min', 'every_n_train_steps': 0, 'every_n_epochs': 1, 'train_time_interval': None}.on_validation_epoch_end  	|  1.9963e-06     	|  10             	|  1.9963e-05     	|  1.5841e-07     	|
|  [Callback]ModelCheckpoint{'monitor': None, 'mode': 'min', 'every_n_train_steps': 0, 'every_n_epochs': 1, 'train_time_interval': None}.on_save_checkpoint       	|  1.8174e-06     	|  10             	|  1.8174e-05     	|  1.4421e-07     	|
|  [Callback]LearningRateMonitor.on_validation_epoch_end                                                                                                          	|  1.7903e-06     	|  10             	|  1.7903e-05     	|  1.4206e-07     	|
|  [Callback]ModelCheckpoint{'monitor': None, 'mode': 'min', 'every_n_train_steps': 0, 'every_n_epochs': 1, 'train_time_interval': None}.on_validation_epoch_start	|  1.7736e-06     	|  10             	|  1.7736e-05     	|  1.4073e-07     	|
|  [Callback]COCOEvaluator.on_save_checkpoint                                                                                                                     	|  1.6869e-06     	|  10             	|  1.6869e-05     	|  1.3386e-07     	|
|  [Callback]COCOEvaluator.on_validation_end                                                                                                                      	|  1.6003e-06     	|  10             	|  1.6003e-05     	|  1.2698e-07     	|
|  [Callback]ModelSummary.on_save_checkpoint                                                                                                                      	|  1.5798e-06     	|  10             	|  1.5798e-05     	|  1.2536e-07     	|
|  [Callback]ModelSummary.on_validation_end                                                                                                                       	|  1.5035e-06     	|  10             	|  1.5035e-05     	|  1.193e-07      	|
|  [Callback]ModelSummary.on_train_epoch_end                                                                                                                      	|  1.3632e-06     	|  10             	|  1.3632e-05     	|  1.0817e-07     	|
|  [Callback]LearningRateMonitor.on_validation_epoch_start                                                                                                        	|  1.354e-06      	|  10             	|  1.354e-05      	|  1.0745e-07     	|
|  [Callback]COCOEvaluator.on_train_epoch_end                                                                                                                     	|  1.3398e-06     	|  10             	|  1.3398e-05     	|  1.0632e-07     	|
|  [LightningModule]Mask_RCNN.on_save_checkpoint                                                                                                                  	|  1.2733e-06     	|  10             	|  1.2733e-05     	|  1.0104e-07     	|
|  [LightningModule]Mask_RCNN.on_train_start                                                                                                                      	|  1.1905e-05     	|  1              	|  1.1905e-05     	|  9.4468e-08     	|
|  [LightningModule]Mask_RCNN.configure_sharded_model                                                                                                             	|  8.129e-06      	|  1              	|  8.129e-06      	|  6.4505e-08     	|
|  [LightningModule]Mask_RCNN.configure_callbacks                                                                                                                 	|  7.9321e-06     	|  1              	|  7.9321e-06     	|  6.2942e-08     	|
|  [Callback]LearningRateMonitor.setup                                                                                                                            	|  6.814e-06      	|  1              	|  6.814e-06      	|  5.407e-08      	|
|  [Callback]LearningRateMonitor.on_train_end                                                                                                                     	|  6.2739e-06     	|  1              	|  6.2739e-06     	|  4.9784e-08     	|
|  [LightningModule]Mask_RCNN.setup                                                                                                                               	|  6.1372e-06     	|  1              	|  6.1372e-06     	|  4.8699e-08     	|
|  [Callback]ModelCheckpoint{'monitor': None, 'mode': 'min', 'every_n_train_steps': 0, 'every_n_epochs': 1, 'train_time_interval': None}.on_train_start           	|  6.0222e-06     	|  1              	|  6.0222e-06     	|  4.7787e-08     	|
|  [Callback]COCOEvaluator.on_train_start                                                                                                                         	|  5.7269e-06     	|  1              	|  5.7269e-06     	|  4.5444e-08     	|
|  [Callback]TQDMProgressBar.on_fit_end                                                                                                                           	|  5.726e-06      	|  1              	|  5.726e-06      	|  4.5437e-08     	|
|  [LightningDataModule]COCODataModule.prepare_data                                                                                                               	|  5.208e-06      	|  1              	|  5.208e-06      	|  4.1326e-08     	|
|  [LightningModule]Mask_RCNN.on_fit_start                                                                                                                        	|  5.1239e-06     	|  1              	|  5.1239e-06     	|  4.0659e-08     	|
|  [Callback]ModelCheckpoint{'monitor': None, 'mode': 'min', 'every_n_train_steps': 0, 'every_n_epochs': 1, 'train_time_interval': None}.on_fit_start             	|  4.177e-06      	|  1              	|  4.177e-06      	|  3.3145e-08     	|
|  [Strategy]DDPStrategy.on_train_end                                                                                                                             	|  3.4389e-06     	|  1              	|  3.4389e-06     	|  2.7288e-08     	|
|  [LightningModule]Mask_RCNN.prepare_data                                                                                                                        	|  3.3339e-06     	|  1              	|  3.3339e-06     	|  2.6455e-08     	|
|  [Callback]TQDMProgressBar.on_fit_start                                                                                                                         	|  3.329e-06      	|  1              	|  3.329e-06      	|  2.6416e-08     	|
|  [Callback]COCOEvaluator.on_train_end                                                                                                                           	|  2.783e-06      	|  1              	|  2.783e-06      	|  2.2084e-08     	|
|  [Strategy]DDPStrategy.on_train_start                                                                                                                           	|  2.6e-06        	|  1              	|  2.6e-06        	|  2.0631e-08     	|
|  [Callback]ModelCheckpoint{'monitor': None, 'mode': 'min', 'every_n_train_steps': 0, 'every_n_epochs': 1, 'train_time_interval': None}.on_train_end             	|  2.5651e-06     	|  1              	|  2.5651e-06     	|  2.0354e-08     	|
|  [Callback]ModelSummary.on_train_end                                                                                                                            	|  2.4571e-06     	|  1              	|  2.4571e-06     	|  1.9497e-08     	|
|  [LightningDataModule]COCODataModule.teardown                                                                                                                   	|  2.1129e-06     	|  1              	|  2.1129e-06     	|  1.6766e-08     	|
|  [Callback]TQDMProgressBar.teardown                                                                                                                             	|  2.1001e-06     	|  1              	|  2.1001e-06     	|  1.6665e-08     	|
|  [Callback]ModelSummary.on_train_start                                                                                                                          	|  1.773e-06      	|  1              	|  1.773e-06      	|  1.4069e-08     	|
|  [Callback]LearningRateMonitor.on_fit_end                                                                                                                       	|  1.7008e-06     	|  1              	|  1.7008e-06     	|  1.3496e-08     	|
|  [LightningModule]Mask_RCNN.on_fit_end                                                                                                                          	|  1.559e-06      	|  1              	|  1.559e-06      	|  1.2371e-08     	|
|  [Callback]LearningRateMonitor.on_fit_start                                                                                                                     	|  1.529e-06      	|  1              	|  1.529e-06      	|  1.2133e-08     	|
|  [Callback]COCOEvaluator.setup                                                                                                                                  	|  1.4859e-06     	|  1              	|  1.4859e-06     	|  1.1791e-08     	|
|  [Callback]ModelCheckpoint{'monitor': None, 'mode': 'min', 'every_n_train_steps': 0, 'every_n_epochs': 1, 'train_time_interval': None}.teardown                 	|  1.454e-06      	|  1              	|  1.454e-06      	|  1.1538e-08     	|
|  [Callback]ModelSummary.setup                                                                                                                                   	|  1.3981e-06     	|  1              	|  1.3981e-06     	|  1.1094e-08     	|
|  [Callback]ModelCheckpoint{'monitor': None, 'mode': 'min', 'every_n_train_steps': 0, 'every_n_epochs': 1, 'train_time_interval': None}.on_fit_end               	|  1.3632e-06     	|  1              	|  1.3632e-06     	|  1.0817e-08     	|
|  [Callback]COCOEvaluator.on_fit_end                                                                                                                             	|  1.3271e-06     	|  1              	|  1.3271e-06     	|  1.0531e-08     	|
|  [Callback]COCOEvaluator.on_fit_start                                                                                                                           	|  1.2622e-06     	|  1              	|  1.2622e-06     	|  1.0016e-08     	|
|  [Callback]LearningRateMonitor.teardown                                                                                                                         	|  1.2468e-06     	|  1              	|  1.2468e-06     	|  9.8936e-09     	|
|  [Callback]ModelSummary.on_fit_end                                                                                                                              	|  1.17e-06       	|  1              	|  1.17e-06       	|  9.2839e-09     	|
|  [Callback]ModelSummary.teardown                                                                                                                                	|  1.1269e-06     	|  1              	|  1.1269e-06     	|  8.9421e-09     	|
|  [Callback]COCOEvaluator.teardown                                                                                                                               	|  1.1201e-06     	|  1              	|  1.1201e-06     	|  8.8885e-09     	|
|  [LightningModule]Mask_RCNN.teardown                                                                                                                            	|  1.0049e-06     	|  1              	|  1.0049e-06     	|  7.974e-09      	|
--------------------------------------------------------------------------------------------------------------------------------------------------------------------------------------------------------------------------------------------------------------------------

wandb: Waiting for W&B process to finish... (success).
wandb: 
wandb: Run history:
wandb:               epoch ▁▁▁▁▂▂▂▂▃▃▃▃▃▃▃▃▄▄▄▄▅▅▅▅▆▆▆▆▆▆▆▆▇▇▇▇████
wandb:      evaluator_time ▄▁▂▅▃▅▂█▄▆
wandb:        loss_box_reg ▄███▇▇▇▅▄▄▅▄▃▂▃▂▃▃▃▃▄▃▂▃▃▃▃▃▁▃▂▃▃▃▂▃▂▂▃▃
wandb:     loss_classifier ██▇▇▆▆▅▃▃▃▆▂▂▂▂▂▁▂▂▂▂▂▂▂▃▂▂▂▁▂▃▂▃▃▂▃▂▃▃▃
wandb:           loss_mask █▅▄▃▄▂▃▂▂▂▂▂▂▂▁▁▁▂▁▁▂▂▂▂▂▂▂▂▁▂▁▂▂▃▂▂▁▂▂▂
wandb:     loss_objectness █▄▃▂▃▃▂▂▁▂▂▁▁▁▂▁▁▁▁▂▂▁▂▂▂▁▂▂▁▂▁▄▂▂▃▂▂▂▂▂
wandb:    loss_rpn_box_reg █▅▄▃▃▄▅▃▂▃▃▃▃▂▂▁▁▂▁▃▄▁▂▃▄▂▂▂▁▃▂▄▃▂▃▂▂▁▃▄
wandb:             lr-LARS ▁▁▁▁▂▂▂▂▂▂▂▂▂▂▂▂▂▂▂▂▄▄▄▄▄▄▄▄▄▄▄▄████████
wandb:    lr-LARS-momentum ▁▁▁▁▁▁▁▁▁▁▁▁▁▁▁▁▁▁▁▁▁▁▁▁▁▁▁▁▁▁▁▁▁▁▁▁▁▁▁▁
wandb:         map_50_bbox ▁▅▇██▆▇▇▅▆
wandb:         map_50_segm ▁▆▇██▆▇▇▅▆
wandb:            map_bbox ▁▅▇██▆▇▇▅▆
wandb:            map_segm ▁▅▇██▆▇▇▅▆
wandb:            mar_bbox ▁▅▇██▇▇█▆▇
wandb:            mar_segm ▁▆▇██▇▇█▆▇
wandb:          model_time ▄▁▃▅▃▆▂█▃▅
wandb: trainer/global_step ▁▁▁▂▂▂▂▂▂▃▃▃▃▃▄▄▄▄▄▄▅▅▅▅▅▅▆▆▆▆▆▇▇▇▇▇▇███
wandb:       training_loss █▄▂▁▁▂▁▁▂▂
wandb:  training_step_loss █▇▆▆▅▅▅▃▃▃▄▂▂▂▂▁▂▂▂▂▃▂▂▂▃▂▂▂▁▂▂▃▃▃▂▃▂▂▃▃
wandb: 
wandb: Run summary:
wandb:               epoch 9
wandb:      evaluator_time 0.45454
wandb:        loss_box_reg 0.27066
wandb:     loss_classifier 0.33107
wandb:           loss_mask 0.30003
wandb:     loss_objectness 0.06782
wandb:    loss_rpn_box_reg 0.06527
wandb:             lr-LARS 0.004
wandb:    lr-LARS-momentum 0.9
wandb:         map_50_bbox 0.33152
wandb:         map_50_segm 0.31593
wandb:            map_bbox 0.18843
wandb:            map_segm 0.18484
wandb:            mar_bbox 0.36079
wandb:            mar_segm 0.34986
wandb:          model_time 0.65332
wandb: trainer/global_step 9159
wandb:       training_loss 1.02823
wandb:  training_step_loss 1.03485
wandb: 
wandb: 🚀 View run coba at: https://wandb.ai/ilhamsyahids/MaskRCNN/runs/u254zvcy
wandb: Synced 5 W&B file(s), 1 media file(s), 3 artifact file(s) and 0 other file(s)
wandb: Find logs at: logs/wandb/run-20230422_183903-u254zvcy/logs
