wandb: Currently logged in as: ilhamsyahids. Use `wandb login --relogin` to force relogin
wandb: wandb version 0.15.0 is available!  To upgrade, please run:
wandb:  $ pip install wandb --upgrade
wandb: Tracking run with wandb version 0.14.0
wandb: Run data is saved locally in logs/wandb/run-20230424_094618-e1ffjm0f
wandb: Run `wandb offline` to turn off syncing.
wandb: Syncing run lars-16-multistep-warm1-step1-3e-4
wandb: ⭐️ View project at https://wandb.ai/ilhamsyahids/MaskRCNN
wandb: 🚀 View run at https://wandb.ai/ilhamsyahids/MaskRCNN/runs/e1ffjm0f
wandb: logging graph, to disable use `wandb.watch(log_graph=False)`
/home/m23522033/torch-mask-rcnn/.venv/lib/python3.8/site-packages/lightning_fabric/connector.py:562: UserWarning: 16 is supported for historical reasons but its usage is discouraged. Please set your precision to 16-mixed instead!
  rank_zero_warn(
/home/m23522033/torch-mask-rcnn/.venv/lib/python3.8/site-packages/lightning_fabric/plugins/environments/slurm.py:165: PossibleUserWarning: The `srun` command is available on your system but is not used. HINT: If your intention is to run Lightning on SLURM, prepend your python command with `srun` like so: srun python3 train.py --config-file config/gpu/new/gpu-lars-16-m ...
  rank_zero_warn(
Using 16bit Automatic Mixed Precision (AMP)
GPU available: True (cuda), used: True
TPU available: False, using: 0 TPU cores
IPU available: False, using: 0 IPUs
HPU available: False, using: 0 HPUs
/home/m23522033/torch-mask-rcnn/.venv/lib/python3.8/site-packages/lightning_fabric/plugins/environments/slurm.py:165: PossibleUserWarning: The `srun` command is available on your system but is not used. HINT: If your intention is to run Lightning on SLURM, prepend your python command with `srun` like so: srun python3 train.py --config-file config/gpu/new/gpu-lars-16-m ...
  rank_zero_warn(
Initializing distributed: GLOBAL_RANK: 0, MEMBER: 1/8
Initializing distributed: GLOBAL_RANK: 5, MEMBER: 6/8
Initializing distributed: GLOBAL_RANK: 7, MEMBER: 8/8
Initializing distributed: GLOBAL_RANK: 2, MEMBER: 3/8
Initializing distributed: GLOBAL_RANK: 4, MEMBER: 5/8
Initializing distributed: GLOBAL_RANK: 6, MEMBER: 7/8
Initializing distributed: GLOBAL_RANK: 3, MEMBER: 4/8
Initializing distributed: GLOBAL_RANK: 1, MEMBER: 2/8
----------------------------------------------------------------------------------------------------
distributed_backend=nccl
All distributed processes registered. Starting with 8 processes
----------------------------------------------------------------------------------------------------

LOCAL_RANK: 4 - CUDA_VISIBLE_DEVICES: [0,1,2,3,4,5,6,7]
LOCAL_RANK: 3 - CUDA_VISIBLE_DEVICES: [0,1,2,3,4,5,6,7]
LOCAL_RANK: 7 - CUDA_VISIBLE_DEVICES: [0,1,2,3,4,5,6,7]
LOCAL_RANK: 5 - CUDA_VISIBLE_DEVICES: [0,1,2,3,4,5,6,7]
LOCAL_RANK: 1 - CUDA_VISIBLE_DEVICES: [0,1,2,3,4,5,6,7]
LOCAL_RANK: 0 - CUDA_VISIBLE_DEVICES: [0,1,2,3,4,5,6,7]
LOCAL_RANK: 6 - CUDA_VISIBLE_DEVICES: [0,1,2,3,4,5,6,7]
LOCAL_RANK: 2 - CUDA_VISIBLE_DEVICES: [0,1,2,3,4,5,6,7]

  | Name  | Type     | Params
-----------------------------------
0 | model | MaskRCNN | 46.4 M
-----------------------------------
46.1 M    Trainable params
225 K     Non-trainable params
46.4 M    Total params
185.438   Total estimated model params size (MB)
/home/m23522033/torch-mask-rcnn/.venv/lib/python3.8/site-packages/pytorch_lightning/trainer/connectors/logger_connector/result.py:432: PossibleUserWarning: It is recommended to use `self.log('model_time', ..., sync_dist=True)` when logging on epoch level in distributed setting to accumulate the metric across devices.
  warning_cache.warn(
/home/m23522033/torch-mask-rcnn/.venv/lib/python3.8/site-packages/pytorch_lightning/trainer/connectors/logger_connector/result.py:432: PossibleUserWarning: It is recommended to use `self.log('evaluator_time', ..., sync_dist=True)` when logging on epoch level in distributed setting to accumulate the metric across devices.
  warning_cache.warn(
/home/m23522033/torch-mask-rcnn/.venv/lib/python3.8/site-packages/pytorch_lightning/trainer/connectors/logger_connector/result.py:432: PossibleUserWarning: It is recommended to use `self.log('map_bbox', ..., sync_dist=True)` when logging on epoch level in distributed setting to accumulate the metric across devices.
  warning_cache.warn(
/home/m23522033/torch-mask-rcnn/.venv/lib/python3.8/site-packages/pytorch_lightning/trainer/connectors/logger_connector/result.py:432: PossibleUserWarning: It is recommended to use `self.log('map_50_bbox', ..., sync_dist=True)` when logging on epoch level in distributed setting to accumulate the metric across devices.
  warning_cache.warn(
/home/m23522033/torch-mask-rcnn/.venv/lib/python3.8/site-packages/pytorch_lightning/trainer/connectors/logger_connector/result.py:432: PossibleUserWarning: It is recommended to use `self.log('mar_bbox', ..., sync_dist=True)` when logging on epoch level in distributed setting to accumulate the metric across devices.
  warning_cache.warn(
/home/m23522033/torch-mask-rcnn/.venv/lib/python3.8/site-packages/pytorch_lightning/trainer/connectors/logger_connector/result.py:432: PossibleUserWarning: It is recommended to use `self.log('map_segm', ..., sync_dist=True)` when logging on epoch level in distributed setting to accumulate the metric across devices.
  warning_cache.warn(
/home/m23522033/torch-mask-rcnn/.venv/lib/python3.8/site-packages/pytorch_lightning/trainer/connectors/logger_connector/result.py:432: PossibleUserWarning: It is recommended to use `self.log('map_50_segm', ..., sync_dist=True)` when logging on epoch level in distributed setting to accumulate the metric across devices.
  warning_cache.warn(
/home/m23522033/torch-mask-rcnn/.venv/lib/python3.8/site-packages/pytorch_lightning/trainer/connectors/logger_connector/result.py:432: PossibleUserWarning: It is recommended to use `self.log('mar_segm', ..., sync_dist=True)` when logging on epoch level in distributed setting to accumulate the metric across devices.
  warning_cache.warn(
`Trainer.fit` stopped: `max_epochs=10` reached.
FIT Profiler Report

--------------------------------------------------------------------------------------------------------------------------------------------------------------------------------------------------------------------------------------------------------------------------
|  Action                                                                                                                                                         	|  Mean duration (s)	|  Num calls      	|  Total time (s) 	|  Percentage %   	|
--------------------------------------------------------------------------------------------------------------------------------------------------------------------------------------------------------------------------------------------------------------------------
|  Total                                                                                                                                                          	|  -              	|  454437         	|  1.2765e+04     	|  100 %          	|
--------------------------------------------------------------------------------------------------------------------------------------------------------------------------------------------------------------------------------------------------------------------------
|  run_training_epoch                                                                                                                                             	|  1266.6         	|  10             	|  1.2666e+04     	|  99.228         	|
|  run_training_batch                                                                                                                                             	|  1.1276         	|  9160           	|  1.0329e+04     	|  80.917         	|
|  [LightningModule]Mask_RCNN.optimizer_step                                                                                                                      	|  1.1275         	|  9160           	|  1.0328e+04     	|  80.91          	|
|  [Strategy]DDPStrategy.training_step                                                                                                                            	|  0.53856        	|  9160           	|  4933.2         	|  38.647         	|
|  [Strategy]DDPStrategy.backward                                                                                                                                 	|  0.19745        	|  9160           	|  1808.6         	|  14.169         	|
|  [Strategy]DDPStrategy.validation_step                                                                                                                          	|  0.65815        	|  790            	|  519.94         	|  4.0731         	|
|  [_TrainingEpochLoop].train_dataloader_next                                                                                                                     	|  0.039941       	|  9160           	|  365.86         	|  2.8661         	|
|  [Callback]COCOEvaluator.on_validation_batch_end                                                                                                                	|  0.43222        	|  790            	|  341.45         	|  2.6749         	|
|  [Callback]COCOEvaluator.on_validation_epoch_end                                                                                                                	|  33.162         	|  10             	|  331.62         	|  2.5979         	|
|  [Strategy]DDPStrategy.batch_to_device                                                                                                                          	|  0.02566        	|  9950           	|  255.32         	|  2.0001         	|
|  [LightningModule]Mask_RCNN.transfer_batch_to_device                                                                                                            	|  0.0255         	|  9950           	|  253.72         	|  1.9876         	|
|  [Callback]COCOEvaluator.on_validation_start                                                                                                                    	|  5.1791         	|  10             	|  51.791         	|  0.40572        	|
|  [Callback]ModelCheckpoint{'monitor': None, 'mode': 'min', 'every_n_train_steps': 0, 'every_n_epochs': 1, 'train_time_interval': None}.on_train_epoch_end       	|  3.6397         	|  10             	|  36.397         	|  0.28513        	|
|  [LightningDataModule]COCODataModule.setup                                                                                                                      	|  20.972         	|  1              	|  20.972         	|  0.1643         	|
|  [Callback]COCOEvaluator.on_validation_epoch_start                                                                                                              	|  1.7843         	|  10             	|  17.843         	|  0.13978        	|
|  [_EvaluationLoop].val_next                                                                                                                                     	|  0.021357       	|  790            	|  16.872         	|  0.13218        	|
|  [LightningModule]Mask_RCNN.on_train_epoch_end                                                                                                                  	|  0.72372        	|  10             	|  7.2372         	|  0.056695       	|
|  [LightningModule]Mask_RCNN.optimizer_zero_grad                                                                                                                 	|  0.00060238     	|  9160           	|  5.5178         	|  0.043226       	|
|  [Callback]LearningRateMonitor.on_train_batch_start                                                                                                             	|  0.00021013     	|  9160           	|  1.9248         	|  0.015079       	|
|  [Callback]TQDMProgressBar.on_train_batch_end                                                                                                                   	|  8.4104e-05     	|  9160           	|  0.77039        	|  0.0060352      	|
|  [LightningModule]Mask_RCNN.configure_gradient_clipping                                                                                                         	|  3.1429e-05     	|  9160           	|  0.28789        	|  0.0022553      	|
|  [Callback]ModelCheckpoint{'monitor': None, 'mode': 'min', 'every_n_train_steps': 0, 'every_n_epochs': 1, 'train_time_interval': None}.on_train_batch_end       	|  2.9954e-05     	|  9160           	|  0.27438        	|  0.0021495      	|
|  [LightningDataModule]COCODataModule.train_dataloader                                                                                                           	|  0.1668         	|  1              	|  0.1668         	|  0.0013067      	|
|  [Callback]TQDMProgressBar.on_validation_start                                                                                                                  	|  0.012028       	|  10             	|  0.12028        	|  0.00094229     	|
|  [LightningModule]Mask_RCNN.on_validation_model_eval                                                                                                            	|  0.007779       	|  10             	|  0.07779        	|  0.0006094      	|
|  [Callback]TQDMProgressBar.on_train_batch_start                                                                                                                 	|  6.2714e-06     	|  9160           	|  0.057446       	|  0.00045003     	|
|  [Callback]TQDMProgressBar.on_validation_batch_end                                                                                                              	|  7.0405e-05     	|  790            	|  0.05562        	|  0.00043572     	|
|  [Callback]TQDMProgressBar.on_after_backward                                                                                                                    	|  4.5744e-06     	|  9160           	|  0.041902       	|  0.00032826     	|
|  [LightningModule]Mask_RCNN.on_before_batch_transfer                                                                                                            	|  3.4681e-06     	|  9950           	|  0.034508       	|  0.00027033     	|
|  [Callback]TQDMProgressBar.on_before_zero_grad                                                                                                                  	|  3.6855e-06     	|  9160           	|  0.033759       	|  0.00026446     	|
|  [Callback]TQDMProgressBar.on_before_optimizer_step                                                                                                             	|  3.5303e-06     	|  9160           	|  0.032337       	|  0.00025333     	|
|  [Callback]TQDMProgressBar.on_before_backward                                                                                                                   	|  3.1927e-06     	|  9160           	|  0.029245       	|  0.0002291      	|
|  [LightningModule]Mask_RCNN.on_after_batch_transfer                                                                                                             	|  2.7498e-06     	|  9950           	|  0.02736        	|  0.00021434     	|
|  [LightningModule]Mask_RCNN.on_train_batch_start                                                                                                                	|  2.3078e-06     	|  9160           	|  0.021139       	|  0.0001656      	|
|  [Callback]LearningRateMonitor.on_train_batch_end                                                                                                               	|  2.236e-06      	|  9160           	|  0.020482       	|  0.00016045     	|
|  [LightningModule]Mask_RCNN.on_after_backward                                                                                                                   	|  2.0085e-06     	|  9160           	|  0.018398       	|  0.00014413     	|
|  [Callback]TQDMProgressBar.on_validation_batch_start                                                                                                            	|  2.2575e-05     	|  790            	|  0.017834       	|  0.00013971     	|
|  [LightningModule]Mask_RCNN.on_before_zero_grad                                                                                                                 	|  1.8037e-06     	|  9160           	|  0.016522       	|  0.00012943     	|
|  [Callback]COCOEvaluator.on_train_batch_start                                                                                                                   	|  1.7483e-06     	|  9160           	|  0.016014       	|  0.00012546     	|
|  [LightningModule]Mask_RCNN.on_train_batch_end                                                                                                                  	|  1.7088e-06     	|  9160           	|  0.015653       	|  0.00012262     	|
|  [LightningModule]Mask_RCNN.on_before_optimizer_step                                                                                                            	|  1.6931e-06     	|  9160           	|  0.015509       	|  0.0001215      	|
|  [LightningModule]Mask_RCNN.on_before_backward                                                                                                                  	|  1.6488e-06     	|  9160           	|  0.015103       	|  0.00011832     	|
|  [Callback]LearningRateMonitor.on_after_backward                                                                                                                	|  1.612e-06      	|  9160           	|  0.014766       	|  0.00011568     	|
|  [Callback]ModelCheckpoint{'monitor': None, 'mode': 'min', 'every_n_train_steps': 0, 'every_n_epochs': 1, 'train_time_interval': None}.on_train_batch_start     	|  1.5987e-06     	|  9160           	|  0.014644       	|  0.00011472     	|
|  [Callback]LearningRateMonitor.on_before_optimizer_step                                                                                                         	|  1.5488e-06     	|  9160           	|  0.014187       	|  0.00011114     	|
|  [Callback]ModelCheckpoint{'monitor': None, 'mode': 'min', 'every_n_train_steps': 0, 'every_n_epochs': 1, 'train_time_interval': None}.on_after_backward        	|  1.5077e-06     	|  9160           	|  0.013811       	|  0.00010819     	|
|  [Callback]TQDMProgressBar.on_validation_end                                                                                                                    	|  0.0013774      	|  10             	|  0.013774       	|  0.00010791     	|
|  [Callback]LearningRateMonitor.on_before_zero_grad                                                                                                              	|  1.4459e-06     	|  9160           	|  0.013244       	|  0.00010375     	|
|  [Callback]ModelCheckpoint{'monitor': None, 'mode': 'min', 'every_n_train_steps': 0, 'every_n_epochs': 1, 'train_time_interval': None}.on_before_optimizer_step 	|  1.4334e-06     	|  9160           	|  0.01313        	|  0.00010286     	|
|  [Callback]ModelSummary.on_train_batch_start                                                                                                                    	|  1.4053e-06     	|  9160           	|  0.012872       	|  0.00010084     	|
|  [Callback]ModelCheckpoint{'monitor': None, 'mode': 'min', 'every_n_train_steps': 0, 'every_n_epochs': 1, 'train_time_interval': None}.on_before_zero_grad      	|  1.3934e-06     	|  9160           	|  0.012763       	|  9.9986e-05     	|
|  [Callback]COCOEvaluator.on_train_batch_end                                                                                                                     	|  1.3512e-06     	|  9160           	|  0.012377       	|  9.6959e-05     	|
|  [Callback]ModelSummary.on_train_batch_end                                                                                                                      	|  1.3496e-06     	|  9160           	|  0.012362       	|  9.6843e-05     	|
|  [Callback]ModelCheckpoint{'monitor': None, 'mode': 'min', 'every_n_train_steps': 0, 'every_n_epochs': 1, 'train_time_interval': None}.on_before_backward       	|  1.3081e-06     	|  9160           	|  0.011982       	|  9.3864e-05     	|
|  [Callback]LearningRateMonitor.on_before_backward                                                                                                               	|  1.3079e-06     	|  9160           	|  0.01198        	|  9.3854e-05     	|
|  [LightningModule]Mask_RCNN.on_validation_model_train                                                                                                           	|  0.0011976      	|  10             	|  0.011976       	|  9.3815e-05     	|
|  [Callback]ModelSummary.on_before_zero_grad                                                                                                                     	|  1.2746e-06     	|  9160           	|  0.011675       	|  9.1462e-05     	|
|  [Callback]COCOEvaluator.on_before_optimizer_step                                                                                                               	|  1.2704e-06     	|  9160           	|  0.011637       	|  9.1165e-05     	|
|  [Callback]COCOEvaluator.on_after_backward                                                                                                                      	|  1.2702e-06     	|  9160           	|  0.011635       	|  9.115e-05      	|
|  [Strategy]DDPStrategy.on_train_batch_start                                                                                                                     	|  1.2655e-06     	|  9160           	|  0.011592       	|  9.0814e-05     	|
|  [Callback]COCOEvaluator.on_before_backward                                                                                                                     	|  1.2621e-06     	|  9160           	|  0.011561       	|  9.0569e-05     	|
|  [Callback]COCOEvaluator.on_before_zero_grad                                                                                                                    	|  1.2241e-06     	|  9160           	|  0.011212       	|  8.7836e-05     	|
|  [Callback]ModelSummary.on_before_optimizer_step                                                                                                                	|  1.2134e-06     	|  9160           	|  0.011115       	|  8.7075e-05     	|
|  [Callback]ModelSummary.on_after_backward                                                                                                                       	|  1.1848e-06     	|  9160           	|  0.010853       	|  8.5018e-05     	|
|  [Callback]ModelSummary.on_before_backward                                                                                                                      	|  1.1164e-06     	|  9160           	|  0.010226       	|  8.0111e-05     	|
|  [Callback]TQDMProgressBar.on_train_epoch_start                                                                                                                 	|  0.00084995     	|  10             	|  0.0084995      	|  6.6585e-05     	|
|  [Callback]ModelSummary.on_fit_start                                                                                                                            	|  0.0063021      	|  1              	|  0.0063021      	|  4.937e-05      	|
|  [Callback]ModelSummary.on_validation_batch_end                                                                                                                 	|  7.6287e-06     	|  790            	|  0.0060267      	|  4.7213e-05     	|
|  [Callback]TQDMProgressBar.on_train_epoch_end                                                                                                                   	|  0.00041507     	|  10             	|  0.0041507      	|  3.2516e-05     	|
|  [Callback]LearningRateMonitor.on_validation_batch_end                                                                                                          	|  2.9621e-06     	|  790            	|  0.00234        	|  1.8332e-05     	|
|  [LightningModule]Mask_RCNN.on_validation_batch_end                                                                                                             	|  2.5891e-06     	|  790            	|  0.0020454      	|  1.6023e-05     	|
|  [Callback]LearningRateMonitor.on_validation_batch_start                                                                                                        	|  2.4363e-06     	|  790            	|  0.0019247      	|  1.5078e-05     	|
|  [Callback]ModelCheckpoint{'monitor': None, 'mode': 'min', 'every_n_train_steps': 0, 'every_n_epochs': 1, 'train_time_interval': None}.on_validation_batch_end  	|  1.9815e-06     	|  790            	|  0.0015654      	|  1.2263e-05     	|
|  [Callback]ModelCheckpoint{'monitor': None, 'mode': 'min', 'every_n_train_steps': 0, 'every_n_epochs': 1, 'train_time_interval': None}.setup                    	|  0.0013968      	|  1              	|  0.0013968      	|  1.0942e-05     	|
|  [Callback]TQDMProgressBar.on_train_start                                                                                                                       	|  0.0013926      	|  1              	|  0.0013926      	|  1.091e-05      	|
|  [Callback]ModelCheckpoint{'monitor': None, 'mode': 'min', 'every_n_train_steps': 0, 'every_n_epochs': 1, 'train_time_interval': None}.on_validation_batch_start	|  1.7333e-06     	|  790            	|  0.0013693      	|  1.0727e-05     	|
|  [Callback]COCOEvaluator.on_validation_batch_start                                                                                                              	|  1.5779e-06     	|  790            	|  0.0012465      	|  9.7652e-06     	|
|  [LightningModule]Mask_RCNN.on_validation_batch_start                                                                                                           	|  1.3945e-06     	|  790            	|  0.0011017      	|  8.6306e-06     	|
|  [LightningModule]Mask_RCNN.lr_scheduler_step                                                                                                                   	|  0.00010835     	|  10             	|  0.0010835      	|  8.4878e-06     	|
|  [Callback]ModelSummary.on_validation_batch_start                                                                                                               	|  1.3245e-06     	|  790            	|  0.0010463      	|  8.197e-06      	|
|  [LightningDataModule]COCODataModule.val_dataloader                                                                                                             	|  0.00097494     	|  1              	|  0.00097494     	|  7.6376e-06     	|
|  [Callback]ModelCheckpoint{'monitor': None, 'mode': 'min', 'every_n_train_steps': 0, 'every_n_epochs': 1, 'train_time_interval': None}.on_validation_end        	|  9.0758e-05     	|  10             	|  0.00090758     	|  7.1099e-06     	|
|  [LightningModule]Mask_RCNN.configure_optimizers                                                                                                                	|  0.00086471     	|  1              	|  0.00086471     	|  6.7741e-06     	|
|  [LightningModule]Mask_RCNN.on_validation_epoch_start                                                                                                           	|  8.5294e-05     	|  10             	|  0.00085294     	|  6.6819e-06     	|
|  [Callback]TQDMProgressBar.on_train_end                                                                                                                         	|  0.00084625     	|  1              	|  0.00084625     	|  6.6294e-06     	|
|  [LightningModule]Mask_RCNN.on_train_end                                                                                                                        	|  0.00020133     	|  1              	|  0.00020133     	|  1.5772e-06     	|
|  [Callback]ModelSummary.on_validation_start                                                                                                                     	|  1.8258e-05     	|  10             	|  0.00018258     	|  1.4303e-06     	|
|  [Callback]LearningRateMonitor.on_validation_start                                                                                                              	|  1.8099e-05     	|  10             	|  0.00018099     	|  1.4178e-06     	|
|  [Callback]ModelSummary.on_validation_epoch_start                                                                                                               	|  1.5235e-05     	|  10             	|  0.00015235     	|  1.1935e-06     	|
|  [LightningModule]Mask_RCNN.on_train_epoch_start                                                                                                                	|  1.4599e-05     	|  10             	|  0.00014599     	|  1.1436e-06     	|
|  [Callback]LearningRateMonitor.on_train_epoch_start                                                                                                             	|  1.4446e-05     	|  10             	|  0.00014446     	|  1.1317e-06     	|
|  [LightningDataModule]COCODataModule.state_dict                                                                                                                 	|  1.265e-05      	|  10             	|  0.0001265      	|  9.9102e-07     	|
|  [Callback]LearningRateMonitor.on_train_start                                                                                                                   	|  0.00010882     	|  1              	|  0.00010882     	|  8.5252e-07     	|
|  [LightningModule]Mask_RCNN.on_validation_start                                                                                                                 	|  8.8202e-06     	|  10             	|  8.8202e-05     	|  6.9097e-07     	|
|  [Callback]ModelSummary.on_validation_epoch_end                                                                                                                 	|  8.6793e-06     	|  10             	|  8.6793e-05     	|  6.7993e-07     	|
|  [Callback]LearningRateMonitor.on_validation_end                                                                                                                	|  7.5751e-06     	|  10             	|  7.5751e-05     	|  5.9343e-07     	|
|  [Strategy]DDPStrategy.on_validation_start                                                                                                                      	|  5.3694e-06     	|  10             	|  5.3694e-05     	|  4.2063e-07     	|
|  [Callback]LearningRateMonitor.on_train_epoch_end                                                                                                               	|  4.7445e-06     	|  10             	|  4.7445e-05     	|  3.7168e-07     	|
|  [Callback]TQDMProgressBar.on_save_checkpoint                                                                                                                   	|  4.4361e-06     	|  10             	|  4.4361e-05     	|  3.4752e-07     	|
|  [Callback]TQDMProgressBar.on_validation_epoch_end                                                                                                              	|  4.4345e-06     	|  10             	|  4.4345e-05     	|  3.4739e-07     	|
|  [Callback]COCOEvaluator.on_train_epoch_start                                                                                                                   	|  3.2361e-06     	|  10             	|  3.2361e-05     	|  2.5351e-07     	|
|  [LightningModule]Mask_RCNN.on_validation_epoch_end                                                                                                             	|  2.616e-06      	|  10             	|  2.616e-05      	|  2.0494e-07     	|
|  [Strategy]DDPStrategy.on_validation_end                                                                                                                        	|  2.5936e-06     	|  10             	|  2.5936e-05     	|  2.0318e-07     	|
|  [Callback]TQDMProgressBar.on_validation_epoch_start                                                                                                            	|  2.5798e-06     	|  10             	|  2.5798e-05     	|  2.021e-07      	|
|  [Callback]ModelCheckpoint{'monitor': None, 'mode': 'min', 'every_n_train_steps': 0, 'every_n_epochs': 1, 'train_time_interval': None}.on_validation_start      	|  2.4664e-06     	|  10             	|  2.4664e-05     	|  1.9321e-07     	|
|  [LightningModule]Mask_RCNN.on_validation_end                                                                                                                   	|  2.3676e-06     	|  10             	|  2.3676e-05     	|  1.8547e-07     	|
|  [Callback]TQDMProgressBar.setup                                                                                                                                	|  2.3125e-05     	|  1              	|  2.3125e-05     	|  1.8116e-07     	|
|  [Callback]ModelCheckpoint{'monitor': None, 'mode': 'min', 'every_n_train_steps': 0, 'every_n_epochs': 1, 'train_time_interval': None}.on_fit_start             	|  2.1219e-05     	|  1              	|  2.1219e-05     	|  1.6623e-07     	|
|  [Callback]LearningRateMonitor.on_save_checkpoint                                                                                                               	|  2.1046e-06     	|  10             	|  2.1046e-05     	|  1.6488e-07     	|
|  [Callback]ModelCheckpoint{'monitor': None, 'mode': 'min', 'every_n_train_steps': 0, 'every_n_epochs': 1, 'train_time_interval': None}.on_validation_epoch_end  	|  2.0537e-06     	|  10             	|  2.0537e-05     	|  1.6088e-07     	|
|  [Callback]LearningRateMonitor.on_validation_epoch_end                                                                                                          	|  1.8856e-06     	|  10             	|  1.8856e-05     	|  1.4771e-07     	|
|  [Callback]COCOEvaluator.on_validation_end                                                                                                                      	|  1.8577e-06     	|  10             	|  1.8577e-05     	|  1.4553e-07     	|
|  [LightningModule]Mask_RCNN.on_train_start                                                                                                                      	|  1.8143e-05     	|  1              	|  1.8143e-05     	|  1.4213e-07     	|
|  [Callback]ModelSummary.on_train_epoch_start                                                                                                                    	|  1.777e-06      	|  10             	|  1.777e-05      	|  1.3921e-07     	|
|  [Callback]ModelCheckpoint{'monitor': None, 'mode': 'min', 'every_n_train_steps': 0, 'every_n_epochs': 1, 'train_time_interval': None}.on_train_epoch_start     	|  1.6927e-06     	|  10             	|  1.6927e-05     	|  1.3261e-07     	|
|  [Callback]ModelCheckpoint{'monitor': None, 'mode': 'min', 'every_n_train_steps': 0, 'every_n_epochs': 1, 'train_time_interval': None}.on_validation_epoch_start	|  1.6879e-06     	|  10             	|  1.6879e-05     	|  1.3223e-07     	|
|  [Callback]ModelCheckpoint{'monitor': None, 'mode': 'min', 'every_n_train_steps': 0, 'every_n_epochs': 1, 'train_time_interval': None}.on_save_checkpoint       	|  1.6402e-06     	|  10             	|  1.6402e-05     	|  1.2849e-07     	|
|  [Callback]ModelSummary.on_validation_end                                                                                                                       	|  1.5784e-06     	|  10             	|  1.5784e-05     	|  1.2365e-07     	|
|  [Callback]COCOEvaluator.on_train_epoch_end                                                                                                                     	|  1.5446e-06     	|  10             	|  1.5446e-05     	|  1.21e-07       	|
|  [Callback]ModelSummary.on_save_checkpoint                                                                                                                      	|  1.5061e-06     	|  10             	|  1.5061e-05     	|  1.1798e-07     	|
|  [Callback]ModelSummary.on_train_epoch_end                                                                                                                      	|  1.4829e-06     	|  10             	|  1.4829e-05     	|  1.1617e-07     	|
|  [Callback]COCOEvaluator.on_save_checkpoint                                                                                                                     	|  1.4558e-06     	|  10             	|  1.4558e-05     	|  1.1404e-07     	|
|  [LightningModule]Mask_RCNN.on_save_checkpoint                                                                                                                  	|  1.2419e-06     	|  10             	|  1.2419e-05     	|  9.7293e-08     	|
|  [Callback]LearningRateMonitor.on_validation_epoch_start                                                                                                        	|  1.2291e-06     	|  10             	|  1.2291e-05     	|  9.6284e-08     	|
|  [LightningModule]Mask_RCNN.configure_callbacks                                                                                                                 	|  8.431e-06      	|  1              	|  8.431e-06      	|  6.6048e-08     	|
|  [Callback]TQDMProgressBar.on_fit_end                                                                                                                           	|  6.3181e-06     	|  1              	|  6.3181e-06     	|  4.9495e-08     	|
|  [Callback]LearningRateMonitor.on_train_end                                                                                                                     	|  6.1588e-06     	|  1              	|  6.1588e-06     	|  4.8248e-08     	|
|  [LightningDataModule]COCODataModule.prepare_data                                                                                                               	|  5.0152e-06     	|  1              	|  5.0152e-06     	|  3.9288e-08     	|
|  [Callback]ModelCheckpoint{'monitor': None, 'mode': 'min', 'every_n_train_steps': 0, 'every_n_epochs': 1, 'train_time_interval': None}.on_train_start           	|  4.9979e-06     	|  1              	|  4.9979e-06     	|  3.9153e-08     	|
|  [LightningModule]Mask_RCNN.on_fit_start                                                                                                                        	|  4.8729e-06     	|  1              	|  4.8729e-06     	|  3.8174e-08     	|
|  [Callback]COCOEvaluator.on_train_start                                                                                                                         	|  4.034e-06      	|  1              	|  4.034e-06      	|  3.1602e-08     	|
|  [LightningModule]Mask_RCNN.configure_sharded_model                                                                                                             	|  3.774e-06      	|  1              	|  3.774e-06      	|  2.9565e-08     	|
|  [Callback]TQDMProgressBar.on_fit_start                                                                                                                         	|  3.4431e-06     	|  1              	|  3.4431e-06     	|  2.6973e-08     	|
|  [Strategy]DDPStrategy.on_train_start                                                                                                                           	|  3.4159e-06     	|  1              	|  3.4159e-06     	|  2.676e-08      	|
|  [LightningModule]Mask_RCNN.prepare_data                                                                                                                        	|  3.2349e-06     	|  1              	|  3.2349e-06     	|  2.5342e-08     	|
|  [Strategy]DDPStrategy.on_train_end                                                                                                                             	|  2.7211e-06     	|  1              	|  2.7211e-06     	|  2.1317e-08     	|
|  [LightningModule]Mask_RCNN.setup                                                                                                                               	|  2.465e-06      	|  1              	|  2.465e-06      	|  1.931e-08      	|
|  [Callback]COCOEvaluator.on_train_end                                                                                                                           	|  2.4058e-06     	|  1              	|  2.4058e-06     	|  1.8847e-08     	|
|  [Callback]ModelCheckpoint{'monitor': None, 'mode': 'min', 'every_n_train_steps': 0, 'every_n_epochs': 1, 'train_time_interval': None}.on_train_end             	|  2.3961e-06     	|  1              	|  2.3961e-06     	|  1.8771e-08     	|
|  [Callback]ModelSummary.on_train_end                                                                                                                            	|  2.3302e-06     	|  1              	|  2.3302e-06     	|  1.8254e-08     	|
|  [Callback]LearningRateMonitor.setup                                                                                                                            	|  2.156e-06      	|  1              	|  2.156e-06      	|  1.689e-08      	|
|  [LightningDataModule]COCODataModule.teardown                                                                                                                   	|  2.1551e-06     	|  1              	|  2.1551e-06     	|  1.6883e-08     	|
|  [Callback]TQDMProgressBar.teardown                                                                                                                             	|  2.1411e-06     	|  1              	|  2.1411e-06     	|  1.6773e-08     	|
|  [LightningModule]Mask_RCNN.on_fit_end                                                                                                                          	|  1.7239e-06     	|  1              	|  1.7239e-06     	|  1.3505e-08     	|
|  [Callback]LearningRateMonitor.on_fit_end                                                                                                                       	|  1.6789e-06     	|  1              	|  1.6789e-06     	|  1.3153e-08     	|
|  [Callback]LearningRateMonitor.on_fit_start                                                                                                                     	|  1.617e-06      	|  1              	|  1.617e-06      	|  1.2668e-08     	|
|  [Callback]ModelSummary.on_train_start                                                                                                                          	|  1.4671e-06     	|  1              	|  1.4671e-06     	|  1.1493e-08     	|
|  [Callback]ModelCheckpoint{'monitor': None, 'mode': 'min', 'every_n_train_steps': 0, 'every_n_epochs': 1, 'train_time_interval': None}.on_fit_end               	|  1.3469e-06     	|  1              	|  1.3469e-06     	|  1.0552e-08     	|
|  [Callback]COCOEvaluator.setup                                                                                                                                  	|  1.2859e-06     	|  1              	|  1.2859e-06     	|  1.0074e-08     	|
|  [Callback]ModelCheckpoint{'monitor': None, 'mode': 'min', 'every_n_train_steps': 0, 'every_n_epochs': 1, 'train_time_interval': None}.teardown                 	|  1.274e-06      	|  1              	|  1.274e-06      	|  9.9808e-09     	|
|  [Callback]LearningRateMonitor.teardown                                                                                                                         	|  1.2431e-06     	|  1              	|  1.2431e-06     	|  9.7382e-09     	|
|  [Callback]COCOEvaluator.on_fit_start                                                                                                                           	|  1.2189e-06     	|  1              	|  1.2189e-06     	|  9.5485e-09     	|
|  [Callback]COCOEvaluator.on_fit_end                                                                                                                             	|  1.1649e-06     	|  1              	|  1.1649e-06     	|  9.1253e-09     	|
|  [Callback]ModelSummary.setup                                                                                                                                   	|  1.1341e-06     	|  1              	|  1.1341e-06     	|  8.8846e-09     	|
|  [Callback]COCOEvaluator.teardown                                                                                                                               	|  1.1181e-06     	|  1              	|  1.1181e-06     	|  8.7587e-09     	|
|  [Callback]ModelSummary.teardown                                                                                                                                	|  1.085e-06      	|  1              	|  1.085e-06      	|  8.4997e-09     	|
|  [Callback]ModelSummary.on_fit_end                                                                                                                              	|  1.0151e-06     	|  1              	|  1.0151e-06     	|  7.9525e-09     	|
|  [LightningModule]Mask_RCNN.teardown                                                                                                                            	|  9.1689e-07     	|  1              	|  9.1689e-07     	|  7.1828e-09     	|
--------------------------------------------------------------------------------------------------------------------------------------------------------------------------------------------------------------------------------------------------------------------------

wandb: Waiting for W&B process to finish... (success).
wandb: 
wandb: Run history:
wandb:               epoch ▁▁▁▁▂▂▂▂▃▃▃▃▃▃▃▃▄▄▄▄▅▅▅▅▆▆▆▆▆▆▆▆▇▇▇▇████
wandb:      evaluator_time ▁▂█▅▆▅▇▅█▇
wandb:        loss_box_reg ▁▅▇█▆▇█▇▆▆▇▅▅▄▄▄▄▆▅▅▆▄▄▅▅▅▄▄▃▅▃▅▄▄▄▅▃▃▄▄
wandb:     loss_classifier ▅███▆▇█▆▅▅▆▄▄▃▃▃▃▄▃▃▄▂▃▂▃▂▂▂▁▂▁▂▂▂▂▂▁▁▂▂
wandb:           loss_mask █▄▃▃▃▂▂▂▂▂▂▂▂▂▂▂▂▂▂▂▂▂▂▂▂▂▂▂▂▂▁▂▁▂▁▂▁▁▂▂
wandb:     loss_objectness █▃▂▂▂▂▂▁▁▁▁▁▁▁▁▁▁▁▁▁▁▁▁▁▁▁▁▁▁▁▁▁▁▁▁▁▁▁▁▁
wandb:    loss_rpn_box_reg █▇▄▃▃▅▅▃▃▃▃▄▄▂▃▂▂▃▂▅▅▂▃▄▅▃▃▃▁▄▂▅▃▂▃▂▂▁▃▄
wandb:             lr-LARS ████▁▁▁▁▁▁▁▁▁▁▁▁▁▁▁▁▁▁▁▁▁▁▁▁▁▁▁▁▁▁▁▁▁▁▁▁
wandb:    lr-LARS-momentum ▁▁▁▁▁▁▁▁▁▁▁▁▁▁▁▁▁▁▁▁▁▁▁▁▁▁▁▁▁▁▁▁▁▁▁▁▁▁▁▁
wandb:         map_50_bbox ▁▃▅▆▇▇▇███
wandb:         map_50_segm ▁▃▅▆▇▇▇███
wandb:            map_bbox ▁▃▄▅▆▇▇███
wandb:            map_segm ▁▃▅▆▆▇▇███
wandb:            mar_bbox ▁▃▅▆▆▇▇███
wandb:            mar_segm ▁▄▅▆▇▇▇███
wandb:          model_time ▁▃▅█▄▅▂▃█▆
wandb: trainer/global_step ▁▁▁▂▂▂▂▂▂▃▃▃▃▃▄▄▄▄▄▄▅▅▅▅▅▅▆▆▆▆▆▇▇▇▇▇▇███
wandb:       training_loss █▄▃▃▂▂▂▁▁▁
wandb:  training_step_loss █▆▅▅▅▅▅▄▄▄▄▃▃▃▃▂▂▃▂▃▃▂▂▃▃▂▂▂▁▂▁▃▂▂▂▂▁▁▂▂
wandb: 
wandb: Run summary:
wandb:               epoch 9
wandb:      evaluator_time 0.44991
wandb:        loss_box_reg 0.28539
wandb:     loss_classifier 0.28191
wandb:           loss_mask 0.29707
wandb:     loss_objectness 0.05812
wandb:    loss_rpn_box_reg 0.07126
wandb:             lr-LARS 3e-05
wandb:    lr-LARS-momentum 0.9
wandb:         map_50_bbox 0.45001
wandb:         map_50_segm 0.42438
wandb:            map_bbox 0.24661
wandb:            map_segm 0.24187
wandb:            mar_bbox 0.40507
wandb:            mar_segm 0.39327
wandb:          model_time 0.67507
wandb: trainer/global_step 9159
wandb:       training_loss 0.99584
wandb:  training_step_loss 0.99375
wandb: 
wandb: 🚀 View run lars-16-multistep-warm1-step1-3e-4 at: https://wandb.ai/ilhamsyahids/MaskRCNN/runs/e1ffjm0f
wandb: Synced 5 W&B file(s), 1 media file(s), 1 artifact file(s) and 0 other file(s)
wandb: Find logs at: logs/wandb/run-20230424_094618-e1ffjm0f/logs
