wandb: Currently logged in as: ilhamsyahids. Use `wandb login --relogin` to force relogin
wandb: wandb version 0.15.0 is available!  To upgrade, please run:
wandb:  $ pip install wandb --upgrade
wandb: Tracking run with wandb version 0.14.0
wandb: Run data is saved locally in logs/wandb/run-20230423_012748-e4u1byvk
wandb: Run `wandb offline` to turn off syncing.
wandb: Syncing run lars-16-polynomial1
wandb: ⭐️ View project at https://wandb.ai/ilhamsyahids/MaskRCNN
wandb: 🚀 View run at https://wandb.ai/ilhamsyahids/MaskRCNN/runs/e4u1byvk
wandb: logging graph, to disable use `wandb.watch(log_graph=False)`
/home/m23522033/torch-mask-rcnn/.venv/lib/python3.8/site-packages/lightning_fabric/connector.py:562: UserWarning: 16 is supported for historical reasons but its usage is discouraged. Please set your precision to 16-mixed instead!
  rank_zero_warn(
/home/m23522033/torch-mask-rcnn/.venv/lib/python3.8/site-packages/lightning_fabric/plugins/environments/slurm.py:165: PossibleUserWarning: The `srun` command is available on your system but is not used. HINT: If your intention is to run Lightning on SLURM, prepend your python command with `srun` like so: srun python3 train.py --config-file config/gpu/lars/gpu-lars-16- ...
  rank_zero_warn(
Using 16bit Automatic Mixed Precision (AMP)
GPU available: True (cuda), used: True
TPU available: False, using: 0 TPU cores
IPU available: False, using: 0 IPUs
HPU available: False, using: 0 HPUs
/home/m23522033/torch-mask-rcnn/.venv/lib/python3.8/site-packages/lightning_fabric/plugins/environments/slurm.py:165: PossibleUserWarning: The `srun` command is available on your system but is not used. HINT: If your intention is to run Lightning on SLURM, prepend your python command with `srun` like so: srun python3 train.py --config-file config/gpu/lars/gpu-lars-16- ...
  rank_zero_warn(
Initializing distributed: GLOBAL_RANK: 0, MEMBER: 1/8
Initializing distributed: GLOBAL_RANK: 6, MEMBER: 7/8
Initializing distributed: GLOBAL_RANK: 2, MEMBER: 3/8
Initializing distributed: GLOBAL_RANK: 4, MEMBER: 5/8
Initializing distributed: GLOBAL_RANK: 5, MEMBER: 6/8
Initializing distributed: GLOBAL_RANK: 3, MEMBER: 4/8
Initializing distributed: GLOBAL_RANK: 7, MEMBER: 8/8
Initializing distributed: GLOBAL_RANK: 1, MEMBER: 2/8
----------------------------------------------------------------------------------------------------
distributed_backend=nccl
All distributed processes registered. Starting with 8 processes
----------------------------------------------------------------------------------------------------

LOCAL_RANK: 4 - CUDA_VISIBLE_DEVICES: [0,1,2,3,4,5,6,7]
LOCAL_RANK: 5 - CUDA_VISIBLE_DEVICES: [0,1,2,3,4,5,6,7]
LOCAL_RANK: 3 - CUDA_VISIBLE_DEVICES: [0,1,2,3,4,5,6,7]
LOCAL_RANK: 2 - CUDA_VISIBLE_DEVICES: [0,1,2,3,4,5,6,7]
LOCAL_RANK: 6 - CUDA_VISIBLE_DEVICES: [0,1,2,3,4,5,6,7]
LOCAL_RANK: 7 - CUDA_VISIBLE_DEVICES: [0,1,2,3,4,5,6,7]
LOCAL_RANK: 1 - CUDA_VISIBLE_DEVICES: [0,1,2,3,4,5,6,7]
LOCAL_RANK: 0 - CUDA_VISIBLE_DEVICES: [0,1,2,3,4,5,6,7]

  | Name  | Type     | Params
-----------------------------------
0 | model | MaskRCNN | 46.4 M
-----------------------------------
46.1 M    Trainable params
225 K     Non-trainable params
46.4 M    Total params
185.438   Total estimated model params size (MB)
FIT Profiler Report

--------------------------------------------------------------------------------------------------------------------------------------------------------------------------------------------------------------------------------------------------------------------------
|  Action                                                                                                                                                        	|  Mean duration (s)	|  Num calls      	|  Total time (s) 	|  Percentage %   	|
--------------------------------------------------------------------------------------------------------------------------------------------------------------------------------------------------------------------------------------------------------------------------
|  Total                                                                                                                                                         	|  -              	|  4339           	|  158.12         	|  100 %          	|
--------------------------------------------------------------------------------------------------------------------------------------------------------------------------------------------------------------------------------------------------------------------------
|  run_training_epoch                                                                                                                                            	|  105.94         	|  1              	|  105.94         	|  66.999         	|
|  run_training_batch                                                                                                                                            	|  1.0842         	|  89             	|  96.494         	|  61.025         	|
|  [LightningModule]Mask_RCNN.optimizer_step                                                                                                                     	|  1.0841         	|  89             	|  96.483         	|  61.018         	|
|  [Strategy]DDPStrategy.training_step                                                                                                                           	|  0.53061        	|  89             	|  47.224         	|  29.866         	|
|  [LightningDataModule]COCODataModule.setup                                                                                                                     	|  20.733         	|  1              	|  20.733         	|  13.112         	|
|  [Strategy]DDPStrategy.backward                                                                                                                                	|  0.16486        	|  89             	|  14.673         	|  9.2795         	|
|  [Strategy]DDPStrategy.batch_to_device                                                                                                                         	|  0.041097       	|  89             	|  3.6576         	|  2.3132         	|
|  [LightningModule]Mask_RCNN.transfer_batch_to_device                                                                                                           	|  0.040897       	|  89             	|  3.6398         	|  2.3019         	|
|  [_TrainingEpochLoop].train_dataloader_next                                                                                                                    	|  0.04086        	|  89             	|  3.6365         	|  2.2998         	|
|  [Callback]ModelCheckpoint{'monitor': None, 'mode': 'min', 'every_n_train_steps': 0, 'every_n_epochs': 1, 'train_time_interval': None}.on_train_epoch_end      	|  1.1437         	|  1              	|  1.1437         	|  0.72333        	|
|  [LightningDataModule]COCODataModule.train_dataloader                                                                                                          	|  0.17024        	|  1              	|  0.17024        	|  0.10766        	|
|  [LightningModule]Mask_RCNN.optimizer_zero_grad                                                                                                                	|  0.00059235     	|  89             	|  0.052719       	|  0.033341       	|
|  [LightningModule]Mask_RCNN.on_train_epoch_end                                                                                                                 	|  0.036988       	|  1              	|  0.036988       	|  0.023392       	|
|  [Callback]TQDMProgressBar.on_train_batch_end                                                                                                                  	|  9.1717e-05     	|  89             	|  0.0081628      	|  0.0051624      	|
|  [Callback]ModelSummary.on_fit_start                                                                                                                           	|  0.006283       	|  1              	|  0.006283       	|  0.0039735      	|
|  [LightningModule]Mask_RCNN.configure_gradient_clipping                                                                                                        	|  3.6671e-05     	|  89             	|  0.0032638      	|  0.0020641      	|
|  [Callback]ModelCheckpoint{'monitor': None, 'mode': 'min', 'every_n_train_steps': 0, 'every_n_epochs': 1, 'train_time_interval': None}.on_train_batch_end      	|  3.3849e-05     	|  89             	|  0.0030125      	|  0.0019052      	|
|  [Callback]LearningRateMonitor.on_train_batch_start                                                                                                            	|  2.4547e-05     	|  89             	|  0.0021847      	|  0.0013816      	|
|  [Callback]ModelCheckpoint{'monitor': None, 'mode': 'min', 'every_n_train_steps': 0, 'every_n_epochs': 1, 'train_time_interval': None}.setup                   	|  0.0017038      	|  1              	|  0.0017038      	|  0.0010775      	|
|  [Callback]TQDMProgressBar.on_train_start                                                                                                                      	|  0.0015284      	|  1              	|  0.0015284      	|  0.0009666      	|
|  [LightningDataModule]COCODataModule.val_dataloader                                                                                                            	|  0.001123       	|  1              	|  0.001123       	|  0.00071022     	|
|  [LightningModule]Mask_RCNN.configure_optimizers                                                                                                               	|  0.00090727     	|  1              	|  0.00090727     	|  0.00057378     	|
|  [Callback]TQDMProgressBar.on_train_end                                                                                                                        	|  0.00066825     	|  1              	|  0.00066825     	|  0.00042262     	|
|  [Callback]TQDMProgressBar.on_train_epoch_end                                                                                                                  	|  0.00061309     	|  1              	|  0.00061309     	|  0.00038773     	|
|  [Callback]TQDMProgressBar.on_train_batch_start                                                                                                                	|  6.0697e-06     	|  89             	|  0.00054021     	|  0.00034164     	|
|  [Callback]TQDMProgressBar.on_train_epoch_start                                                                                                                	|  0.00053548     	|  1              	|  0.00053548     	|  0.00033865     	|
|  [Callback]TQDMProgressBar.on_after_backward                                                                                                                   	|  5.1636e-06     	|  89             	|  0.00045956     	|  0.00029064     	|
|  [Callback]TQDMProgressBar.on_before_zero_grad                                                                                                                 	|  4.289e-06      	|  89             	|  0.00038172     	|  0.00024141     	|
|  [LightningModule]Mask_RCNN.on_after_batch_transfer                                                                                                            	|  3.7846e-06     	|  89             	|  0.00033683     	|  0.00021302     	|
|  [Callback]TQDMProgressBar.on_before_backward                                                                                                                  	|  3.6609e-06     	|  89             	|  0.00032582     	|  0.00020606     	|
|  [Callback]TQDMProgressBar.on_before_optimizer_step                                                                                                            	|  3.5489e-06     	|  89             	|  0.00031586     	|  0.00019975     	|
|  [LightningModule]Mask_RCNN.on_before_batch_transfer                                                                                                           	|  3.4624e-06     	|  89             	|  0.00030815     	|  0.00019488     	|
|  [LightningModule]Mask_RCNN.on_after_backward                                                                                                                  	|  2.2862e-06     	|  89             	|  0.00020347     	|  0.00012868     	|
|  [LightningModule]Mask_RCNN.on_train_batch_end                                                                                                                 	|  2.2728e-06     	|  89             	|  0.00020228     	|  0.00012793     	|
|  [LightningModule]Mask_RCNN.on_before_zero_grad                                                                                                                	|  2.2214e-06     	|  89             	|  0.0001977      	|  0.00012503     	|
|  [Callback]LearningRateMonitor.on_train_batch_end                                                                                                              	|  2.2174e-06     	|  89             	|  0.00019734     	|  0.0001248      	|
|  [LightningModule]Mask_RCNN.on_train_batch_start                                                                                                               	|  2.1283e-06     	|  89             	|  0.00018942     	|  0.00011979     	|
|  [LightningModule]Mask_RCNN.on_before_optimizer_step                                                                                                           	|  1.8822e-06     	|  89             	|  0.00016752     	|  0.00010594     	|
|  [Callback]LearningRateMonitor.on_after_backward                                                                                                               	|  1.795e-06      	|  89             	|  0.00015975     	|  0.00010103     	|
|  [Callback]ModelCheckpoint{'monitor': None, 'mode': 'min', 'every_n_train_steps': 0, 'every_n_epochs': 1, 'train_time_interval': None}.on_after_backward       	|  1.7825e-06     	|  89             	|  0.00015864     	|  0.00010033     	|
|  [LightningModule]Mask_RCNN.on_train_end                                                                                                                       	|  0.00015248     	|  1              	|  0.00015248     	|  9.6434e-05     	|
|  [Callback]ModelCheckpoint{'monitor': None, 'mode': 'min', 'every_n_train_steps': 0, 'every_n_epochs': 1, 'train_time_interval': None}.on_train_batch_start    	|  1.69e-06       	|  89             	|  0.00015041     	|  9.5121e-05     	|
|  [Callback]ModelSummary.on_before_zero_grad                                                                                                                    	|  1.514e-06      	|  89             	|  0.00013474     	|  8.5214e-05     	|
|  [Callback]COCOEvaluator.on_train_batch_start                                                                                                                  	|  1.5026e-06     	|  89             	|  0.00013373     	|  8.4574e-05     	|
|  [Callback]COCOEvaluator.on_after_backward                                                                                                                     	|  1.4979e-06     	|  89             	|  0.00013331     	|  8.431e-05      	|
|  [LightningModule]Mask_RCNN.on_before_backward                                                                                                                 	|  1.4947e-06     	|  89             	|  0.00013303     	|  8.413e-05      	|
|  [Callback]ModelCheckpoint{'monitor': None, 'mode': 'min', 'every_n_train_steps': 0, 'every_n_epochs': 1, 'train_time_interval': None}.on_before_optimizer_step	|  1.4625e-06     	|  89             	|  0.00013016     	|  8.2316e-05     	|
|  [Callback]LearningRateMonitor.on_before_zero_grad                                                                                                             	|  1.4535e-06     	|  89             	|  0.00012936     	|  8.1808e-05     	|
|  [Callback]COCOEvaluator.on_before_optimizer_step                                                                                                              	|  1.4497e-06     	|  89             	|  0.00012903     	|  8.16e-05       	|
|  [Callback]LearningRateMonitor.on_before_optimizer_step                                                                                                        	|  1.4104e-06     	|  89             	|  0.00012552     	|  7.9384e-05     	|
|  [Strategy]DDPStrategy.on_train_batch_start                                                                                                                    	|  1.3898e-06     	|  89             	|  0.00012369     	|  7.8225e-05     	|
|  [Callback]ModelSummary.on_train_batch_end                                                                                                                     	|  1.3866e-06     	|  89             	|  0.00012341     	|  7.8046e-05     	|
|  [Callback]ModelSummary.on_after_backward                                                                                                                      	|  1.3727e-06     	|  89             	|  0.00012217     	|  7.7263e-05     	|
|  [Callback]COCOEvaluator.on_train_batch_end                                                                                                                    	|  1.3688e-06     	|  89             	|  0.00012183     	|  7.7045e-05     	|
|  [Callback]ModelSummary.on_train_batch_start                                                                                                                   	|  1.3409e-06     	|  89             	|  0.00011934     	|  7.5475e-05     	|
|  [Callback]ModelCheckpoint{'monitor': None, 'mode': 'min', 'every_n_train_steps': 0, 'every_n_epochs': 1, 'train_time_interval': None}.on_before_zero_grad     	|  1.3408e-06     	|  89             	|  0.00011933     	|  7.5469e-05     	|
|  [Callback]LearningRateMonitor.on_before_backward                                                                                                              	|  1.3352e-06     	|  89             	|  0.00011883     	|  7.5153e-05     	|
|  [Callback]LearningRateMonitor.on_train_start                                                                                                                  	|  0.00011799     	|  1              	|  0.00011799     	|  7.4617e-05     	|
|  [Callback]ModelCheckpoint{'monitor': None, 'mode': 'min', 'every_n_train_steps': 0, 'every_n_epochs': 1, 'train_time_interval': None}.on_before_backward      	|  1.2931e-06     	|  89             	|  0.00011509     	|  7.2786e-05     	|
|  [Callback]COCOEvaluator.on_before_zero_grad                                                                                                                   	|  1.2245e-06     	|  89             	|  0.00010898     	|  6.892e-05      	|
|  [Callback]ModelSummary.on_before_backward                                                                                                                     	|  1.19e-06       	|  89             	|  0.00010591     	|  6.6979e-05     	|
|  [Callback]COCOEvaluator.on_before_backward                                                                                                                    	|  1.1405e-06     	|  89             	|  0.0001015      	|  6.4193e-05     	|
|  [Callback]ModelSummary.on_before_optimizer_step                                                                                                               	|  1.1254e-06     	|  89             	|  0.00010016     	|  6.3344e-05     	|
|  [Callback]TQDMProgressBar.setup                                                                                                                               	|  5.1371e-05     	|  1              	|  5.1371e-05     	|  3.2488e-05     	|
|  [LightningDataModule]COCODataModule.state_dict                                                                                                                	|  1.0172e-05     	|  1              	|  1.0172e-05     	|  6.4331e-06     	|
|  [LightningModule]Mask_RCNN.on_train_start                                                                                                                     	|  9.378e-06      	|  1              	|  9.378e-06      	|  5.9308e-06     	|
|  [LightningModule]Mask_RCNN.configure_callbacks                                                                                                                	|  9.103e-06      	|  1              	|  9.103e-06      	|  5.7569e-06     	|
|  [LightningModule]Mask_RCNN.on_train_epoch_start                                                                                                               	|  8.343e-06      	|  1              	|  8.343e-06      	|  5.2763e-06     	|
|  [LightningModule]Mask_RCNN.setup                                                                                                                              	|  7.095e-06      	|  1              	|  7.095e-06      	|  4.4871e-06     	|
|  [Callback]COCOEvaluator.on_save_checkpoint                                                                                                                    	|  6.557e-06      	|  1              	|  6.557e-06      	|  4.1468e-06     	|
|  [Callback]LearningRateMonitor.setup                                                                                                                           	|  6.4461e-06     	|  1              	|  6.4461e-06     	|  4.0767e-06     	|
|  [LightningModule]Mask_RCNN.configure_sharded_model                                                                                                            	|  6.234e-06      	|  1              	|  6.234e-06      	|  3.9425e-06     	|
|  [Callback]COCOEvaluator.on_train_start                                                                                                                        	|  6.072e-06      	|  1              	|  6.072e-06      	|  3.8401e-06     	|
|  [Callback]TQDMProgressBar.on_fit_end                                                                                                                          	|  6.0659e-06     	|  1              	|  6.0659e-06     	|  3.8362e-06     	|
|  [Callback]ModelCheckpoint{'monitor': None, 'mode': 'min', 'every_n_train_steps': 0, 'every_n_epochs': 1, 'train_time_interval': None}.on_train_start          	|  5.9558e-06     	|  1              	|  5.9558e-06     	|  3.7666e-06     	|
|  [LightningDataModule]COCODataModule.prepare_data                                                                                                              	|  5.1369e-06     	|  1              	|  5.1369e-06     	|  3.2487e-06     	|
|  [Callback]LearningRateMonitor.on_train_epoch_start                                                                                                            	|  4.695e-06      	|  1              	|  4.695e-06      	|  2.9692e-06     	|
|  [Callback]LearningRateMonitor.on_train_end                                                                                                                    	|  4.1469e-06     	|  1              	|  4.1469e-06     	|  2.6226e-06     	|
|  [Callback]LearningRateMonitor.on_train_epoch_end                                                                                                              	|  4.0799e-06     	|  1              	|  4.0799e-06     	|  2.5802e-06     	|
|  [LightningModule]Mask_RCNN.on_fit_start                                                                                                                       	|  3.8389e-06     	|  1              	|  3.8389e-06     	|  2.4278e-06     	|
|  [Callback]TQDMProgressBar.on_fit_start                                                                                                                        	|  3.431e-06      	|  1              	|  3.431e-06      	|  2.1698e-06     	|
|  [Callback]ModelCheckpoint{'monitor': None, 'mode': 'min', 'every_n_train_steps': 0, 'every_n_epochs': 1, 'train_time_interval': None}.on_fit_start            	|  3.4098e-06     	|  1              	|  3.4098e-06     	|  2.1564e-06     	|
|  [Callback]TQDMProgressBar.on_save_checkpoint                                                                                                                  	|  3.1602e-06     	|  1              	|  3.1602e-06     	|  1.9986e-06     	|
|  [LightningModule]Mask_RCNN.prepare_data                                                                                                                       	|  2.9029e-06     	|  1              	|  2.9029e-06     	|  1.8359e-06     	|
|  [Strategy]DDPStrategy.on_train_start                                                                                                                          	|  2.8561e-06     	|  1              	|  2.8561e-06     	|  1.8063e-06     	|
|  [Callback]COCOEvaluator.on_train_epoch_start                                                                                                                  	|  2.4501e-06     	|  1              	|  2.4501e-06     	|  1.5495e-06     	|
|  [Strategy]DDPStrategy.on_train_end                                                                                                                            	|  2.2429e-06     	|  1              	|  2.2429e-06     	|  1.4184e-06     	|
|  [Callback]TQDMProgressBar.teardown                                                                                                                            	|  2.159e-06      	|  1              	|  2.159e-06      	|  1.3654e-06     	|
|  [LightningModule]Mask_RCNN.on_fit_end                                                                                                                         	|  1.9842e-06     	|  1              	|  1.9842e-06     	|  1.2548e-06     	|
|  [Callback]LearningRateMonitor.on_fit_end                                                                                                                      	|  1.7751e-06     	|  1              	|  1.7751e-06     	|  1.1226e-06     	|
|  [Callback]ModelCheckpoint{'monitor': None, 'mode': 'min', 'every_n_train_steps': 0, 'every_n_epochs': 1, 'train_time_interval': None}.on_train_end            	|  1.7069e-06     	|  1              	|  1.7069e-06     	|  1.0795e-06     	|
|  [LightningDataModule]COCODataModule.teardown                                                                                                                  	|  1.689e-06      	|  1              	|  1.689e-06      	|  1.0681e-06     	|
|  [Callback]COCOEvaluator.on_train_end                                                                                                                          	|  1.6531e-06     	|  1              	|  1.6531e-06     	|  1.0455e-06     	|
|  [Callback]LearningRateMonitor.on_save_checkpoint                                                                                                              	|  1.5919e-06     	|  1              	|  1.5919e-06     	|  1.0067e-06     	|
|  [Callback]ModelSummary.on_train_end                                                                                                                           	|  1.59e-06       	|  1              	|  1.59e-06       	|  1.0056e-06     	|
|  [Callback]ModelSummary.on_train_epoch_start                                                                                                                   	|  1.5378e-06     	|  1              	|  1.5378e-06     	|  9.7257e-07     	|
|  [Callback]ModelCheckpoint{'monitor': None, 'mode': 'min', 'every_n_train_steps': 0, 'every_n_epochs': 1, 'train_time_interval': None}.on_train_epoch_start    	|  1.5371e-06     	|  1              	|  1.5371e-06     	|  9.7213e-07     	|
|  [Callback]ModelSummary.on_train_start                                                                                                                         	|  1.5171e-06     	|  1              	|  1.5171e-06     	|  9.5946e-07     	|
|  [Callback]LearningRateMonitor.on_fit_start                                                                                                                    	|  1.5071e-06     	|  1              	|  1.5071e-06     	|  9.5313e-07     	|
|  [Callback]COCOEvaluator.setup                                                                                                                                 	|  1.499e-06      	|  1              	|  1.499e-06      	|  9.4798e-07     	|
|  [Callback]ModelSummary.setup                                                                                                                                  	|  1.4571e-06     	|  1              	|  1.4571e-06     	|  9.2147e-07     	|
|  [Callback]ModelCheckpoint{'monitor': None, 'mode': 'min', 'every_n_train_steps': 0, 'every_n_epochs': 1, 'train_time_interval': None}.on_fit_end              	|  1.4452e-06     	|  1              	|  1.4452e-06     	|  9.1396e-07     	|
|  [Callback]COCOEvaluator.on_train_epoch_end                                                                                                                    	|  1.366e-06      	|  1              	|  1.366e-06      	|  8.639e-07      	|
|  [Callback]ModelSummary.on_train_epoch_end                                                                                                                     	|  1.2941e-06     	|  1              	|  1.2941e-06     	|  8.184e-07      	|
|  [Callback]ModelCheckpoint{'monitor': None, 'mode': 'min', 'every_n_train_steps': 0, 'every_n_epochs': 1, 'train_time_interval': None}.on_save_checkpoint      	|  1.278e-06      	|  1              	|  1.278e-06      	|  8.0824e-07     	|
|  [Callback]COCOEvaluator.on_fit_start                                                                                                                          	|  1.2571e-06     	|  1              	|  1.2571e-06     	|  7.9499e-07     	|
|  [Callback]LearningRateMonitor.teardown                                                                                                                        	|  1.2279e-06     	|  1              	|  1.2279e-06     	|  7.7658e-07     	|
|  [Callback]ModelCheckpoint{'monitor': None, 'mode': 'min', 'every_n_train_steps': 0, 'every_n_epochs': 1, 'train_time_interval': None}.teardown                	|  1.2249e-06     	|  1              	|  1.2249e-06     	|  7.7467e-07     	|
|  [Callback]ModelSummary.on_fit_end                                                                                                                             	|  1.2189e-06     	|  1              	|  1.2189e-06     	|  7.7084e-07     	|
|  [Callback]ModelSummary.on_save_checkpoint                                                                                                                     	|  1.2161e-06     	|  1              	|  1.2161e-06     	|  7.6907e-07     	|
|  [Callback]COCOEvaluator.on_fit_end                                                                                                                            	|  1.2009e-06     	|  1              	|  1.2009e-06     	|  7.595e-07      	|
|  [LightningModule]Mask_RCNN.on_save_checkpoint                                                                                                                 	|  1.1059e-06     	|  1              	|  1.1059e-06     	|  6.9943e-07     	|
|  [Callback]COCOEvaluator.teardown                                                                                                                              	|  1.102e-06      	|  1              	|  1.102e-06      	|  6.9692e-07     	|
|  [Callback]ModelSummary.teardown                                                                                                                               	|  1.0962e-06     	|  1              	|  1.0962e-06     	|  6.9324e-07     	|
|  [LightningModule]Mask_RCNN.teardown                                                                                                                           	|  8.8313e-07     	|  1              	|  8.8313e-07     	|  5.5851e-07     	|
--------------------------------------------------------------------------------------------------------------------------------------------------------------------------------------------------------------------------------------------------------------------------

wandb: Waiting for W&B process to finish... (success).
wandb: 
wandb: Run history:
wandb:               epoch ▁▁▁
wandb:        loss_box_reg ▁ 
wandb:     loss_classifier ▁ 
wandb:           loss_mask ▁ 
wandb:     loss_objectness ▁ 
wandb:    loss_rpn_box_reg ▁ 
wandb:             lr-LARS ▁
wandb:    lr-LARS-momentum ▁
wandb: trainer/global_step ▁▁██
wandb:  training_step_loss ▁ 
wandb: 
wandb: Run summary:
wandb:               epoch 0
wandb:        loss_box_reg nan
wandb:     loss_classifier nan
wandb:           loss_mask nan
wandb:     loss_objectness nan
wandb:    loss_rpn_box_reg nan
wandb:             lr-LARS 0.001
wandb:    lr-LARS-momentum 0.9
wandb: trainer/global_step 88
wandb:       training_loss nan
wandb:  training_step_loss nan
wandb: 
wandb: 🚀 View run lars-16-polynomial1 at: https://wandb.ai/ilhamsyahids/MaskRCNN/runs/e4u1byvk
wandb: Synced 5 W&B file(s), 1 media file(s), 3 artifact file(s) and 0 other file(s)
wandb: Find logs at: logs/wandb/run-20230423_012748-e4u1byvk/logs
