Building logger...
Building DataModule...
Building callback...
Building model...
Training model...
Loading dataset...
loading annotations into memory...
Done (t=19.63s)
creating index...
index created!
loading annotations into memory...
Done (t=0.50s)
creating index...
index created!
Building training dataloader...
Using [0, 0.5, 0.7071067811865476, 1.0, 1.4142135623730951, 2.0, inf] as bins for aspect ratio quantization
Count of instances per bin: [  104 12004 15546 45675 42779  1158]
Building logger...
Building DataModule...
Building callback...
Building model...
Training model...
Loading dataset...
loading annotations into memory...
Done (t=17.85s)
creating index...
index created!
loading annotations into memory...
Done (t=0.52s)
creating index...
index created!
Building training dataloader...
Using [0, 0.5, 0.7071067811865476, 1.0, 1.4142135623730951, 2.0, inf] as bins for aspect ratio quantization
Count of instances per bin: [  104 12004 15546 45675 42779  1158]
Building logger...
Building DataModule...
Building callback...
Building model...
Training model...
Loading dataset...
loading annotations into memory...
Done (t=20.68s)
creating index...
index created!
loading annotations into memory...
Done (t=0.56s)
creating index...
index created!
Building training dataloader...
Using [0, 0.5, 0.7071067811865476, 1.0, 1.4142135623730951, 2.0, inf] as bins for aspect ratio quantization
Count of instances per bin: [  104 12004 15546 45675 42779  1158]
Building logger...
Building DataModule...
Building callback...
Building model...
Training model...
Loading dataset...
loading annotations into memory...
Done (t=17.45s)
creating index...
index created!
loading annotations into memory...
Done (t=0.47s)
creating index...
index created!
Building training dataloader...
Using [0, 0.5, 0.7071067811865476, 1.0, 1.4142135623730951, 2.0, inf] as bins for aspect ratio quantization
Count of instances per bin: [  104 12004 15546 45675 42779  1158]
Building logger...
Building DataModule...
Building callback...
Building model...
Training model...
Loading dataset...
loading annotations into memory...
Done (t=20.34s)
creating index...
index created!
loading annotations into memory...
Done (t=0.59s)
creating index...
index created!
Building training dataloader...
Using [0, 0.5, 0.7071067811865476, 1.0, 1.4142135623730951, 2.0, inf] as bins for aspect ratio quantization
Count of instances per bin: [  104 12004 15546 45675 42779  1158]
Building logger...
Building DataModule...
Building callback...
Building model...
Training model...
Loading dataset...
loading annotations into memory...
Done (t=17.68s)
creating index...
index created!
loading annotations into memory...
Done (t=0.50s)
creating index...
index created!
Building training dataloader...
Using [0, 0.5, 0.7071067811865476, 1.0, 1.4142135623730951, 2.0, inf] as bins for aspect ratio quantization
Count of instances per bin: [  104 12004 15546 45675 42779  1158]
Building logger...
Building DataModule...
Building callback...
Building model...
Training model...
Loading dataset...
loading annotations into memory...
Done (t=18.27s)
creating index...
index created!
loading annotations into memory...
Done (t=0.51s)
creating index...
index created!
Building training dataloader...
Using [0, 0.5, 0.7071067811865476, 1.0, 1.4142135623730951, 2.0, inf] as bins for aspect ratio quantization
Count of instances per bin: [  104 12004 15546 45675 42779  1158]
Building logger...
Building DataModule...
Building callback...
Building model...
Training model...
Loading dataset...
loading annotations into memory...
Done (t=18.32s)
creating index...
index created!
loading annotations into memory...
Done (t=0.47s)
creating index...
index created!
Building training dataloader...
Using [0, 0.5, 0.7071067811865476, 1.0, 1.4142135623730951, 2.0, inf] as bins for aspect ratio quantization
Count of instances per bin: [  104 12004 15546 45675 42779  1158]
Building validation dataloader...
Building validation dataloader...
Building validation dataloader...
Building validation dataloader...
Building validation dataloader...
Building validation dataloader...
Building validation dataloader...
Building validation dataloader...
Training: 0it [00:00, ?it/s]Training:   0%|          | 0/916 [00:00<?, ?it/s]Epoch 0:   0%|          | 0/916 [00:00<?, ?it/s] Epoch 0:   2%|▏         | 20/916 [00:27<20:29,  1.37s/it]Epoch 0:   2%|▏         | 20/916 [00:27<20:30,  1.37s/it, v_num=2y_1, training_step_loss=3.990, loss_box_reg=0.221, loss_classifier=2.470, loss_mask=0.628, loss_objectness=0.552, loss_rpn_box_reg=0.124]Epoch 0:   4%|▍         | 40/916 [00:50<18:27,  1.26s/it, v_num=2y_1, training_step_loss=3.990, loss_box_reg=0.221, loss_classifier=2.470, loss_mask=0.628, loss_objectness=0.552, loss_rpn_box_reg=0.124]Epoch 0:   4%|▍         | 40/916 [00:50<18:27,  1.26s/it, v_num=2y_1, training_step_loss=3.990, loss_box_reg=0.253, loss_classifier=2.690, loss_mask=0.603, loss_objectness=0.297, loss_rpn_box_reg=0.145]
Loss is nan, stopping training
Epoch 0:   4%|▍         | 40/916 [01:02<22:38,  1.55s/it, v_num=2y_1, training_step_loss=nan.0, loss_box_reg=0.252, loss_classifier=nan.0, loss_mask=0.592, loss_objectness=0.297, loss_rpn_box_reg=0.123]Total time on epoch 0: 0:01:02
Total time on 0 epoch: 0:01:02
Epoch 0:   4%|▍         | 40/916 [01:02<22:58,  1.57s/it, v_num=2y_1, training_step_loss=nan.0, loss_box_reg=0.252, loss_classifier=nan.0, loss_mask=0.592, loss_objectness=0.297, loss_rpn_box_reg=0.123]
Training time 0:01:02
