wandb: Currently logged in as: ilhamsyahids. Use `wandb login --relogin` to force relogin
wandb: wandb version 0.15.0 is available!  To upgrade, please run:
wandb:  $ pip install wandb --upgrade
wandb: Tracking run with wandb version 0.14.0
wandb: Run data is saved locally in /raid/data/m23522033/logs/wandb/run-20230426_173822-utshnclh
wandb: Run `wandb offline` to turn off syncing.
wandb: Syncing run lars-16-cosineannealinglr-3e-4
wandb: ⭐️ View project at https://wandb.ai/ilhamsyahids/MaskRCNN
wandb: 🚀 View run at https://wandb.ai/ilhamsyahids/MaskRCNN/runs/utshnclh
wandb: logging graph, to disable use `wandb.watch(log_graph=False)`
/raid/data/m23522033/torch-mask-rcnn/.venv/lib/python3.8/site-packages/lightning_fabric/connector.py:562: UserWarning: 16 is supported for historical reasons but its usage is discouraged. Please set your precision to 16-mixed instead!
  rank_zero_warn(
/raid/data/m23522033/torch-mask-rcnn/.venv/lib/python3.8/site-packages/lightning_fabric/plugins/environments/slurm.py:165: PossibleUserWarning: The `srun` command is available on your system but is not used. HINT: If your intention is to run Lightning on SLURM, prepend your python command with `srun` like so: srun python3 train.py --config-file config/gpu/new/gpu-lars-cosi ...
  rank_zero_warn(
Using 16bit Automatic Mixed Precision (AMP)
GPU available: True (cuda), used: True
TPU available: False, using: 0 TPU cores
IPU available: False, using: 0 IPUs
HPU available: False, using: 0 HPUs
/raid/data/m23522033/torch-mask-rcnn/.venv/lib/python3.8/site-packages/lightning_fabric/plugins/environments/slurm.py:165: PossibleUserWarning: The `srun` command is available on your system but is not used. HINT: If your intention is to run Lightning on SLURM, prepend your python command with `srun` like so: srun python3 train.py --config-file config/gpu/new/gpu-lars-cosi ...
  rank_zero_warn(
Initializing distributed: GLOBAL_RANK: 0, MEMBER: 1/8
Initializing distributed: GLOBAL_RANK: 2, MEMBER: 3/8
Initializing distributed: GLOBAL_RANK: 4, MEMBER: 5/8
Initializing distributed: GLOBAL_RANK: 5, MEMBER: 6/8
Initializing distributed: GLOBAL_RANK: 6, MEMBER: 7/8
Initializing distributed: GLOBAL_RANK: 3, MEMBER: 4/8
Initializing distributed: GLOBAL_RANK: 1, MEMBER: 2/8
Initializing distributed: GLOBAL_RANK: 7, MEMBER: 8/8
----------------------------------------------------------------------------------------------------
distributed_backend=nccl
All distributed processes registered. Starting with 8 processes
----------------------------------------------------------------------------------------------------

LOCAL_RANK: 1 - CUDA_VISIBLE_DEVICES: [0,1,2,3,4,5,6,7]
LOCAL_RANK: 3 - CUDA_VISIBLE_DEVICES: [0,1,2,3,4,5,6,7]
LOCAL_RANK: 2 - CUDA_VISIBLE_DEVICES: [0,1,2,3,4,5,6,7]
LOCAL_RANK: 4 - CUDA_VISIBLE_DEVICES: [0,1,2,3,4,5,6,7]
LOCAL_RANK: 0 - CUDA_VISIBLE_DEVICES: [0,1,2,3,4,5,6,7]
LOCAL_RANK: 7 - CUDA_VISIBLE_DEVICES: [0,1,2,3,4,5,6,7]
LOCAL_RANK: 5 - CUDA_VISIBLE_DEVICES: [0,1,2,3,4,5,6,7]
LOCAL_RANK: 6 - CUDA_VISIBLE_DEVICES: [0,1,2,3,4,5,6,7]

  | Name  | Type     | Params
-----------------------------------
0 | model | MaskRCNN | 46.4 M
-----------------------------------
46.1 M    Trainable params
225 K     Non-trainable params
46.4 M    Total params
185.438   Total estimated model params size (MB)
/raid/data/m23522033/torch-mask-rcnn/.venv/lib/python3.8/site-packages/pytorch_lightning/trainer/connectors/logger_connector/result.py:432: PossibleUserWarning: It is recommended to use `self.log('model_time', ..., sync_dist=True)` when logging on epoch level in distributed setting to accumulate the metric across devices.
  warning_cache.warn(
/raid/data/m23522033/torch-mask-rcnn/.venv/lib/python3.8/site-packages/pytorch_lightning/trainer/connectors/logger_connector/result.py:432: PossibleUserWarning: It is recommended to use `self.log('evaluator_time', ..., sync_dist=True)` when logging on epoch level in distributed setting to accumulate the metric across devices.
  warning_cache.warn(
/raid/data/m23522033/torch-mask-rcnn/.venv/lib/python3.8/site-packages/pytorch_lightning/trainer/connectors/logger_connector/result.py:432: PossibleUserWarning: It is recommended to use `self.log('map_bbox', ..., sync_dist=True)` when logging on epoch level in distributed setting to accumulate the metric across devices.
  warning_cache.warn(
/raid/data/m23522033/torch-mask-rcnn/.venv/lib/python3.8/site-packages/pytorch_lightning/trainer/connectors/logger_connector/result.py:432: PossibleUserWarning: It is recommended to use `self.log('map_50_bbox', ..., sync_dist=True)` when logging on epoch level in distributed setting to accumulate the metric across devices.
  warning_cache.warn(
/raid/data/m23522033/torch-mask-rcnn/.venv/lib/python3.8/site-packages/pytorch_lightning/trainer/connectors/logger_connector/result.py:432: PossibleUserWarning: It is recommended to use `self.log('mar_bbox', ..., sync_dist=True)` when logging on epoch level in distributed setting to accumulate the metric across devices.
  warning_cache.warn(
/raid/data/m23522033/torch-mask-rcnn/.venv/lib/python3.8/site-packages/pytorch_lightning/trainer/connectors/logger_connector/result.py:432: PossibleUserWarning: It is recommended to use `self.log('map_segm', ..., sync_dist=True)` when logging on epoch level in distributed setting to accumulate the metric across devices.
  warning_cache.warn(
/raid/data/m23522033/torch-mask-rcnn/.venv/lib/python3.8/site-packages/pytorch_lightning/trainer/connectors/logger_connector/result.py:432: PossibleUserWarning: It is recommended to use `self.log('map_50_segm', ..., sync_dist=True)` when logging on epoch level in distributed setting to accumulate the metric across devices.
  warning_cache.warn(
/raid/data/m23522033/torch-mask-rcnn/.venv/lib/python3.8/site-packages/pytorch_lightning/trainer/connectors/logger_connector/result.py:432: PossibleUserWarning: It is recommended to use `self.log('mar_segm', ..., sync_dist=True)` when logging on epoch level in distributed setting to accumulate the metric across devices.
  warning_cache.warn(
`Trainer.fit` stopped: `max_epochs=10` reached.
FIT Profiler Report

--------------------------------------------------------------------------------------------------------------------------------------------------------------------------------------------------------------------------------------------------------------------------
|  Action                                                                                                                                                         	|  Mean duration (s)	|  Num calls      	|  Total time (s) 	|  Percentage %   	|
--------------------------------------------------------------------------------------------------------------------------------------------------------------------------------------------------------------------------------------------------------------------------
|  Total                                                                                                                                                          	|  -              	|  454437         	|  1.333e+04      	|  100 %          	|
--------------------------------------------------------------------------------------------------------------------------------------------------------------------------------------------------------------------------------------------------------------------------
|  run_training_epoch                                                                                                                                             	|  1323.0         	|  10             	|  1.323e+04      	|  99.246         	|
|  run_training_batch                                                                                                                                             	|  1.1524         	|  9160           	|  1.0556e+04     	|  79.191         	|
|  [LightningModule]Mask_RCNN.optimizer_step                                                                                                                      	|  1.1523         	|  9160           	|  1.0555e+04     	|  79.182         	|
|  [Strategy]DDPStrategy.training_step                                                                                                                            	|  0.55582        	|  9160           	|  5091.4         	|  38.195         	|
|  [Strategy]DDPStrategy.backward                                                                                                                                 	|  0.20156        	|  9160           	|  1846.3         	|  13.851         	|
|  [Strategy]DDPStrategy.validation_step                                                                                                                          	|  0.65859        	|  790            	|  520.28         	|  3.9031         	|
|  [_TrainingEpochLoop].train_dataloader_next                                                                                                                     	|  0.044315       	|  9160           	|  405.93         	|  3.0452         	|
|  [Callback]COCOEvaluator.on_validation_epoch_end                                                                                                                	|  39.806         	|  10             	|  398.06         	|  2.9862         	|
|  [Callback]COCOEvaluator.on_validation_batch_end                                                                                                                	|  0.47968        	|  790            	|  378.95         	|  2.8428         	|
|  [Strategy]DDPStrategy.batch_to_device                                                                                                                          	|  0.031214       	|  9950           	|  310.58         	|  2.33           	|
|  [LightningModule]Mask_RCNN.transfer_batch_to_device                                                                                                            	|  0.031023       	|  9950           	|  308.68         	|  2.3157         	|
|  [Callback]COCOEvaluator.on_validation_start                                                                                                                    	|  6.1272         	|  10             	|  61.272         	|  0.45965        	|
|  [Callback]ModelCheckpoint{'monitor': None, 'mode': 'min', 'every_n_train_steps': 0, 'every_n_epochs': 1, 'train_time_interval': None}.on_train_epoch_end       	|  2.4291         	|  10             	|  24.291         	|  0.18223        	|
|  [LightningDataModule]COCODataModule.setup                                                                                                                      	|  22.984         	|  1              	|  22.984         	|  0.17242        	|
|  [Callback]COCOEvaluator.on_validation_epoch_start                                                                                                              	|  2.213          	|  10             	|  22.13          	|  0.16602        	|
|  [_EvaluationLoop].val_next                                                                                                                                     	|  0.024085       	|  790            	|  19.027         	|  0.14274        	|
|  [LightningModule]Mask_RCNN.on_train_epoch_end                                                                                                                  	|  1.2413         	|  10             	|  12.413         	|  0.093122       	|
|  [LightningModule]Mask_RCNN.optimizer_zero_grad                                                                                                                 	|  0.00064632     	|  9160           	|  5.9203         	|  0.044413       	|
|  [Callback]LearningRateMonitor.on_train_batch_start                                                                                                             	|  0.00024345     	|  9160           	|  2.23           	|  0.016729       	|
|  [Callback]TQDMProgressBar.on_train_batch_end                                                                                                                   	|  9.3031e-05     	|  9160           	|  0.85217        	|  0.0063928      	|
|  [LightningModule]Mask_RCNN.configure_gradient_clipping                                                                                                         	|  3.8594e-05     	|  9160           	|  0.35352        	|  0.0026521      	|
|  [Callback]ModelCheckpoint{'monitor': None, 'mode': 'min', 'every_n_train_steps': 0, 'every_n_epochs': 1, 'train_time_interval': None}.on_train_batch_end       	|  3.4713e-05     	|  9160           	|  0.31797        	|  0.0023853      	|
|  [LightningDataModule]COCODataModule.train_dataloader                                                                                                           	|  0.18264        	|  1              	|  0.18264        	|  0.0013701      	|
|  [LightningModule]Mask_RCNN.on_validation_model_eval                                                                                                            	|  0.017676       	|  10             	|  0.17676        	|  0.0013261      	|
|  [Callback]TQDMProgressBar.on_validation_start                                                                                                                  	|  0.011222       	|  10             	|  0.11222        	|  0.00084184     	|
|  [Callback]TQDMProgressBar.on_validation_batch_end                                                                                                              	|  0.00010018     	|  790            	|  0.079146       	|  0.00059374     	|
|  [Callback]TQDMProgressBar.on_train_batch_start                                                                                                                 	|  7.1605e-06     	|  9160           	|  0.06559        	|  0.00049205     	|
|  [Callback]TQDMProgressBar.on_after_backward                                                                                                                    	|  5.9758e-06     	|  9160           	|  0.054738       	|  0.00041064     	|
|  [LightningModule]Mask_RCNN.on_before_batch_transfer                                                                                                            	|  4.5861e-06     	|  9950           	|  0.045631       	|  0.00034232     	|
|  [Callback]TQDMProgressBar.on_before_zero_grad                                                                                                                  	|  4.1386e-06     	|  9160           	|  0.037909       	|  0.00028439     	|
|  [Callback]TQDMProgressBar.on_before_optimizer_step                                                                                                             	|  4.0007e-06     	|  9160           	|  0.036647       	|  0.00027492     	|
|  [LightningModule]Mask_RCNN.on_after_batch_transfer                                                                                                             	|  3.6401e-06     	|  9950           	|  0.036219       	|  0.00027171     	|
|  [Callback]TQDMProgressBar.on_before_backward                                                                                                                   	|  3.4082e-06     	|  9160           	|  0.031219       	|  0.0002342      	|
|  [Callback]LearningRateMonitor.on_train_batch_end                                                                                                               	|  2.7799e-06     	|  9160           	|  0.025464       	|  0.00019102     	|
|  [LightningModule]Mask_RCNN.on_train_batch_start                                                                                                                	|  2.6708e-06     	|  9160           	|  0.024465       	|  0.00018353     	|
|  [LightningModule]Mask_RCNN.on_after_backward                                                                                                                   	|  2.5584e-06     	|  9160           	|  0.023435       	|  0.0001758      	|
|  [Callback]TQDMProgressBar.on_validation_batch_start                                                                                                            	|  2.547e-05      	|  790            	|  0.020121       	|  0.00015095     	|
|  [LightningModule]Mask_RCNN.on_train_batch_end                                                                                                                  	|  2.1786e-06     	|  9160           	|  0.019956       	|  0.0001497      	|
|  [Callback]LearningRateMonitor.on_after_backward                                                                                                                	|  2.0671e-06     	|  9160           	|  0.018935       	|  0.00014205     	|
|  [Callback]COCOEvaluator.on_train_batch_start                                                                                                                   	|  2.0028e-06     	|  9160           	|  0.018346       	|  0.00013763     	|
|  [LightningModule]Mask_RCNN.on_before_zero_grad                                                                                                                 	|  2.0018e-06     	|  9160           	|  0.018337       	|  0.00013756     	|
|  [LightningModule]Mask_RCNN.on_before_backward                                                                                                                  	|  1.9077e-06     	|  9160           	|  0.017475       	|  0.00013109     	|
|  [Callback]ModelCheckpoint{'monitor': None, 'mode': 'min', 'every_n_train_steps': 0, 'every_n_epochs': 1, 'train_time_interval': None}.on_train_batch_start     	|  1.8931e-06     	|  9160           	|  0.017341       	|  0.00013009     	|
|  [LightningModule]Mask_RCNN.on_before_optimizer_step                                                                                                            	|  1.8605e-06     	|  9160           	|  0.017042       	|  0.00012785     	|
|  [Callback]LearningRateMonitor.on_before_zero_grad                                                                                                              	|  1.7869e-06     	|  9160           	|  0.016368       	|  0.00012279     	|
|  [Callback]ModelCheckpoint{'monitor': None, 'mode': 'min', 'every_n_train_steps': 0, 'every_n_epochs': 1, 'train_time_interval': None}.on_after_backward        	|  1.7719e-06     	|  9160           	|  0.01623        	|  0.00012176     	|
|  [Callback]LearningRateMonitor.on_before_optimizer_step                                                                                                         	|  1.7648e-06     	|  9160           	|  0.016166       	|  0.00012127     	|
|  [Callback]TQDMProgressBar.on_validation_end                                                                                                                    	|  0.0015719      	|  10             	|  0.015719       	|  0.00011792     	|
|  [Callback]COCOEvaluator.on_train_batch_end                                                                                                                     	|  1.7081e-06     	|  9160           	|  0.015646       	|  0.00011737     	|
|  [Callback]ModelSummary.on_train_batch_start                                                                                                                    	|  1.6932e-06     	|  9160           	|  0.01551        	|  0.00011636     	|
|  [Callback]ModelSummary.on_train_batch_end                                                                                                                      	|  1.6319e-06     	|  9160           	|  0.014948       	|  0.00011214     	|
|  [Callback]ModelCheckpoint{'monitor': None, 'mode': 'min', 'every_n_train_steps': 0, 'every_n_epochs': 1, 'train_time_interval': None}.on_before_optimizer_step 	|  1.5873e-06     	|  9160           	|  0.01454        	|  0.00010908     	|
|  [Callback]COCOEvaluator.on_before_optimizer_step                                                                                                               	|  1.5762e-06     	|  9160           	|  0.014438       	|  0.00010831     	|
|  [Callback]COCOEvaluator.on_after_backward                                                                                                                      	|  1.5749e-06     	|  9160           	|  0.014426       	|  0.00010822     	|
|  [Callback]ModelCheckpoint{'monitor': None, 'mode': 'min', 'every_n_train_steps': 0, 'every_n_epochs': 1, 'train_time_interval': None}.on_before_zero_grad      	|  1.5729e-06     	|  9160           	|  0.014408       	|  0.00010809     	|
|  [Callback]LearningRateMonitor.on_before_backward                                                                                                               	|  1.5667e-06     	|  9160           	|  0.014351       	|  0.00010766     	|
|  [Callback]ModelSummary.on_after_backward                                                                                                                       	|  1.4871e-06     	|  9160           	|  0.013622       	|  0.00010219     	|
|  [Callback]ModelCheckpoint{'monitor': None, 'mode': 'min', 'every_n_train_steps': 0, 'every_n_epochs': 1, 'train_time_interval': None}.on_before_backward       	|  1.4832e-06     	|  9160           	|  0.013586       	|  0.00010192     	|
|  [Callback]COCOEvaluator.on_before_zero_grad                                                                                                                    	|  1.4637e-06     	|  9160           	|  0.013408       	|  0.00010058     	|
|  [Callback]ModelSummary.on_before_optimizer_step                                                                                                                	|  1.4046e-06     	|  9160           	|  0.012866       	|  9.6522e-05     	|
|  [Strategy]DDPStrategy.on_train_batch_start                                                                                                                     	|  1.4016e-06     	|  9160           	|  0.012838       	|  9.6311e-05     	|
|  [Callback]ModelSummary.on_before_zero_grad                                                                                                                     	|  1.3894e-06     	|  9160           	|  0.012727       	|  9.5478e-05     	|
|  [Callback]ModelSummary.on_before_backward                                                                                                                      	|  1.3819e-06     	|  9160           	|  0.012658       	|  9.4958e-05     	|
|  [LightningModule]Mask_RCNN.on_validation_model_train                                                                                                           	|  0.0012331      	|  10             	|  0.012331       	|  9.2503e-05     	|
|  [Callback]COCOEvaluator.on_before_backward                                                                                                                     	|  1.3406e-06     	|  9160           	|  0.01228        	|  9.2122e-05     	|
|  [Callback]TQDMProgressBar.on_train_epoch_start                                                                                                                 	|  0.0011592      	|  10             	|  0.011592       	|  8.6962e-05     	|
|  [Callback]ModelSummary.on_validation_batch_end                                                                                                                 	|  1.0506e-05     	|  790            	|  0.0082996      	|  6.2262e-05     	|
|  [Callback]ModelSummary.on_fit_start                                                                                                                            	|  0.0070952      	|  1              	|  0.0070952      	|  5.3227e-05     	|
|  [Callback]TQDMProgressBar.on_train_epoch_end                                                                                                                   	|  0.00046961     	|  10             	|  0.0046961      	|  3.523e-05      	|
|  [Callback]LearningRateMonitor.on_validation_batch_end                                                                                                          	|  3.6301e-06     	|  790            	|  0.0028678      	|  2.1514e-05     	|
|  [LightningModule]Mask_RCNN.on_validation_batch_end                                                                                                             	|  3.429e-06      	|  790            	|  0.0027089      	|  2.0322e-05     	|
|  [Callback]LearningRateMonitor.on_validation_batch_start                                                                                                        	|  2.943e-06      	|  790            	|  0.0023249      	|  1.7441e-05     	|
|  [Callback]ModelCheckpoint{'monitor': None, 'mode': 'min', 'every_n_train_steps': 0, 'every_n_epochs': 1, 'train_time_interval': None}.on_validation_batch_end  	|  2.2579e-06     	|  790            	|  0.0017837      	|  1.3381e-05     	|
|  [LightningModule]Mask_RCNN.on_validation_batch_start                                                                                                           	|  1.9439e-06     	|  790            	|  0.0015357      	|  1.1521e-05     	|
|  [Callback]ModelCheckpoint{'monitor': None, 'mode': 'min', 'every_n_train_steps': 0, 'every_n_epochs': 1, 'train_time_interval': None}.on_validation_batch_start	|  1.8944e-06     	|  790            	|  0.0014965      	|  1.1227e-05     	|
|  [Callback]COCOEvaluator.on_validation_batch_start                                                                                                              	|  1.7496e-06     	|  790            	|  0.0013822      	|  1.0369e-05     	|
|  [Callback]ModelCheckpoint{'monitor': None, 'mode': 'min', 'every_n_train_steps': 0, 'every_n_epochs': 1, 'train_time_interval': None}.setup                    	|  0.0013594      	|  1              	|  0.0013594      	|  1.0198e-05     	|
|  [Callback]TQDMProgressBar.on_train_start                                                                                                                       	|  0.0013474      	|  1              	|  0.0013474      	|  1.0108e-05     	|
|  [Callback]ModelSummary.on_validation_batch_start                                                                                                               	|  1.6164e-06     	|  790            	|  0.001277       	|  9.5795e-06     	|
|  [LightningDataModule]COCODataModule.val_dataloader                                                                                                             	|  0.0011814      	|  1              	|  0.0011814      	|  8.8624e-06     	|
|  [LightningModule]Mask_RCNN.lr_scheduler_step                                                                                                                   	|  0.00011706     	|  10             	|  0.0011706      	|  8.7818e-06     	|
|  [LightningModule]Mask_RCNN.configure_optimizers                                                                                                                	|  0.00089959     	|  1              	|  0.00089959     	|  6.7486e-06     	|
|  [LightningModule]Mask_RCNN.on_validation_epoch_start                                                                                                           	|  6.9742e-05     	|  10             	|  0.00069742     	|  5.232e-06      	|
|  [Callback]ModelCheckpoint{'monitor': None, 'mode': 'min', 'every_n_train_steps': 0, 'every_n_epochs': 1, 'train_time_interval': None}.on_validation_end        	|  6.5145e-05     	|  10             	|  0.00065145     	|  4.8871e-06     	|
|  [Callback]TQDMProgressBar.on_train_end                                                                                                                         	|  0.00056278     	|  1              	|  0.00056278     	|  4.2219e-06     	|
|  [Callback]ModelSummary.on_validation_start                                                                                                                     	|  2.7918e-05     	|  10             	|  0.00027918     	|  2.0944e-06     	|
|  [Callback]LearningRateMonitor.on_validation_start                                                                                                              	|  2.2795e-05     	|  10             	|  0.00022795     	|  1.71e-06       	|
|  [Callback]LearningRateMonitor.on_train_epoch_start                                                                                                             	|  1.643e-05      	|  10             	|  0.0001643      	|  1.2325e-06     	|
|  [Callback]ModelSummary.on_validation_epoch_start                                                                                                               	|  1.5179e-05     	|  10             	|  0.00015179     	|  1.1387e-06     	|
|  [LightningModule]Mask_RCNN.on_train_end                                                                                                                        	|  0.00014605     	|  1              	|  0.00014605     	|  1.0956e-06     	|
|  [LightningModule]Mask_RCNN.on_train_epoch_start                                                                                                                	|  1.1922e-05     	|  10             	|  0.00011922     	|  8.9441e-07     	|
|  [Callback]LearningRateMonitor.on_train_start                                                                                                                   	|  0.0001014      	|  1              	|  0.0001014      	|  7.6067e-07     	|
|  [LightningModule]Mask_RCNN.on_validation_start                                                                                                                 	|  9.497e-06      	|  10             	|  9.497e-05      	|  7.1245e-07     	|
|  [Callback]ModelSummary.on_validation_epoch_end                                                                                                                 	|  9.313e-06      	|  10             	|  9.313e-05      	|  6.9865e-07     	|
|  [LightningDataModule]COCODataModule.state_dict                                                                                                                 	|  6.1308e-06     	|  10             	|  6.1308e-05     	|  4.5992e-07     	|
|  [Callback]LearningRateMonitor.on_validation_end                                                                                                                	|  5.9169e-06     	|  10             	|  5.9169e-05     	|  4.4388e-07     	|
|  [Callback]TQDMProgressBar.on_validation_epoch_end                                                                                                              	|  5.3275e-06     	|  10             	|  5.3275e-05     	|  3.9966e-07     	|
|  [Strategy]DDPStrategy.on_validation_start                                                                                                                      	|  4.8043e-06     	|  10             	|  4.8043e-05     	|  3.6041e-07     	|
|  [Callback]LearningRateMonitor.on_train_epoch_end                                                                                                               	|  4.6973e-06     	|  10             	|  4.6973e-05     	|  3.5238e-07     	|
|  [Callback]TQDMProgressBar.on_save_checkpoint                                                                                                                   	|  4.4555e-06     	|  10             	|  4.4555e-05     	|  3.3425e-07     	|
|  [LightningModule]Mask_RCNN.on_validation_epoch_end                                                                                                             	|  4.0562e-06     	|  10             	|  4.0562e-05     	|  3.0429e-07     	|
|  [Callback]TQDMProgressBar.on_validation_epoch_start                                                                                                            	|  3.8128e-06     	|  10             	|  3.8128e-05     	|  2.8603e-07     	|
|  [Strategy]DDPStrategy.on_validation_end                                                                                                                        	|  3.75e-06       	|  10             	|  3.75e-05       	|  2.8132e-07     	|
|  [Callback]COCOEvaluator.on_train_epoch_start                                                                                                                   	|  3.7096e-06     	|  10             	|  3.7096e-05     	|  2.7829e-07     	|
|  [LightningModule]Mask_RCNN.on_validation_end                                                                                                                   	|  3.6759e-06     	|  10             	|  3.6759e-05     	|  2.7576e-07     	|
|  [Callback]ModelCheckpoint{'monitor': None, 'mode': 'min', 'every_n_train_steps': 0, 'every_n_epochs': 1, 'train_time_interval': None}.on_validation_start      	|  2.8152e-06     	|  10             	|  2.8152e-05     	|  2.1119e-07     	|
|  [LightningModule]Mask_RCNN.on_train_start                                                                                                                      	|  2.7954e-05     	|  1              	|  2.7954e-05     	|  2.0971e-07     	|
|  [Callback]ModelCheckpoint{'monitor': None, 'mode': 'min', 'every_n_train_steps': 0, 'every_n_epochs': 1, 'train_time_interval': None}.on_train_epoch_start     	|  2.4626e-06     	|  10             	|  2.4626e-05     	|  1.8474e-07     	|
|  [Callback]LearningRateMonitor.on_save_checkpoint                                                                                                               	|  2.4143e-06     	|  10             	|  2.4143e-05     	|  1.8112e-07     	|
|  [Callback]LearningRateMonitor.on_validation_epoch_end                                                                                                          	|  2.3183e-06     	|  10             	|  2.3183e-05     	|  1.7391e-07     	|
|  [Callback]COCOEvaluator.on_save_checkpoint                                                                                                                     	|  2.2963e-06     	|  10             	|  2.2963e-05     	|  1.7227e-07     	|
|  [Callback]ModelSummary.on_train_epoch_start                                                                                                                    	|  2.2799e-06     	|  10             	|  2.2799e-05     	|  1.7103e-07     	|
|  [Callback]ModelCheckpoint{'monitor': None, 'mode': 'min', 'every_n_train_steps': 0, 'every_n_epochs': 1, 'train_time_interval': None}.on_validation_epoch_end  	|  2.1387e-06     	|  10             	|  2.1387e-05     	|  1.6044e-07     	|
|  [Callback]ModelCheckpoint{'monitor': None, 'mode': 'min', 'every_n_train_steps': 0, 'every_n_epochs': 1, 'train_time_interval': None}.on_save_checkpoint       	|  1.9379e-06     	|  10             	|  1.9379e-05     	|  1.4538e-07     	|
|  [Callback]ModelCheckpoint{'monitor': None, 'mode': 'min', 'every_n_train_steps': 0, 'every_n_epochs': 1, 'train_time_interval': None}.on_validation_epoch_start	|  1.8937e-06     	|  10             	|  1.8937e-05     	|  1.4206e-07     	|
|  [Callback]ModelSummary.on_save_checkpoint                                                                                                                      	|  1.8555e-06     	|  10             	|  1.8555e-05     	|  1.392e-07      	|
|  [Callback]TQDMProgressBar.setup                                                                                                                                	|  1.7756e-05     	|  1              	|  1.7756e-05     	|  1.332e-07      	|
|  [Callback]COCOEvaluator.on_validation_end                                                                                                                      	|  1.706e-06      	|  10             	|  1.706e-05      	|  1.2798e-07     	|
|  [Callback]ModelSummary.on_validation_end                                                                                                                       	|  1.6912e-06     	|  10             	|  1.6912e-05     	|  1.2687e-07     	|
|  [Callback]COCOEvaluator.on_train_epoch_end                                                                                                                     	|  1.609e-06      	|  10             	|  1.609e-05      	|  1.2071e-07     	|
|  [Callback]LearningRateMonitor.on_validation_epoch_start                                                                                                        	|  1.5524e-06     	|  10             	|  1.5524e-05     	|  1.1646e-07     	|
|  [Callback]ModelSummary.on_train_epoch_end                                                                                                                      	|  1.5496e-06     	|  10             	|  1.5496e-05     	|  1.1625e-07     	|
|  [LightningModule]Mask_RCNN.on_save_checkpoint                                                                                                                  	|  1.3067e-06     	|  10             	|  1.3067e-05     	|  9.8024e-08     	|
|  [LightningModule]Mask_RCNN.configure_callbacks                                                                                                                 	|  9.5782e-06     	|  1              	|  9.5782e-06     	|  7.1854e-08     	|
|  [Callback]TQDMProgressBar.on_fit_end                                                                                                                           	|  6.8208e-06     	|  1              	|  6.8208e-06     	|  5.1168e-08     	|
|  [Callback]COCOEvaluator.on_train_start                                                                                                                         	|  4.9809e-06     	|  1              	|  4.9809e-06     	|  3.7366e-08     	|
|  [LightningModule]Mask_RCNN.on_fit_start                                                                                                                        	|  4.78e-06       	|  1              	|  4.78e-06       	|  3.5859e-08     	|
|  [Callback]LearningRateMonitor.on_train_end                                                                                                                     	|  4.753e-06      	|  1              	|  4.753e-06      	|  3.5656e-08     	|
|  [Callback]ModelCheckpoint{'monitor': None, 'mode': 'min', 'every_n_train_steps': 0, 'every_n_epochs': 1, 'train_time_interval': None}.on_train_start           	|  4.7239e-06     	|  1              	|  4.7239e-06     	|  3.5438e-08     	|
|  [Callback]ModelCheckpoint{'monitor': None, 'mode': 'min', 'every_n_train_steps': 0, 'every_n_epochs': 1, 'train_time_interval': None}.on_fit_start             	|  3.9819e-06     	|  1              	|  3.9819e-06     	|  2.9871e-08     	|
|  [LightningDataModule]COCODataModule.prepare_data                                                                                                               	|  3.953e-06      	|  1              	|  3.953e-06      	|  2.9655e-08     	|
|  [Callback]TQDMProgressBar.on_fit_start                                                                                                                         	|  3.8811e-06     	|  1              	|  3.8811e-06     	|  2.9115e-08     	|
|  [LightningModule]Mask_RCNN.configure_sharded_model                                                                                                             	|  2.749e-06      	|  1              	|  2.749e-06      	|  2.0623e-08     	|
|  [Callback]LearningRateMonitor.setup                                                                                                                            	|  2.6771e-06     	|  1              	|  2.6771e-06     	|  2.0083e-08     	|
|  [LightningModule]Mask_RCNN.setup                                                                                                                               	|  2.6498e-06     	|  1              	|  2.6498e-06     	|  1.9879e-08     	|
|  [Strategy]DDPStrategy.on_train_end                                                                                                                             	|  2.234e-06      	|  1              	|  2.234e-06      	|  1.6759e-08     	|
|  [Callback]TQDMProgressBar.teardown                                                                                                                             	|  2.187e-06      	|  1              	|  2.187e-06      	|  1.6406e-08     	|
|  [Callback]LearningRateMonitor.on_fit_end                                                                                                                       	|  1.926e-06      	|  1              	|  1.926e-06      	|  1.4448e-08     	|
|  [LightningDataModule]COCODataModule.teardown                                                                                                                   	|  1.828e-06      	|  1              	|  1.828e-06      	|  1.3713e-08     	|
|  [Callback]COCOEvaluator.on_train_end                                                                                                                           	|  1.8249e-06     	|  1              	|  1.8249e-06     	|  1.369e-08      	|
|  [LightningModule]Mask_RCNN.on_fit_end                                                                                                                          	|  1.7209e-06     	|  1              	|  1.7209e-06     	|  1.291e-08      	|
|  [Callback]LearningRateMonitor.on_fit_start                                                                                                                     	|  1.6731e-06     	|  1              	|  1.6731e-06     	|  1.2552e-08     	|
|  [Callback]ModelCheckpoint{'monitor': None, 'mode': 'min', 'every_n_train_steps': 0, 'every_n_epochs': 1, 'train_time_interval': None}.on_train_end             	|  1.624e-06      	|  1              	|  1.624e-06      	|  1.2183e-08     	|
|  [LightningModule]Mask_RCNN.prepare_data                                                                                                                        	|  1.6221e-06     	|  1              	|  1.6221e-06     	|  1.2169e-08     	|
|  [Callback]COCOEvaluator.setup                                                                                                                                  	|  1.62e-06       	|  1              	|  1.62e-06       	|  1.2153e-08     	|
|  [Callback]ModelSummary.on_train_start                                                                                                                          	|  1.6049e-06     	|  1              	|  1.6049e-06     	|  1.204e-08      	|
|  [Callback]ModelSummary.on_train_end                                                                                                                            	|  1.552e-06      	|  1              	|  1.552e-06      	|  1.1643e-08     	|
|  [Callback]COCOEvaluator.on_fit_start                                                                                                                           	|  1.526e-06      	|  1              	|  1.526e-06      	|  1.1448e-08     	|
|  [Callback]ModelCheckpoint{'monitor': None, 'mode': 'min', 'every_n_train_steps': 0, 'every_n_epochs': 1, 'train_time_interval': None}.teardown                 	|  1.498e-06      	|  1              	|  1.498e-06      	|  1.1238e-08     	|
|  [Callback]ModelSummary.setup                                                                                                                                   	|  1.471e-06      	|  1              	|  1.471e-06      	|  1.1035e-08     	|
|  [Strategy]DDPStrategy.on_train_start                                                                                                                           	|  1.4061e-06     	|  1              	|  1.4061e-06     	|  1.0548e-08     	|
|  [Callback]ModelCheckpoint{'monitor': None, 'mode': 'min', 'every_n_train_steps': 0, 'every_n_epochs': 1, 'train_time_interval': None}.on_fit_end               	|  1.39e-06       	|  1              	|  1.39e-06       	|  1.0428e-08     	|
|  [Callback]LearningRateMonitor.teardown                                                                                                                         	|  1.387e-06      	|  1              	|  1.387e-06      	|  1.0405e-08     	|
|  [Callback]COCOEvaluator.teardown                                                                                                                               	|  1.349e-06      	|  1              	|  1.349e-06      	|  1.012e-08      	|
|  [Callback]COCOEvaluator.on_fit_end                                                                                                                             	|  1.346e-06      	|  1              	|  1.346e-06      	|  1.0097e-08     	|
|  [Callback]ModelSummary.teardown                                                                                                                                	|  1.2289e-06     	|  1              	|  1.2289e-06     	|  9.2189e-09     	|
|  [Callback]ModelSummary.on_fit_end                                                                                                                              	|  1.2e-06        	|  1              	|  1.2e-06        	|  9.0023e-09     	|
|  [LightningModule]Mask_RCNN.teardown                                                                                                                            	|  9.2504e-07     	|  1              	|  9.2504e-07     	|  6.9395e-09     	|
--------------------------------------------------------------------------------------------------------------------------------------------------------------------------------------------------------------------------------------------------------------------------

wandb: Waiting for W&B process to finish... (success).
wandb: 
wandb: Run history:
wandb:               epoch ▁▁▁▁▂▂▂▂▃▃▃▃▃▃▃▃▄▄▄▄▅▅▅▅▆▆▆▆▆▆▆▆▇▇▇▇████
wandb:      evaluator_time ▁▆▃█▆▅▃▂▅▄
wandb:        loss_box_reg ▃▇██▆▆▇▆▅▅▅▄▄▃▃▃▃▄▃▃▄▂▃▃▃▃▃▃▁▃▂▃▂▂▂▃▁▁▂▂
wandb:     loss_classifier ▆█▆▆▄▅▄▃▃▃▃▂▂▂▂▂▂▂▂▂▂▁▂▂▂▂▂▂▁▁▁▂▁▁▁▁▁▁▁▂
wandb:           loss_mask █▅▄▃▃▃▃▃▂▃▂▂▂▂▂▂▂▂▂▂▂▂▂▂▂▂▂▂▁▂▁▂▁▂▁▁▁▁▂▂
wandb:     loss_objectness █▅▃▃▃▃▂▂▂▂▂▂▂▁▂▂▁▁▁▂▁▁▂▁▂▁▁▂▁▁▁▁▁▁▁▁▁▁▁▁
wandb:    loss_rpn_box_reg █▆▄▃▃▄▅▃▃▃▃▃▄▂▂▂▂▃▂▄▄▁▂▃▄▂▂▂▁▃▂▃▂▂▂▂▂▁▂▃
wandb:             lr-LARS ████████▇▇▇▇▇▇▇▇▆▆▆▆▄▄▄▄▃▃▃▃▂▂▂▂▂▂▂▂▁▁▁▁
wandb:    lr-LARS-momentum ▁▁▁▁▁▁▁▁▁▁▁▁▁▁▁▁▁▁▁▁▁▁▁▁▁▁▁▁▁▁▁▁▁▁▁▁▁▁▁▁
wandb:         map_50_bbox ▁▄▆▇▇█████
wandb:         map_50_segm ▁▄▆▇▇█████
wandb:            map_bbox ▁▄▆▆▇▇████
wandb:            map_segm ▁▄▆▆▇█████
wandb:            mar_bbox ▁▅▆▇▇█████
wandb:            mar_segm ▁▅▇▇██████
wandb:          model_time ▁▆▄█▅▄▃▂▄▃
wandb: trainer/global_step ▁▁▁▂▂▂▂▂▂▃▃▃▃▃▄▄▄▄▄▄▅▅▅▅▅▅▆▆▆▆▆▇▇▇▇▇▇███
wandb:       training_loss █▄▃▂▂▂▁▁▁▁
wandb:  training_step_loss ██▆▆▅▅▅▄▃▃▃▃▃▂▂▂▂▃▂▂▃▂▂▂▂▂▂▂▁▂▁▂▁▂▁▂▁▁▂▂
wandb: 
wandb: Run summary:
wandb:               epoch 9
wandb:      evaluator_time 0.46958
wandb:        loss_box_reg 0.25662
wandb:     loss_classifier 0.22273
wandb:           loss_mask 0.25165
wandb:     loss_objectness 0.03548
wandb:    loss_rpn_box_reg 0.05567
wandb:             lr-LARS 1e-05
wandb:    lr-LARS-momentum 0.9
wandb:         map_50_bbox 0.53714
wandb:         map_50_segm 0.51181
wandb:            map_bbox 0.31956
wandb:            map_segm 0.30636
wandb:            mar_bbox 0.46704
wandb:            mar_segm 0.4479
wandb:          model_time 0.60929
wandb: trainer/global_step 9159
wandb:       training_loss 0.8356
wandb:  training_step_loss 0.82215
wandb: 
wandb: 🚀 View run lars-16-cosineannealinglr-3e-4 at: https://wandb.ai/ilhamsyahids/MaskRCNN/runs/utshnclh
wandb: Synced 5 W&B file(s), 1 media file(s), 1 artifact file(s) and 0 other file(s)
wandb: Find logs at: /raid/data/m23522033/logs/wandb/run-20230426_173822-utshnclh/logs
