wandb: Currently logged in as: ilhamsyahids. Use `wandb login --relogin` to force relogin
wandb: - Waiting for wandb.init()...wandb: \ Waiting for wandb.init()...wandb: wandb version 0.15.0 is available!  To upgrade, please run:
wandb:  $ pip install wandb --upgrade
wandb: Tracking run with wandb version 0.14.0
wandb: Run data is saved locally in /raid/data/m23522033/logs/wandb/run-20230428_123817-xdns89w6
wandb: Run `wandb offline` to turn off syncing.
wandb: Syncing run lars-16-cosineannealinglrwarmup-7e-4
wandb: ⭐️ View project at https://wandb.ai/ilhamsyahids/MaskRCNN
wandb: 🚀 View run at https://wandb.ai/ilhamsyahids/MaskRCNN/runs/xdns89w6
wandb: logging graph, to disable use `wandb.watch(log_graph=False)`
/raid/data/m23522033/torch-mask-rcnn/.venv/lib/python3.8/site-packages/lightning_fabric/connector.py:562: UserWarning: 16 is supported for historical reasons but its usage is discouraged. Please set your precision to 16-mixed instead!
  rank_zero_warn(
/raid/data/m23522033/torch-mask-rcnn/.venv/lib/python3.8/site-packages/lightning_fabric/plugins/environments/slurm.py:165: PossibleUserWarning: The `srun` command is available on your system but is not used. HINT: If your intention is to run Lightning on SLURM, prepend your python command with `srun` like so: srun python3 train.py --config-file config/gpu/new/gpu-lars-cosi ...
  rank_zero_warn(
Using 16bit Automatic Mixed Precision (AMP)
GPU available: True (cuda), used: True
TPU available: False, using: 0 TPU cores
IPU available: False, using: 0 IPUs
HPU available: False, using: 0 HPUs
/raid/data/m23522033/torch-mask-rcnn/.venv/lib/python3.8/site-packages/lightning_fabric/plugins/environments/slurm.py:165: PossibleUserWarning: The `srun` command is available on your system but is not used. HINT: If your intention is to run Lightning on SLURM, prepend your python command with `srun` like so: srun python3 train.py --config-file config/gpu/new/gpu-lars-cosi ...
  rank_zero_warn(
Initializing distributed: GLOBAL_RANK: 0, MEMBER: 1/8
Initializing distributed: GLOBAL_RANK: 3, MEMBER: 4/8
Initializing distributed: GLOBAL_RANK: 5, MEMBER: 6/8
Initializing distributed: GLOBAL_RANK: 2, MEMBER: 3/8
Initializing distributed: GLOBAL_RANK: 6, MEMBER: 7/8
Initializing distributed: GLOBAL_RANK: 4, MEMBER: 5/8
Initializing distributed: GLOBAL_RANK: 1, MEMBER: 2/8
Initializing distributed: GLOBAL_RANK: 7, MEMBER: 8/8
----------------------------------------------------------------------------------------------------
distributed_backend=nccl
All distributed processes registered. Starting with 8 processes
----------------------------------------------------------------------------------------------------

LOCAL_RANK: 4 - CUDA_VISIBLE_DEVICES: [0,1,2,3,4,5,6,7]
LOCAL_RANK: 7 - CUDA_VISIBLE_DEVICES: [0,1,2,3,4,5,6,7]
LOCAL_RANK: 5 - CUDA_VISIBLE_DEVICES: [0,1,2,3,4,5,6,7]
LOCAL_RANK: 0 - CUDA_VISIBLE_DEVICES: [0,1,2,3,4,5,6,7]
LOCAL_RANK: 1 - CUDA_VISIBLE_DEVICES: [0,1,2,3,4,5,6,7]
LOCAL_RANK: 3 - CUDA_VISIBLE_DEVICES: [0,1,2,3,4,5,6,7]
LOCAL_RANK: 6 - CUDA_VISIBLE_DEVICES: [0,1,2,3,4,5,6,7]
LOCAL_RANK: 2 - CUDA_VISIBLE_DEVICES: [0,1,2,3,4,5,6,7]

  | Name  | Type     | Params
-----------------------------------
0 | model | MaskRCNN | 46.4 M
-----------------------------------
46.1 M    Trainable params
225 K     Non-trainable params
46.4 M    Total params
185.438   Total estimated model params size (MB)
Traceback (most recent call last):
  File "/usr/lib/python3.8/multiprocessing/util.py", line 300, in _run_finalizers
    finalizer()
  File "/usr/lib/python3.8/multiprocessing/util.py", line 224, in __call__
    res = self._callback(*self._args, **self._kwargs)
  File "/usr/lib/python3.8/multiprocessing/util.py", line 133, in _remove_temp_dir
    rmtree(tempdir)
  File "/usr/lib/python3.8/shutil.py", line 722, in rmtree
    onerror(os.rmdir, path, sys.exc_info())
  File "/usr/lib/python3.8/shutil.py", line 720, in rmtree
    os.rmdir(path)
OSError: [Errno 39] Directory not empty: '/tmp/pymp-tagq4l9h'
/raid/data/m23522033/torch-mask-rcnn/.venv/lib/python3.8/site-packages/pytorch_lightning/trainer/connectors/logger_connector/result.py:432: PossibleUserWarning: It is recommended to use `self.log('model_time', ..., sync_dist=True)` when logging on epoch level in distributed setting to accumulate the metric across devices.
  warning_cache.warn(
/raid/data/m23522033/torch-mask-rcnn/.venv/lib/python3.8/site-packages/pytorch_lightning/trainer/connectors/logger_connector/result.py:432: PossibleUserWarning: It is recommended to use `self.log('evaluator_time', ..., sync_dist=True)` when logging on epoch level in distributed setting to accumulate the metric across devices.
  warning_cache.warn(
/raid/data/m23522033/torch-mask-rcnn/.venv/lib/python3.8/site-packages/pytorch_lightning/trainer/connectors/logger_connector/result.py:432: PossibleUserWarning: It is recommended to use `self.log('map_bbox', ..., sync_dist=True)` when logging on epoch level in distributed setting to accumulate the metric across devices.
  warning_cache.warn(
/raid/data/m23522033/torch-mask-rcnn/.venv/lib/python3.8/site-packages/pytorch_lightning/trainer/connectors/logger_connector/result.py:432: PossibleUserWarning: It is recommended to use `self.log('map_50_bbox', ..., sync_dist=True)` when logging on epoch level in distributed setting to accumulate the metric across devices.
  warning_cache.warn(
/raid/data/m23522033/torch-mask-rcnn/.venv/lib/python3.8/site-packages/pytorch_lightning/trainer/connectors/logger_connector/result.py:432: PossibleUserWarning: It is recommended to use `self.log('mar_bbox', ..., sync_dist=True)` when logging on epoch level in distributed setting to accumulate the metric across devices.
  warning_cache.warn(
/raid/data/m23522033/torch-mask-rcnn/.venv/lib/python3.8/site-packages/pytorch_lightning/trainer/connectors/logger_connector/result.py:432: PossibleUserWarning: It is recommended to use `self.log('map_segm', ..., sync_dist=True)` when logging on epoch level in distributed setting to accumulate the metric across devices.
  warning_cache.warn(
/raid/data/m23522033/torch-mask-rcnn/.venv/lib/python3.8/site-packages/pytorch_lightning/trainer/connectors/logger_connector/result.py:432: PossibleUserWarning: It is recommended to use `self.log('map_50_segm', ..., sync_dist=True)` when logging on epoch level in distributed setting to accumulate the metric across devices.
  warning_cache.warn(
/raid/data/m23522033/torch-mask-rcnn/.venv/lib/python3.8/site-packages/pytorch_lightning/trainer/connectors/logger_connector/result.py:432: PossibleUserWarning: It is recommended to use `self.log('mar_segm', ..., sync_dist=True)` when logging on epoch level in distributed setting to accumulate the metric across devices.
  warning_cache.warn(
`Trainer.fit` stopped: `max_epochs=10` reached.
FIT Profiler Report

--------------------------------------------------------------------------------------------------------------------------------------------------------------------------------------------------------------------------------------------------------------------------
|  Action                                                                                                                                                         	|  Mean duration (s)	|  Num calls      	|  Total time (s) 	|  Percentage %   	|
--------------------------------------------------------------------------------------------------------------------------------------------------------------------------------------------------------------------------------------------------------------------------
|  Total                                                                                                                                                          	|  -              	|  454437         	|  2.5952e+04     	|  100 %          	|
--------------------------------------------------------------------------------------------------------------------------------------------------------------------------------------------------------------------------------------------------------------------------
|  run_training_epoch                                                                                                                                             	|  2572.7         	|  10             	|  2.5727e+04     	|  99.134         	|
|  run_training_batch                                                                                                                                             	|  2.0282         	|  9160           	|  1.8578e+04     	|  71.587         	|
|  [LightningModule]Mask_RCNN.optimizer_step                                                                                                                      	|  2.0278         	|  9160           	|  1.8575e+04     	|  71.575         	|
|  [Strategy]DDPStrategy.training_step                                                                                                                            	|  1.2784         	|  9160           	|  1.171e+04      	|  45.121         	|
|  [Strategy]DDPStrategy.backward                                                                                                                                 	|  0.23872        	|  9160           	|  2186.7         	|  8.426          	|
|  [_TrainingEpochLoop].train_dataloader_next                                                                                                                     	|  0.19641        	|  9160           	|  1799.1         	|  6.9324         	|
|  [Strategy]DDPStrategy.validation_step                                                                                                                          	|  1.3842         	|  790            	|  1093.5         	|  4.2137         	|
|  [Callback]COCOEvaluator.on_validation_batch_end                                                                                                                	|  1.2125         	|  790            	|  957.86         	|  3.6909         	|
|  [Strategy]DDPStrategy.batch_to_device                                                                                                                          	|  0.087566       	|  9950           	|  871.28         	|  3.3573         	|
|  [LightningModule]Mask_RCNN.transfer_batch_to_device                                                                                                            	|  0.087011       	|  9950           	|  865.76         	|  3.336          	|
|  [Callback]COCOEvaluator.on_validation_epoch_end                                                                                                                	|  83.518         	|  10             	|  835.18         	|  3.2182         	|
|  [Callback]COCOEvaluator.on_validation_start                                                                                                                    	|  17.531         	|  10             	|  175.31         	|  0.67551        	|
|  [Callback]COCOEvaluator.on_validation_epoch_start                                                                                                              	|  7.6295         	|  10             	|  76.295         	|  0.29399        	|
|  [_EvaluationLoop].val_next                                                                                                                                     	|  0.087559       	|  790            	|  69.171         	|  0.26654        	|
|  [Callback]ModelCheckpoint{'monitor': None, 'mode': 'min', 'every_n_train_steps': 0, 'every_n_epochs': 1, 'train_time_interval': None}.on_train_epoch_end       	|  6.6524         	|  10             	|  66.524         	|  0.25634        	|
|  [LightningDataModule]COCODataModule.setup                                                                                                                      	|  51.893         	|  1              	|  51.893         	|  0.19996        	|
|  [LightningModule]Mask_RCNN.on_train_epoch_end                                                                                                                  	|  2.6712         	|  10             	|  26.712         	|  0.10293        	|
|  [LightningModule]Mask_RCNN.optimizer_zero_grad                                                                                                                 	|  0.001846       	|  9160           	|  16.909         	|  0.065157       	|
|  [Callback]LearningRateMonitor.on_train_batch_start                                                                                                             	|  0.00073298     	|  9160           	|  6.7141         	|  0.025871       	|
|  [Callback]TQDMProgressBar.on_train_batch_end                                                                                                                   	|  0.00034593     	|  9160           	|  3.1688         	|  0.01221        	|
|  [Callback]ModelCheckpoint{'monitor': None, 'mode': 'min', 'every_n_train_steps': 0, 'every_n_epochs': 1, 'train_time_interval': None}.on_train_batch_end       	|  9.0362e-05     	|  9160           	|  0.82772        	|  0.0031894      	|
|  [LightningModule]Mask_RCNN.configure_gradient_clipping                                                                                                         	|  8.9394e-05     	|  9160           	|  0.81885        	|  0.0031553      	|
|  [LightningDataModule]COCODataModule.train_dataloader                                                                                                           	|  0.45745        	|  1              	|  0.45745        	|  0.0017627      	|
|  [Callback]TQDMProgressBar.on_validation_batch_end                                                                                                              	|  0.0002614      	|  790            	|  0.20651        	|  0.00079573     	|
|  [Callback]TQDMProgressBar.on_validation_start                                                                                                                  	|  0.018219       	|  10             	|  0.18219        	|  0.00070202     	|
|  [Callback]TQDMProgressBar.on_after_backward                                                                                                                    	|  1.8012e-05     	|  9160           	|  0.16499        	|  0.00063576     	|
|  [LightningModule]Mask_RCNN.on_validation_model_eval                                                                                                            	|  0.015807       	|  10             	|  0.15807        	|  0.00060907     	|
|  [Callback]TQDMProgressBar.on_train_batch_start                                                                                                                 	|  1.6576e-05     	|  9160           	|  0.15184        	|  0.00058508     	|
|  [Callback]TQDMProgressBar.on_before_optimizer_step                                                                                                             	|  1.5065e-05     	|  9160           	|  0.13799        	|  0.00053172     	|
|  [LightningModule]Mask_RCNN.on_before_batch_transfer                                                                                                            	|  1.2956e-05     	|  9950           	|  0.12892        	|  0.00049675     	|
|  [Callback]TQDMProgressBar.on_before_backward                                                                                                                   	|  1.0945e-05     	|  9160           	|  0.10025        	|  0.00038631     	|
|  [Callback]TQDMProgressBar.on_validation_batch_start                                                                                                            	|  0.00011704     	|  790            	|  0.092464       	|  0.00035629     	|
|  [Callback]TQDMProgressBar.on_before_zero_grad                                                                                                                  	|  9.9493e-06     	|  9160           	|  0.091135       	|  0.00035117     	|
|  [LightningModule]Mask_RCNN.on_after_batch_transfer                                                                                                             	|  9.1382e-06     	|  9950           	|  0.090925       	|  0.00035036     	|
|  [Callback]COCOEvaluator.on_train_batch_start                                                                                                                   	|  9.9179e-06     	|  9160           	|  0.090848       	|  0.00035006     	|
|  [LightningModule]Mask_RCNN.on_before_zero_grad                                                                                                                 	|  7.2415e-06     	|  9160           	|  0.066332       	|  0.0002556      	|
|  [Callback]LearningRateMonitor.on_train_batch_end                                                                                                               	|  6.518e-06      	|  9160           	|  0.059705       	|  0.00023006     	|
|  [Callback]ModelCheckpoint{'monitor': None, 'mode': 'min', 'every_n_train_steps': 0, 'every_n_epochs': 1, 'train_time_interval': None}.on_before_zero_grad      	|  6.2248e-06     	|  9160           	|  0.057019       	|  0.00021971     	|
|  [LightningModule]Mask_RCNN.on_after_backward                                                                                                                   	|  6.0388e-06     	|  9160           	|  0.055316       	|  0.00021315     	|
|  [LightningModule]Mask_RCNN.on_before_optimizer_step                                                                                                            	|  5.2048e-06     	|  9160           	|  0.047676       	|  0.00018371     	|
|  [Callback]COCOEvaluator.on_train_batch_end                                                                                                                     	|  5.1393e-06     	|  9160           	|  0.047076       	|  0.0001814      	|
|  [LightningModule]Mask_RCNN.on_before_backward                                                                                                                  	|  4.7787e-06     	|  9160           	|  0.043773       	|  0.00016867     	|
|  [LightningModule]Mask_RCNN.on_train_batch_end                                                                                                                  	|  4.7552e-06     	|  9160           	|  0.043557       	|  0.00016784     	|
|  [Callback]ModelSummary.on_train_batch_end                                                                                                                      	|  4.6879e-06     	|  9160           	|  0.042941       	|  0.00016547     	|
|  [Callback]LearningRateMonitor.on_after_backward                                                                                                                	|  4.5962e-06     	|  9160           	|  0.042101       	|  0.00016223     	|
|  [Callback]ModelSummary.on_train_batch_start                                                                                                                    	|  4.5704e-06     	|  9160           	|  0.041865       	|  0.00016132     	|
|  [Callback]ModelCheckpoint{'monitor': None, 'mode': 'min', 'every_n_train_steps': 0, 'every_n_epochs': 1, 'train_time_interval': None}.on_after_backward        	|  4.3077e-06     	|  9160           	|  0.039458       	|  0.00015205     	|
|  [LightningModule]Mask_RCNN.on_train_batch_start                                                                                                                	|  4.2896e-06     	|  9160           	|  0.039293       	|  0.00015141     	|
|  [Callback]LearningRateMonitor.on_before_optimizer_step                                                                                                         	|  4.239e-06      	|  9160           	|  0.03883        	|  0.00014962     	|
|  [Callback]ModelCheckpoint{'monitor': None, 'mode': 'min', 'every_n_train_steps': 0, 'every_n_epochs': 1, 'train_time_interval': None}.on_before_optimizer_step 	|  4.1134e-06     	|  9160           	|  0.037679       	|  0.00014519     	|
|  [Callback]LearningRateMonitor.on_before_zero_grad                                                                                                              	|  4.0373e-06     	|  9160           	|  0.036982       	|  0.0001425      	|
|  [Callback]ModelCheckpoint{'monitor': None, 'mode': 'min', 'every_n_train_steps': 0, 'every_n_epochs': 1, 'train_time_interval': None}.on_train_batch_start     	|  4.0356e-06     	|  9160           	|  0.036966       	|  0.00014244     	|
|  [Callback]COCOEvaluator.on_before_zero_grad                                                                                                                    	|  4.0079e-06     	|  9160           	|  0.036713       	|  0.00014146     	|
|  [Callback]LearningRateMonitor.on_before_backward                                                                                                               	|  3.933e-06      	|  9160           	|  0.036027       	|  0.00013882     	|
|  [LightningModule]Mask_RCNN.on_validation_model_train                                                                                                           	|  0.0035954      	|  10             	|  0.035954       	|  0.00013854     	|
|  [Callback]TQDMProgressBar.on_validation_end                                                                                                                    	|  0.003593       	|  10             	|  0.03593        	|  0.00013845     	|
|  [Callback]ModelCheckpoint{'monitor': None, 'mode': 'min', 'every_n_train_steps': 0, 'every_n_epochs': 1, 'train_time_interval': None}.on_before_backward       	|  3.9195e-06     	|  9160           	|  0.035903       	|  0.00013834     	|
|  [Callback]COCOEvaluator.on_after_backward                                                                                                                      	|  3.6986e-06     	|  9160           	|  0.033879       	|  0.00013054     	|
|  [Callback]TQDMProgressBar.on_train_epoch_end                                                                                                                   	|  0.0033013      	|  10             	|  0.033013       	|  0.00012721     	|
|  [Callback]TQDMProgressBar.on_train_epoch_start                                                                                                                 	|  0.0032718      	|  10             	|  0.032718       	|  0.00012607     	|
|  [Callback]ModelSummary.on_before_zero_grad                                                                                                                     	|  3.4982e-06     	|  9160           	|  0.032043       	|  0.00012347     	|
|  [Callback]COCOEvaluator.on_before_backward                                                                                                                     	|  3.3535e-06     	|  9160           	|  0.030718       	|  0.00011837     	|
|  [Callback]COCOEvaluator.on_before_optimizer_step                                                                                                               	|  3.3482e-06     	|  9160           	|  0.03067        	|  0.00011818     	|
|  [Callback]ModelSummary.on_before_backward                                                                                                                      	|  3.3167e-06     	|  9160           	|  0.030381       	|  0.00011707     	|
|  [Callback]ModelSummary.on_after_backward                                                                                                                       	|  3.2917e-06     	|  9160           	|  0.030152       	|  0.00011619     	|
|  [Callback]ModelSummary.on_before_optimizer_step                                                                                                                	|  3.2181e-06     	|  9160           	|  0.029478       	|  0.00011359     	|
|  [Strategy]DDPStrategy.on_train_batch_start                                                                                                                     	|  2.7427e-06     	|  9160           	|  0.025123       	|  9.6806e-05     	|
|  [Callback]ModelSummary.on_fit_start                                                                                                                            	|  0.017531       	|  1              	|  0.017531       	|  6.7552e-05     	|
|  [Callback]LearningRateMonitor.on_validation_batch_end                                                                                                          	|  1.9888e-05     	|  790            	|  0.015712       	|  6.0542e-05     	|
|  [Callback]ModelSummary.on_validation_batch_end                                                                                                                 	|  1.6626e-05     	|  790            	|  0.013134       	|  5.061e-05      	|
|  [Callback]LearningRateMonitor.on_validation_batch_start                                                                                                        	|  7.7039e-06     	|  790            	|  0.0060861      	|  2.3451e-05     	|
|  [Callback]TQDMProgressBar.on_train_start                                                                                                                       	|  0.005143       	|  1              	|  0.005143       	|  1.9818e-05     	|
|  [LightningModule]Mask_RCNN.on_validation_batch_end                                                                                                             	|  5.3685e-06     	|  790            	|  0.0042411      	|  1.6342e-05     	|
|  [LightningModule]Mask_RCNN.lr_scheduler_step                                                                                                                   	|  0.000405       	|  10             	|  0.00405        	|  1.5606e-05     	|
|  [Callback]ModelCheckpoint{'monitor': None, 'mode': 'min', 'every_n_train_steps': 0, 'every_n_epochs': 1, 'train_time_interval': None}.on_validation_batch_end  	|  5.1031e-06     	|  790            	|  0.0040315      	|  1.5534e-05     	|
|  [Callback]ModelCheckpoint{'monitor': None, 'mode': 'min', 'every_n_train_steps': 0, 'every_n_epochs': 1, 'train_time_interval': None}.on_validation_batch_start	|  4.0633e-06     	|  790            	|  0.00321        	|  1.2369e-05     	|
|  [LightningModule]Mask_RCNN.on_validation_batch_start                                                                                                           	|  3.9859e-06     	|  790            	|  0.0031489      	|  1.2134e-05     	|
|  [Callback]COCOEvaluator.on_validation_batch_start                                                                                                              	|  3.4137e-06     	|  790            	|  0.0026968      	|  1.0392e-05     	|
|  [LightningModule]Mask_RCNN.configure_optimizers                                                                                                                	|  0.0026249      	|  1              	|  0.0026249      	|  1.0114e-05     	|
|  [Callback]ModelSummary.on_validation_batch_start                                                                                                               	|  3.2646e-06     	|  790            	|  0.002579       	|  9.9378e-06     	|
|  [LightningDataModule]COCODataModule.val_dataloader                                                                                                             	|  0.00236        	|  1              	|  0.00236        	|  9.0937e-06     	|
|  [LightningModule]Mask_RCNN.on_validation_epoch_start                                                                                                           	|  0.0002322      	|  10             	|  0.002322       	|  8.9474e-06     	|
|  [Callback]ModelCheckpoint{'monitor': None, 'mode': 'min', 'every_n_train_steps': 0, 'every_n_epochs': 1, 'train_time_interval': None}.setup                    	|  0.0020885      	|  1              	|  0.0020885      	|  8.0476e-06     	|
|  [Callback]ModelCheckpoint{'monitor': None, 'mode': 'min', 'every_n_train_steps': 0, 'every_n_epochs': 1, 'train_time_interval': None}.on_validation_end        	|  0.00018269     	|  10             	|  0.0018269      	|  7.0395e-06     	|
|  [Callback]TQDMProgressBar.on_train_end                                                                                                                         	|  0.0017933      	|  1              	|  0.0017933      	|  6.9101e-06     	|
|  [Callback]COCOEvaluator.on_train_epoch_start                                                                                                                   	|  0.0001605      	|  10             	|  0.001605       	|  6.1844e-06     	|
|  [Callback]ModelSummary.on_validation_epoch_start                                                                                                               	|  0.00014211     	|  10             	|  0.0014211      	|  5.4759e-06     	|
|  [Callback]LearningRateMonitor.on_train_epoch_start                                                                                                             	|  0.00011359     	|  10             	|  0.0011359      	|  4.377e-06      	|
|  [Callback]ModelSummary.on_validation_start                                                                                                                     	|  8.0552e-05     	|  10             	|  0.00080552     	|  3.1039e-06     	|
|  [LightningModule]Mask_RCNN.on_validation_start                                                                                                                 	|  3.6674e-05     	|  10             	|  0.00036674     	|  1.4132e-06     	|
|  [LightningModule]Mask_RCNN.on_train_end                                                                                                                        	|  0.00030306     	|  1              	|  0.00030306     	|  1.1678e-06     	|
|  [Callback]LearningRateMonitor.on_validation_start                                                                                                              	|  2.8358e-05     	|  10             	|  0.00028358     	|  1.0927e-06     	|
|  [LightningModule]Mask_RCNN.on_train_epoch_start                                                                                                                	|  2.5164e-05     	|  10             	|  0.00025164     	|  9.6964e-07     	|
|  [Callback]LearningRateMonitor.on_train_epoch_end                                                                                                               	|  2.0516e-05     	|  10             	|  0.00020516     	|  7.9055e-07     	|
|  [Strategy]DDPStrategy.on_validation_start                                                                                                                      	|  2.0267e-05     	|  10             	|  0.00020267     	|  7.8096e-07     	|
|  [Callback]ModelSummary.on_validation_epoch_end                                                                                                                 	|  1.8574e-05     	|  10             	|  0.00018574     	|  7.1573e-07     	|
|  [Callback]LearningRateMonitor.on_train_start                                                                                                                   	|  0.00017796     	|  1              	|  0.00017796     	|  6.8574e-07     	|
|  [Callback]LearningRateMonitor.on_validation_end                                                                                                                	|  1.5957e-05     	|  10             	|  0.00015957     	|  6.1486e-07     	|
|  [LightningDataModule]COCODataModule.state_dict                                                                                                                 	|  1.359e-05      	|  10             	|  0.0001359      	|  5.2367e-07     	|
|  [LightningModule]Mask_RCNN.on_validation_epoch_end                                                                                                             	|  1.0577e-05     	|  10             	|  0.00010577     	|  4.0757e-07     	|
|  [Callback]TQDMProgressBar.on_validation_epoch_end                                                                                                              	|  9.7218e-06     	|  10             	|  9.7218e-05     	|  3.7461e-07     	|
|  [Callback]TQDMProgressBar.on_save_checkpoint                                                                                                                   	|  9.3211e-06     	|  10             	|  9.3211e-05     	|  3.5917e-07     	|
|  [LightningModule]Mask_RCNN.on_validation_end                                                                                                                   	|  9.0751e-06     	|  10             	|  9.0751e-05     	|  3.4969e-07     	|
|  [Callback]TQDMProgressBar.on_validation_epoch_start                                                                                                            	|  8.0364e-06     	|  10             	|  8.0364e-05     	|  3.0967e-07     	|
|  [Callback]ModelCheckpoint{'monitor': None, 'mode': 'min', 'every_n_train_steps': 0, 'every_n_epochs': 1, 'train_time_interval': None}.on_validation_epoch_start	|  6.3385e-06     	|  10             	|  6.3385e-05     	|  2.4424e-07     	|
|  [Callback]ModelCheckpoint{'monitor': None, 'mode': 'min', 'every_n_train_steps': 0, 'every_n_epochs': 1, 'train_time_interval': None}.on_validation_start      	|  5.8211e-06     	|  10             	|  5.8211e-05     	|  2.2431e-07     	|
|  [Strategy]DDPStrategy.on_validation_end                                                                                                                        	|  5.7223e-06     	|  10             	|  5.7223e-05     	|  2.205e-07      	|
|  [Callback]ModelSummary.on_train_epoch_start                                                                                                                    	|  5.5111e-06     	|  10             	|  5.5111e-05     	|  2.1236e-07     	|
|  [Callback]ModelCheckpoint{'monitor': None, 'mode': 'min', 'every_n_train_steps': 0, 'every_n_epochs': 1, 'train_time_interval': None}.on_validation_epoch_end  	|  4.6344e-06     	|  10             	|  4.6344e-05     	|  1.7858e-07     	|
|  [Callback]COCOEvaluator.on_validation_end                                                                                                                      	|  4.6243e-06     	|  10             	|  4.6243e-05     	|  1.7819e-07     	|
|  [Callback]COCOEvaluator.on_train_epoch_end                                                                                                                     	|  4.4751e-06     	|  10             	|  4.4751e-05     	|  1.7244e-07     	|
|  [Callback]LearningRateMonitor.on_save_checkpoint                                                                                                               	|  4.3444e-06     	|  10             	|  4.3444e-05     	|  1.674e-07      	|
|  [Callback]LearningRateMonitor.on_validation_epoch_start                                                                                                        	|  4.2062e-06     	|  10             	|  4.2062e-05     	|  1.6208e-07     	|
|  [Callback]ModelSummary.on_train_epoch_end                                                                                                                      	|  4.1905e-06     	|  10             	|  4.1905e-05     	|  1.6147e-07     	|
|  [Callback]LearningRateMonitor.on_validation_epoch_end                                                                                                          	|  4.1864e-06     	|  10             	|  4.1864e-05     	|  1.6132e-07     	|
|  [Callback]ModelCheckpoint{'monitor': None, 'mode': 'min', 'every_n_train_steps': 0, 'every_n_epochs': 1, 'train_time_interval': None}.on_save_checkpoint       	|  4.0177e-06     	|  10             	|  4.0177e-05     	|  1.5481e-07     	|
|  [Callback]ModelSummary.on_validation_end                                                                                                                       	|  4.01e-06       	|  10             	|  4.01e-05       	|  1.5452e-07     	|
|  [Callback]ModelCheckpoint{'monitor': None, 'mode': 'min', 'every_n_train_steps': 0, 'every_n_epochs': 1, 'train_time_interval': None}.on_train_epoch_start     	|  3.9798e-06     	|  10             	|  3.9798e-05     	|  1.5335e-07     	|
|  [Callback]COCOEvaluator.on_save_checkpoint                                                                                                                     	|  3.5828e-06     	|  10             	|  3.5828e-05     	|  1.3805e-07     	|
|  [Callback]TQDMProgressBar.setup                                                                                                                                	|  3.1348e-05     	|  1              	|  3.1348e-05     	|  1.2079e-07     	|
|  [Callback]ModelSummary.on_save_checkpoint                                                                                                                      	|  3.0619e-06     	|  10             	|  3.0619e-05     	|  1.1798e-07     	|
|  [LightningModule]Mask_RCNN.configure_callbacks                                                                                                                 	|  2.4522e-05     	|  1              	|  2.4522e-05     	|  9.4491e-08     	|
|  [LightningModule]Mask_RCNN.on_save_checkpoint                                                                                                                  	|  2.4117e-06     	|  10             	|  2.4117e-05     	|  9.2928e-08     	|
|  [Callback]LearningRateMonitor.on_train_end                                                                                                                     	|  1.6767e-05     	|  1              	|  1.6767e-05     	|  6.4608e-08     	|
|  [Callback]TQDMProgressBar.on_fit_start                                                                                                                         	|  1.6583e-05     	|  1              	|  1.6583e-05     	|  6.39e-08       	|
|  [LightningModule]Mask_RCNN.on_train_start                                                                                                                      	|  1.6579e-05     	|  1              	|  1.6579e-05     	|  6.3884e-08     	|
|  [LightningModule]Mask_RCNN.configure_sharded_model                                                                                                             	|  1.3763e-05     	|  1              	|  1.3763e-05     	|  5.3033e-08     	|
|  [Callback]TQDMProgressBar.on_fit_end                                                                                                                           	|  1.2569e-05     	|  1              	|  1.2569e-05     	|  4.8433e-08     	|
|  [Callback]ModelCheckpoint{'monitor': None, 'mode': 'min', 'every_n_train_steps': 0, 'every_n_epochs': 1, 'train_time_interval': None}.on_fit_start             	|  1.2032e-05     	|  1              	|  1.2032e-05     	|  4.6364e-08     	|
|  [LightningModule]Mask_RCNN.on_fit_start                                                                                                                        	|  1.0848e-05     	|  1              	|  1.0848e-05     	|  4.1801e-08     	|
|  [LightningDataModule]COCODataModule.prepare_data                                                                                                               	|  9.6112e-06     	|  1              	|  9.6112e-06     	|  3.7035e-08     	|
|  [LightningModule]Mask_RCNN.prepare_data                                                                                                                        	|  8.6278e-06     	|  1              	|  8.6278e-06     	|  3.3245e-08     	|
|  [Callback]COCOEvaluator.on_train_start                                                                                                                         	|  7.8529e-06     	|  1              	|  7.8529e-06     	|  3.026e-08      	|
|  [Callback]ModelCheckpoint{'monitor': None, 'mode': 'min', 'every_n_train_steps': 0, 'every_n_epochs': 1, 'train_time_interval': None}.on_train_start           	|  7.431e-06      	|  1              	|  7.431e-06      	|  2.8634e-08     	|
|  [Callback]LearningRateMonitor.setup                                                                                                                            	|  6.8364e-06     	|  1              	|  6.8364e-06     	|  2.6343e-08     	|
|  [Callback]LearningRateMonitor.on_fit_end                                                                                                                       	|  5.4431e-06     	|  1              	|  5.4431e-06     	|  2.0974e-08     	|
|  [Callback]TQDMProgressBar.teardown                                                                                                                             	|  5.2173e-06     	|  1              	|  5.2173e-06     	|  2.0104e-08     	|
|  [LightningModule]Mask_RCNN.setup                                                                                                                               	|  4.9523e-06     	|  1              	|  4.9523e-06     	|  1.9083e-08     	|
|  [Callback]ModelCheckpoint{'monitor': None, 'mode': 'min', 'every_n_train_steps': 0, 'every_n_epochs': 1, 'train_time_interval': None}.on_fit_end               	|  4.4513e-06     	|  1              	|  4.4513e-06     	|  1.7152e-08     	|
|  [LightningDataModule]COCODataModule.teardown                                                                                                                   	|  4.4401e-06     	|  1              	|  4.4401e-06     	|  1.7109e-08     	|
|  [Callback]LearningRateMonitor.on_fit_start                                                                                                                     	|  3.905e-06      	|  1              	|  3.905e-06      	|  1.5047e-08     	|
|  [Strategy]DDPStrategy.on_train_start                                                                                                                           	|  3.8692e-06     	|  1              	|  3.8692e-06     	|  1.4909e-08     	|
|  [Strategy]DDPStrategy.on_train_end                                                                                                                             	|  3.8561e-06     	|  1              	|  3.8561e-06     	|  1.4859e-08     	|
|  [Callback]ModelCheckpoint{'monitor': None, 'mode': 'min', 'every_n_train_steps': 0, 'every_n_epochs': 1, 'train_time_interval': None}.teardown                 	|  3.8398e-06     	|  1              	|  3.8398e-06     	|  1.4796e-08     	|
|  [Callback]COCOEvaluator.on_train_end                                                                                                                           	|  3.818e-06      	|  1              	|  3.818e-06      	|  1.4712e-08     	|
|  [Callback]ModelCheckpoint{'monitor': None, 'mode': 'min', 'every_n_train_steps': 0, 'every_n_epochs': 1, 'train_time_interval': None}.on_train_end             	|  3.8147e-06     	|  1              	|  3.8147e-06     	|  1.4699e-08     	|
|  [Callback]ModelSummary.on_train_end                                                                                                                            	|  3.8031e-06     	|  1              	|  3.8031e-06     	|  1.4654e-08     	|
|  [Callback]COCOEvaluator.teardown                                                                                                                               	|  3.7788e-06     	|  1              	|  3.7788e-06     	|  1.4561e-08     	|
|  [Callback]COCOEvaluator.setup                                                                                                                                  	|  3.7109e-06     	|  1              	|  3.7109e-06     	|  1.4299e-08     	|
|  [Callback]COCOEvaluator.on_fit_end                                                                                                                             	|  3.539e-06      	|  1              	|  3.539e-06      	|  1.3637e-08     	|
|  [Callback]ModelSummary.on_fit_end                                                                                                                              	|  3.444e-06      	|  1              	|  3.444e-06      	|  1.3271e-08     	|
|  [Callback]ModelSummary.on_train_start                                                                                                                          	|  3.397e-06      	|  1              	|  3.397e-06      	|  1.309e-08      	|
|  [Callback]ModelSummary.setup                                                                                                                                   	|  3.1423e-06     	|  1              	|  3.1423e-06     	|  1.2108e-08     	|
|  [Callback]COCOEvaluator.on_fit_start                                                                                                                           	|  3.0971e-06     	|  1              	|  3.0971e-06     	|  1.1934e-08     	|
|  [LightningModule]Mask_RCNN.on_fit_end                                                                                                                          	|  2.9681e-06     	|  1              	|  2.9681e-06     	|  1.1437e-08     	|
|  [Callback]LearningRateMonitor.teardown                                                                                                                         	|  2.7502e-06     	|  1              	|  2.7502e-06     	|  1.0597e-08     	|
|  [Callback]ModelSummary.teardown                                                                                                                                	|  2.4899e-06     	|  1              	|  2.4899e-06     	|  9.5943e-09     	|
|  [LightningModule]Mask_RCNN.teardown                                                                                                                            	|  2.2249e-06     	|  1              	|  2.2249e-06     	|  8.5733e-09     	|
--------------------------------------------------------------------------------------------------------------------------------------------------------------------------------------------------------------------------------------------------------------------------

wandb: Waiting for W&B process to finish... (success).
wandb: 
wandb: Run history:
wandb:               epoch ▁▁▁▁▂▂▂▂▃▃▃▃▃▃▃▃▄▄▄▄▅▅▅▅▆▆▆▆▆▆▆▆▇▇▇▇████
wandb:      evaluator_time ▅▇█▆▆▅▁▁▂▂
wandb:        loss_box_reg ▄█▇▇▆▆▆▅▄▄▄▃▃▂▃▂▃▃▃▃▃▂▂▃▃▂▂▂▁▂▂▃▂▂▂▂▁▁▂▂
wandb:     loss_classifier ██▇▇▅▅▅▄▃▃▃▃▂▂▂▂▂▃▂▂▂▁▂▂▂▂▂▂▁▁▁▂▁▁▁▁▁▁▁▁
wandb:           loss_mask █▅▄▃▄▃▃▃▂▃▂▂▂▂▂▂▂▂▂▂▂▂▂▂▁▂▂▂▁▂▁▂▁▂▁▁▁▁▁▂
wandb:     loss_objectness █▃▃▂▃▃▃▂▂▂▂▂▂▂▂▂▁▂▁▂▁▁▂▁▂▁▁▂▁▁▁▁▁▁▁▁▁▁▁▁
wandb:    loss_rpn_box_reg █▅▄▃▄▅▅▃▃▃▃▃▄▂▂▂▂▃▂▄▄▂▂▃▄▂▂▂▁▂▂▃▂▂▂▁▂▁▂▃
wandb:             lr-LARS ▃▃▃▃████▇▇▇▇▇▇▇▇▆▆▆▆▄▄▄▄▃▃▃▃▂▂▂▂▂▂▂▂▁▁▁▁
wandb:    lr-LARS-momentum ▁▁▁▁▁▁▁▁▁▁▁▁▁▁▁▁▁▁▁▁▁▁▁▁▁▁▁▁▁▁▁▁▁▁▁▁▁▁▁▁
wandb:         map_50_bbox ▁▅▆▇▇▇████
wandb:         map_50_segm ▁▅▆▇▇█████
wandb:            map_bbox ▁▅▆▆▇▇▇███
wandb:            map_segm ▁▅▆▇▇▇████
wandb:            mar_bbox ▁▅▆▇▇▇████
wandb:            mar_segm ▁▆▇▇▇█████
wandb:          model_time ▃▃▁▃█▆▂▂▂▃
wandb: trainer/global_step ▁▁▁▂▂▂▂▂▂▃▃▃▃▃▄▄▄▄▄▄▅▅▅▅▅▅▆▆▆▆▆▇▇▇▇▇▇███
wandb:       training_loss █▅▃▂▂▂▂▁▁▁
wandb:  training_step_loss █▇▆▆▅▅▄▄▃▃▃▃▃▂▂▂▂▃▂▂▃▂▂▂▂▂▂▂▁▂▁▂▁▁▁▂▁▁▂▂
wandb: 
wandb: Run summary:
wandb:               epoch 9
wandb:      evaluator_time 1.06375
wandb:        loss_box_reg 0.20891
wandb:     loss_classifier 0.17523
wandb:           loss_mask 0.23896
wandb:     loss_objectness 0.03033
wandb:    loss_rpn_box_reg 0.05288
wandb:             lr-LARS 2e-05
wandb:    lr-LARS-momentum 0.9
wandb:         map_50_bbox 0.58488
wandb:         map_50_segm 0.5542
wandb:            map_bbox 0.3766
wandb:            map_segm 0.34006
wandb:            mar_bbox 0.52037
wandb:            mar_segm 0.47416
wandb:          model_time 1.361
wandb: trainer/global_step 9159
wandb:       training_loss 0.71338
wandb:  training_step_loss 0.7063
wandb: 
wandb: 🚀 View run lars-16-cosineannealinglrwarmup-7e-4 at: https://wandb.ai/ilhamsyahids/MaskRCNN/runs/xdns89w6
wandb: Synced 5 W&B file(s), 1 media file(s), 1 artifact file(s) and 0 other file(s)
wandb: Find logs at: /raid/data/m23522033/logs/wandb/run-20230428_123817-xdns89w6/logs
