wandb: Currently logged in as: ilhamsyahids. Use `wandb login --relogin` to force relogin
wandb: - Waiting for wandb.init()...wandb: \ Waiting for wandb.init()...wandb: wandb version 0.15.0 is available!  To upgrade, please run:
wandb:  $ pip install wandb --upgrade
wandb: Tracking run with wandb version 0.14.0
wandb: Run data is saved locally in /raid/data/m23522033/logs/wandb/run-20230421_230105-tblwfhk8
wandb: Run `wandb offline` to turn off syncing.
wandb: Syncing run sgd-16-cosineannealinglrwarmup-iter5
wandb: ⭐️ View project at https://wandb.ai/ilhamsyahids/MaskRCNN
wandb: 🚀 View run at https://wandb.ai/ilhamsyahids/MaskRCNN/runs/tblwfhk8
wandb: logging graph, to disable use `wandb.watch(log_graph=False)`
/home/m23522033/torch-mask-rcnn/.venv/lib/python3.8/site-packages/lightning_fabric/connector.py:562: UserWarning: 16 is supported for historical reasons but its usage is discouraged. Please set your precision to 16-mixed instead!
  rank_zero_warn(
/home/m23522033/torch-mask-rcnn/.venv/lib/python3.8/site-packages/lightning_fabric/plugins/environments/slurm.py:165: PossibleUserWarning: The `srun` command is available on your system but is not used. HINT: If your intention is to run Lightning on SLURM, prepend your python command with `srun` like so: srun python3 train.py --config-file config/gpu/scheduler/gpu-sgd ...
  rank_zero_warn(
Using 16bit Automatic Mixed Precision (AMP)
GPU available: True (cuda), used: True
TPU available: False, using: 0 TPU cores
IPU available: False, using: 0 IPUs
HPU available: False, using: 0 HPUs
/home/m23522033/torch-mask-rcnn/.venv/lib/python3.8/site-packages/lightning_fabric/plugins/environments/slurm.py:165: PossibleUserWarning: The `srun` command is available on your system but is not used. HINT: If your intention is to run Lightning on SLURM, prepend your python command with `srun` like so: srun python3 train.py --config-file config/gpu/scheduler/gpu-sgd ...
  rank_zero_warn(
Initializing distributed: GLOBAL_RANK: 0, MEMBER: 1/8
Initializing distributed: GLOBAL_RANK: 2, MEMBER: 3/8
Initializing distributed: GLOBAL_RANK: 3, MEMBER: 4/8
Initializing distributed: GLOBAL_RANK: 5, MEMBER: 6/8
Initializing distributed: GLOBAL_RANK: 4, MEMBER: 5/8
Initializing distributed: GLOBAL_RANK: 1, MEMBER: 2/8
Initializing distributed: GLOBAL_RANK: 6, MEMBER: 7/8
Initializing distributed: GLOBAL_RANK: 7, MEMBER: 8/8
----------------------------------------------------------------------------------------------------
distributed_backend=nccl
All distributed processes registered. Starting with 8 processes
----------------------------------------------------------------------------------------------------

LOCAL_RANK: 7 - CUDA_VISIBLE_DEVICES: [0,1,2,3,4,5,6,7]
LOCAL_RANK: 6 - CUDA_VISIBLE_DEVICES: [0,1,2,3,4,5,6,7]
LOCAL_RANK: 1 - CUDA_VISIBLE_DEVICES: [0,1,2,3,4,5,6,7]
LOCAL_RANK: 2 - CUDA_VISIBLE_DEVICES: [0,1,2,3,4,5,6,7]
LOCAL_RANK: 0 - CUDA_VISIBLE_DEVICES: [0,1,2,3,4,5,6,7]
LOCAL_RANK: 4 - CUDA_VISIBLE_DEVICES: [0,1,2,3,4,5,6,7]
LOCAL_RANK: 3 - CUDA_VISIBLE_DEVICES: [0,1,2,3,4,5,6,7]
LOCAL_RANK: 5 - CUDA_VISIBLE_DEVICES: [0,1,2,3,4,5,6,7]

  | Name  | Type     | Params
-----------------------------------
0 | model | MaskRCNN | 46.4 M
-----------------------------------
46.1 M    Trainable params
225 K     Non-trainable params
46.4 M    Total params
185.438   Total estimated model params size (MB)
/home/m23522033/torch-mask-rcnn/.venv/lib/python3.8/site-packages/pytorch_lightning/trainer/connectors/logger_connector/result.py:432: PossibleUserWarning: It is recommended to use `self.log('model_time', ..., sync_dist=True)` when logging on epoch level in distributed setting to accumulate the metric across devices.
  warning_cache.warn(
/home/m23522033/torch-mask-rcnn/.venv/lib/python3.8/site-packages/pytorch_lightning/trainer/connectors/logger_connector/result.py:432: PossibleUserWarning: It is recommended to use `self.log('evaluator_time', ..., sync_dist=True)` when logging on epoch level in distributed setting to accumulate the metric across devices.
  warning_cache.warn(
/home/m23522033/torch-mask-rcnn/.venv/lib/python3.8/site-packages/pytorch_lightning/trainer/connectors/logger_connector/result.py:432: PossibleUserWarning: It is recommended to use `self.log('map_bbox', ..., sync_dist=True)` when logging on epoch level in distributed setting to accumulate the metric across devices.
  warning_cache.warn(
/home/m23522033/torch-mask-rcnn/.venv/lib/python3.8/site-packages/pytorch_lightning/trainer/connectors/logger_connector/result.py:432: PossibleUserWarning: It is recommended to use `self.log('map_50_bbox', ..., sync_dist=True)` when logging on epoch level in distributed setting to accumulate the metric across devices.
  warning_cache.warn(
/home/m23522033/torch-mask-rcnn/.venv/lib/python3.8/site-packages/pytorch_lightning/trainer/connectors/logger_connector/result.py:432: PossibleUserWarning: It is recommended to use `self.log('mar_bbox', ..., sync_dist=True)` when logging on epoch level in distributed setting to accumulate the metric across devices.
  warning_cache.warn(
/home/m23522033/torch-mask-rcnn/.venv/lib/python3.8/site-packages/pytorch_lightning/trainer/connectors/logger_connector/result.py:432: PossibleUserWarning: It is recommended to use `self.log('map_segm', ..., sync_dist=True)` when logging on epoch level in distributed setting to accumulate the metric across devices.
  warning_cache.warn(
/home/m23522033/torch-mask-rcnn/.venv/lib/python3.8/site-packages/pytorch_lightning/trainer/connectors/logger_connector/result.py:432: PossibleUserWarning: It is recommended to use `self.log('map_50_segm', ..., sync_dist=True)` when logging on epoch level in distributed setting to accumulate the metric across devices.
  warning_cache.warn(
/home/m23522033/torch-mask-rcnn/.venv/lib/python3.8/site-packages/pytorch_lightning/trainer/connectors/logger_connector/result.py:432: PossibleUserWarning: It is recommended to use `self.log('mar_segm', ..., sync_dist=True)` when logging on epoch level in distributed setting to accumulate the metric across devices.
  warning_cache.warn(
`Trainer.fit` stopped: `max_epochs=10` reached.
FIT Profiler Report

--------------------------------------------------------------------------------------------------------------------------------------------------------------------------------------------------------------------------------------------------------------------------
|  Action                                                                                                                                                         	|  Mean duration (s)	|  Num calls      	|  Total time (s) 	|  Percentage %   	|
--------------------------------------------------------------------------------------------------------------------------------------------------------------------------------------------------------------------------------------------------------------------------
|  Total                                                                                                                                                          	|  -              	|  454437         	|  1.2186e+04     	|  100 %          	|
--------------------------------------------------------------------------------------------------------------------------------------------------------------------------------------------------------------------------------------------------------------------------
|  run_training_epoch                                                                                                                                             	|  1209.8         	|  10             	|  1.2098e+04     	|  99.278         	|
|  run_training_batch                                                                                                                                             	|  1.0741         	|  9160           	|  9838.7         	|  80.738         	|
|  [LightningModule]Mask_RCNN.optimizer_step                                                                                                                      	|  1.074          	|  9160           	|  9837.7         	|  80.731         	|
|  [Strategy]DDPStrategy.training_step                                                                                                                            	|  0.53311        	|  9160           	|  4883.3         	|  40.074         	|
|  [Strategy]DDPStrategy.backward                                                                                                                                 	|  0.19814        	|  9160           	|  1814.9         	|  14.894         	|
|  [Strategy]DDPStrategy.validation_step                                                                                                                          	|  0.60943        	|  790            	|  481.45         	|  3.9509         	|
|  [_TrainingEpochLoop].train_dataloader_next                                                                                                                     	|  0.038348       	|  9160           	|  351.26         	|  2.8825         	|
|  [Callback]COCOEvaluator.on_validation_batch_end                                                                                                                	|  0.42107        	|  790            	|  332.65         	|  2.7298         	|
|  [Callback]COCOEvaluator.on_validation_epoch_end                                                                                                                	|  31.254         	|  10             	|  312.54         	|  2.5648         	|
|  [Strategy]DDPStrategy.batch_to_device                                                                                                                          	|  0.025325       	|  9950           	|  251.98         	|  2.0678         	|
|  [LightningModule]Mask_RCNN.transfer_batch_to_device                                                                                                            	|  0.025166       	|  9950           	|  250.4          	|  2.0548         	|
|  [Callback]COCOEvaluator.on_validation_start                                                                                                                    	|  5.0405         	|  10             	|  50.405         	|  0.41363        	|
|  [Callback]ModelCheckpoint{'monitor': None, 'mode': 'min', 'every_n_train_steps': 0, 'every_n_epochs': 1, 'train_time_interval': None}.on_train_epoch_end       	|  2.4393         	|  10             	|  24.393         	|  0.20018        	|
|  [Callback]COCOEvaluator.on_validation_epoch_start                                                                                                              	|  2.0171         	|  10             	|  20.171         	|  0.16553        	|
|  [LightningDataModule]COCODataModule.setup                                                                                                                      	|  19.836         	|  1              	|  19.836         	|  0.16278        	|
|  [_EvaluationLoop].val_next                                                                                                                                     	|  0.02076        	|  790            	|  16.401         	|  0.13459        	|
|  [LightningModule]Mask_RCNN.on_train_epoch_end                                                                                                                  	|  0.77466        	|  10             	|  7.7466         	|  0.06357        	|
|  [LightningModule]Mask_RCNN.optimizer_zero_grad                                                                                                                 	|  0.0006009      	|  9160           	|  5.5042         	|  0.045169       	|
|  [Callback]LearningRateMonitor.on_train_batch_start                                                                                                             	|  0.000215       	|  9160           	|  1.9694         	|  0.016161       	|
|  [Callback]TQDMProgressBar.on_train_batch_end                                                                                                                   	|  0.00013151     	|  9160           	|  1.2046         	|  0.0098855      	|
|  [LightningModule]Mask_RCNN.configure_gradient_clipping                                                                                                         	|  3.2279e-05     	|  9160           	|  0.29568        	|  0.0024264      	|
|  [Callback]ModelCheckpoint{'monitor': None, 'mode': 'min', 'every_n_train_steps': 0, 'every_n_epochs': 1, 'train_time_interval': None}.on_train_batch_end       	|  2.7966e-05     	|  9160           	|  0.25617        	|  0.0021022      	|
|  [LightningDataModule]COCODataModule.train_dataloader                                                                                                           	|  0.16913        	|  1              	|  0.16913        	|  0.0013879      	|
|  [Callback]TQDMProgressBar.on_train_batch_start                                                                                                                 	|  6.2059e-06     	|  9160           	|  0.056846       	|  0.00046649     	|
|  [Callback]TQDMProgressBar.on_validation_start                                                                                                                  	|  0.0053906      	|  10             	|  0.053906       	|  0.00044236     	|
|  [LightningModule]Mask_RCNN.on_validation_model_eval                                                                                                            	|  0.0053526      	|  10             	|  0.053526       	|  0.00043925     	|
|  [Callback]TQDMProgressBar.on_validation_batch_end                                                                                                              	|  6.7082e-05     	|  790            	|  0.052995       	|  0.00043489     	|
|  [Callback]TQDMProgressBar.on_after_backward                                                                                                                    	|  5.0604e-06     	|  9160           	|  0.046354       	|  0.00038039     	|
|  [LightningModule]Mask_RCNN.on_before_batch_transfer                                                                                                            	|  3.5325e-06     	|  9950           	|  0.035148       	|  0.00028844     	|
|  [Callback]TQDMProgressBar.on_before_zero_grad                                                                                                                  	|  3.7541e-06     	|  9160           	|  0.034388       	|  0.00028219     	|
|  [Callback]TQDMProgressBar.on_before_optimizer_step                                                                                                             	|  3.53e-06       	|  9160           	|  0.032334       	|  0.00026534     	|
|  [LightningModule]Mask_RCNN.on_after_batch_transfer                                                                                                             	|  3.239e-06      	|  9950           	|  0.032228       	|  0.00026447     	|
|  [Callback]TQDMProgressBar.on_before_backward                                                                                                                   	|  3.1269e-06     	|  9160           	|  0.028642       	|  0.00023504     	|
|  [Callback]TQDMProgressBar.on_validation_batch_start                                                                                                            	|  3.0014e-05     	|  790            	|  0.023711       	|  0.00019458     	|
|  [LightningModule]Mask_RCNN.on_train_batch_start                                                                                                                	|  2.2117e-06     	|  9160           	|  0.020259       	|  0.00016625     	|
|  [Callback]LearningRateMonitor.on_train_batch_end                                                                                                               	|  2.2064e-06     	|  9160           	|  0.020211       	|  0.00016585     	|
|  [LightningModule]Mask_RCNN.on_after_backward                                                                                                                   	|  2.083e-06      	|  9160           	|  0.019081       	|  0.00015658     	|
|  [LightningModule]Mask_RCNN.on_before_zero_grad                                                                                                                 	|  1.8859e-06     	|  9160           	|  0.017274       	|  0.00014176     	|
|  [LightningModule]Mask_RCNN.on_before_optimizer_step                                                                                                            	|  1.839e-06      	|  9160           	|  0.016846       	|  0.00013824     	|
|  [Callback]LearningRateMonitor.on_after_backward                                                                                                                	|  1.6819e-06     	|  9160           	|  0.015406       	|  0.00012643     	|
|  [Callback]COCOEvaluator.on_train_batch_start                                                                                                                   	|  1.6704e-06     	|  9160           	|  0.015301       	|  0.00012556     	|
|  [LightningModule]Mask_RCNN.on_train_batch_end                                                                                                                  	|  1.6478e-06     	|  9160           	|  0.015094       	|  0.00012387     	|
|  [LightningModule]Mask_RCNN.on_before_backward                                                                                                                  	|  1.6332e-06     	|  9160           	|  0.01496        	|  0.00012276     	|
|  [Callback]ModelCheckpoint{'monitor': None, 'mode': 'min', 'every_n_train_steps': 0, 'every_n_epochs': 1, 'train_time_interval': None}.on_train_batch_start     	|  1.6176e-06     	|  9160           	|  0.014817       	|  0.00012159     	|
|  [Callback]LearningRateMonitor.on_before_optimizer_step                                                                                                         	|  1.5429e-06     	|  9160           	|  0.014133       	|  0.00011598     	|
|  [Callback]LearningRateMonitor.on_before_zero_grad                                                                                                              	|  1.4904e-06     	|  9160           	|  0.013652       	|  0.00011203     	|
|  [Callback]ModelCheckpoint{'monitor': None, 'mode': 'min', 'every_n_train_steps': 0, 'every_n_epochs': 1, 'train_time_interval': None}.on_after_backward        	|  1.487e-06      	|  9160           	|  0.013621       	|  0.00011177     	|
|  [Callback]LearningRateMonitor.on_before_backward                                                                                                               	|  1.4354e-06     	|  9160           	|  0.013149       	|  0.0001079      	|
|  [Callback]TQDMProgressBar.on_validation_end                                                                                                                    	|  0.0012989      	|  10             	|  0.012989       	|  0.00010659     	|
|  [Callback]ModelSummary.on_train_batch_start                                                                                                                    	|  1.3427e-06     	|  9160           	|  0.0123         	|  0.00010093     	|
|  [Callback]ModelCheckpoint{'monitor': None, 'mode': 'min', 'every_n_train_steps': 0, 'every_n_epochs': 1, 'train_time_interval': None}.on_before_optimizer_step 	|  1.3336e-06     	|  9160           	|  0.012215       	|  0.00010024     	|
|  [Callback]ModelCheckpoint{'monitor': None, 'mode': 'min', 'every_n_train_steps': 0, 'every_n_epochs': 1, 'train_time_interval': None}.on_before_zero_grad      	|  1.3315e-06     	|  9160           	|  0.012197       	|  0.00010009     	|
|  [Callback]COCOEvaluator.on_after_backward                                                                                                                      	|  1.2881e-06     	|  9160           	|  0.011799       	|  9.6822e-05     	|
|  [Callback]COCOEvaluator.on_train_batch_end                                                                                                                     	|  1.2788e-06     	|  9160           	|  0.011714       	|  9.6124e-05     	|
|  [Callback]ModelCheckpoint{'monitor': None, 'mode': 'min', 'every_n_train_steps': 0, 'every_n_epochs': 1, 'train_time_interval': None}.on_before_backward       	|  1.2624e-06     	|  9160           	|  0.011563       	|  9.4892e-05     	|
|  [Callback]COCOEvaluator.on_before_optimizer_step                                                                                                               	|  1.2564e-06     	|  9160           	|  0.011508       	|  9.444e-05      	|
|  [LightningModule]Mask_RCNN.on_validation_model_train                                                                                                           	|  0.0011317      	|  10             	|  0.011317       	|  9.2871e-05     	|
|  [Strategy]DDPStrategy.on_train_batch_start                                                                                                                     	|  1.2177e-06     	|  9160           	|  0.011154       	|  9.1533e-05     	|
|  [Callback]ModelSummary.on_after_backward                                                                                                                       	|  1.2088e-06     	|  9160           	|  0.011072       	|  9.0861e-05     	|
|  [Callback]COCOEvaluator.on_before_zero_grad                                                                                                                    	|  1.1941e-06     	|  9160           	|  0.010938       	|  8.9763e-05     	|
|  [Callback]ModelSummary.on_train_batch_end                                                                                                                      	|  1.1831e-06     	|  9160           	|  0.010837       	|  8.8931e-05     	|
|  [Callback]ModelSummary.on_before_optimizer_step                                                                                                                	|  1.1805e-06     	|  9160           	|  0.010813       	|  8.8735e-05     	|
|  [Callback]COCOEvaluator.on_before_backward                                                                                                                     	|  1.1513e-06     	|  9160           	|  0.010546       	|  8.6543e-05     	|
|  [Callback]ModelSummary.on_before_zero_grad                                                                                                                     	|  1.149e-06      	|  9160           	|  0.010525       	|  8.6369e-05     	|
|  [Callback]ModelSummary.on_before_backward                                                                                                                      	|  1.1005e-06     	|  9160           	|  0.01008        	|  8.2722e-05     	|
|  [Callback]TQDMProgressBar.on_train_epoch_start                                                                                                                 	|  0.00091206     	|  10             	|  0.0091206      	|  7.4846e-05     	|
|  [Callback]ModelSummary.on_fit_start                                                                                                                            	|  0.006727       	|  1              	|  0.006727       	|  5.5203e-05     	|
|  [Callback]ModelSummary.on_validation_batch_end                                                                                                                 	|  7.2182e-06     	|  790            	|  0.0057024      	|  4.6795e-05     	|
|  [Callback]TQDMProgressBar.on_train_epoch_end                                                                                                                   	|  0.00041198     	|  10             	|  0.0041198      	|  3.3808e-05     	|
|  [LightningModule]Mask_RCNN.on_validation_batch_end                                                                                                             	|  3.1732e-06     	|  790            	|  0.0025068      	|  2.0572e-05     	|
|  [Callback]LearningRateMonitor.on_validation_batch_end                                                                                                          	|  3.0774e-06     	|  790            	|  0.0024312      	|  1.9951e-05     	|
|  [Callback]LearningRateMonitor.on_validation_batch_start                                                                                                        	|  2.3227e-06     	|  790            	|  0.0018349      	|  1.5058e-05     	|
|  [Callback]ModelCheckpoint{'monitor': None, 'mode': 'min', 'every_n_train_steps': 0, 'every_n_epochs': 1, 'train_time_interval': None}.on_validation_batch_end  	|  2.0275e-06     	|  790            	|  0.0016017      	|  1.3144e-05     	|
|  [Callback]TQDMProgressBar.on_train_start                                                                                                                       	|  0.0015421      	|  1              	|  0.0015421      	|  1.2655e-05     	|
|  [Callback]ModelCheckpoint{'monitor': None, 'mode': 'min', 'every_n_train_steps': 0, 'every_n_epochs': 1, 'train_time_interval': None}.setup                    	|  0.0013763      	|  1              	|  0.0013763      	|  1.1294e-05     	|
|  [Callback]ModelCheckpoint{'monitor': None, 'mode': 'min', 'every_n_train_steps': 0, 'every_n_epochs': 1, 'train_time_interval': None}.on_validation_batch_start	|  1.6616e-06     	|  790            	|  0.0013126      	|  1.0772e-05     	|
|  [LightningModule]Mask_RCNN.on_validation_batch_start                                                                                                           	|  1.6103e-06     	|  790            	|  0.0012722      	|  1.044e-05      	|
|  [LightningModule]Mask_RCNN.lr_scheduler_step                                                                                                                   	|  0.00012497     	|  10             	|  0.0012497      	|  1.0256e-05     	|
|  [Callback]COCOEvaluator.on_validation_batch_start                                                                                                              	|  1.5388e-06     	|  790            	|  0.0012156      	|  9.9757e-06     	|
|  [Callback]ModelSummary.on_validation_batch_start                                                                                                               	|  1.3e-06        	|  790            	|  0.001027       	|  8.4276e-06     	|
|  [LightningDataModule]COCODataModule.val_dataloader                                                                                                             	|  0.00095933     	|  1              	|  0.00095933     	|  7.8725e-06     	|
|  [LightningModule]Mask_RCNN.configure_optimizers                                                                                                                	|  0.00085182     	|  1              	|  0.00085182     	|  6.9902e-06     	|
|  [Callback]ModelCheckpoint{'monitor': None, 'mode': 'min', 'every_n_train_steps': 0, 'every_n_epochs': 1, 'train_time_interval': None}.on_validation_end        	|  6.424e-05      	|  10             	|  0.0006424      	|  5.2717e-06     	|
|  [Callback]TQDMProgressBar.on_train_end                                                                                                                         	|  0.00059349     	|  1              	|  0.00059349     	|  4.8703e-06     	|
|  [Callback]ModelSummary.on_validation_start                                                                                                                     	|  5.8754e-05     	|  10             	|  0.00058754     	|  4.8214e-06     	|
|  [LightningModule]Mask_RCNN.on_validation_epoch_start                                                                                                           	|  5.1143e-05     	|  10             	|  0.00051143     	|  4.1969e-06     	|
|  [Callback]ModelSummary.on_validation_epoch_start                                                                                                               	|  2.2879e-05     	|  10             	|  0.00022879     	|  1.8775e-06     	|
|  [Callback]LearningRateMonitor.on_train_start                                                                                                                   	|  0.00020041     	|  1              	|  0.00020041     	|  1.6446e-06     	|
|  [Callback]LearningRateMonitor.on_validation_start                                                                                                              	|  1.9575e-05     	|  10             	|  0.00019575     	|  1.6064e-06     	|
|  [Callback]LearningRateMonitor.on_train_epoch_start                                                                                                             	|  1.6223e-05     	|  10             	|  0.00016223     	|  1.3313e-06     	|
|  [LightningModule]Mask_RCNN.on_train_epoch_start                                                                                                                	|  1.497e-05      	|  10             	|  0.0001497      	|  1.2285e-06     	|
|  [LightningModule]Mask_RCNN.on_train_end                                                                                                                        	|  0.00014132     	|  1              	|  0.00014132     	|  1.1597e-06     	|
|  [LightningModule]Mask_RCNN.on_validation_start                                                                                                                 	|  1.1769e-05     	|  10             	|  0.00011769     	|  9.6578e-07     	|
|  [LightningDataModule]COCODataModule.state_dict                                                                                                                 	|  9.0777e-06     	|  10             	|  9.0777e-05     	|  7.4494e-07     	|
|  [Callback]ModelSummary.on_validation_epoch_end                                                                                                                 	|  8.8213e-06     	|  10             	|  8.8213e-05     	|  7.239e-07      	|
|  [Callback]TQDMProgressBar.on_validation_epoch_end                                                                                                              	|  5.8116e-06     	|  10             	|  5.8116e-05     	|  4.7691e-07     	|
|  [Callback]LearningRateMonitor.on_train_epoch_end                                                                                                               	|  5.3102e-06     	|  10             	|  5.3102e-05     	|  4.3576e-07     	|
|  [Strategy]DDPStrategy.on_validation_start                                                                                                                      	|  4.8215e-06     	|  10             	|  4.8215e-05     	|  3.9566e-07     	|
|  [Callback]LearningRateMonitor.on_validation_end                                                                                                                	|  4.6281e-06     	|  10             	|  4.6281e-05     	|  3.7979e-07     	|
|  [Callback]COCOEvaluator.on_train_epoch_start                                                                                                                   	|  4.4964e-06     	|  10             	|  4.4964e-05     	|  3.6899e-07     	|
|  [Callback]TQDMProgressBar.on_save_checkpoint                                                                                                                   	|  4.4416e-06     	|  10             	|  4.4416e-05     	|  3.6449e-07     	|
|  [Callback]ModelCheckpoint{'monitor': None, 'mode': 'min', 'every_n_train_steps': 0, 'every_n_epochs': 1, 'train_time_interval': None}.on_validation_start      	|  4.312e-06      	|  10             	|  4.312e-05      	|  3.5385e-07     	|
|  [LightningModule]Mask_RCNN.on_validation_epoch_end                                                                                                             	|  2.8536e-06     	|  10             	|  2.8536e-05     	|  2.3418e-07     	|
|  [LightningModule]Mask_RCNN.on_validation_end                                                                                                                   	|  2.7021e-06     	|  10             	|  2.7021e-05     	|  2.2174e-07     	|
|  [Callback]TQDMProgressBar.on_validation_epoch_start                                                                                                            	|  2.6352e-06     	|  10             	|  2.6352e-05     	|  2.1625e-07     	|
|  [Strategy]DDPStrategy.on_train_start                                                                                                                           	|  2.4644e-05     	|  1              	|  2.4644e-05     	|  2.0223e-07     	|
|  [Callback]LearningRateMonitor.on_save_checkpoint                                                                                                               	|  2.2957e-06     	|  10             	|  2.2957e-05     	|  1.8839e-07     	|
|  [Callback]ModelSummary.on_train_epoch_start                                                                                                                    	|  2.1364e-06     	|  10             	|  2.1364e-05     	|  1.7532e-07     	|
|  [Callback]ModelCheckpoint{'monitor': None, 'mode': 'min', 'every_n_train_steps': 0, 'every_n_epochs': 1, 'train_time_interval': None}.on_validation_epoch_start	|  2.0984e-06     	|  10             	|  2.0984e-05     	|  1.722e-07      	|
|  [Callback]ModelCheckpoint{'monitor': None, 'mode': 'min', 'every_n_train_steps': 0, 'every_n_epochs': 1, 'train_time_interval': None}.on_validation_epoch_end  	|  1.999e-06      	|  10             	|  1.999e-05      	|  1.6404e-07     	|
|  [Callback]ModelCheckpoint{'monitor': None, 'mode': 'min', 'every_n_train_steps': 0, 'every_n_epochs': 1, 'train_time_interval': None}.on_train_epoch_start     	|  1.9849e-06     	|  10             	|  1.9849e-05     	|  1.6289e-07     	|
|  [Strategy]DDPStrategy.on_validation_end                                                                                                                        	|  1.934e-06      	|  10             	|  1.934e-05      	|  1.5871e-07     	|
|  [Callback]ModelCheckpoint{'monitor': None, 'mode': 'min', 'every_n_train_steps': 0, 'every_n_epochs': 1, 'train_time_interval': None}.on_save_checkpoint       	|  1.8113e-06     	|  10             	|  1.8113e-05     	|  1.4864e-07     	|
|  [LightningModule]Mask_RCNN.on_train_start                                                                                                                      	|  1.8022e-05     	|  1              	|  1.8022e-05     	|  1.4789e-07     	|
|  [Callback]LearningRateMonitor.on_validation_epoch_end                                                                                                          	|  1.7745e-06     	|  10             	|  1.7745e-05     	|  1.4562e-07     	|
|  [Callback]TQDMProgressBar.setup                                                                                                                                	|  1.7477e-05     	|  1              	|  1.7477e-05     	|  1.4342e-07     	|
|  [Callback]COCOEvaluator.on_save_checkpoint                                                                                                                     	|  1.697e-06      	|  10             	|  1.697e-05      	|  1.3926e-07     	|
|  [Callback]COCOEvaluator.on_validation_end                                                                                                                      	|  1.5216e-06     	|  10             	|  1.5216e-05     	|  1.2487e-07     	|
|  [Callback]ModelSummary.on_validation_end                                                                                                                       	|  1.5108e-06     	|  10             	|  1.5108e-05     	|  1.2398e-07     	|
|  [Callback]ModelSummary.on_save_checkpoint                                                                                                                      	|  1.4948e-06     	|  10             	|  1.4948e-05     	|  1.2266e-07     	|
|  [Callback]LearningRateMonitor.on_validation_epoch_start                                                                                                        	|  1.3771e-06     	|  10             	|  1.3771e-05     	|  1.1301e-07     	|
|  [Callback]ModelSummary.on_train_epoch_end                                                                                                                      	|  1.3249e-06     	|  10             	|  1.3249e-05     	|  1.0872e-07     	|
|  [Callback]COCOEvaluator.on_train_epoch_end                                                                                                                     	|  1.2759e-06     	|  10             	|  1.2759e-05     	|  1.047e-07      	|
|  [LightningModule]Mask_RCNN.on_save_checkpoint                                                                                                                  	|  1.1856e-06     	|  10             	|  1.1856e-05     	|  9.7293e-08     	|
|  [LightningModule]Mask_RCNN.configure_callbacks                                                                                                                 	|  7.9519e-06     	|  1              	|  7.9519e-06     	|  6.5255e-08     	|
|  [LightningDataModule]COCODataModule.prepare_data                                                                                                               	|  6.181e-06      	|  1              	|  6.181e-06      	|  5.0722e-08     	|
|  [Callback]ModelCheckpoint{'monitor': None, 'mode': 'min', 'every_n_train_steps': 0, 'every_n_epochs': 1, 'train_time_interval': None}.on_train_start           	|  5.9931e-06     	|  1              	|  5.9931e-06     	|  4.918e-08      	|
|  [LightningModule]Mask_RCNN.on_fit_start                                                                                                                        	|  5.183e-06      	|  1              	|  5.183e-06      	|  4.2533e-08     	|
|  [Callback]COCOEvaluator.on_train_start                                                                                                                         	|  4.611e-06      	|  1              	|  4.611e-06      	|  3.7839e-08     	|
|  [Callback]TQDMProgressBar.on_fit_end                                                                                                                           	|  4.3069e-06     	|  1              	|  4.3069e-06     	|  3.5343e-08     	|
|  [Callback]LearningRateMonitor.on_train_end                                                                                                                     	|  4.166e-06      	|  1              	|  4.166e-06      	|  3.4187e-08     	|
|  [LightningModule]Mask_RCNN.configure_sharded_model                                                                                                             	|  3.889e-06      	|  1              	|  3.889e-06      	|  3.1914e-08     	|
|  [Callback]TQDMProgressBar.on_fit_start                                                                                                                         	|  3.5381e-06     	|  1              	|  3.5381e-06     	|  2.9034e-08     	|
|  [Callback]ModelCheckpoint{'monitor': None, 'mode': 'min', 'every_n_train_steps': 0, 'every_n_epochs': 1, 'train_time_interval': None}.on_fit_start             	|  3.485e-06      	|  1              	|  3.485e-06      	|  2.8599e-08     	|
|  [LightningModule]Mask_RCNN.prepare_data                                                                                                                        	|  3.475e-06      	|  1              	|  3.475e-06      	|  2.8517e-08     	|
|  [Callback]LearningRateMonitor.setup                                                                                                                            	|  2.821e-06      	|  1              	|  2.821e-06      	|  2.315e-08      	|
|  [LightningModule]Mask_RCNN.setup                                                                                                                               	|  2.6461e-06     	|  1              	|  2.6461e-06     	|  2.1715e-08     	|
|  [Strategy]DDPStrategy.on_train_end                                                                                                                             	|  2.037e-06      	|  1              	|  2.037e-06      	|  1.6716e-08     	|
|  [Callback]TQDMProgressBar.teardown                                                                                                                             	|  1.9639e-06     	|  1              	|  1.9639e-06     	|  1.6116e-08     	|
|  [Callback]COCOEvaluator.on_train_end                                                                                                                           	|  1.811e-06      	|  1              	|  1.811e-06      	|  1.4861e-08     	|
|  [LightningDataModule]COCODataModule.teardown                                                                                                                   	|  1.6359e-06     	|  1              	|  1.6359e-06     	|  1.3424e-08     	|
|  [Callback]LearningRateMonitor.on_fit_end                                                                                                                       	|  1.5921e-06     	|  1              	|  1.5921e-06     	|  1.3065e-08     	|
|  [Callback]ModelSummary.on_train_end                                                                                                                            	|  1.59e-06       	|  1              	|  1.59e-06       	|  1.3048e-08     	|
|  [Callback]ModelSummary.on_train_start                                                                                                                          	|  1.5639e-06     	|  1              	|  1.5639e-06     	|  1.2834e-08     	|
|  [Callback]ModelCheckpoint{'monitor': None, 'mode': 'min', 'every_n_train_steps': 0, 'every_n_epochs': 1, 'train_time_interval': None}.on_train_end             	|  1.5071e-06     	|  1              	|  1.5071e-06     	|  1.2368e-08     	|
|  [LightningModule]Mask_RCNN.on_fit_end                                                                                                                          	|  1.4689e-06     	|  1              	|  1.4689e-06     	|  1.2054e-08     	|
|  [Callback]LearningRateMonitor.on_fit_start                                                                                                                     	|  1.4561e-06     	|  1              	|  1.4561e-06     	|  1.1949e-08     	|
|  [Callback]COCOEvaluator.setup                                                                                                                                  	|  1.343e-06      	|  1              	|  1.343e-06      	|  1.1021e-08     	|
|  [Callback]ModelCheckpoint{'monitor': None, 'mode': 'min', 'every_n_train_steps': 0, 'every_n_epochs': 1, 'train_time_interval': None}.teardown                 	|  1.2829e-06     	|  1              	|  1.2829e-06     	|  1.0528e-08     	|
|  [Callback]ModelCheckpoint{'monitor': None, 'mode': 'min', 'every_n_train_steps': 0, 'every_n_epochs': 1, 'train_time_interval': None}.on_fit_end               	|  1.2761e-06     	|  1              	|  1.2761e-06     	|  1.0472e-08     	|
|  [Callback]LearningRateMonitor.teardown                                                                                                                         	|  1.272e-06      	|  1              	|  1.272e-06      	|  1.0438e-08     	|
|  [Callback]COCOEvaluator.on_fit_start                                                                                                                           	|  1.221e-06      	|  1              	|  1.221e-06      	|  1.002e-08      	|
|  [Callback]ModelSummary.on_fit_end                                                                                                                              	|  1.1949e-06     	|  1              	|  1.1949e-06     	|  9.8055e-09     	|
|  [Callback]COCOEvaluator.on_fit_end                                                                                                                             	|  1.18e-06       	|  1              	|  1.18e-06       	|  9.6832e-09     	|
|  [Callback]ModelSummary.setup                                                                                                                                   	|  1.152e-06      	|  1              	|  1.152e-06      	|  9.454e-09      	|
|  [Callback]COCOEvaluator.teardown                                                                                                                               	|  1.1439e-06     	|  1              	|  1.1439e-06     	|  9.3871e-09     	|
|  [Callback]ModelSummary.teardown                                                                                                                                	|  1.129e-06      	|  1              	|  1.129e-06      	|  9.2648e-09     	|
|  [LightningModule]Mask_RCNN.teardown                                                                                                                            	|  8.2399e-07     	|  1              	|  8.2399e-07     	|  6.7618e-09     	|
--------------------------------------------------------------------------------------------------------------------------------------------------------------------------------------------------------------------------------------------------------------------------

wandb: Waiting for W&B process to finish... (success).
wandb: 
wandb: Run history:
wandb:               epoch ▁▁▁▁▂▂▂▂▃▃▃▃▃▃▃▃▄▄▄▄▅▅▅▅▆▆▆▆▆▆▆▆▇▇▇▇████
wandb:      evaluator_time ▃▂██▇▄▅▃▃▁
wandb:        loss_box_reg ▂▄▅▆▆▇█▆▄▅▅▃▄▃▂▃▃▄▃▄▅▂▃▄▄▄▃▃▁▄▂▄▃▃▃▄▁▁▄▃
wandb:     loss_classifier ██▇█▆▆▅▃▃▃▄▂▂▂▂▂▂▃▂▂▃▁▂▂▃▂▂▂▁▂▁▃▂▂▂▂▁▁▂▂
wandb:           loss_mask █▆▅▅▄▃▃▃▂▂▂▂▂▂▂▁▂▂▂▂▂▂▂▂▂▂▂▂▂▂▁▂▁▂▁▂▁▁▁▁
wandb:     loss_objectness █▄▃▃▃▃▂▂▂▂▂▂▁▁▁▂▁▁▁▂▁▁▁▁▂▁▁▂▁▂▁▂▁▂▁▂▁▁▁▁
wandb:    loss_rpn_box_reg █▇▅▄▄▅▅▃▃▃▃▃▄▂▂▂▂▃▂▄▅▂▃▄▄▃▂▃▂▃▂▄▃▂▂▂▂▁▃▃
wandb:              lr-SGD ▄▄▄▄████▆▆▆▆▄▄▄▄▂▂▂▂▁▁▁▁▂▂▂▂▄▄▄▄▆▆▆▆████
wandb:     lr-SGD-momentum ▁▁▁▁▁▁▁▁▁▁▁▁▁▁▁▁▁▁▁▁▁▁▁▁▁▁▁▁▁▁▁▁▁▁▁▁▁▁▁▁
wandb:         map_50_bbox ▁▆▇▇▇▇▇███
wandb:         map_50_segm ▁▆▇▇▇▇▇███
wandb:            map_bbox ▁▅▆▇▇▇▇▇██
wandb:            map_segm ▁▅▆▇▇▇▇▇██
wandb:            mar_bbox ▁▆▇▇▇▇▇▇██
wandb:            mar_segm ▁▆▇▇▇▇▇▇██
wandb:          model_time ▆▃██▅▄▇▂▂▁
wandb: trainer/global_step ▁▁▁▂▂▂▂▂▂▃▃▃▃▃▄▄▄▄▄▄▅▅▅▅▅▅▆▆▆▆▆▇▇▇▇▇▇███
wandb:       training_loss █▄▂▂▂▂▂▁▁▁
wandb:  training_step_loss █▇▆▆▅▅▅▃▃▃▃▂▂▂▂▂▂▂▂▂▃▂▂▂▃▂▂▂▁▂▁▃▂▂▂▂▁▁▂▂
wandb: 
wandb: Run summary:
wandb:               epoch 9
wandb:      evaluator_time 0.36322
wandb:        loss_box_reg 0.27159
wandb:     loss_classifier 0.24899
wandb:           loss_mask 0.30889
wandb:     loss_objectness 0.05685
wandb:    loss_rpn_box_reg 0.06379
wandb:              lr-SGD 0.01809
wandb:     lr-SGD-momentum 0.9
wandb:         map_50_bbox 0.50711
wandb:         map_50_segm 0.46974
wandb:            map_bbox 0.28963
wandb:            map_segm 0.26459
wandb:            mar_bbox 0.44303
wandb:            mar_segm 0.40113
wandb:          model_time 0.56058
wandb: trainer/global_step 9159
wandb:       training_loss 0.96695
wandb:  training_step_loss 0.95011
wandb: 
wandb: 🚀 View run sgd-16-cosineannealinglrwarmup-iter5 at: https://wandb.ai/ilhamsyahids/MaskRCNN/runs/tblwfhk8
wandb: Synced 5 W&B file(s), 1 media file(s), 1 artifact file(s) and 0 other file(s)
wandb: Find logs at: /raid/data/m23522033/logs/wandb/run-20230421_230105-tblwfhk8/logs
