wandb: Currently logged in as: ilhamsyahids. Use `wandb login --relogin` to force relogin
wandb: - Waiting for wandb.init()...wandb: \ Waiting for wandb.init()...wandb: wandb version 0.15.2 is available!  To upgrade, please run:
wandb:  $ pip install wandb --upgrade
wandb: Tracking run with wandb version 0.14.0
wandb: Run data is saved locally in /raid/data/m23522033/logs/wandb/run-20230514_180501-i6ec65lg
wandb: Run `wandb offline` to turn off syncing.
wandb: Syncing run lars-16-cosineannealinglrwarmuprestarts-gamma0.5-3e-4
wandb: ⭐️ View project at https://wandb.ai/ilhamsyahids/MaskRCNN
wandb: 🚀 View run at https://wandb.ai/ilhamsyahids/MaskRCNN/runs/i6ec65lg
wandb: logging graph, to disable use `wandb.watch(log_graph=False)`
/raid/data/m23522033/torch-mask-rcnn/.venv/lib/python3.8/site-packages/lightning_fabric/connector.py:562: UserWarning: 16 is supported for historical reasons but its usage is discouraged. Please set your precision to 16-mixed instead!
  rank_zero_warn(
/raid/data/m23522033/torch-mask-rcnn/.venv/lib/python3.8/site-packages/lightning_fabric/plugins/environments/slurm.py:165: PossibleUserWarning: The `srun` command is available on your system but is not used. HINT: If your intention is to run Lightning on SLURM, prepend your python command with `srun` like so: srun python3 train.py --config-file new/gpu-lars-cosineannealing ...
  rank_zero_warn(
Using 16bit Automatic Mixed Precision (AMP)
GPU available: True (cuda), used: True
TPU available: False, using: 0 TPU cores
IPU available: False, using: 0 IPUs
HPU available: False, using: 0 HPUs
/raid/data/m23522033/torch-mask-rcnn/.venv/lib/python3.8/site-packages/lightning_fabric/plugins/environments/slurm.py:165: PossibleUserWarning: The `srun` command is available on your system but is not used. HINT: If your intention is to run Lightning on SLURM, prepend your python command with `srun` like so: srun python3 train.py --config-file new/gpu-lars-cosineannealing ...
  rank_zero_warn(
Initializing distributed: GLOBAL_RANK: 0, MEMBER: 1/8
Initializing distributed: GLOBAL_RANK: 6, MEMBER: 7/8
Initializing distributed: GLOBAL_RANK: 7, MEMBER: 8/8
Initializing distributed: GLOBAL_RANK: 1, MEMBER: 2/8
Initializing distributed: GLOBAL_RANK: 4, MEMBER: 5/8
Initializing distributed: GLOBAL_RANK: 3, MEMBER: 4/8
Initializing distributed: GLOBAL_RANK: 2, MEMBER: 3/8
Initializing distributed: GLOBAL_RANK: 5, MEMBER: 6/8
----------------------------------------------------------------------------------------------------
distributed_backend=nccl
All distributed processes registered. Starting with 8 processes
----------------------------------------------------------------------------------------------------

LOCAL_RANK: 2 - CUDA_VISIBLE_DEVICES: [0,1,2,3,4,5,6,7]
LOCAL_RANK: 4 - CUDA_VISIBLE_DEVICES: [0,1,2,3,4,5,6,7]
LOCAL_RANK: 6 - CUDA_VISIBLE_DEVICES: [0,1,2,3,4,5,6,7]
LOCAL_RANK: 1 - CUDA_VISIBLE_DEVICES: [0,1,2,3,4,5,6,7]
LOCAL_RANK: 7 - CUDA_VISIBLE_DEVICES: [0,1,2,3,4,5,6,7]
LOCAL_RANK: 5 - CUDA_VISIBLE_DEVICES: [0,1,2,3,4,5,6,7]
LOCAL_RANK: 3 - CUDA_VISIBLE_DEVICES: [0,1,2,3,4,5,6,7]
LOCAL_RANK: 0 - CUDA_VISIBLE_DEVICES: [0,1,2,3,4,5,6,7]

  | Name  | Type     | Params
-----------------------------------
0 | model | MaskRCNN | 46.4 M
-----------------------------------
46.1 M    Trainable params
225 K     Non-trainable params
46.4 M    Total params
185.438   Total estimated model params size (MB)
/raid/data/m23522033/torch-mask-rcnn/.venv/lib/python3.8/site-packages/pytorch_lightning/trainer/connectors/logger_connector/result.py:212: UserWarning: You called `self.log('local_lr/rpn.head.conv.0.0.bias', ...)` in your `on_before_optimizer_step` but the value needs to be floating point. Converting it to torch.float32.
  warning_cache.warn(
/raid/data/m23522033/torch-mask-rcnn/.venv/lib/python3.8/site-packages/pytorch_lightning/trainer/connectors/logger_connector/result.py:212: UserWarning: You called `self.log('local_lr/rpn.head.conv.1.0.bias', ...)` in your `on_before_optimizer_step` but the value needs to be floating point. Converting it to torch.float32.
  warning_cache.warn(
/raid/data/m23522033/torch-mask-rcnn/.venv/lib/python3.8/site-packages/pytorch_lightning/trainer/connectors/logger_connector/result.py:212: UserWarning: You called `self.log('local_lr/rpn.head.cls_logits.bias', ...)` in your `on_before_optimizer_step` but the value needs to be floating point. Converting it to torch.float32.
  warning_cache.warn(
/raid/data/m23522033/torch-mask-rcnn/.venv/lib/python3.8/site-packages/pytorch_lightning/trainer/connectors/logger_connector/result.py:212: UserWarning: You called `self.log('local_lr/rpn.head.bbox_pred.bias', ...)` in your `on_before_optimizer_step` but the value needs to be floating point. Converting it to torch.float32.
  warning_cache.warn(
/raid/data/m23522033/torch-mask-rcnn/.venv/lib/python3.8/site-packages/pytorch_lightning/trainer/connectors/logger_connector/result.py:212: UserWarning: You called `self.log('local_lr/roi_heads.box_head.0.1.bias', ...)` in your `on_before_optimizer_step` but the value needs to be floating point. Converting it to torch.float32.
  warning_cache.warn(
/raid/data/m23522033/torch-mask-rcnn/.venv/lib/python3.8/site-packages/pytorch_lightning/trainer/connectors/logger_connector/result.py:212: UserWarning: You called `self.log('local_lr/roi_heads.box_head.1.1.bias', ...)` in your `on_before_optimizer_step` but the value needs to be floating point. Converting it to torch.float32.
  warning_cache.warn(
/raid/data/m23522033/torch-mask-rcnn/.venv/lib/python3.8/site-packages/pytorch_lightning/trainer/connectors/logger_connector/result.py:212: UserWarning: You called `self.log('local_lr/roi_heads.box_head.2.1.bias', ...)` in your `on_before_optimizer_step` but the value needs to be floating point. Converting it to torch.float32.
  warning_cache.warn(
/raid/data/m23522033/torch-mask-rcnn/.venv/lib/python3.8/site-packages/pytorch_lightning/trainer/connectors/logger_connector/result.py:212: UserWarning: You called `self.log('local_lr/roi_heads.box_head.3.1.bias', ...)` in your `on_before_optimizer_step` but the value needs to be floating point. Converting it to torch.float32.
  warning_cache.warn(
/raid/data/m23522033/torch-mask-rcnn/.venv/lib/python3.8/site-packages/pytorch_lightning/trainer/connectors/logger_connector/result.py:212: UserWarning: You called `self.log('local_lr/roi_heads.mask_head.0.1.bias', ...)` in your `on_before_optimizer_step` but the value needs to be floating point. Converting it to torch.float32.
  warning_cache.warn(
/raid/data/m23522033/torch-mask-rcnn/.venv/lib/python3.8/site-packages/pytorch_lightning/trainer/connectors/logger_connector/result.py:212: UserWarning: You called `self.log('local_lr/roi_heads.mask_head.1.1.bias', ...)` in your `on_before_optimizer_step` but the value needs to be floating point. Converting it to torch.float32.
  warning_cache.warn(
/raid/data/m23522033/torch-mask-rcnn/.venv/lib/python3.8/site-packages/pytorch_lightning/trainer/connectors/logger_connector/result.py:212: UserWarning: You called `self.log('local_lr/roi_heads.mask_head.2.1.bias', ...)` in your `on_before_optimizer_step` but the value needs to be floating point. Converting it to torch.float32.
  warning_cache.warn(
/raid/data/m23522033/torch-mask-rcnn/.venv/lib/python3.8/site-packages/pytorch_lightning/trainer/connectors/logger_connector/result.py:212: UserWarning: You called `self.log('local_lr/roi_heads.mask_head.3.1.bias', ...)` in your `on_before_optimizer_step` but the value needs to be floating point. Converting it to torch.float32.
  warning_cache.warn(
/raid/data/m23522033/torch-mask-rcnn/.venv/lib/python3.8/site-packages/pytorch_lightning/trainer/connectors/logger_connector/result.py:212: UserWarning: You called `self.log('local_lr', ...)` in your `optimizer_step` but the value needs to be floating point. Converting it to torch.float32.
  warning_cache.warn(
/raid/data/m23522033/torch-mask-rcnn/.venv/lib/python3.8/site-packages/pytorch_lightning/trainer/connectors/logger_connector/result.py:432: PossibleUserWarning: It is recommended to use `self.log('model_time', ..., sync_dist=True)` when logging on epoch level in distributed setting to accumulate the metric across devices.
  warning_cache.warn(
/raid/data/m23522033/torch-mask-rcnn/.venv/lib/python3.8/site-packages/pytorch_lightning/trainer/connectors/logger_connector/result.py:432: PossibleUserWarning: It is recommended to use `self.log('evaluator_time', ..., sync_dist=True)` when logging on epoch level in distributed setting to accumulate the metric across devices.
  warning_cache.warn(
/raid/data/m23522033/torch-mask-rcnn/.venv/lib/python3.8/site-packages/pytorch_lightning/trainer/connectors/logger_connector/result.py:432: PossibleUserWarning: It is recommended to use `self.log('map_bbox', ..., sync_dist=True)` when logging on epoch level in distributed setting to accumulate the metric across devices.
  warning_cache.warn(
/raid/data/m23522033/torch-mask-rcnn/.venv/lib/python3.8/site-packages/pytorch_lightning/trainer/connectors/logger_connector/result.py:432: PossibleUserWarning: It is recommended to use `self.log('map_50_bbox', ..., sync_dist=True)` when logging on epoch level in distributed setting to accumulate the metric across devices.
  warning_cache.warn(
/raid/data/m23522033/torch-mask-rcnn/.venv/lib/python3.8/site-packages/pytorch_lightning/trainer/connectors/logger_connector/result.py:432: PossibleUserWarning: It is recommended to use `self.log('mar_bbox', ..., sync_dist=True)` when logging on epoch level in distributed setting to accumulate the metric across devices.
  warning_cache.warn(
/raid/data/m23522033/torch-mask-rcnn/.venv/lib/python3.8/site-packages/pytorch_lightning/trainer/connectors/logger_connector/result.py:432: PossibleUserWarning: It is recommended to use `self.log('map_segm', ..., sync_dist=True)` when logging on epoch level in distributed setting to accumulate the metric across devices.
  warning_cache.warn(
/raid/data/m23522033/torch-mask-rcnn/.venv/lib/python3.8/site-packages/pytorch_lightning/trainer/connectors/logger_connector/result.py:432: PossibleUserWarning: It is recommended to use `self.log('map_50_segm', ..., sync_dist=True)` when logging on epoch level in distributed setting to accumulate the metric across devices.
  warning_cache.warn(
/raid/data/m23522033/torch-mask-rcnn/.venv/lib/python3.8/site-packages/pytorch_lightning/trainer/connectors/logger_connector/result.py:432: PossibleUserWarning: It is recommended to use `self.log('mar_segm', ..., sync_dist=True)` when logging on epoch level in distributed setting to accumulate the metric across devices.
  warning_cache.warn(
`Trainer.fit` stopped: `max_epochs=10` reached.
FIT Profiler Report

--------------------------------------------------------------------------------------------------------------------------------------------------------------------------------------------------------------------------------------------------------------------------
|  Action                                                                                                                                                         	|  Mean duration (s)	|  Num calls      	|  Total time (s) 	|  Percentage %   	|
--------------------------------------------------------------------------------------------------------------------------------------------------------------------------------------------------------------------------------------------------------------------------
|  Total                                                                                                                                                          	|  -              	|  454437         	|  1.2836e+04     	|  100 %          	|
--------------------------------------------------------------------------------------------------------------------------------------------------------------------------------------------------------------------------------------------------------------------------
|  run_training_epoch                                                                                                                                             	|  1275.7         	|  10             	|  1.2757e+04     	|  99.384         	|
|  run_training_batch                                                                                                                                             	|  1.1568         	|  9160           	|  1.0596e+04     	|  82.548         	|
|  [LightningModule]Mask_RCNN.optimizer_step                                                                                                                      	|  1.1567         	|  9160           	|  1.0595e+04     	|  82.541         	|
|  [Strategy]DDPStrategy.training_step                                                                                                                            	|  0.52557        	|  9160           	|  4814.2         	|  37.505         	|
|  [Strategy]DDPStrategy.backward                                                                                                                                 	|  0.19984        	|  9160           	|  1830.5         	|  14.26          	|
|  [Strategy]DDPStrategy.validation_step                                                                                                                          	|  0.58427        	|  790            	|  461.58         	|  3.5959         	|
|  [_TrainingEpochLoop].train_dataloader_next                                                                                                                     	|  0.036931       	|  9160           	|  338.29         	|  2.6354         	|
|  [Callback]COCOEvaluator.on_validation_epoch_end                                                                                                                	|  32.649         	|  10             	|  326.49         	|  2.5435         	|
|  [Callback]COCOEvaluator.on_validation_batch_end                                                                                                                	|  0.39309        	|  790            	|  310.54         	|  2.4192         	|
|  [Strategy]DDPStrategy.batch_to_device                                                                                                                          	|  0.026123       	|  9950           	|  259.93         	|  2.0249         	|
|  [LightningModule]Mask_RCNN.transfer_batch_to_device                                                                                                            	|  0.025957       	|  9950           	|  258.27         	|  2.012          	|
|  [LightningModule]Mask_RCNN.on_before_optimizer_step                                                                                                            	|  0.014297       	|  9160           	|  130.96         	|  1.0202         	|
|  [Callback]COCOEvaluator.on_validation_start                                                                                                                    	|  3.9791         	|  10             	|  39.791         	|  0.30999        	|
|  [Callback]ModelCheckpoint{'monitor': None, 'mode': 'min', 'every_n_train_steps': 0, 'every_n_epochs': 1, 'train_time_interval': None}.on_train_epoch_end       	|  2.3152         	|  10             	|  23.152         	|  0.18036        	|
|  [LightningDataModule]COCODataModule.setup                                                                                                                      	|  20.421         	|  1              	|  20.421         	|  0.15909        	|
|  [Callback]COCOEvaluator.on_validation_epoch_start                                                                                                              	|  1.9912         	|  10             	|  19.912         	|  0.15513        	|
|  [_EvaluationLoop].val_next                                                                                                                                     	|  0.020941       	|  790            	|  16.543         	|  0.12888        	|
|  [LightningModule]Mask_RCNN.on_train_epoch_end                                                                                                                  	|  0.73004        	|  10             	|  7.3004         	|  0.056873       	|
|  [LightningModule]Mask_RCNN.optimizer_zero_grad                                                                                                                 	|  0.00058656     	|  9160           	|  5.3729         	|  0.041857       	|
|  [Callback]LearningRateMonitor.on_train_batch_start                                                                                                             	|  0.00028161     	|  9160           	|  2.5796         	|  0.020096       	|
|  [Callback]TQDMProgressBar.on_train_batch_end                                                                                                                   	|  8.9909e-05     	|  9160           	|  0.82356        	|  0.0064159      	|
|  [LightningModule]Mask_RCNN.configure_gradient_clipping                                                                                                         	|  3.0162e-05     	|  9160           	|  0.27629        	|  0.0021524      	|
|  [Callback]ModelCheckpoint{'monitor': None, 'mode': 'min', 'every_n_train_steps': 0, 'every_n_epochs': 1, 'train_time_interval': None}.on_train_batch_end       	|  2.3859e-05     	|  9160           	|  0.21855        	|  0.0017026      	|
|  [LightningDataModule]COCODataModule.train_dataloader                                                                                                           	|  0.17868        	|  1              	|  0.17868        	|  0.001392       	|
|  [Callback]TQDMProgressBar.on_validation_start                                                                                                                  	|  0.015768       	|  10             	|  0.15768        	|  0.0012284      	|
|  [Callback]TQDMProgressBar.on_train_batch_start                                                                                                                 	|  5.8974e-06     	|  9160           	|  0.05402        	|  0.00042084     	|
|  [Callback]TQDMProgressBar.on_validation_batch_end                                                                                                              	|  6.7807e-05     	|  790            	|  0.053567       	|  0.00041731     	|
|  [Callback]TQDMProgressBar.on_after_backward                                                                                                                    	|  4.3653e-06     	|  9160           	|  0.039987       	|  0.00031151     	|
|  [LightningModule]Mask_RCNN.on_validation_model_eval                                                                                                            	|  0.0038805      	|  10             	|  0.038805       	|  0.00030231     	|
|  [Callback]TQDMProgressBar.on_before_zero_grad                                                                                                                  	|  3.6494e-06     	|  9160           	|  0.033429       	|  0.00026042     	|
|  [Callback]TQDMProgressBar.on_before_optimizer_step                                                                                                             	|  3.5729e-06     	|  9160           	|  0.032728       	|  0.00025496     	|
|  [LightningModule]Mask_RCNN.on_before_batch_transfer                                                                                                            	|  3.2597e-06     	|  9950           	|  0.032434       	|  0.00025267     	|
|  [LightningModule]Mask_RCNN.on_after_batch_transfer                                                                                                             	|  2.8164e-06     	|  9950           	|  0.028023       	|  0.00021831     	|
|  [Callback]TQDMProgressBar.on_before_backward                                                                                                                   	|  3.0501e-06     	|  9160           	|  0.027939       	|  0.00021766     	|
|  [Callback]TQDMProgressBar.on_validation_batch_start                                                                                                            	|  2.6296e-05     	|  790            	|  0.020773       	|  0.00016183     	|
|  [Callback]LearningRateMonitor.on_train_batch_end                                                                                                               	|  2.2235e-06     	|  9160           	|  0.020368       	|  0.00015867     	|
|  [LightningModule]Mask_RCNN.on_train_batch_start                                                                                                                	|  2.1547e-06     	|  9160           	|  0.019737       	|  0.00015376     	|
|  [LightningModule]Mask_RCNN.on_train_batch_end                                                                                                                  	|  1.8871e-06     	|  9160           	|  0.017286       	|  0.00013466     	|
|  [LightningModule]Mask_RCNN.on_after_backward                                                                                                                   	|  1.8774e-06     	|  9160           	|  0.017197       	|  0.00013397     	|
|  [LightningModule]Mask_RCNN.on_before_zero_grad                                                                                                                 	|  1.7293e-06     	|  9160           	|  0.01584        	|  0.0001234      	|
|  [Callback]COCOEvaluator.on_train_batch_start                                                                                                                   	|  1.6834e-06     	|  9160           	|  0.01542        	|  0.00012013     	|
|  [LightningModule]Mask_RCNN.on_before_backward                                                                                                                  	|  1.6378e-06     	|  9160           	|  0.015002       	|  0.00011687     	|
|  [Callback]ModelCheckpoint{'monitor': None, 'mode': 'min', 'every_n_train_steps': 0, 'every_n_epochs': 1, 'train_time_interval': None}.on_train_batch_start     	|  1.6052e-06     	|  9160           	|  0.014703       	|  0.00011454     	|
|  [Callback]LearningRateMonitor.on_after_backward                                                                                                                	|  1.5927e-06     	|  9160           	|  0.014589       	|  0.00011366     	|
|  [Callback]LearningRateMonitor.on_before_optimizer_step                                                                                                         	|  1.4667e-06     	|  9160           	|  0.013435       	|  0.00010467     	|
|  [Callback]LearningRateMonitor.on_before_zero_grad                                                                                                              	|  1.4647e-06     	|  9160           	|  0.013417       	|  0.00010452     	|
|  [Callback]ModelCheckpoint{'monitor': None, 'mode': 'min', 'every_n_train_steps': 0, 'every_n_epochs': 1, 'train_time_interval': None}.on_after_backward        	|  1.4551e-06     	|  9160           	|  0.013328       	|  0.00010383     	|
|  [Callback]LearningRateMonitor.on_before_backward                                                                                                               	|  1.4361e-06     	|  9160           	|  0.013154       	|  0.00010248     	|
|  [Callback]TQDMProgressBar.on_validation_end                                                                                                                    	|  0.0013125      	|  10             	|  0.013125       	|  0.00010225     	|
|  [Callback]ModelCheckpoint{'monitor': None, 'mode': 'min', 'every_n_train_steps': 0, 'every_n_epochs': 1, 'train_time_interval': None}.on_before_optimizer_step 	|  1.43e-06       	|  9160           	|  0.013099       	|  0.00010205     	|
|  [Callback]ModelSummary.on_train_batch_start                                                                                                                    	|  1.4016e-06     	|  9160           	|  0.012839       	|  0.00010002     	|
|  [Callback]COCOEvaluator.on_train_batch_end                                                                                                                     	|  1.3911e-06     	|  9160           	|  0.012742       	|  9.9269e-05     	|
|  [Callback]ModelCheckpoint{'monitor': None, 'mode': 'min', 'every_n_train_steps': 0, 'every_n_epochs': 1, 'train_time_interval': None}.on_before_backward       	|  1.3625e-06     	|  9160           	|  0.012481       	|  9.723e-05      	|
|  [Callback]ModelCheckpoint{'monitor': None, 'mode': 'min', 'every_n_train_steps': 0, 'every_n_epochs': 1, 'train_time_interval': None}.on_before_zero_grad      	|  1.3455e-06     	|  9160           	|  0.012324       	|  9.6012e-05     	|
|  [Callback]ModelSummary.on_after_backward                                                                                                                       	|  1.3304e-06     	|  9160           	|  0.012186       	|  9.4937e-05     	|
|  [Callback]COCOEvaluator.on_after_backward                                                                                                                      	|  1.2682e-06     	|  9160           	|  0.011617       	|  9.05e-05       	|
|  [Callback]ModelSummary.on_before_zero_grad                                                                                                                     	|  1.2349e-06     	|  9160           	|  0.011312       	|  8.8126e-05     	|
|  [Strategy]DDPStrategy.on_train_batch_start                                                                                                                     	|  1.2285e-06     	|  9160           	|  0.011253       	|  8.7666e-05     	|
|  [Callback]ModelSummary.on_train_batch_end                                                                                                                      	|  1.2253e-06     	|  9160           	|  0.011223       	|  8.7436e-05     	|
|  [LightningModule]Mask_RCNN.on_validation_model_train                                                                                                           	|  0.0011223      	|  10             	|  0.011223       	|  8.7431e-05     	|
|  [Callback]COCOEvaluator.on_before_optimizer_step                                                                                                               	|  1.2172e-06     	|  9160           	|  0.011149       	|  8.6858e-05     	|
|  [Callback]COCOEvaluator.on_before_zero_grad                                                                                                                    	|  1.193e-06      	|  9160           	|  0.010927       	|  8.5129e-05     	|
|  [Callback]COCOEvaluator.on_before_backward                                                                                                                     	|  1.159e-06      	|  9160           	|  0.010616       	|  8.2705e-05     	|
|  [Callback]ModelSummary.on_before_optimizer_step                                                                                                                	|  1.148e-06      	|  9160           	|  0.010515       	|  8.1919e-05     	|
|  [Callback]ModelSummary.on_before_backward                                                                                                                      	|  1.1383e-06     	|  9160           	|  0.010427       	|  8.1229e-05     	|
|  [Callback]TQDMProgressBar.on_train_epoch_start                                                                                                                 	|  0.0010157      	|  10             	|  0.010157       	|  7.9126e-05     	|
|  [Callback]ModelSummary.on_fit_start                                                                                                                            	|  0.0074241      	|  1              	|  0.0074241      	|  5.7837e-05     	|
|  [Callback]ModelSummary.on_validation_batch_end                                                                                                                 	|  7.6855e-06     	|  790            	|  0.0060715      	|  4.73e-05       	|
|  [Callback]TQDMProgressBar.on_train_epoch_end                                                                                                                   	|  0.00045025     	|  10             	|  0.0045025      	|  3.5077e-05     	|
|  [Callback]LearningRateMonitor.on_validation_batch_end                                                                                                          	|  2.8734e-06     	|  790            	|  0.00227        	|  1.7684e-05     	|
|  [LightningModule]Mask_RCNN.on_validation_batch_end                                                                                                             	|  2.6227e-06     	|  790            	|  0.0020719      	|  1.6141e-05     	|
|  [Callback]LearningRateMonitor.on_validation_batch_start                                                                                                        	|  2.3759e-06     	|  790            	|  0.0018769      	|  1.4622e-05     	|
|  [Callback]ModelCheckpoint{'monitor': None, 'mode': 'min', 'every_n_train_steps': 0, 'every_n_epochs': 1, 'train_time_interval': None}.setup                    	|  0.0018041      	|  1              	|  0.0018041      	|  1.4055e-05     	|
|  [Callback]ModelCheckpoint{'monitor': None, 'mode': 'min', 'every_n_train_steps': 0, 'every_n_epochs': 1, 'train_time_interval': None}.on_validation_batch_end  	|  2.0731e-06     	|  790            	|  0.0016377      	|  1.2758e-05     	|
|  [LightningModule]Mask_RCNN.on_validation_batch_start                                                                                                           	|  1.7109e-06     	|  790            	|  0.0013516      	|  1.0529e-05     	|
|  [Callback]TQDMProgressBar.on_train_start                                                                                                                       	|  0.0012922      	|  1              	|  0.0012922      	|  1.0067e-05     	|
|  [Callback]ModelCheckpoint{'monitor': None, 'mode': 'min', 'every_n_train_steps': 0, 'every_n_epochs': 1, 'train_time_interval': None}.on_validation_batch_start	|  1.6292e-06     	|  790            	|  0.0012871      	|  1.0027e-05     	|
|  [Callback]COCOEvaluator.on_validation_batch_start                                                                                                              	|  1.4657e-06     	|  790            	|  0.0011579      	|  9.0203e-06     	|
|  [Callback]ModelSummary.on_validation_batch_start                                                                                                               	|  1.3221e-06     	|  790            	|  0.0010445      	|  8.137e-06      	|
|  [LightningModule]Mask_RCNN.configure_optimizers                                                                                                                	|  0.0010087      	|  1              	|  0.0010087      	|  7.8581e-06     	|
|  [LightningDataModule]COCODataModule.val_dataloader                                                                                                             	|  0.00078659     	|  1              	|  0.00078659     	|  6.1278e-06     	|
|  [LightningModule]Mask_RCNN.on_validation_epoch_start                                                                                                           	|  7.0776e-05     	|  10             	|  0.00070776     	|  5.5138e-06     	|
|  [Callback]ModelCheckpoint{'monitor': None, 'mode': 'min', 'every_n_train_steps': 0, 'every_n_epochs': 1, 'train_time_interval': None}.on_validation_end        	|  6.2635e-05     	|  10             	|  0.00062635     	|  4.8796e-06     	|
|  [Callback]TQDMProgressBar.on_train_end                                                                                                                         	|  0.00057033     	|  1              	|  0.00057033     	|  4.4431e-06     	|
|  [LightningModule]Mask_RCNN.lr_scheduler_step                                                                                                                   	|  5.3133e-05     	|  10             	|  0.00053133     	|  4.1393e-06     	|
|  [Callback]ModelSummary.on_validation_start                                                                                                                     	|  2.314e-05      	|  10             	|  0.0002314      	|  1.8027e-06     	|
|  [Callback]LearningRateMonitor.on_validation_start                                                                                                              	|  1.9718e-05     	|  10             	|  0.00019718     	|  1.5361e-06     	|
|  [Callback]COCOEvaluator.on_train_epoch_start                                                                                                                   	|  1.7287e-05     	|  10             	|  0.00017287     	|  1.3467e-06     	|
|  [Callback]LearningRateMonitor.on_train_start                                                                                                                   	|  0.00017195     	|  1              	|  0.00017195     	|  1.3396e-06     	|
|  [Callback]LearningRateMonitor.on_train_epoch_start                                                                                                             	|  1.599e-05      	|  10             	|  0.0001599      	|  1.2457e-06     	|
|  [LightningModule]Mask_RCNN.on_train_epoch_start                                                                                                                	|  1.5736e-05     	|  10             	|  0.00015736     	|  1.2259e-06     	|
|  [LightningModule]Mask_RCNN.on_train_end                                                                                                                        	|  0.000154       	|  1              	|  0.000154       	|  1.1998e-06     	|
|  [Callback]ModelSummary.on_validation_epoch_start                                                                                                               	|  1.4221e-05     	|  10             	|  0.00014221     	|  1.1079e-06     	|
|  [LightningModule]Mask_RCNN.on_validation_start                                                                                                                 	|  1.2504e-05     	|  10             	|  0.00012504     	|  9.741e-07      	|
|  [Callback]ModelSummary.on_validation_epoch_end                                                                                                                 	|  9.6473e-06     	|  10             	|  9.6473e-05     	|  7.5156e-07     	|
|  [Strategy]DDPStrategy.on_validation_start                                                                                                                      	|  6.4057e-06     	|  10             	|  6.4057e-05     	|  4.9903e-07     	|
|  [Callback]LearningRateMonitor.on_validation_end                                                                                                                	|  5.3406e-06     	|  10             	|  5.3406e-05     	|  4.1605e-07     	|
|  [Callback]TQDMProgressBar.setup                                                                                                                                	|  5.2292e-05     	|  1              	|  5.2292e-05     	|  4.0738e-07     	|
|  [LightningDataModule]COCODataModule.state_dict                                                                                                                 	|  4.8875e-06     	|  10             	|  4.8875e-05     	|  3.8076e-07     	|
|  [Callback]TQDMProgressBar.on_save_checkpoint                                                                                                                   	|  4.1526e-06     	|  10             	|  4.1526e-05     	|  3.235e-07      	|
|  [Callback]LearningRateMonitor.on_train_epoch_end                                                                                                               	|  4.1006e-06     	|  10             	|  4.1006e-05     	|  3.1945e-07     	|
|  [Callback]TQDMProgressBar.on_validation_epoch_end                                                                                                              	|  3.7093e-06     	|  10             	|  3.7093e-05     	|  2.8897e-07     	|
|  [LightningModule]Mask_RCNN.on_validation_epoch_end                                                                                                             	|  3.6129e-06     	|  10             	|  3.6129e-05     	|  2.8146e-07     	|
|  [Callback]TQDMProgressBar.on_validation_epoch_start                                                                                                            	|  3.2822e-06     	|  10             	|  3.2822e-05     	|  2.557e-07      	|
|  [LightningModule]Mask_RCNN.on_validation_end                                                                                                                   	|  2.781e-06      	|  10             	|  2.781e-05      	|  2.1665e-07     	|
|  [Callback]ModelSummary.on_train_epoch_start                                                                                                                    	|  2.4779e-06     	|  10             	|  2.4779e-05     	|  1.9304e-07     	|
|  [Callback]ModelCheckpoint{'monitor': None, 'mode': 'min', 'every_n_train_steps': 0, 'every_n_epochs': 1, 'train_time_interval': None}.on_validation_start      	|  2.3846e-06     	|  10             	|  2.3846e-05     	|  1.8577e-07     	|
|  [Strategy]DDPStrategy.on_validation_end                                                                                                                        	|  2.3743e-06     	|  10             	|  2.3743e-05     	|  1.8497e-07     	|
|  [Callback]ModelCheckpoint{'monitor': None, 'mode': 'min', 'every_n_train_steps': 0, 'every_n_epochs': 1, 'train_time_interval': None}.on_train_epoch_start     	|  2.1821e-06     	|  10             	|  2.1821e-05     	|  1.6999e-07     	|
|  [Callback]ModelCheckpoint{'monitor': None, 'mode': 'min', 'every_n_train_steps': 0, 'every_n_epochs': 1, 'train_time_interval': None}.on_validation_epoch_start	|  1.9545e-06     	|  10             	|  1.9545e-05     	|  1.5226e-07     	|
|  [Callback]LearningRateMonitor.on_save_checkpoint                                                                                                               	|  1.939e-06      	|  10             	|  1.939e-05      	|  1.5106e-07     	|
|  [Callback]ModelCheckpoint{'monitor': None, 'mode': 'min', 'every_n_train_steps': 0, 'every_n_epochs': 1, 'train_time_interval': None}.on_validation_epoch_end  	|  1.8694e-06     	|  10             	|  1.8694e-05     	|  1.4563e-07     	|
|  [Callback]LearningRateMonitor.on_validation_epoch_end                                                                                                          	|  1.8436e-06     	|  10             	|  1.8436e-05     	|  1.4362e-07     	|
|  [Callback]COCOEvaluator.on_validation_end                                                                                                                      	|  1.6102e-06     	|  10             	|  1.6102e-05     	|  1.2544e-07     	|
|  [Callback]ModelSummary.on_save_checkpoint                                                                                                                      	|  1.4692e-06     	|  10             	|  1.4692e-05     	|  1.1446e-07     	|
|  [Callback]ModelSummary.on_validation_end                                                                                                                       	|  1.4669e-06     	|  10             	|  1.4669e-05     	|  1.1428e-07     	|
|  [Callback]ModelCheckpoint{'monitor': None, 'mode': 'min', 'every_n_train_steps': 0, 'every_n_epochs': 1, 'train_time_interval': None}.on_save_checkpoint       	|  1.3528e-06     	|  10             	|  1.3528e-05     	|  1.0539e-07     	|
|  [Callback]ModelSummary.on_train_epoch_end                                                                                                                      	|  1.3456e-06     	|  10             	|  1.3456e-05     	|  1.0483e-07     	|
|  [Callback]COCOEvaluator.on_train_epoch_end                                                                                                                     	|  1.3443e-06     	|  10             	|  1.3443e-05     	|  1.0473e-07     	|
|  [Callback]COCOEvaluator.on_save_checkpoint                                                                                                                     	|  1.3139e-06     	|  10             	|  1.3139e-05     	|  1.0236e-07     	|
|  [Callback]COCOEvaluator.on_train_start                                                                                                                         	|  1.2927e-05     	|  1              	|  1.2927e-05     	|  1.0071e-07     	|
|  [Callback]LearningRateMonitor.on_validation_epoch_start                                                                                                        	|  1.2217e-06     	|  10             	|  1.2217e-05     	|  9.5176e-08     	|
|  [LightningModule]Mask_RCNN.on_save_checkpoint                                                                                                                  	|  1.0918e-06     	|  10             	|  1.0918e-05     	|  8.5056e-08     	|
|  [Callback]ModelCheckpoint{'monitor': None, 'mode': 'min', 'every_n_train_steps': 0, 'every_n_epochs': 1, 'train_time_interval': None}.on_train_start           	|  9.58e-06       	|  1              	|  9.58e-06       	|  7.4632e-08     	|
|  [LightningModule]Mask_RCNN.configure_callbacks                                                                                                                 	|  9.01e-06       	|  1              	|  9.01e-06       	|  7.0192e-08     	|
|  [LightningModule]Mask_RCNN.on_train_start                                                                                                                      	|  8.134e-06      	|  1              	|  8.134e-06      	|  6.3367e-08     	|
|  [LightningModule]Mask_RCNN.setup                                                                                                                               	|  7.775e-06      	|  1              	|  7.775e-06      	|  6.057e-08      	|
|  [LightningModule]Mask_RCNN.configure_sharded_model                                                                                                             	|  6.978e-06      	|  1              	|  6.978e-06      	|  5.4362e-08     	|
|  [Callback]TQDMProgressBar.on_fit_end                                                                                                                           	|  6.496e-06      	|  1              	|  6.496e-06      	|  5.0607e-08     	|
|  [Callback]LearningRateMonitor.setup                                                                                                                            	|  5.176e-06      	|  1              	|  5.176e-06      	|  4.0323e-08     	|
|  [LightningModule]Mask_RCNN.on_fit_start                                                                                                                        	|  5.07e-06       	|  1              	|  5.07e-06       	|  3.9497e-08     	|
|  [Callback]LearningRateMonitor.on_train_end                                                                                                                     	|  4.728e-06      	|  1              	|  4.728e-06      	|  3.6833e-08     	|
|  [Callback]TQDMProgressBar.on_fit_start                                                                                                                         	|  4.659e-06      	|  1              	|  4.659e-06      	|  3.6296e-08     	|
|  [Callback]ModelCheckpoint{'monitor': None, 'mode': 'min', 'every_n_train_steps': 0, 'every_n_epochs': 1, 'train_time_interval': None}.on_fit_start             	|  3.622e-06      	|  1              	|  3.622e-06      	|  2.8217e-08     	|
|  [LightningDataModule]COCODataModule.prepare_data                                                                                                               	|  3.451e-06      	|  1              	|  3.451e-06      	|  2.6885e-08     	|
|  [Callback]TQDMProgressBar.teardown                                                                                                                             	|  2.415e-06      	|  1              	|  2.415e-06      	|  1.8814e-08     	|
|  [Callback]LearningRateMonitor.on_fit_end                                                                                                                       	|  2.269e-06      	|  1              	|  2.269e-06      	|  1.7676e-08     	|
|  [Strategy]DDPStrategy.on_train_end                                                                                                                             	|  1.926e-06      	|  1              	|  1.926e-06      	|  1.5004e-08     	|
|  [Callback]ModelSummary.on_train_end                                                                                                                            	|  1.854e-06      	|  1              	|  1.854e-06      	|  1.4443e-08     	|
|  [Strategy]DDPStrategy.on_train_start                                                                                                                           	|  1.794e-06      	|  1              	|  1.794e-06      	|  1.3976e-08     	|
|  [Callback]COCOEvaluator.on_train_end                                                                                                                           	|  1.776e-06      	|  1              	|  1.776e-06      	|  1.3836e-08     	|
|  [LightningDataModule]COCODataModule.teardown                                                                                                                   	|  1.731e-06      	|  1              	|  1.731e-06      	|  1.3485e-08     	|
|  [LightningModule]Mask_RCNN.prepare_data                                                                                                                        	|  1.691e-06      	|  1              	|  1.691e-06      	|  1.3174e-08     	|
|  [LightningModule]Mask_RCNN.on_fit_end                                                                                                                          	|  1.649e-06      	|  1              	|  1.649e-06      	|  1.2846e-08     	|
|  [Callback]ModelCheckpoint{'monitor': None, 'mode': 'min', 'every_n_train_steps': 0, 'every_n_epochs': 1, 'train_time_interval': None}.on_train_end             	|  1.57e-06       	|  1              	|  1.57e-06       	|  1.2231e-08     	|
|  [Callback]COCOEvaluator.setup                                                                                                                                  	|  1.561e-06      	|  1              	|  1.561e-06      	|  1.2161e-08     	|
|  [Callback]ModelSummary.on_train_start                                                                                                                          	|  1.542e-06      	|  1              	|  1.542e-06      	|  1.2013e-08     	|
|  [Callback]ModelCheckpoint{'monitor': None, 'mode': 'min', 'every_n_train_steps': 0, 'every_n_epochs': 1, 'train_time_interval': None}.teardown                 	|  1.537e-06      	|  1              	|  1.537e-06      	|  1.1974e-08     	|
|  [Callback]LearningRateMonitor.on_fit_start                                                                                                                     	|  1.485e-06      	|  1              	|  1.485e-06      	|  1.1569e-08     	|
|  [Callback]LearningRateMonitor.teardown                                                                                                                         	|  1.39e-06       	|  1              	|  1.39e-06       	|  1.0829e-08     	|
|  [Callback]COCOEvaluator.on_fit_end                                                                                                                             	|  1.34e-06       	|  1              	|  1.34e-06       	|  1.0439e-08     	|
|  [Callback]ModelCheckpoint{'monitor': None, 'mode': 'min', 'every_n_train_steps': 0, 'every_n_epochs': 1, 'train_time_interval': None}.on_fit_end               	|  1.303e-06      	|  1              	|  1.303e-06      	|  1.0151e-08     	|
|  [Callback]ModelSummary.on_fit_end                                                                                                                              	|  1.299e-06      	|  1              	|  1.299e-06      	|  1.012e-08      	|
|  [Callback]ModelSummary.setup                                                                                                                                   	|  1.286e-06      	|  1              	|  1.286e-06      	|  1.0019e-08     	|
|  [Callback]COCOEvaluator.on_fit_start                                                                                                                           	|  1.215e-06      	|  1              	|  1.215e-06      	|  9.4653e-09     	|
|  [Callback]ModelSummary.teardown                                                                                                                                	|  1.206e-06      	|  1              	|  1.206e-06      	|  9.3952e-09     	|
|  [Callback]COCOEvaluator.teardown                                                                                                                               	|  1.188e-06      	|  1              	|  1.188e-06      	|  9.255e-09      	|
|  [LightningModule]Mask_RCNN.teardown                                                                                                                            	|  1.004e-06      	|  1              	|  1.004e-06      	|  7.8216e-09     	|
--------------------------------------------------------------------------------------------------------------------------------------------------------------------------------------------------------------------------------------------------------------------------

wandb: Waiting for W&B process to finish... (success).
wandb: - 0.037 MB of 0.037 MB uploaded (0.000 MB deduped)wandb: \ 0.037 MB of 0.037 MB uploaded (0.000 MB deduped)wandb: | 0.037 MB of 0.037 MB uploaded (0.000 MB deduped)wandb: / 0.037 MB of 0.037 MB uploaded (0.000 MB deduped)wandb: - 0.037 MB of 0.037 MB uploaded (0.000 MB deduped)wandb: \ 0.037 MB of 0.037 MB uploaded (0.000 MB deduped)wandb: | 0.037 MB of 0.037 MB uploaded (0.000 MB deduped)wandb: / 0.037 MB of 0.037 MB uploaded (0.000 MB deduped)wandb: - 0.037 MB of 0.037 MB uploaded (0.000 MB deduped)wandb: \ 0.037 MB of 0.037 MB uploaded (0.000 MB deduped)wandb: | 0.037 MB of 0.037 MB uploaded (0.000 MB deduped)wandb: / 0.037 MB of 0.037 MB uploaded (0.000 MB deduped)wandb: - 0.037 MB of 0.037 MB uploaded (0.000 MB deduped)wandb: \ 0.037 MB of 0.037 MB uploaded (0.000 MB deduped)wandb: | 0.037 MB of 0.037 MB uploaded (0.000 MB deduped)wandb: / 0.037 MB of 0.037 MB uploaded (0.000 MB deduped)wandb: 
wandb: Run history:
wandb:                                                    epoch ▁▁▁▁▂▂▂▂▃▃▃▃▃▃▃▃▄▄▄▄▅▅▅▅▆▆▆▆▆▆▆▆▇▇▇▇████
wandb:                                           evaluator_time ▁▃▃█▂▅█▄▇▅
wandb:                                                 local_lr ▁▃▅▄▁▃▅▃▃▃▇▄▄▃▆▃▅▄▄▅▆▆▄▆▅▃▁▅▃▁▃▂█▃▂▄▅▃▅▄
wandb:                   local_lr/roi_heads.box_head.0.0.weight █▆▄▅▃▂▂▁▁▂▁▁▁▁▁▁▁▁▁▁▁▁▁▁▁▁▁▁▁▁▁▂▁▁▁▁▁▁▁▁
wandb:                     local_lr/roi_heads.box_head.0.1.bias ▁▃▅█▅▄▃▃▃▃▂▁▁▃▂▃▂▂▁▃▂▂▂▃▃▂▄▃▃▃▂▄▂▃▃▃▂▃▂▄
wandb:                   local_lr/roi_heads.box_head.0.1.weight █▂▃▃▂▁▂▁▁▁▁▁▁▁▁▁▁▁▁▁▁▁▁▁▁▁▁▁▁▁▁▁▁▁▁▁▁▁▁▁
wandb:                   local_lr/roi_heads.box_head.1.0.weight █▂▃▂▂▁▁▁▁▁▁▁▁▁▁▁▁▁▁▁▁▁▁▁▁▁▁▁▁▁▁▁▁▁▁▁▁▁▁▁
wandb:                     local_lr/roi_heads.box_head.1.1.bias ▁▂▃▅█▅▄▄▃▃▂▂▁▃▂▃▂▂▂▂▂▃▂▄▂▂▄▄▃▂▃▅▂▄▂▄▃▃▃▄
wandb:                   local_lr/roi_heads.box_head.1.1.weight █▂▂▂▃▂▂▂▂▁▁▁▁▁▁▁▁▁▁▁▁▁▁▁▁▁▁▁▁▁▁▁▁▁▁▁▁▁▁▁
wandb:                   local_lr/roi_heads.box_head.2.0.weight █▃▄▃▄▂▁▁▁▁▁▁▁▁▁▁▁▁▁▁▁▁▁▁▁▁▁▁▁▁▁▁▁▁▁▁▁▁▁▁
wandb:                     local_lr/roi_heads.box_head.2.1.bias ▁▁▁▁▂▂▂▂▂▃▂▂▁▄▂▃▂▂▂▃▃▃▃▄▄▃▅▄▃▃▃▇▃▅▅▅▅▅▄█
wandb:                   local_lr/roi_heads.box_head.2.1.weight █▃▃▄▅▃▃▃▃▃▂▁▁▃▂▂▂▁▁▁▂▂▂▁▂▂▂▂▁▁▁▂▁▁▁▁▁▁▁▁
wandb:                   local_lr/roi_heads.box_head.3.0.weight ▂▄▇▆█▃▃▃▃▃▂▁▁▃▂▂▂▁▁▂▂▂▂▂▂▂▂▂▁▁▁▃▁▂▂▂▁▂▁▂
wandb:                     local_lr/roi_heads.box_head.3.1.bias ▁▁▁▁▁▂▂▂▂▂▂▁▁▂▂▃▃▂▂▂▄▃▂▅▅▃▆▄▃▂▃▇▂▃▃▃▃▃▃█
wandb:                   local_lr/roi_heads.box_head.3.1.weight ▃▁▂▂▄▃▄▅▅▆▄▃▂▆▄▇▆▄▃▅▅▄▃██▅▇▆▃▃▃█▃▄▃▃▃▃▂▆
wandb:                       local_lr/roi_heads.box_head.5.bias ▁▁▁▂▄▅▆▄▄▆▄▃▂▆▄▅▅▄▃▅▆▄▄▇▇▅▇▆▄▄▃█▃▅▄▄▄▄▃▆
wandb:                     local_lr/roi_heads.box_head.5.weight ▆▂█▆█▄▅▃▃▃▂▂▁▃▂▃▃▂▂▃▃▃▃▄▄▃▄▃▂▂▂▅▂▃▃▃▃▃▂▄
wandb:          local_lr/roi_heads.box_predictor.bbox_pred.bias ▃█▄▄▅▅▅▄▂▄▄▂▂▄▄▃▂▃▁▂▂▂▃▄▅▃▃▂▁▂▂▄▃▃▂▂▂▃▁▃
wandb:        local_lr/roi_heads.box_predictor.bbox_pred.weight ▂█▅▃▃▂▂▂▁▁▁▁▁▁▁▁▁▁▁▁▁▁▁▁▂▂▁▂▁▁▁▂▂▂▂▂▂▂▁▂
wandb:          local_lr/roi_heads.box_predictor.cls_score.bias ▁▁▂▂▃▃▅▃▄▃▂▂▁▃▂▄▃▃▂▂▅▃▂▇▄▃▆▄▇▃▂█▂▃▂▂▂▂▂▇
wandb:        local_lr/roi_heads.box_predictor.cls_score.weight ▂▁▄▃▄▃▃▂▃▂▂▁▁▂▁▂▂▂▂▂▃▂▂▅▃▃▅▅▅▂▂▇▂▃▃▃▃▃▃█
wandb:                  local_lr/roi_heads.mask_head.0.0.weight ▆█▇▆▅▆▆▄▄▄▄▄▄▃▃▃▃▃▃▂▃▃▂▂▂▂▂▂▂▂▂▁▂▁▁▁▁▁▁▁
wandb:                    local_lr/roi_heads.mask_head.0.1.bias ▅▅▃▃▂▃▂▂▂▂▁▂▁▂▁▁▁▂▂▁▂▂▁▁▁▂▂▂▂▃▃▃▄▃▃▄▄▆▇█
wandb:                  local_lr/roi_heads.mask_head.0.1.weight █▄▃▂▂▂▂▂▂▁▁▁▁▁▁▁▁▁▁▁▁▁▁▁▁▁▁▁▁▁▁▁▁▁▁▁▁▁▁▁
wandb:                  local_lr/roi_heads.mask_head.1.0.weight ▇█▆▆▅▆▅▄▄▃▃▃▃▃▂▃▃▃▂▂▂▂▂▂▂▂▂▂▂▂▁▁▁▁▁▁▁▁▁▁
wandb:                    local_lr/roi_heads.mask_head.1.1.bias ▃▃▂▂▁▂▂▁▁▁▁▁▁▁▁▁▁▂▁▁▁▂▁▁▁▂▂▂▂▂▂▃▃▃▃▄▄▅▇█
wandb:                  local_lr/roi_heads.mask_head.1.1.weight █▄▂▂▂▂▂▂▁▁▁▁▁▁▁▁▁▁▁▁▁▁▁▁▁▁▁▁▁▁▁▁▁▁▁▁▁▁▁▁
wandb:                  local_lr/roi_heads.mask_head.2.0.weight █▇▅▅▄▅▄▃▃▃▃▃▃▃▂▂▂▃▂▂▂▂▂▂▁▂▂▂▂▁▁▁▁▁▁▁▁▁▁▁
wandb:                    local_lr/roi_heads.mask_head.2.1.bias ▂▂▁▂▁▂▁▁▁▁▁▁▁▁▁▁▁▁▁▁▁▂▁▁▁▂▂▂▂▂▃▃▃▃▃▄▄▆▆█
wandb:                  local_lr/roi_heads.mask_head.2.1.weight █▄▂▂▂▂▂▁▁▁▁▁▁▁▁▁▁▁▁▁▁▁▁▁▁▁▁▁▁▁▁▁▁▁▁▁▁▁▁▁
wandb:                  local_lr/roi_heads.mask_head.3.0.weight █▆▄▅▄▄▄▃▃▃▃▃▂▂▂▂▂▂▂▂▂▂▂▂▁▂▂▁▂▁▁▁▁▁▁▁▁▁▁▁
wandb:                    local_lr/roi_heads.mask_head.3.1.bias ▁▁▁▁▁▁▁▁▁▁▁▁▁▁▁▁▁▁▁▁▁▁▁▁▁▂▁▂▁▂▂▂▃▂▂▄▃███
wandb:                  local_lr/roi_heads.mask_head.3.1.weight █▁▁▄▁▃▄▂▃▄▅▄▁▃▁▄▅▄▄▂▅▆▁▃▃▇▄▅▂▃▃▃▆▂▂▄▂▆▄▄
wandb:        local_lr/roi_heads.mask_predictor.conv5_mask.bias ▁▁▁▂▁▂▂▁▂▂▂▂▁▂▁▂▄▂▃▂▄▅▁▃▃▅▃▄▃▃▂▃▇▂▂▆▃█▅▃
wandb:      local_lr/roi_heads.mask_predictor.conv5_mask.weight ▃▃▃▇▃▆▆▃▅▅▄▃▁▃▁▄▆▅▄▂▆▇▁▃▄▆▄▆▄▃▃▃█▂▂▅▂▅▅▃
wandb:   local_lr/roi_heads.mask_predictor.mask_fcn_logits.bias ▃▁▁▄▃▄▅▄▆▇▅▅▃▃▂▆▇▅▇▄▇▇▃▇▆▇▆▇▆▆▃▄█▃▃▆▄▆▅▃
wandb: local_lr/roi_heads.mask_predictor.mask_fcn_logits.weight █▅▃▇▆▇▇▅▇▆▄▃▃▂▁▅▆▅▅▂▅▆▂▃▄▄▃▅▃▃▂▁▄▁▂▃▂▃▂▂
wandb:                         local_lr/rpn.head.bbox_pred.bias ▁▂▃▃▂▃▃▃▄▅▃▃▃▃▃▄▃▆▃▃▃▄▄▅▅▄▃▃▅▅▃▆▄▅▄█▅▅▅▅
wandb:                       local_lr/rpn.head.bbox_pred.weight ▃▂▁▁▁▁▂▁▂▃▂▂▁▂▂▂▂▃▂▂▂▃▃▃▄▃▂▃▄▄▃▆▃▅▅█▅▆▆▆
wandb:                        local_lr/rpn.head.cls_logits.bias ▁▁▁▁▁▁▁▁▁▁▁▁▁▂▁▂▂▁▂▃▂▂▃▂▂▂▂▃▃▃█▃▂▂▅█▅▄▄▆
wandb:                      local_lr/rpn.head.cls_logits.weight ▁▁▁▁▁▁▁▁▂▁▁▂▁▂▁▂▂▁▂▃▂▂▃▂▃▃▂▃▄▃▅▄▂▂▆█▄▄▄▆
wandb:                          local_lr/rpn.head.conv.0.0.bias ▁▁▁▁▁▁▁▁▂▂▁▂▂▂▁▂▂▁▂▂▂▃▃▂▂▂▂▂▃▄▄▅▂▂▄▅▄▅▄█
wandb:                        local_lr/rpn.head.conv.0.0.weight ▂▃▅▂▄▃▅▄▅█▆▄▅▅▃▄▄▃▂▄▄▆▅▄▅▃▂▃▆▃▃▃▁▁▃▃▂▃▂▄
wandb:                          local_lr/rpn.head.conv.1.0.bias ▁▁▁▁▂▂▂▂▃▃▂▂▂▂▂▃▂▂▂▂▂▃▄▃▄▃▂▃▄▄▄▆▂▃▅█▅▅▅█
wandb:                        local_lr/rpn.head.conv.1.0.weight █▄▃▂▂▂▃▂▄▅▃▂▂▃▂▃▂▂▂▂▂▃▄▃▄▃▁▂▃▃▂▄▁▁▂▃▂▂▂▂
wandb:                                             loss_box_reg ▃▆██▆▆▇▆▅▅▅▄▄▃▃▃▃▄▄▄▄▃▃▃▄▃▃▃▁▃▂▃▂▂▂▄▁▁▂▂
wandb:                                          loss_classifier █▆▆▆▅▆▅▄▄▄▄▃▃▃▂▂▂▃▂▂▃▁▂▂▂▂▂▂▁▂▁▂▁▂▂▂▁▁▁▂
wandb:                                                loss_mask █▅▄▃▃▂▂▂▂▂▂▂▂▂▂▂▂▂▂▂▂▂▂▂▂▂▂▂▂▂▂▂▁▂▁▂▁▁▂▂
wandb:                                          loss_objectness █▅▃▂▂▃▂▂▂▂▂▁▁▁▂▂▁▁▁▂▁▁▂▂▂▁▁▂▁▁▁▂▁▁▁▁▁▁▁▁
wandb:                                         loss_rpn_box_reg █▆▄▃▃▅▅▃▃▃▃▃▄▂▂▂▂▃▂▄▅▂▃▃▄▂▂▃▁▃▂▄▂▂▃▂▂▁▃▄
wandb:                                                  lr-LARS ████▁▁▁▁▁▁▁▁▂▂▂▂▃▃▃▃▄▄▄▄▅▅▅▅▆▆▆▆▇▇▇▇████
wandb:                                         lr-LARS-momentum ▁▁▁▁▁▁▁▁▁▁▁▁▁▁▁▁▁▁▁▁▁▁▁▁▁▁▁▁▁▁▁▁▁▁▁▁▁▁▁▁
wandb:                                              map_50_bbox ▁▃▅▆▇▇▇███
wandb:                                              map_50_segm ▁▃▅▆▇▇▇███
wandb:                                                 map_bbox ▁▃▅▆▇▇▇███
wandb:                                                 map_segm ▁▃▅▆▇▇▇███
wandb:                                                 mar_bbox ▁▄▆▇▇▇▇███
wandb:                                                 mar_segm ▁▄▆▇▇▇████
wandb:                                               model_time ▃▃▃▆▁▄█▄▆▄
wandb:                                      trainer/global_step ▁▁▁▂▂▂▂▂▂▃▃▃▃▃▄▄▄▄▄▄▅▅▅▅▅▅▆▆▆▆▆▇▇▇▇▇▇███
wandb:                                            training_loss █▄▃▂▂▂▁▁▁▁
wandb:                                       training_step_loss █▆▆▅▄▅▅▄▃▄▃▃▃▂▂▂▂▃▂▂▃▂▂▂▂▂▂▂▁▂▁▂▁▂▂▂▁▁▂▂
wandb: 
wandb: Run summary:
wandb:                                                    epoch 9
wandb:                                           evaluator_time 0.4054
wandb:                                                 local_lr 70.24403
wandb:                   local_lr/roi_heads.box_head.0.0.weight 83.37961
wandb:                     local_lr/roi_heads.box_head.0.1.bias 0.01279
wandb:                   local_lr/roi_heads.box_head.0.1.weight 123.75291
wandb:                   local_lr/roi_heads.box_head.1.0.weight 74.30665
wandb:                     local_lr/roi_heads.box_head.1.1.bias 0.01314
wandb:                   local_lr/roi_heads.box_head.1.1.weight 110.49207
wandb:                   local_lr/roi_heads.box_head.2.0.weight 90.53556
wandb:                     local_lr/roi_heads.box_head.2.1.bias 0.1135
wandb:                   local_lr/roi_heads.box_head.2.1.weight 132.20148
wandb:                   local_lr/roi_heads.box_head.3.0.weight 130.48724
wandb:                     local_lr/roi_heads.box_head.3.1.bias 0.04834
wandb:                   local_lr/roi_heads.box_head.3.1.weight 261.52426
wandb:                       local_lr/roi_heads.box_head.5.bias 111.61831
wandb:                     local_lr/roi_heads.box_head.5.weight 112.47516
wandb:          local_lr/roi_heads.box_predictor.bbox_pred.bias 24.99256
wandb:        local_lr/roi_heads.box_predictor.bbox_pred.weight 44.7519
wandb:          local_lr/roi_heads.box_predictor.cls_score.bias 231.17891
wandb:        local_lr/roi_heads.box_predictor.cls_score.weight 65.10938
wandb:                  local_lr/roi_heads.mask_head.0.0.weight 116.4616
wandb:                    local_lr/roi_heads.mask_head.0.1.bias 0.00116
wandb:                  local_lr/roi_heads.mask_head.0.1.weight 95.02852
wandb:                  local_lr/roi_heads.mask_head.1.0.weight 111.18307
wandb:                    local_lr/roi_heads.mask_head.1.1.bias 0.00236
wandb:                  local_lr/roi_heads.mask_head.1.1.weight 79.77259
wandb:                  local_lr/roi_heads.mask_head.2.0.weight 112.18198
wandb:                    local_lr/roi_heads.mask_head.2.1.bias 0.00568
wandb:                  local_lr/roi_heads.mask_head.2.1.weight 87.22742
wandb:                  local_lr/roi_heads.mask_head.3.0.weight 103.35434
wandb:                    local_lr/roi_heads.mask_head.3.1.bias 0.32944
wandb:                  local_lr/roi_heads.mask_head.3.1.weight 984.99408
wandb:        local_lr/roi_heads.mask_predictor.conv5_mask.bias 58.27181
wandb:      local_lr/roi_heads.mask_predictor.conv5_mask.weight 367.8071
wandb:   local_lr/roi_heads.mask_predictor.mask_fcn_logits.bias 32.57318
wandb: local_lr/roi_heads.mask_predictor.mask_fcn_logits.weight 186.44841
wandb:                         local_lr/rpn.head.bbox_pred.bias 0.02407
wandb:                       local_lr/rpn.head.bbox_pred.weight 8.94723
wandb:                        local_lr/rpn.head.cls_logits.bias 4.90702
wandb:                      local_lr/rpn.head.cls_logits.weight 155.67238
wandb:                          local_lr/rpn.head.conv.0.0.bias 0.01996
wandb:                        local_lr/rpn.head.conv.0.0.weight 129.95219
wandb:                          local_lr/rpn.head.conv.1.0.bias 0.08478
wandb:                        local_lr/rpn.head.conv.1.0.weight 161.15298
wandb:                                             loss_box_reg 0.24312
wandb:                                          loss_classifier 0.25227
wandb:                                                loss_mask 0.26582
wandb:                                          loss_objectness 0.04436
wandb:                                         loss_rpn_box_reg 0.0581
wandb:                                                  lr-LARS 0.00098
wandb:                                         lr-LARS-momentum 0.9
wandb:                                              map_50_bbox 0.46999
wandb:                                              map_50_segm 0.45135
wandb:                                                 map_bbox 0.27891
wandb:                                                 map_segm 0.26995
wandb:                                                 mar_bbox 0.44592
wandb:                                                 mar_segm 0.42769
wandb:                                               model_time 0.57931
wandb:                                      trainer/global_step 9159
wandb:                                            training_loss 0.88663
wandb:                                       training_step_loss 0.86366
wandb: 
wandb: 🚀 View run lars-16-cosineannealinglrwarmuprestarts-gamma0.5-3e-4 at: https://wandb.ai/ilhamsyahids/MaskRCNN/runs/i6ec65lg
wandb: Synced 5 W&B file(s), 1 media file(s), 2 artifact file(s) and 0 other file(s)
wandb: Find logs at: /raid/data/m23522033/logs/wandb/run-20230514_180501-i6ec65lg/logs
