Building logger...
Building DataModule...
Building callback...
Building model...
Training model...
Loading dataset...
loading annotations into memory...
Done (t=16.65s)
creating index...
index created!
loading annotations into memory...
Done (t=0.52s)
creating index...
index created!
Building training dataloader...
Using [0, 0.5, 0.7071067811865476, 1.0, 1.4142135623730951, 2.0, inf] as bins for aspect ratio quantization
Count of instances per bin: [  104 12004 15546 45675 42779  1158]
Building logger...
Building DataModule...
Building callback...
Building model...
Training model...
Loading dataset...
loading annotations into memory...
Done (t=17.35s)
creating index...
index created!
loading annotations into memory...
Done (t=0.46s)
creating index...
index created!
Building training dataloader...
Using [0, 0.5, 0.7071067811865476, 1.0, 1.4142135623730951, 2.0, inf] as bins for aspect ratio quantization
Count of instances per bin: [  104 12004 15546 45675 42779  1158]
Building logger...
Building DataModule...
Building callback...
Building model...
Training model...
Loading dataset...
loading annotations into memory...
Done (t=16.78s)
creating index...
index created!
loading annotations into memory...
Done (t=0.49s)
creating index...
index created!
Building training dataloader...
Using [0, 0.5, 0.7071067811865476, 1.0, 1.4142135623730951, 2.0, inf] as bins for aspect ratio quantization
Count of instances per bin: [  104 12004 15546 45675 42779  1158]
Building logger...
Building DataModule...
Building callback...
Building model...
Training model...
Loading dataset...
loading annotations into memory...
Done (t=16.65s)
creating index...
index created!
loading annotations into memory...
Done (t=0.50s)
creating index...
index created!
Building training dataloader...
Using [0, 0.5, 0.7071067811865476, 1.0, 1.4142135623730951, 2.0, inf] as bins for aspect ratio quantization
Count of instances per bin: [  104 12004 15546 45675 42779  1158]
Building logger...
Building DataModule...
Building callback...
Building model...
Training model...
Loading dataset...
loading annotations into memory...
Done (t=17.09s)
creating index...
index created!
loading annotations into memory...
Done (t=0.48s)
creating index...
index created!
Building training dataloader...
Using [0, 0.5, 0.7071067811865476, 1.0, 1.4142135623730951, 2.0, inf] as bins for aspect ratio quantization
Count of instances per bin: [  104 12004 15546 45675 42779  1158]
Building logger...
Building DataModule...
Building callback...
Building model...
Training model...
Loading dataset...
loading annotations into memory...
Done (t=17.19s)
creating index...
index created!
loading annotations into memory...
Done (t=0.48s)
creating index...
index created!
Building training dataloader...
Using [0, 0.5, 0.7071067811865476, 1.0, 1.4142135623730951, 2.0, inf] as bins for aspect ratio quantization
Count of instances per bin: [  104 12004 15546 45675 42779  1158]
Building logger...
Building DataModule...
Building callback...
Building model...
Training model...
Loading dataset...
loading annotations into memory...
Done (t=17.85s)
creating index...
index created!
loading annotations into memory...
Done (t=0.48s)
creating index...
index created!
Building training dataloader...
Using [0, 0.5, 0.7071067811865476, 1.0, 1.4142135623730951, 2.0, inf] as bins for aspect ratio quantization
Count of instances per bin: [  104 12004 15546 45675 42779  1158]
Building logger...
Building DataModule...
Building callback...
Building model...
Training model...
Loading dataset...
loading annotations into memory...
Done (t=17.92s)
creating index...
index created!
loading annotations into memory...
Done (t=0.51s)
creating index...
index created!
Building training dataloader...
Using [0, 0.5, 0.7071067811865476, 1.0, 1.4142135623730951, 2.0, inf] as bins for aspect ratio quantization
Count of instances per bin: [  104 12004 15546 45675 42779  1158]
Building validation dataloader...
Building validation dataloader...
Building validation dataloader...
Building validation dataloader...
Building validation dataloader...
Building validation dataloader...
Building validation dataloader...
Building validation dataloader...
Training: 0it [00:00, ?it/s]Training:   0%|          | 0/916 [00:00<?, ?it/s]Epoch 0:   0%|          | 0/916 [00:00<?, ?it/s] Epoch 0:   2%|▏         | 20/916 [00:27<20:23,  1.37s/it]Epoch 0:   2%|▏         | 20/916 [00:27<20:23,  1.37s/it, v_num=uo_1, training_step_loss=2.940, loss_box_reg=0.199, loss_classifier=1.410, loss_mask=0.631, loss_objectness=0.573, loss_rpn_box_reg=0.123]Epoch 0:   4%|▍         | 40/916 [00:50<18:29,  1.27s/it, v_num=uo_1, training_step_loss=2.940, loss_box_reg=0.199, loss_classifier=1.410, loss_mask=0.631, loss_objectness=0.573, loss_rpn_box_reg=0.123]Epoch 0:   4%|▍         | 40/916 [00:50<18:29,  1.27s/it, v_num=uo_1, training_step_loss=2.190, loss_box_reg=0.216, loss_classifier=0.933, loss_mask=0.581, loss_objectness=0.318, loss_rpn_box_reg=0.143]Epoch 0:   7%|▋         | 60/916 [01:14<17:37,  1.24s/it, v_num=uo_1, training_step_loss=2.190, loss_box_reg=0.216, loss_classifier=0.933, loss_mask=0.581, loss_objectness=0.318, loss_rpn_box_reg=0.143]Epoch 0:   7%|▋         | 60/916 [01:14<17:37,  1.24s/it, v_num=uo_1, training_step_loss=1.830, loss_box_reg=0.269, loss_classifier=0.661, loss_mask=0.564, loss_objectness=0.208, loss_rpn_box_reg=0.129]
Loss is nan, stopping training
Epoch 0:   7%|▋         | 60/916 [01:36<22:51,  1.60s/it, v_num=uo_1, training_step_loss=nan.0, loss_box_reg=0.237, loss_classifier=nan.0, loss_mask=0.532, loss_objectness=0.228, loss_rpn_box_reg=0.145]
Total time on epoch 0: 0:01:36
Total time on 0 epoch: 0:01:36
Epoch 0:   7%|▋         | 60/916 [01:37<23:05,  1.62s/it, v_num=uo_1, training_step_loss=nan.0, loss_box_reg=0.237, loss_classifier=nan.0, loss_mask=0.532, loss_objectness=0.228, loss_rpn_box_reg=0.145]
Training time 0:01:37
