wandb: Currently logged in as: ilhamsyahids. Use `wandb login --relogin` to force relogin
wandb: wandb version 0.15.0 is available!  To upgrade, please run:
wandb:  $ pip install wandb --upgrade
wandb: Tracking run with wandb version 0.14.0
wandb: Run data is saved locally in /raid/data/m23522033/logs/wandb/run-20230425_064341-mow72lqx
wandb: Run `wandb offline` to turn off syncing.
wandb: Syncing run lars-16-cosineannealinglrwarmuprestarts-gamma0.5-1e-3
wandb: ⭐️ View project at https://wandb.ai/ilhamsyahids/MaskRCNN
wandb: 🚀 View run at https://wandb.ai/ilhamsyahids/MaskRCNN/runs/mow72lqx
wandb: logging graph, to disable use `wandb.watch(log_graph=False)`
/home/m23522033/torch-mask-rcnn/.venv/lib/python3.8/site-packages/lightning_fabric/connector.py:562: UserWarning: 16 is supported for historical reasons but its usage is discouraged. Please set your precision to 16-mixed instead!
  rank_zero_warn(
/home/m23522033/torch-mask-rcnn/.venv/lib/python3.8/site-packages/lightning_fabric/plugins/environments/slurm.py:165: PossibleUserWarning: The `srun` command is available on your system but is not used. HINT: If your intention is to run Lightning on SLURM, prepend your python command with `srun` like so: srun python3 train.py --config-file config/gpu/new/gpu-lars-cosi ...
  rank_zero_warn(
Using 16bit Automatic Mixed Precision (AMP)
GPU available: True (cuda), used: True
TPU available: False, using: 0 TPU cores
IPU available: False, using: 0 IPUs
HPU available: False, using: 0 HPUs
/home/m23522033/torch-mask-rcnn/.venv/lib/python3.8/site-packages/lightning_fabric/plugins/environments/slurm.py:165: PossibleUserWarning: The `srun` command is available on your system but is not used. HINT: If your intention is to run Lightning on SLURM, prepend your python command with `srun` like so: srun python3 train.py --config-file config/gpu/new/gpu-lars-cosi ...
  rank_zero_warn(
Initializing distributed: GLOBAL_RANK: 0, MEMBER: 1/8
Initializing distributed: GLOBAL_RANK: 6, MEMBER: 7/8
Initializing distributed: GLOBAL_RANK: 2, MEMBER: 3/8
Initializing distributed: GLOBAL_RANK: 3, MEMBER: 4/8
Initializing distributed: GLOBAL_RANK: 7, MEMBER: 8/8
Initializing distributed: GLOBAL_RANK: 5, MEMBER: 6/8
Initializing distributed: GLOBAL_RANK: 4, MEMBER: 5/8
Initializing distributed: GLOBAL_RANK: 1, MEMBER: 2/8
----------------------------------------------------------------------------------------------------
distributed_backend=nccl
All distributed processes registered. Starting with 8 processes
----------------------------------------------------------------------------------------------------

LOCAL_RANK: 1 - CUDA_VISIBLE_DEVICES: [0,1,2,3,4,5,6,7]
LOCAL_RANK: 2 - CUDA_VISIBLE_DEVICES: [0,1,2,3,4,5,6,7]
LOCAL_RANK: 6 - CUDA_VISIBLE_DEVICES: [0,1,2,3,4,5,6,7]
LOCAL_RANK: 4 - CUDA_VISIBLE_DEVICES: [0,1,2,3,4,5,6,7]
LOCAL_RANK: 5 - CUDA_VISIBLE_DEVICES: [0,1,2,3,4,5,6,7]
LOCAL_RANK: 3 - CUDA_VISIBLE_DEVICES: [0,1,2,3,4,5,6,7]
LOCAL_RANK: 7 - CUDA_VISIBLE_DEVICES: [0,1,2,3,4,5,6,7]
LOCAL_RANK: 0 - CUDA_VISIBLE_DEVICES: [0,1,2,3,4,5,6,7]

  | Name  | Type     | Params
-----------------------------------
0 | model | MaskRCNN | 46.4 M
-----------------------------------
46.1 M    Trainable params
225 K     Non-trainable params
46.4 M    Total params
185.438   Total estimated model params size (MB)
/home/m23522033/torch-mask-rcnn/.venv/lib/python3.8/site-packages/lightning_fabric/loggers/csv_logs.py:188: UserWarning: Experiment logs directory /raid/data/m23522033/logs/lars-16-cosineannealinglrwarmuprestarts-gamma0.5-1e-3/version_1 exists and is not empty. Previous log files in this directory will be deleted when the new ones are saved!
  rank_zero_warn(
Traceback (most recent call last):
  File "/usr/lib/python3.8/multiprocessing/util.py", line 300, in _run_finalizers
    finalizer()
  File "/usr/lib/python3.8/multiprocessing/util.py", line 224, in __call__
    res = self._callback(*self._args, **self._kwargs)
  File "/usr/lib/python3.8/multiprocessing/util.py", line 133, in _remove_temp_dir
    rmtree(tempdir)
  File "/usr/lib/python3.8/shutil.py", line 722, in rmtree
    onerror(os.rmdir, path, sys.exc_info())
  File "/usr/lib/python3.8/shutil.py", line 720, in rmtree
    os.rmdir(path)
OSError: [Errno 39] Directory not empty: '/tmp/pymp-an0s3e25'
/home/m23522033/torch-mask-rcnn/.venv/lib/python3.8/site-packages/pytorch_lightning/trainer/connectors/logger_connector/result.py:432: PossibleUserWarning: It is recommended to use `self.log('model_time', ..., sync_dist=True)` when logging on epoch level in distributed setting to accumulate the metric across devices.
  warning_cache.warn(
/home/m23522033/torch-mask-rcnn/.venv/lib/python3.8/site-packages/pytorch_lightning/trainer/connectors/logger_connector/result.py:432: PossibleUserWarning: It is recommended to use `self.log('evaluator_time', ..., sync_dist=True)` when logging on epoch level in distributed setting to accumulate the metric across devices.
  warning_cache.warn(
/home/m23522033/torch-mask-rcnn/.venv/lib/python3.8/site-packages/pytorch_lightning/trainer/connectors/logger_connector/result.py:432: PossibleUserWarning: It is recommended to use `self.log('map_bbox', ..., sync_dist=True)` when logging on epoch level in distributed setting to accumulate the metric across devices.
  warning_cache.warn(
/home/m23522033/torch-mask-rcnn/.venv/lib/python3.8/site-packages/pytorch_lightning/trainer/connectors/logger_connector/result.py:432: PossibleUserWarning: It is recommended to use `self.log('map_50_bbox', ..., sync_dist=True)` when logging on epoch level in distributed setting to accumulate the metric across devices.
  warning_cache.warn(
/home/m23522033/torch-mask-rcnn/.venv/lib/python3.8/site-packages/pytorch_lightning/trainer/connectors/logger_connector/result.py:432: PossibleUserWarning: It is recommended to use `self.log('mar_bbox', ..., sync_dist=True)` when logging on epoch level in distributed setting to accumulate the metric across devices.
  warning_cache.warn(
/home/m23522033/torch-mask-rcnn/.venv/lib/python3.8/site-packages/pytorch_lightning/trainer/connectors/logger_connector/result.py:432: PossibleUserWarning: It is recommended to use `self.log('map_segm', ..., sync_dist=True)` when logging on epoch level in distributed setting to accumulate the metric across devices.
  warning_cache.warn(
/home/m23522033/torch-mask-rcnn/.venv/lib/python3.8/site-packages/pytorch_lightning/trainer/connectors/logger_connector/result.py:432: PossibleUserWarning: It is recommended to use `self.log('map_50_segm', ..., sync_dist=True)` when logging on epoch level in distributed setting to accumulate the metric across devices.
  warning_cache.warn(
/home/m23522033/torch-mask-rcnn/.venv/lib/python3.8/site-packages/pytorch_lightning/trainer/connectors/logger_connector/result.py:432: PossibleUserWarning: It is recommended to use `self.log('mar_segm', ..., sync_dist=True)` when logging on epoch level in distributed setting to accumulate the metric across devices.
  warning_cache.warn(
`Trainer.fit` stopped: `max_epochs=10` reached.
FIT Profiler Report

--------------------------------------------------------------------------------------------------------------------------------------------------------------------------------------------------------------------------------------------------------------------------
|  Action                                                                                                                                                         	|  Mean duration (s)	|  Num calls      	|  Total time (s) 	|  Percentage %   	|
--------------------------------------------------------------------------------------------------------------------------------------------------------------------------------------------------------------------------------------------------------------------------
|  Total                                                                                                                                                          	|  -              	|  454437         	|  1.9105e+04     	|  100 %          	|
--------------------------------------------------------------------------------------------------------------------------------------------------------------------------------------------------------------------------------------------------------------------------
|  run_training_epoch                                                                                                                                             	|  1901.5         	|  10             	|  1.9015e+04     	|  99.525         	|
|  run_training_batch                                                                                                                                             	|  1.7569         	|  9160           	|  1.6093e+04     	|  84.232         	|
|  [LightningModule]Mask_RCNN.optimizer_step                                                                                                                      	|  1.7567         	|  9160           	|  1.6092e+04     	|  84.226         	|
|  [Strategy]DDPStrategy.training_step                                                                                                                            	|  0.87113        	|  9160           	|  7979.5         	|  41.766         	|
|  [Strategy]DDPStrategy.backward                                                                                                                                 	|  0.26508        	|  9160           	|  2428.1         	|  12.709         	|
|  [Strategy]DDPStrategy.validation_step                                                                                                                          	|  1.4853         	|  790            	|  1173.4         	|  6.1416         	|
|  [_TrainingEpochLoop].train_dataloader_next                                                                                                                     	|  0.039106       	|  9160           	|  358.21         	|  1.8749         	|
|  [Strategy]DDPStrategy.batch_to_device                                                                                                                          	|  0.029757       	|  9950           	|  296.08         	|  1.5497         	|
|  [LightningModule]Mask_RCNN.transfer_batch_to_device                                                                                                            	|  0.029598       	|  9950           	|  294.5          	|  1.5415         	|
|  [Callback]COCOEvaluator.on_validation_batch_end                                                                                                                	|  0.36384        	|  790            	|  287.44         	|  1.5045         	|
|  [Callback]COCOEvaluator.on_validation_epoch_end                                                                                                                	|  28.519         	|  10             	|  285.19         	|  1.4927         	|
|  [Callback]COCOEvaluator.on_validation_start                                                                                                                    	|  4.4269         	|  10             	|  44.269         	|  0.23171        	|
|  [Callback]ModelCheckpoint{'monitor': None, 'mode': 'min', 'every_n_train_steps': 0, 'every_n_epochs': 1, 'train_time_interval': None}.on_train_epoch_end       	|  2.7427         	|  10             	|  27.427         	|  0.14355        	|
|  [LightningDataModule]COCODataModule.setup                                                                                                                      	|  22.22          	|  1              	|  22.22          	|  0.1163         	|
|  [Callback]COCOEvaluator.on_validation_epoch_start                                                                                                              	|  1.7827         	|  10             	|  17.827         	|  0.093311       	|
|  [_EvaluationLoop].val_next                                                                                                                                     	|  0.018865       	|  790            	|  14.903         	|  0.078006       	|
|  [LightningModule]Mask_RCNN.on_train_epoch_end                                                                                                                  	|  0.75776        	|  10             	|  7.5776         	|  0.039662       	|
|  [LightningModule]Mask_RCNN.optimizer_zero_grad                                                                                                                 	|  0.00062658     	|  9160           	|  5.7394         	|  0.030041       	|
|  [Callback]LearningRateMonitor.on_train_batch_start                                                                                                             	|  0.00021215     	|  9160           	|  1.9433         	|  0.010172       	|
|  [Callback]TQDMProgressBar.on_train_batch_end                                                                                                                   	|  9.9392e-05     	|  9160           	|  0.91043        	|  0.0047653      	|
|  [Callback]ModelCheckpoint{'monitor': None, 'mode': 'min', 'every_n_train_steps': 0, 'every_n_epochs': 1, 'train_time_interval': None}.on_train_batch_end       	|  3.3605e-05     	|  9160           	|  0.30782        	|  0.0016112      	|
|  [LightningModule]Mask_RCNN.configure_gradient_clipping                                                                                                         	|  3.2643e-05     	|  9160           	|  0.29901        	|  0.0015651      	|
|  [LightningDataModule]COCODataModule.train_dataloader                                                                                                           	|  0.19265        	|  1              	|  0.19265        	|  0.0010083      	|
|  [Callback]TQDMProgressBar.on_validation_start                                                                                                                  	|  0.006435       	|  10             	|  0.06435        	|  0.00033681     	|
|  [Callback]TQDMProgressBar.on_train_batch_start                                                                                                                 	|  5.9453e-06     	|  9160           	|  0.054459       	|  0.00028505     	|
|  [Callback]TQDMProgressBar.on_validation_batch_end                                                                                                              	|  6.3268e-05     	|  790            	|  0.049982       	|  0.00026161     	|
|  [Callback]TQDMProgressBar.on_after_backward                                                                                                                    	|  5.0545e-06     	|  9160           	|  0.0463         	|  0.00024234     	|
|  [LightningModule]Mask_RCNN.on_validation_model_eval                                                                                                            	|  0.0039593      	|  10             	|  0.039593       	|  0.00020724     	|
|  [Callback]TQDMProgressBar.on_before_zero_grad                                                                                                                  	|  3.8507e-06     	|  9160           	|  0.035273       	|  0.00018462     	|
|  [Callback]TQDMProgressBar.on_before_optimizer_step                                                                                                             	|  3.8217e-06     	|  9160           	|  0.035007       	|  0.00018323     	|
|  [LightningModule]Mask_RCNN.on_before_batch_transfer                                                                                                            	|  3.4407e-06     	|  9950           	|  0.034235       	|  0.00017919     	|
|  [Callback]TQDMProgressBar.on_before_backward                                                                                                                   	|  3.4191e-06     	|  9160           	|  0.031319       	|  0.00016393     	|
|  [LightningModule]Mask_RCNN.on_after_batch_transfer                                                                                                             	|  2.9748e-06     	|  9950           	|  0.0296         	|  0.00015493     	|
|  [Callback]LearningRateMonitor.on_train_batch_end                                                                                                               	|  2.5145e-06     	|  9160           	|  0.023033       	|  0.00012056     	|
|  [LightningModule]Mask_RCNN.on_train_batch_end                                                                                                                  	|  2.368e-06      	|  9160           	|  0.021691       	|  0.00011353     	|
|  [Callback]TQDMProgressBar.on_validation_batch_start                                                                                                            	|  2.4492e-05     	|  790            	|  0.019348       	|  0.00010127     	|
|  [LightningModule]Mask_RCNN.on_after_backward                                                                                                                   	|  2.0515e-06     	|  9160           	|  0.018791       	|  9.8357e-05     	|
|  [LightningModule]Mask_RCNN.on_before_zero_grad                                                                                                                 	|  1.9669e-06     	|  9160           	|  0.018017       	|  9.4304e-05     	|
|  [LightningModule]Mask_RCNN.on_train_batch_start                                                                                                                	|  1.9249e-06     	|  9160           	|  0.017632       	|  9.2288e-05     	|
|  [LightningModule]Mask_RCNN.on_before_optimizer_step                                                                                                            	|  1.8222e-06     	|  9160           	|  0.016691       	|  8.7363e-05     	|
|  [LightningModule]Mask_RCNN.on_before_backward                                                                                                                  	|  1.6774e-06     	|  9160           	|  0.015365       	|  8.0422e-05     	|
|  [Callback]COCOEvaluator.on_train_batch_start                                                                                                                   	|  1.6535e-06     	|  9160           	|  0.015146       	|  7.9278e-05     	|
|  [Callback]LearningRateMonitor.on_after_backward                                                                                                                	|  1.6509e-06     	|  9160           	|  0.015123       	|  7.9153e-05     	|
|  [Callback]ModelCheckpoint{'monitor': None, 'mode': 'min', 'every_n_train_steps': 0, 'every_n_epochs': 1, 'train_time_interval': None}.on_train_batch_start     	|  1.6505e-06     	|  9160           	|  0.015119       	|  7.9133e-05     	|
|  [Callback]ModelSummary.on_before_zero_grad                                                                                                                     	|  1.5767e-06     	|  9160           	|  0.014443       	|  7.5595e-05     	|
|  [Callback]TQDMProgressBar.on_validation_end                                                                                                                    	|  0.0014382      	|  10             	|  0.014382       	|  7.5278e-05     	|
|  [Callback]LearningRateMonitor.on_before_zero_grad                                                                                                              	|  1.5461e-06     	|  9160           	|  0.014163       	|  7.4129e-05     	|
|  [Callback]LearningRateMonitor.on_before_optimizer_step                                                                                                         	|  1.5266e-06     	|  9160           	|  0.013984       	|  7.3194e-05     	|
|  [Callback]LearningRateMonitor.on_before_backward                                                                                                               	|  1.5065e-06     	|  9160           	|  0.0138         	|  7.2228e-05     	|
|  [Callback]COCOEvaluator.on_train_batch_end                                                                                                                     	|  1.5059e-06     	|  9160           	|  0.013794       	|  7.2202e-05     	|
|  [Callback]ModelCheckpoint{'monitor': None, 'mode': 'min', 'every_n_train_steps': 0, 'every_n_epochs': 1, 'train_time_interval': None}.on_after_backward        	|  1.4627e-06     	|  9160           	|  0.013398       	|  7.0127e-05     	|
|  [Callback]ModelSummary.on_train_batch_start                                                                                                                    	|  1.4552e-06     	|  9160           	|  0.013329       	|  6.9767e-05     	|
|  [Callback]ModelCheckpoint{'monitor': None, 'mode': 'min', 'every_n_train_steps': 0, 'every_n_epochs': 1, 'train_time_interval': None}.on_before_optimizer_step 	|  1.4539e-06     	|  9160           	|  0.013317       	|  6.9705e-05     	|
|  [Callback]ModelCheckpoint{'monitor': None, 'mode': 'min', 'every_n_train_steps': 0, 'every_n_epochs': 1, 'train_time_interval': None}.on_before_zero_grad      	|  1.4515e-06     	|  9160           	|  0.013296       	|  6.9593e-05     	|
|  [Callback]COCOEvaluator.on_after_backward                                                                                                                      	|  1.4185e-06     	|  9160           	|  0.012993       	|  6.8008e-05     	|
|  [Callback]ModelCheckpoint{'monitor': None, 'mode': 'min', 'every_n_train_steps': 0, 'every_n_epochs': 1, 'train_time_interval': None}.on_before_backward       	|  1.3716e-06     	|  9160           	|  0.012564       	|  6.5761e-05     	|
|  [Callback]ModelSummary.on_train_batch_end                                                                                                                      	|  1.346e-06      	|  9160           	|  0.01233        	|  6.4535e-05     	|
|  [LightningModule]Mask_RCNN.on_validation_model_train                                                                                                           	|  0.0012085      	|  10             	|  0.012085       	|  6.3256e-05     	|
|  [Callback]COCOEvaluator.on_before_optimizer_step                                                                                                               	|  1.3113e-06     	|  9160           	|  0.012012       	|  6.2872e-05     	|
|  [Callback]COCOEvaluator.on_before_zero_grad                                                                                                                    	|  1.2761e-06     	|  9160           	|  0.011689       	|  6.1182e-05     	|
|  [Callback]COCOEvaluator.on_before_backward                                                                                                                     	|  1.2476e-06     	|  9160           	|  0.011428       	|  5.9815e-05     	|
|  [Callback]ModelSummary.on_before_optimizer_step                                                                                                                	|  1.2359e-06     	|  9160           	|  0.011321       	|  5.9254e-05     	|
|  [Callback]ModelSummary.on_after_backward                                                                                                                       	|  1.214e-06      	|  9160           	|  0.011121       	|  5.8206e-05     	|
|  [Strategy]DDPStrategy.on_train_batch_start                                                                                                                     	|  1.1953e-06     	|  9160           	|  0.010949       	|  5.731e-05      	|
|  [Callback]TQDMProgressBar.on_train_epoch_start                                                                                                                 	|  0.0010516      	|  10             	|  0.010516       	|  5.5044e-05     	|
|  [Callback]ModelSummary.on_before_backward                                                                                                                      	|  1.1453e-06     	|  9160           	|  0.010491       	|  5.4911e-05     	|
|  [Callback]ModelSummary.on_fit_start                                                                                                                            	|  0.0071844      	|  1              	|  0.0071844      	|  3.7604e-05     	|
|  [Callback]ModelSummary.on_validation_batch_end                                                                                                                 	|  7.4026e-06     	|  790            	|  0.0058481      	|  3.061e-05      	|
|  [Callback]TQDMProgressBar.on_train_epoch_end                                                                                                                   	|  0.00042096     	|  10             	|  0.0042096      	|  2.2034e-05     	|
|  [LightningModule]Mask_RCNN.on_validation_batch_end                                                                                                             	|  3.0949e-06     	|  790            	|  0.002445       	|  1.2797e-05     	|
|  [Callback]LearningRateMonitor.on_validation_batch_end                                                                                                          	|  3.0058e-06     	|  790            	|  0.0023746      	|  1.2429e-05     	|
|  [Callback]LearningRateMonitor.on_validation_batch_start                                                                                                        	|  2.3664e-06     	|  790            	|  0.0018695      	|  9.785e-06      	|
|  [Callback]TQDMProgressBar.on_train_start                                                                                                                       	|  0.0017472      	|  1              	|  0.0017472      	|  9.145e-06      	|
|  [Callback]ModelCheckpoint{'monitor': None, 'mode': 'min', 'every_n_train_steps': 0, 'every_n_epochs': 1, 'train_time_interval': None}.setup                    	|  0.0016927      	|  1              	|  0.0016927      	|  8.8597e-06     	|
|  [Callback]ModelCheckpoint{'monitor': None, 'mode': 'min', 'every_n_train_steps': 0, 'every_n_epochs': 1, 'train_time_interval': None}.on_validation_batch_end  	|  2.0625e-06     	|  790            	|  0.0016294      	|  8.5283e-06     	|
|  [LightningDataModule]COCODataModule.val_dataloader                                                                                                             	|  0.0013109      	|  1              	|  0.0013109      	|  6.8612e-06     	|
|  [LightningModule]Mask_RCNN.on_validation_batch_start                                                                                                           	|  1.6544e-06     	|  790            	|  0.001307       	|  6.8408e-06     	|
|  [Callback]ModelCheckpoint{'monitor': None, 'mode': 'min', 'every_n_train_steps': 0, 'every_n_epochs': 1, 'train_time_interval': None}.on_validation_batch_start	|  1.5781e-06     	|  790            	|  0.0012467      	|  6.5252e-06     	|
|  [Callback]COCOEvaluator.on_validation_batch_start                                                                                                              	|  1.4892e-06     	|  790            	|  0.0011765      	|  6.1578e-06     	|
|  [Callback]ModelSummary.on_validation_batch_start                                                                                                               	|  1.3178e-06     	|  790            	|  0.001041       	|  5.449e-06      	|
|  [LightningModule]Mask_RCNN.configure_optimizers                                                                                                                	|  0.00093489     	|  1              	|  0.00093489     	|  4.8933e-06     	|
|  [Callback]TQDMProgressBar.on_train_end                                                                                                                         	|  0.00079634     	|  1              	|  0.00079634     	|  4.1681e-06     	|
|  [LightningModule]Mask_RCNN.on_validation_epoch_start                                                                                                           	|  7.4912e-05     	|  10             	|  0.00074912     	|  3.921e-06      	|
|  [Callback]ModelCheckpoint{'monitor': None, 'mode': 'min', 'every_n_train_steps': 0, 'every_n_epochs': 1, 'train_time_interval': None}.on_validation_end        	|  6.9818e-05     	|  10             	|  0.00069818     	|  3.6543e-06     	|
|  [LightningModule]Mask_RCNN.lr_scheduler_step                                                                                                                   	|  5.8861e-05     	|  10             	|  0.00058861     	|  3.0809e-06     	|
|  [Callback]LearningRateMonitor.on_train_epoch_start                                                                                                             	|  3.5661e-05     	|  10             	|  0.00035661     	|  1.8665e-06     	|
|  [Callback]ModelSummary.on_validation_epoch_start                                                                                                               	|  2.4111e-05     	|  10             	|  0.00024111     	|  1.262e-06      	|
|  [Callback]LearningRateMonitor.on_train_start                                                                                                                   	|  0.0002117      	|  1              	|  0.0002117      	|  1.1081e-06     	|
|  [LightningModule]Mask_RCNN.on_train_end                                                                                                                        	|  0.00020384     	|  1              	|  0.00020384     	|  1.0669e-06     	|
|  [LightningModule]Mask_RCNN.on_train_epoch_start                                                                                                                	|  1.9865e-05     	|  10             	|  0.00019865     	|  1.0398e-06     	|
|  [Callback]ModelSummary.on_validation_start                                                                                                                     	|  1.5888e-05     	|  10             	|  0.00015888     	|  8.3162e-07     	|
|  [Callback]LearningRateMonitor.on_validation_start                                                                                                              	|  1.5341e-05     	|  10             	|  0.00015341     	|  8.0294e-07     	|
|  [LightningDataModule]COCODataModule.state_dict                                                                                                                 	|  1.0659e-05     	|  10             	|  0.00010659     	|  5.5788e-07     	|
|  [Callback]COCOEvaluator.on_train_epoch_start                                                                                                                   	|  8.0697e-06     	|  10             	|  8.0697e-05     	|  4.2238e-07     	|
|  [Callback]ModelSummary.on_validation_epoch_end                                                                                                                 	|  7.6518e-06     	|  10             	|  7.6518e-05     	|  4.0051e-07     	|
|  [Callback]LearningRateMonitor.on_validation_end                                                                                                                	|  6.3678e-06     	|  10             	|  6.3678e-05     	|  3.333e-07      	|
|  [Strategy]DDPStrategy.on_validation_start                                                                                                                      	|  5.4818e-06     	|  10             	|  5.4818e-05     	|  2.8692e-07     	|
|  [Callback]TQDMProgressBar.on_validation_epoch_end                                                                                                              	|  4.9112e-06     	|  10             	|  4.9112e-05     	|  2.5706e-07     	|
|  [Strategy]DDPStrategy.on_validation_end                                                                                                                        	|  4.2044e-06     	|  10             	|  4.2044e-05     	|  2.2006e-07     	|
|  [Callback]LearningRateMonitor.on_train_epoch_end                                                                                                               	|  4.1585e-06     	|  10             	|  4.1585e-05     	|  2.1766e-07     	|
|  [LightningModule]Mask_RCNN.on_validation_start                                                                                                                 	|  4.0102e-06     	|  10             	|  4.0102e-05     	|  2.099e-07      	|
|  [Callback]TQDMProgressBar.on_save_checkpoint                                                                                                                   	|  3.682e-06      	|  10             	|  3.682e-05      	|  1.9272e-07     	|
|  [Callback]ModelCheckpoint{'monitor': None, 'mode': 'min', 'every_n_train_steps': 0, 'every_n_epochs': 1, 'train_time_interval': None}.on_validation_epoch_end  	|  3.453e-06      	|  10             	|  3.453e-05      	|  1.8074e-07     	|
|  [LightningModule]Mask_RCNN.on_validation_epoch_end                                                                                                             	|  3.328e-06      	|  10             	|  3.328e-05      	|  1.7419e-07     	|
|  [Callback]COCOEvaluator.on_validation_end                                                                                                                      	|  3.245e-06      	|  10             	|  3.245e-05      	|  1.6985e-07     	|
|  [Callback]ModelSummary.on_train_epoch_start                                                                                                                    	|  2.9581e-06     	|  10             	|  2.9581e-05     	|  1.5483e-07     	|
|  [LightningModule]Mask_RCNN.on_validation_end                                                                                                                   	|  2.8763e-06     	|  10             	|  2.8763e-05     	|  1.5055e-07     	|
|  [Callback]TQDMProgressBar.setup                                                                                                                                	|  2.673e-05      	|  1              	|  2.673e-05      	|  1.3991e-07     	|
|  [Callback]TQDMProgressBar.on_validation_epoch_start                                                                                                            	|  2.5427e-06     	|  10             	|  2.5427e-05     	|  1.3309e-07     	|
|  [Callback]ModelCheckpoint{'monitor': None, 'mode': 'min', 'every_n_train_steps': 0, 'every_n_epochs': 1, 'train_time_interval': None}.on_train_epoch_start     	|  2.5338e-06     	|  10             	|  2.5338e-05     	|  1.3262e-07     	|
|  [LightningModule]Mask_RCNN.on_train_start                                                                                                                      	|  2.3517e-05     	|  1              	|  2.3517e-05     	|  1.2309e-07     	|
|  [Callback]ModelCheckpoint{'monitor': None, 'mode': 'min', 'every_n_train_steps': 0, 'every_n_epochs': 1, 'train_time_interval': None}.on_validation_start      	|  2.2899e-06     	|  10             	|  2.2899e-05     	|  1.1986e-07     	|
|  [Callback]LearningRateMonitor.on_save_checkpoint                                                                                                               	|  2.1806e-06     	|  10             	|  2.1806e-05     	|  1.1414e-07     	|
|  [Callback]ModelCheckpoint{'monitor': None, 'mode': 'min', 'every_n_train_steps': 0, 'every_n_epochs': 1, 'train_time_interval': None}.on_save_checkpoint       	|  2.0117e-06     	|  10             	|  2.0117e-05     	|  1.0529e-07     	|
|  [Callback]ModelCheckpoint{'monitor': None, 'mode': 'min', 'every_n_train_steps': 0, 'every_n_epochs': 1, 'train_time_interval': None}.on_train_start           	|  1.9835e-05     	|  1              	|  1.9835e-05     	|  1.0382e-07     	|
|  [Callback]ModelCheckpoint{'monitor': None, 'mode': 'min', 'every_n_train_steps': 0, 'every_n_epochs': 1, 'train_time_interval': None}.on_validation_epoch_start	|  1.9442e-06     	|  10             	|  1.9442e-05     	|  1.0176e-07     	|
|  [Callback]COCOEvaluator.on_save_checkpoint                                                                                                                     	|  1.8894e-06     	|  10             	|  1.8894e-05     	|  9.8891e-08     	|
|  [Callback]LearningRateMonitor.on_validation_epoch_end                                                                                                          	|  1.7541e-06     	|  10             	|  1.7541e-05     	|  9.1813e-08     	|
|  [Callback]ModelSummary.on_validation_end                                                                                                                       	|  1.5788e-06     	|  10             	|  1.5788e-05     	|  8.2635e-08     	|
|  [Callback]ModelSummary.on_save_checkpoint                                                                                                                      	|  1.5339e-06     	|  10             	|  1.5339e-05     	|  8.0286e-08     	|
|  [Callback]COCOEvaluator.on_train_epoch_end                                                                                                                     	|  1.4495e-06     	|  10             	|  1.4495e-05     	|  7.587e-08      	|
|  [Callback]ModelSummary.on_train_epoch_end                                                                                                                      	|  1.4109e-06     	|  10             	|  1.4109e-05     	|  7.3849e-08     	|
|  [LightningModule]Mask_RCNN.on_save_checkpoint                                                                                                                  	|  1.2576e-06     	|  10             	|  1.2576e-05     	|  6.5825e-08     	|
|  [Callback]LearningRateMonitor.on_validation_epoch_start                                                                                                        	|  1.2576e-06     	|  10             	|  1.2576e-05     	|  6.5822e-08     	|
|  [LightningModule]Mask_RCNN.configure_callbacks                                                                                                                 	|  9.3719e-06     	|  1              	|  9.3719e-06     	|  4.9054e-08     	|
|  [Callback]COCOEvaluator.on_train_start                                                                                                                         	|  6.469e-06      	|  1              	|  6.469e-06      	|  3.3859e-08     	|
|  [LightningModule]Mask_RCNN.on_fit_start                                                                                                                        	|  6.0019e-06     	|  1              	|  6.0019e-06     	|  3.1415e-08     	|
|  [Callback]TQDMProgressBar.on_fit_end                                                                                                                           	|  5.9381e-06     	|  1              	|  5.9381e-06     	|  3.1081e-08     	|
|  [Callback]LearningRateMonitor.on_train_end                                                                                                                     	|  5.8741e-06     	|  1              	|  5.8741e-06     	|  3.0746e-08     	|
|  [Strategy]DDPStrategy.on_train_start                                                                                                                           	|  5.2731e-06     	|  1              	|  5.2731e-06     	|  2.76e-08       	|
|  [LightningDataModule]COCODataModule.prepare_data                                                                                                               	|  5.1991e-06     	|  1              	|  5.1991e-06     	|  2.7213e-08     	|
|  [LightningModule]Mask_RCNN.configure_sharded_model                                                                                                             	|  4.3521e-06     	|  1              	|  4.3521e-06     	|  2.2779e-08     	|
|  [Callback]ModelCheckpoint{'monitor': None, 'mode': 'min', 'every_n_train_steps': 0, 'every_n_epochs': 1, 'train_time_interval': None}.on_fit_start             	|  3.8419e-06     	|  1              	|  3.8419e-06     	|  2.0109e-08     	|
|  [Callback]TQDMProgressBar.on_fit_start                                                                                                                         	|  3.6431e-06     	|  1              	|  3.6431e-06     	|  1.9068e-08     	|
|  [LightningModule]Mask_RCNN.prepare_data                                                                                                                        	|  3.448e-06      	|  1              	|  3.448e-06      	|  1.8047e-08     	|
|  [Callback]LearningRateMonitor.setup                                                                                                                            	|  3.0431e-06     	|  1              	|  3.0431e-06     	|  1.5928e-08     	|
|  [LightningModule]Mask_RCNN.setup                                                                                                                               	|  3.0349e-06     	|  1              	|  3.0349e-06     	|  1.5885e-08     	|
|  [Strategy]DDPStrategy.on_train_end                                                                                                                             	|  2.637e-06      	|  1              	|  2.637e-06      	|  1.3803e-08     	|
|  [Callback]ModelSummary.on_train_end                                                                                                                            	|  2.4501e-06     	|  1              	|  2.4501e-06     	|  1.2824e-08     	|
|  [Callback]COCOEvaluator.on_train_end                                                                                                                           	|  2.336e-06      	|  1              	|  2.336e-06      	|  1.2227e-08     	|
|  [Callback]ModelCheckpoint{'monitor': None, 'mode': 'min', 'every_n_train_steps': 0, 'every_n_epochs': 1, 'train_time_interval': None}.on_train_end             	|  2.3129e-06     	|  1              	|  2.3129e-06     	|  1.2106e-08     	|
|  [LightningDataModule]COCODataModule.teardown                                                                                                                   	|  1.9879e-06     	|  1              	|  1.9879e-06     	|  1.0405e-08     	|
|  [Callback]TQDMProgressBar.teardown                                                                                                                             	|  1.9679e-06     	|  1              	|  1.9679e-06     	|  1.03e-08       	|
|  [Callback]ModelSummary.on_train_start                                                                                                                          	|  1.6801e-06     	|  1              	|  1.6801e-06     	|  8.7939e-09     	|
|  [Callback]LearningRateMonitor.on_fit_end                                                                                                                       	|  1.6629e-06     	|  1              	|  1.6629e-06     	|  8.7037e-09     	|
|  [Callback]COCOEvaluator.setup                                                                                                                                  	|  1.6231e-06     	|  1              	|  1.6231e-06     	|  8.4953e-09     	|
|  [LightningModule]Mask_RCNN.on_fit_end                                                                                                                          	|  1.567e-06      	|  1              	|  1.567e-06      	|  8.2016e-09     	|
|  [Callback]LearningRateMonitor.on_fit_start                                                                                                                     	|  1.532e-06      	|  1              	|  1.532e-06      	|  8.0188e-09     	|
|  [Callback]ModelSummary.setup                                                                                                                                   	|  1.464e-06      	|  1              	|  1.464e-06      	|  7.663e-09      	|
|  [Callback]LearningRateMonitor.teardown                                                                                                                         	|  1.2489e-06     	|  1              	|  1.2489e-06     	|  6.5369e-09     	|
|  [Callback]ModelCheckpoint{'monitor': None, 'mode': 'min', 'every_n_train_steps': 0, 'every_n_epochs': 1, 'train_time_interval': None}.teardown                 	|  1.248e-06      	|  1              	|  1.248e-06      	|  6.532e-09      	|
|  [Callback]COCOEvaluator.on_fit_end                                                                                                                             	|  1.2279e-06     	|  1              	|  1.2279e-06     	|  6.4272e-09     	|
|  [Callback]ModelCheckpoint{'monitor': None, 'mode': 'min', 'every_n_train_steps': 0, 'every_n_epochs': 1, 'train_time_interval': None}.on_fit_end               	|  1.1988e-06     	|  1              	|  1.1988e-06     	|  6.2749e-09     	|
|  [Callback]COCOEvaluator.on_fit_start                                                                                                                           	|  1.1742e-06     	|  1              	|  1.1742e-06     	|  6.1457e-09     	|
|  [Callback]ModelSummary.teardown                                                                                                                                	|  1.1541e-06     	|  1              	|  1.1541e-06     	|  6.0409e-09     	|
|  [Callback]ModelSummary.on_fit_end                                                                                                                              	|  1.1278e-06     	|  1              	|  1.1278e-06     	|  5.9032e-09     	|
|  [Callback]COCOEvaluator.teardown                                                                                                                               	|  1.0931e-06     	|  1              	|  1.0931e-06     	|  5.7216e-09     	|
|  [LightningModule]Mask_RCNN.teardown                                                                                                                            	|  8.4098e-07     	|  1              	|  8.4098e-07     	|  4.4018e-09     	|
--------------------------------------------------------------------------------------------------------------------------------------------------------------------------------------------------------------------------------------------------------------------------

wandb: Waiting for W&B process to finish... (success).
wandb: 
wandb: Run history:
wandb:               epoch ▁▁▁▁▂▂▂▂▃▃▃▃▃▃▃▃▄▄▄▄▅▅▅▅▆▆▆▆▆▆▆▆▇▇▇▇████
wandb:      evaluator_time ▁▅▇█▇▅▃▄▂▆
wandb:        loss_box_reg ▃▂▅▇▇▇█▆▅▅▆▄▄▃▃▃▃▄▄▄▅▂▃▃▄▃▃▃▁▃▂▄▂▂▂▄▁▁▂▂
wandb:     loss_classifier █▃▃▃▃▃▃▃▃▃▃▂▂▂▂▂▂▂▂▂▂▁▂▂▂▁▁▁▁▁▁▁▁▁▁▁▁▁▁▁
wandb:           loss_mask █▇▅▄▄▃▃▃▂▂▂▂▂▂▂▂▂▂▂▂▂▁▁▂▂▂▂▂▁▂▁▁▁▂▁▁▁▁▁▁
wandb:     loss_objectness █▆▄▃▃▃▂▂▂▂▂▂▂▂▂▂▁▁▁▂▁▁▁▂▁▁▁▁▁▂▁▂▁▁▁▁▁▁▁▁
wandb:    loss_rpn_box_reg █▇▅▄▄▅▅▃▃▃▃▄▄▂▃▂▂▃▂▄▄▂▂▃▄▂▂▃▁▃▂▄▂▂▂▂▂▁▂▃
wandb:             lr-LARS ▁▁▁▁▁▁▁▁▁▁▁▁▁▁▁▁▁▁▁▁▁▁▁▁▁▁▁▁▁▁▁▁▁▁▁▁▁▁▁▁
wandb:    lr-LARS-momentum ▁▁▁▁▁▁▁▁▁▁▁▁▁▁▁▁▁▁▁▁▁▁▁▁▁▁▁▁▁▁▁▁▁▁▁▁▁▁▁▁
wandb:         map_50_bbox ▁▂▄▅▆▇▇▇██
wandb:         map_50_segm ▁▂▄▅▆▇▇▇██
wandb:            map_bbox ▁▂▃▅▆▇▇▇██
wandb:            map_segm ▁▂▄▅▆▇▇▇██
wandb:            mar_bbox ▁▃▅▆▇▇▇▇▇█
wandb:            mar_segm ▁▃▅▆▇▇▇▇▇█
wandb:          model_time ▁▁▂▂▁▁▇▆▅█
wandb: trainer/global_step ▁▁▁▂▂▂▂▂▂▃▃▃▃▃▄▄▄▄▄▄▅▅▅▅▅▅▆▆▆▆▆▇▇▇▇▇▇███
wandb:       training_loss █▅▃▂▂▂▁▁▁▁
wandb:  training_step_loss █▄▄▄▄▄▄▃▃▃▃▂▂▂▂▂▂▂▂▂▂▁▂▂▂▂▂▂▁▂▁▂▁▁▁▂▁▁▁▁
wandb: 
wandb: Run summary:
wandb:               epoch 9
wandb:      evaluator_time 0.42216
wandb:        loss_box_reg 0.23897
wandb:     loss_classifier 0.26484
wandb:           loss_mask 0.26904
wandb:     loss_objectness 0.0481
wandb:    loss_rpn_box_reg 0.05604
wandb:             lr-LARS 0.001
wandb:    lr-LARS-momentum 0.9
wandb:         map_50_bbox 0.43392
wandb:         map_50_segm 0.41408
wandb:            map_bbox 0.26329
wandb:            map_segm 0.24938
wandb:            mar_bbox 0.44632
wandb:            mar_segm 0.42326
wandb:          model_time 3.51255
wandb: trainer/global_step 9159
wandb:       training_loss 0.87943
wandb:  training_step_loss 0.877
wandb: 
wandb: 🚀 View run lars-16-cosineannealinglrwarmuprestarts-gamma0.5-1e-3 at: https://wandb.ai/ilhamsyahids/MaskRCNN/runs/mow72lqx
wandb: Synced 5 W&B file(s), 1 media file(s), 3 artifact file(s) and 0 other file(s)
wandb: Find logs at: /raid/data/m23522033/logs/wandb/run-20230425_064341-mow72lqx/logs
