Building logger...
Building DataModule...
Building callback...
Building model...
Training model...
Loading dataset...
loading annotations into memory...
Done (t=17.11s)
creating index...
index created!
loading annotations into memory...
Done (t=0.50s)
creating index...
index created!
Building training dataloader...
Using [0, 0.5, 0.7071067811865476, 1.0, 1.4142135623730951, 2.0, inf] as bins for aspect ratio quantization
Count of instances per bin: [  104 12004 15546 45675 42779  1158]
Building logger...
Building DataModule...
Building callback...
Building model...
Training model...
Loading dataset...
loading annotations into memory...
Done (t=18.57s)
creating index...
index created!
loading annotations into memory...
Done (t=0.48s)
creating index...
index created!
Building training dataloader...
Using [0, 0.5, 0.7071067811865476, 1.0, 1.4142135623730951, 2.0, inf] as bins for aspect ratio quantization
Count of instances per bin: [  104 12004 15546 45675 42779  1158]
Building logger...
Building DataModule...
Building callback...
Building model...
Training model...
Loading dataset...
loading annotations into memory...
Done (t=17.36s)
creating index...
index created!
loading annotations into memory...
Done (t=0.47s)
creating index...
index created!
Building training dataloader...
Using [0, 0.5, 0.7071067811865476, 1.0, 1.4142135623730951, 2.0, inf] as bins for aspect ratio quantization
Count of instances per bin: [  104 12004 15546 45675 42779  1158]
Building logger...
Building DataModule...
Building callback...
Building model...
Training model...
Loading dataset...
loading annotations into memory...
Done (t=19.27s)
creating index...
index created!
loading annotations into memory...
Done (t=0.54s)
creating index...
index created!
Building training dataloader...
Using [0, 0.5, 0.7071067811865476, 1.0, 1.4142135623730951, 2.0, inf] as bins for aspect ratio quantization
Count of instances per bin: [  104 12004 15546 45675 42779  1158]
Building logger...
Building DataModule...
Building callback...
Building model...
Training model...
Loading dataset...
loading annotations into memory...
Done (t=17.37s)
creating index...
index created!
loading annotations into memory...
Done (t=0.47s)
creating index...
index created!
Building training dataloader...
Using [0, 0.5, 0.7071067811865476, 1.0, 1.4142135623730951, 2.0, inf] as bins for aspect ratio quantization
Count of instances per bin: [  104 12004 15546 45675 42779  1158]
Building logger...
Building DataModule...
Building callback...
Building model...
Training model...
Loading dataset...
loading annotations into memory...
Done (t=18.34s)
creating index...
index created!
loading annotations into memory...
Done (t=0.49s)
creating index...
index created!
Building training dataloader...
Using [0, 0.5, 0.7071067811865476, 1.0, 1.4142135623730951, 2.0, inf] as bins for aspect ratio quantization
Count of instances per bin: [  104 12004 15546 45675 42779  1158]
Building logger...
Building DataModule...
Building callback...
Building model...
Training model...
Loading dataset...
loading annotations into memory...
Done (t=17.46s)
creating index...
index created!
loading annotations into memory...
Done (t=0.49s)
creating index...
index created!
Building training dataloader...
Using [0, 0.5, 0.7071067811865476, 1.0, 1.4142135623730951, 2.0, inf] as bins for aspect ratio quantization
Count of instances per bin: [  104 12004 15546 45675 42779  1158]
Building logger...
Building DataModule...
Building callback...
Building model...
Training model...
Loading dataset...
loading annotations into memory...
Done (t=18.06s)
creating index...
index created!
loading annotations into memory...
Done (t=0.51s)
creating index...
index created!
Building training dataloader...
Using [0, 0.5, 0.7071067811865476, 1.0, 1.4142135623730951, 2.0, inf] as bins for aspect ratio quantization
Count of instances per bin: [  104 12004 15546 45675 42779  1158]
Building validation dataloader...
Building validation dataloader...
Building validation dataloader...
Building validation dataloader...
Building validation dataloader...
Building validation dataloader...
Building validation dataloader...
Building validation dataloader...
Training: 0it [00:00, ?it/s]Training:   0%|          | 0/916 [00:00<?, ?it/s]Epoch 0:   0%|          | 0/916 [00:00<?, ?it/s] Epoch 0:   2%|▏         | 20/916 [00:26<19:52,  1.33s/it]Epoch 0:   2%|▏         | 20/916 [00:26<19:52,  1.33s/it, v_num=cy_1, training_step_loss=569.0, loss_box_reg=1.470, loss_classifier=567.0, loss_mask=0.682, loss_objectness=0.319, loss_rpn_box_reg=0.123]
Loss is nan, stopping training
Epoch 0:   2%|▏         | 20/916 [00:33<24:45,  1.66s/it, v_num=cy_1, training_step_loss=nan.0, loss_box_reg=nan.0, loss_classifier=nan.0, loss_mask=nan.0, loss_objectness=nan.0, loss_rpn_box_reg=nan.0]Total time on epoch 0: 0:00:33
Total time on 0 epoch: 0:00:33
Epoch 0:   2%|▏         | 20/916 [00:34<25:35,  1.71s/it, v_num=cy_1, training_step_loss=nan.0, loss_box_reg=nan.0, loss_classifier=nan.0, loss_mask=nan.0, loss_objectness=nan.0, loss_rpn_box_reg=nan.0]
Training time 0:00:34
