wandb: Currently logged in as: ilhamsyahids. Use `wandb login --relogin` to force relogin
wandb: - Waiting for wandb.init()...wandb: \ Waiting for wandb.init()...wandb: wandb version 0.15.0 is available!  To upgrade, please run:
wandb:  $ pip install wandb --upgrade
wandb: Tracking run with wandb version 0.14.0
wandb: Run data is saved locally in logs/wandb/run-20230424_094350-5cjnexcy
wandb: Run `wandb offline` to turn off syncing.
wandb: Syncing run lars-16-multistep-warm1-step1
wandb: ⭐️ View project at https://wandb.ai/ilhamsyahids/MaskRCNN
wandb: 🚀 View run at https://wandb.ai/ilhamsyahids/MaskRCNN/runs/5cjnexcy
wandb: logging graph, to disable use `wandb.watch(log_graph=False)`
/home/m23522033/torch-mask-rcnn/.venv/lib/python3.8/site-packages/lightning_fabric/connector.py:562: UserWarning: 16 is supported for historical reasons but its usage is discouraged. Please set your precision to 16-mixed instead!
  rank_zero_warn(
/home/m23522033/torch-mask-rcnn/.venv/lib/python3.8/site-packages/lightning_fabric/plugins/environments/slurm.py:165: PossibleUserWarning: The `srun` command is available on your system but is not used. HINT: If your intention is to run Lightning on SLURM, prepend your python command with `srun` like so: srun python3 train.py --config-file config/gpu/new/gpu-lars-16-m ...
  rank_zero_warn(
Using 16bit Automatic Mixed Precision (AMP)
GPU available: True (cuda), used: True
TPU available: False, using: 0 TPU cores
IPU available: False, using: 0 IPUs
HPU available: False, using: 0 HPUs
/home/m23522033/torch-mask-rcnn/.venv/lib/python3.8/site-packages/lightning_fabric/plugins/environments/slurm.py:165: PossibleUserWarning: The `srun` command is available on your system but is not used. HINT: If your intention is to run Lightning on SLURM, prepend your python command with `srun` like so: srun python3 train.py --config-file config/gpu/new/gpu-lars-16-m ...
  rank_zero_warn(
Initializing distributed: GLOBAL_RANK: 0, MEMBER: 1/8
Initializing distributed: GLOBAL_RANK: 2, MEMBER: 3/8
Initializing distributed: GLOBAL_RANK: 4, MEMBER: 5/8
Initializing distributed: GLOBAL_RANK: 1, MEMBER: 2/8
Initializing distributed: GLOBAL_RANK: 3, MEMBER: 4/8
Initializing distributed: GLOBAL_RANK: 5, MEMBER: 6/8
Initializing distributed: GLOBAL_RANK: 6, MEMBER: 7/8
Initializing distributed: GLOBAL_RANK: 7, MEMBER: 8/8
----------------------------------------------------------------------------------------------------
distributed_backend=nccl
All distributed processes registered. Starting with 8 processes
----------------------------------------------------------------------------------------------------

LOCAL_RANK: 7 - CUDA_VISIBLE_DEVICES: [0,1,2,3,4,5,6,7]
LOCAL_RANK: 5 - CUDA_VISIBLE_DEVICES: [0,1,2,3,4,5,6,7]
LOCAL_RANK: 1 - CUDA_VISIBLE_DEVICES: [0,1,2,3,4,5,6,7]
LOCAL_RANK: 2 - CUDA_VISIBLE_DEVICES: [0,1,2,3,4,5,6,7]
LOCAL_RANK: 0 - CUDA_VISIBLE_DEVICES: [0,1,2,3,4,5,6,7]
LOCAL_RANK: 4 - CUDA_VISIBLE_DEVICES: [0,1,2,3,4,5,6,7]
LOCAL_RANK: 6 - CUDA_VISIBLE_DEVICES: [0,1,2,3,4,5,6,7]
LOCAL_RANK: 3 - CUDA_VISIBLE_DEVICES: [0,1,2,3,4,5,6,7]

  | Name  | Type     | Params
-----------------------------------
0 | model | MaskRCNN | 46.4 M
-----------------------------------
46.1 M    Trainable params
225 K     Non-trainable params
46.4 M    Total params
185.438   Total estimated model params size (MB)
FIT Profiler Report

--------------------------------------------------------------------------------------------------------------------------------------------------------------------------------------------------------------------------------------------------------------------------
|  Action                                                                                                                                                        	|  Mean duration (s)	|  Num calls      	|  Total time (s) 	|  Percentage %   	|
--------------------------------------------------------------------------------------------------------------------------------------------------------------------------------------------------------------------------------------------------------------------------
|  Total                                                                                                                                                         	|  -              	|  1315           	|  85.036         	|  100 %          	|
--------------------------------------------------------------------------------------------------------------------------------------------------------------------------------------------------------------------------------------------------------------------------
|  run_training_epoch                                                                                                                                            	|  33.152         	|  1              	|  33.152         	|  38.987         	|
|  run_training_batch                                                                                                                                            	|  1.1496         	|  26             	|  29.889         	|  35.149         	|
|  [LightningModule]Mask_RCNN.optimizer_step                                                                                                                     	|  1.1494         	|  26             	|  29.885         	|  35.144         	|
|  [LightningDataModule]COCODataModule.setup                                                                                                                     	|  20.216         	|  1              	|  20.216         	|  23.774         	|
|  [Strategy]DDPStrategy.training_step                                                                                                                           	|  0.60594        	|  26             	|  15.755         	|  18.527         	|
|  [Strategy]DDPStrategy.backward                                                                                                                                	|  0.16725        	|  26             	|  4.3484         	|  5.1136         	|
|  [_TrainingEpochLoop].train_dataloader_next                                                                                                                    	|  0.055043       	|  26             	|  1.4311         	|  1.683          	|
|  [Callback]ModelCheckpoint{'monitor': None, 'mode': 'min', 'every_n_train_steps': 0, 'every_n_epochs': 1, 'train_time_interval': None}.on_train_epoch_end      	|  1.0942         	|  1              	|  1.0942         	|  1.2868         	|
|  [Strategy]DDPStrategy.batch_to_device                                                                                                                         	|  0.032346       	|  26             	|  0.84098        	|  0.98898        	|
|  [LightningModule]Mask_RCNN.transfer_batch_to_device                                                                                                           	|  0.032174       	|  26             	|  0.83651        	|  0.98372        	|
|  [LightningDataModule]COCODataModule.train_dataloader                                                                                                          	|  0.16899        	|  1              	|  0.16899        	|  0.19873        	|
|  [LightningModule]Mask_RCNN.optimizer_zero_grad                                                                                                                	|  0.00064399     	|  26             	|  0.016744       	|  0.01969        	|
|  [LightningModule]Mask_RCNN.on_train_epoch_end                                                                                                                 	|  0.012276       	|  1              	|  0.012276       	|  0.014437       	|
|  [Callback]ModelSummary.on_fit_start                                                                                                                           	|  0.0063513      	|  1              	|  0.0063513      	|  0.007469       	|
|  [Callback]TQDMProgressBar.on_train_batch_end                                                                                                                  	|  9.8977e-05     	|  26             	|  0.0025734      	|  0.0030263      	|
|  [Callback]ModelCheckpoint{'monitor': None, 'mode': 'min', 'every_n_train_steps': 0, 'every_n_epochs': 1, 'train_time_interval': None}.setup                   	|  0.0013332      	|  1              	|  0.0013332      	|  0.0015678      	|
|  [Callback]TQDMProgressBar.on_train_start                                                                                                                      	|  0.0013031      	|  1              	|  0.0013031      	|  0.0015324      	|
|  [LightningModule]Mask_RCNN.configure_gradient_clipping                                                                                                        	|  4.3087e-05     	|  26             	|  0.0011203      	|  0.0013174      	|
|  [Callback]ModelCheckpoint{'monitor': None, 'mode': 'min', 'every_n_train_steps': 0, 'every_n_epochs': 1, 'train_time_interval': None}.on_train_batch_end      	|  4.2014e-05     	|  26             	|  0.0010924      	|  0.0012846      	|
|  [LightningModule]Mask_RCNN.configure_optimizers                                                                                                               	|  0.00083961     	|  1              	|  0.00083961     	|  0.00098736     	|
|  [LightningDataModule]COCODataModule.val_dataloader                                                                                                            	|  0.00082572     	|  1              	|  0.00082572     	|  0.00097103     	|
|  [Callback]TQDMProgressBar.on_train_end                                                                                                                        	|  0.00059357     	|  1              	|  0.00059357     	|  0.00069803     	|
|  [Callback]TQDMProgressBar.on_train_epoch_end                                                                                                                  	|  0.00057698     	|  1              	|  0.00057698     	|  0.00067852     	|
|  [Callback]TQDMProgressBar.on_train_epoch_start                                                                                                                	|  0.00045061     	|  1              	|  0.00045061     	|  0.0005299      	|
|  [Callback]LearningRateMonitor.on_train_batch_start                                                                                                            	|  8.8077e-06     	|  26             	|  0.000229       	|  0.0002693      	|
|  [Callback]TQDMProgressBar.on_train_batch_start                                                                                                                	|  6.1481e-06     	|  26             	|  0.00015985     	|  0.00018798     	|
|  [LightningModule]Mask_RCNN.on_train_end                                                                                                                       	|  0.00014382     	|  1              	|  0.00014382     	|  0.00016913     	|
|  [Callback]TQDMProgressBar.on_after_backward                                                                                                                   	|  5.3259e-06     	|  26             	|  0.00013847     	|  0.00016284     	|
|  [Callback]TQDMProgressBar.on_before_zero_grad                                                                                                                 	|  4.9605e-06     	|  26             	|  0.00012897     	|  0.00015167     	|
|  [Callback]LearningRateMonitor.on_train_start                                                                                                                  	|  0.00011753     	|  1              	|  0.00011753     	|  0.00013822     	|
|  [Callback]TQDMProgressBar.on_before_backward                                                                                                                  	|  4.4791e-06     	|  26             	|  0.00011646     	|  0.00013695     	|
|  [LightningModule]Mask_RCNN.on_after_batch_transfer                                                                                                            	|  3.5223e-06     	|  26             	|  9.1581e-05     	|  0.0001077      	|
|  [LightningModule]Mask_RCNN.on_before_batch_transfer                                                                                                           	|  3.2361e-06     	|  26             	|  8.4138e-05     	|  9.8945e-05     	|
|  [Callback]TQDMProgressBar.on_before_optimizer_step                                                                                                            	|  3.2241e-06     	|  26             	|  8.3826e-05     	|  9.8578e-05     	|
|  [Callback]LearningRateMonitor.on_train_batch_end                                                                                                              	|  2.5847e-06     	|  26             	|  6.7201e-05     	|  7.9027e-05     	|
|  [LightningModule]Mask_RCNN.on_train_batch_start                                                                                                               	|  2.4464e-06     	|  26             	|  6.3606e-05     	|  7.48e-05       	|
|  [LightningModule]Mask_RCNN.on_before_zero_grad                                                                                                                	|  2.2837e-06     	|  26             	|  5.9376e-05     	|  6.9825e-05     	|
|  [LightningModule]Mask_RCNN.on_after_backward                                                                                                                  	|  2.1819e-06     	|  26             	|  5.6728e-05     	|  6.6711e-05     	|
|  [LightningModule]Mask_RCNN.on_train_batch_end                                                                                                                 	|  2.0121e-06     	|  26             	|  5.2314e-05     	|  6.152e-05      	|
|  [Callback]COCOEvaluator.on_train_batch_start                                                                                                                  	|  1.8861e-06     	|  26             	|  4.904e-05      	|  5.767e-05      	|
|  [Callback]ModelCheckpoint{'monitor': None, 'mode': 'min', 'every_n_train_steps': 0, 'every_n_epochs': 1, 'train_time_interval': None}.on_train_batch_start    	|  1.8026e-06     	|  26             	|  4.6868e-05     	|  5.5116e-05     	|
|  [Callback]LearningRateMonitor.on_after_backward                                                                                                               	|  1.5911e-06     	|  26             	|  4.1368e-05     	|  4.8648e-05     	|
|  [LightningModule]Mask_RCNN.on_before_backward                                                                                                                 	|  1.5757e-06     	|  26             	|  4.0969e-05     	|  4.8178e-05     	|
|  [Callback]LearningRateMonitor.on_before_zero_grad                                                                                                             	|  1.529e-06      	|  26             	|  3.9754e-05     	|  4.6749e-05     	|
|  [LightningModule]Mask_RCNN.on_before_optimizer_step                                                                                                           	|  1.4957e-06     	|  26             	|  3.8888e-05     	|  4.5732e-05     	|
|  [Strategy]DDPStrategy.on_train_batch_start                                                                                                                    	|  1.4691e-06     	|  26             	|  3.8198e-05     	|  4.492e-05      	|
|  [Callback]LearningRateMonitor.on_before_optimizer_step                                                                                                        	|  1.453e-06      	|  26             	|  3.7778e-05     	|  4.4426e-05     	|
|  [Callback]LearningRateMonitor.on_before_backward                                                                                                              	|  1.4452e-06     	|  26             	|  3.7575e-05     	|  4.4188e-05     	|
|  [Callback]ModelCheckpoint{'monitor': None, 'mode': 'min', 'every_n_train_steps': 0, 'every_n_epochs': 1, 'train_time_interval': None}.on_after_backward       	|  1.4226e-06     	|  26             	|  3.6987e-05     	|  4.3496e-05     	|
|  [Callback]ModelSummary.on_train_batch_start                                                                                                                   	|  1.3865e-06     	|  26             	|  3.6049e-05     	|  4.2393e-05     	|
|  [Callback]ModelCheckpoint{'monitor': None, 'mode': 'min', 'every_n_train_steps': 0, 'every_n_epochs': 1, 'train_time_interval': None}.on_before_backward      	|  1.3695e-06     	|  26             	|  3.5608e-05     	|  4.1874e-05     	|
|  [Callback]ModelCheckpoint{'monitor': None, 'mode': 'min', 'every_n_train_steps': 0, 'every_n_epochs': 1, 'train_time_interval': None}.on_before_zero_grad     	|  1.3613e-06     	|  26             	|  3.5394e-05     	|  4.1622e-05     	|
|  [Callback]ModelCheckpoint{'monitor': None, 'mode': 'min', 'every_n_train_steps': 0, 'every_n_epochs': 1, 'train_time_interval': None}.on_before_optimizer_step	|  1.3434e-06     	|  26             	|  3.4929e-05     	|  4.1075e-05     	|
|  [Callback]COCOEvaluator.on_train_batch_end                                                                                                                    	|  1.3239e-06     	|  26             	|  3.4421e-05     	|  4.0479e-05     	|
|  [Callback]ModelSummary.on_train_batch_end                                                                                                                     	|  1.2965e-06     	|  26             	|  3.3708e-05     	|  3.964e-05      	|
|  [Callback]ModelSummary.on_after_backward                                                                                                                      	|  1.2692e-06     	|  26             	|  3.2999e-05     	|  3.8806e-05     	|
|  [Callback]COCOEvaluator.on_after_backward                                                                                                                     	|  1.2327e-06     	|  26             	|  3.2051e-05     	|  3.7691e-05     	|
|  [Callback]COCOEvaluator.on_before_zero_grad                                                                                                                   	|  1.1879e-06     	|  26             	|  3.0885e-05     	|  3.632e-05      	|
|  [Callback]COCOEvaluator.on_before_backward                                                                                                                    	|  1.1763e-06     	|  26             	|  3.0583e-05     	|  3.5964e-05     	|
|  [Callback]COCOEvaluator.on_before_optimizer_step                                                                                                              	|  1.1686e-06     	|  26             	|  3.0383e-05     	|  3.573e-05      	|
|  [Callback]ModelSummary.on_before_backward                                                                                                                     	|  1.1258e-06     	|  26             	|  2.927e-05      	|  3.4421e-05     	|
|  [Callback]ModelSummary.on_before_zero_grad                                                                                                                    	|  1.1234e-06     	|  26             	|  2.9207e-05     	|  3.4347e-05     	|
|  [Callback]ModelSummary.on_before_optimizer_step                                                                                                               	|  1.0877e-06     	|  26             	|  2.828e-05      	|  3.3256e-05     	|
|  [Callback]TQDMProgressBar.setup                                                                                                                               	|  1.6691e-05     	|  1              	|  1.6691e-05     	|  1.9628e-05     	|
|  [LightningModule]Mask_RCNN.on_train_epoch_start                                                                                                               	|  1.09e-05       	|  1              	|  1.09e-05       	|  1.2818e-05     	|
|  [Callback]COCOEvaluator.on_train_epoch_start                                                                                                                  	|  9.6322e-06     	|  1              	|  9.6322e-06     	|  1.1327e-05     	|
|  [LightningModule]Mask_RCNN.on_train_start                                                                                                                     	|  8.8341e-06     	|  1              	|  8.8341e-06     	|  1.0389e-05     	|
|  [LightningDataModule]COCODataModule.state_dict                                                                                                                	|  7.6971e-06     	|  1              	|  7.6971e-06     	|  9.0517e-06     	|
|  [LightningModule]Mask_RCNN.configure_callbacks                                                                                                                	|  7.1351e-06     	|  1              	|  7.1351e-06     	|  8.3907e-06     	|
|  [LightningDataModule]COCODataModule.prepare_data                                                                                                              	|  5.7479e-06     	|  1              	|  5.7479e-06     	|  6.7594e-06     	|
|  [Callback]LearningRateMonitor.on_train_epoch_start                                                                                                            	|  5.119e-06      	|  1              	|  5.119e-06      	|  6.0198e-06     	|
|  [Callback]COCOEvaluator.on_train_start                                                                                                                        	|  4.5621e-06     	|  1              	|  4.5621e-06     	|  5.3649e-06     	|
|  [Callback]TQDMProgressBar.on_fit_end                                                                                                                          	|  4.448e-06      	|  1              	|  4.448e-06      	|  5.2307e-06     	|
|  [LightningModule]Mask_RCNN.on_fit_start                                                                                                                       	|  4.431e-06      	|  1              	|  4.431e-06      	|  5.2108e-06     	|
|  [Callback]ModelCheckpoint{'monitor': None, 'mode': 'min', 'every_n_train_steps': 0, 'every_n_epochs': 1, 'train_time_interval': None}.on_train_start          	|  4.0969e-06     	|  1              	|  4.0969e-06     	|  4.8178e-06     	|
|  [Callback]LearningRateMonitor.on_train_end                                                                                                                    	|  3.95e-06       	|  1              	|  3.95e-06       	|  4.6451e-06     	|
|  [Callback]LearningRateMonitor.on_train_epoch_end                                                                                                              	|  3.773e-06      	|  1              	|  3.773e-06      	|  4.437e-06      	|
|  [LightningModule]Mask_RCNN.configure_sharded_model                                                                                                            	|  3.753e-06      	|  1              	|  3.753e-06      	|  4.4134e-06     	|
|  [LightningModule]Mask_RCNN.prepare_data                                                                                                                       	|  3.421e-06      	|  1              	|  3.421e-06      	|  4.023e-06      	|
|  [Callback]ModelCheckpoint{'monitor': None, 'mode': 'min', 'every_n_train_steps': 0, 'every_n_epochs': 1, 'train_time_interval': None}.on_fit_start            	|  3.2701e-06     	|  1              	|  3.2701e-06     	|  3.8456e-06     	|
|  [Callback]TQDMProgressBar.on_fit_start                                                                                                                        	|  3.2431e-06     	|  1              	|  3.2431e-06     	|  3.8138e-06     	|
|  [Callback]TQDMProgressBar.on_save_checkpoint                                                                                                                  	|  2.8261e-06     	|  1              	|  2.8261e-06     	|  3.3234e-06     	|
|  [Callback]LearningRateMonitor.setup                                                                                                                           	|  2.556e-06      	|  1              	|  2.556e-06      	|  3.0058e-06     	|
|  [LightningModule]Mask_RCNN.setup                                                                                                                              	|  2.4328e-06     	|  1              	|  2.4328e-06     	|  2.861e-06      	|
|  [Strategy]DDPStrategy.on_train_start                                                                                                                          	|  2.3539e-06     	|  1              	|  2.3539e-06     	|  2.7682e-06     	|
|  [Callback]TQDMProgressBar.teardown                                                                                                                            	|  1.9721e-06     	|  1              	|  1.9721e-06     	|  2.3191e-06     	|
|  [Callback]LearningRateMonitor.on_save_checkpoint                                                                                                              	|  1.7649e-06     	|  1              	|  1.7649e-06     	|  2.0754e-06     	|
|  [LightningDataModule]COCODataModule.teardown                                                                                                                  	|  1.6948e-06     	|  1              	|  1.6948e-06     	|  1.993e-06      	|
|  [Callback]LearningRateMonitor.on_fit_end                                                                                                                      	|  1.6571e-06     	|  1              	|  1.6571e-06     	|  1.9487e-06     	|
|  [Callback]LearningRateMonitor.on_fit_start                                                                                                                    	|  1.5199e-06     	|  1              	|  1.5199e-06     	|  1.7874e-06     	|
|  [Callback]COCOEvaluator.on_save_checkpoint                                                                                                                    	|  1.509e-06      	|  1              	|  1.509e-06      	|  1.7745e-06     	|
|  [Strategy]DDPStrategy.on_train_end                                                                                                                            	|  1.508e-06      	|  1              	|  1.508e-06      	|  1.7734e-06     	|
|  [Callback]ModelCheckpoint{'monitor': None, 'mode': 'min', 'every_n_train_steps': 0, 'every_n_epochs': 1, 'train_time_interval': None}.on_train_end            	|  1.468e-06      	|  1              	|  1.468e-06      	|  1.7263e-06     	|
|  [LightningModule]Mask_RCNN.on_fit_end                                                                                                                         	|  1.447e-06      	|  1              	|  1.447e-06      	|  1.7017e-06     	|
|  [Callback]ModelSummary.on_train_end                                                                                                                           	|  1.41e-06       	|  1              	|  1.41e-06       	|  1.6582e-06     	|
|  [Callback]ModelSummary.on_train_start                                                                                                                         	|  1.3919e-06     	|  1              	|  1.3919e-06     	|  1.6368e-06     	|
|  [Callback]COCOEvaluator.on_train_end                                                                                                                          	|  1.383e-06      	|  1              	|  1.383e-06      	|  1.6264e-06     	|
|  [Callback]ModelCheckpoint{'monitor': None, 'mode': 'min', 'every_n_train_steps': 0, 'every_n_epochs': 1, 'train_time_interval': None}.on_fit_end              	|  1.3791e-06     	|  1              	|  1.3791e-06     	|  1.6217e-06     	|
|  [Callback]ModelCheckpoint{'monitor': None, 'mode': 'min', 'every_n_train_steps': 0, 'every_n_epochs': 1, 'train_time_interval': None}.on_save_checkpoint      	|  1.3758e-06     	|  1              	|  1.3758e-06     	|  1.6179e-06     	|
|  [Callback]COCOEvaluator.on_train_epoch_end                                                                                                                    	|  1.363e-06      	|  1              	|  1.363e-06      	|  1.6028e-06     	|
|  [Callback]ModelSummary.on_train_epoch_end                                                                                                                     	|  1.3579e-06     	|  1              	|  1.3579e-06     	|  1.5968e-06     	|
|  [Callback]ModelCheckpoint{'monitor': None, 'mode': 'min', 'every_n_train_steps': 0, 'every_n_epochs': 1, 'train_time_interval': None}.on_train_epoch_start    	|  1.343e-06      	|  1              	|  1.343e-06      	|  1.5793e-06     	|
|  [Callback]ModelSummary.on_train_epoch_start                                                                                                                   	|  1.3201e-06     	|  1              	|  1.3201e-06     	|  1.5525e-06     	|
|  [Callback]COCOEvaluator.setup                                                                                                                                 	|  1.305e-06      	|  1              	|  1.305e-06      	|  1.5347e-06     	|
|  [Callback]ModelCheckpoint{'monitor': None, 'mode': 'min', 'every_n_train_steps': 0, 'every_n_epochs': 1, 'train_time_interval': None}.teardown                	|  1.255e-06      	|  1              	|  1.255e-06      	|  1.4758e-06     	|
|  [Callback]ModelSummary.setup                                                                                                                                  	|  1.2419e-06     	|  1              	|  1.2419e-06     	|  1.4605e-06     	|
|  [Callback]COCOEvaluator.on_fit_start                                                                                                                          	|  1.2221e-06     	|  1              	|  1.2221e-06     	|  1.4372e-06     	|
|  [Callback]ModelSummary.on_save_checkpoint                                                                                                                     	|  1.1909e-06     	|  1              	|  1.1909e-06     	|  1.4005e-06     	|
|  [Callback]COCOEvaluator.on_fit_end                                                                                                                            	|  1.173e-06      	|  1              	|  1.173e-06      	|  1.3794e-06     	|
|  [Callback]ModelSummary.on_fit_end                                                                                                                             	|  1.1709e-06     	|  1              	|  1.1709e-06     	|  1.377e-06      	|
|  [Callback]LearningRateMonitor.teardown                                                                                                                        	|  1.166e-06      	|  1              	|  1.166e-06      	|  1.3712e-06     	|
|  [Callback]COCOEvaluator.teardown                                                                                                                              	|  1.0959e-06     	|  1              	|  1.0959e-06     	|  1.2888e-06     	|
|  [Callback]ModelSummary.teardown                                                                                                                               	|  1.054e-06      	|  1              	|  1.054e-06      	|  1.2395e-06     	|
|  [LightningModule]Mask_RCNN.on_save_checkpoint                                                                                                                 	|  1.034e-06      	|  1              	|  1.034e-06      	|  1.216e-06      	|
|  [LightningModule]Mask_RCNN.teardown                                                                                                                           	|  8.8592e-07     	|  1              	|  8.8592e-07     	|  1.0418e-06     	|
--------------------------------------------------------------------------------------------------------------------------------------------------------------------------------------------------------------------------------------------------------------------------

wandb: Waiting for W&B process to finish... (success).
wandb: 
wandb: Run history:
wandb:               epoch ▁▁
wandb: trainer/global_step ▁▁
wandb: 
wandb: Run summary:
wandb:               epoch 0
wandb:        loss_box_reg nan
wandb:     loss_classifier nan
wandb:           loss_mask nan
wandb:     loss_objectness nan
wandb:    loss_rpn_box_reg nan
wandb: trainer/global_step 25
wandb:       training_loss nan
wandb:  training_step_loss nan
wandb: 
wandb: 🚀 View run lars-16-multistep-warm1-step1 at: https://wandb.ai/ilhamsyahids/MaskRCNN/runs/5cjnexcy
wandb: Synced 5 W&B file(s), 1 media file(s), 3 artifact file(s) and 0 other file(s)
wandb: Find logs at: logs/wandb/run-20230424_094350-5cjnexcy/logs
