wandb: Currently logged in as: ilhamsyahids. Use `wandb login --relogin` to force relogin
wandb: wandb version 0.15.0 is available!  To upgrade, please run:
wandb:  $ pip install wandb --upgrade
wandb: Tracking run with wandb version 0.14.0
wandb: Run data is saved locally in logs/wandb/run-20230423_050126-ibem4k3u
wandb: Run `wandb offline` to turn off syncing.
wandb: Syncing run lars-16-no-scheduling-1e-3
wandb: ⭐️ View project at https://wandb.ai/ilhamsyahids/MaskRCNN
wandb: 🚀 View run at https://wandb.ai/ilhamsyahids/MaskRCNN/runs/ibem4k3u
wandb: logging graph, to disable use `wandb.watch(log_graph=False)`
/home/m23522033/torch-mask-rcnn/.venv/lib/python3.8/site-packages/lightning_fabric/connector.py:562: UserWarning: 16 is supported for historical reasons but its usage is discouraged. Please set your precision to 16-mixed instead!
  rank_zero_warn(
/home/m23522033/torch-mask-rcnn/.venv/lib/python3.8/site-packages/lightning_fabric/plugins/environments/slurm.py:165: PossibleUserWarning: The `srun` command is available on your system but is not used. HINT: If your intention is to run Lightning on SLURM, prepend your python command with `srun` like so: srun python3 train.py --config-file config/gpu/lars/gpu-lars-16- ...
  rank_zero_warn(
Using 16bit Automatic Mixed Precision (AMP)
GPU available: True (cuda), used: True
TPU available: False, using: 0 TPU cores
IPU available: False, using: 0 IPUs
HPU available: False, using: 0 HPUs
/home/m23522033/torch-mask-rcnn/.venv/lib/python3.8/site-packages/lightning_fabric/plugins/environments/slurm.py:165: PossibleUserWarning: The `srun` command is available on your system but is not used. HINT: If your intention is to run Lightning on SLURM, prepend your python command with `srun` like so: srun python3 train.py --config-file config/gpu/lars/gpu-lars-16- ...
  rank_zero_warn(
Initializing distributed: GLOBAL_RANK: 0, MEMBER: 1/8
Initializing distributed: GLOBAL_RANK: 6, MEMBER: 7/8
Initializing distributed: GLOBAL_RANK: 2, MEMBER: 3/8
Initializing distributed: GLOBAL_RANK: 5, MEMBER: 6/8
Initializing distributed: GLOBAL_RANK: 1, MEMBER: 2/8
Initializing distributed: GLOBAL_RANK: 7, MEMBER: 8/8
Initializing distributed: GLOBAL_RANK: 3, MEMBER: 4/8
Initializing distributed: GLOBAL_RANK: 4, MEMBER: 5/8
----------------------------------------------------------------------------------------------------
distributed_backend=nccl
All distributed processes registered. Starting with 8 processes
----------------------------------------------------------------------------------------------------

LOCAL_RANK: 6 - CUDA_VISIBLE_DEVICES: [0,1,2,3,4,5,6,7]
LOCAL_RANK: 3 - CUDA_VISIBLE_DEVICES: [0,1,2,3,4,5,6,7]
LOCAL_RANK: 2 - CUDA_VISIBLE_DEVICES: [0,1,2,3,4,5,6,7]
LOCAL_RANK: 7 - CUDA_VISIBLE_DEVICES: [0,1,2,3,4,5,6,7]
LOCAL_RANK: 4 - CUDA_VISIBLE_DEVICES: [0,1,2,3,4,5,6,7]
LOCAL_RANK: 5 - CUDA_VISIBLE_DEVICES: [0,1,2,3,4,5,6,7]
LOCAL_RANK: 1 - CUDA_VISIBLE_DEVICES: [0,1,2,3,4,5,6,7]
LOCAL_RANK: 0 - CUDA_VISIBLE_DEVICES: [0,1,2,3,4,5,6,7]

  | Name  | Type     | Params
-----------------------------------
0 | model | MaskRCNN | 46.4 M
-----------------------------------
46.1 M    Trainable params
225 K     Non-trainable params
46.4 M    Total params
185.438   Total estimated model params size (MB)
Traceback (most recent call last):
  File "/usr/lib/python3.8/multiprocessing/util.py", line 300, in _run_finalizers
    finalizer()
  File "/usr/lib/python3.8/multiprocessing/util.py", line 224, in __call__
    res = self._callback(*self._args, **self._kwargs)
  File "/usr/lib/python3.8/multiprocessing/util.py", line 133, in _remove_temp_dir
    rmtree(tempdir)
  File "/usr/lib/python3.8/shutil.py", line 722, in rmtree
    onerror(os.rmdir, path, sys.exc_info())
  File "/usr/lib/python3.8/shutil.py", line 720, in rmtree
    os.rmdir(path)
OSError: [Errno 39] Directory not empty: '/tmp/pymp-91gj3mkn'
/home/m23522033/torch-mask-rcnn/.venv/lib/python3.8/site-packages/pytorch_lightning/trainer/connectors/logger_connector/result.py:432: PossibleUserWarning: It is recommended to use `self.log('model_time', ..., sync_dist=True)` when logging on epoch level in distributed setting to accumulate the metric across devices.
  warning_cache.warn(
/home/m23522033/torch-mask-rcnn/.venv/lib/python3.8/site-packages/pytorch_lightning/trainer/connectors/logger_connector/result.py:432: PossibleUserWarning: It is recommended to use `self.log('evaluator_time', ..., sync_dist=True)` when logging on epoch level in distributed setting to accumulate the metric across devices.
  warning_cache.warn(
/home/m23522033/torch-mask-rcnn/.venv/lib/python3.8/site-packages/pytorch_lightning/trainer/connectors/logger_connector/result.py:432: PossibleUserWarning: It is recommended to use `self.log('map_bbox', ..., sync_dist=True)` when logging on epoch level in distributed setting to accumulate the metric across devices.
  warning_cache.warn(
/home/m23522033/torch-mask-rcnn/.venv/lib/python3.8/site-packages/pytorch_lightning/trainer/connectors/logger_connector/result.py:432: PossibleUserWarning: It is recommended to use `self.log('map_50_bbox', ..., sync_dist=True)` when logging on epoch level in distributed setting to accumulate the metric across devices.
  warning_cache.warn(
/home/m23522033/torch-mask-rcnn/.venv/lib/python3.8/site-packages/pytorch_lightning/trainer/connectors/logger_connector/result.py:432: PossibleUserWarning: It is recommended to use `self.log('mar_bbox', ..., sync_dist=True)` when logging on epoch level in distributed setting to accumulate the metric across devices.
  warning_cache.warn(
/home/m23522033/torch-mask-rcnn/.venv/lib/python3.8/site-packages/pytorch_lightning/trainer/connectors/logger_connector/result.py:432: PossibleUserWarning: It is recommended to use `self.log('map_segm', ..., sync_dist=True)` when logging on epoch level in distributed setting to accumulate the metric across devices.
  warning_cache.warn(
/home/m23522033/torch-mask-rcnn/.venv/lib/python3.8/site-packages/pytorch_lightning/trainer/connectors/logger_connector/result.py:432: PossibleUserWarning: It is recommended to use `self.log('map_50_segm', ..., sync_dist=True)` when logging on epoch level in distributed setting to accumulate the metric across devices.
  warning_cache.warn(
/home/m23522033/torch-mask-rcnn/.venv/lib/python3.8/site-packages/pytorch_lightning/trainer/connectors/logger_connector/result.py:432: PossibleUserWarning: It is recommended to use `self.log('mar_segm', ..., sync_dist=True)` when logging on epoch level in distributed setting to accumulate the metric across devices.
  warning_cache.warn(
`Trainer.fit` stopped: `max_epochs=10` reached.
FIT Profiler Report

--------------------------------------------------------------------------------------------------------------------------------------------------------------------------------------------------------------------------------------------------------------------------
|  Action                                                                                                                                                         	|  Mean duration (s)	|  Num calls      	|  Total time (s) 	|  Percentage %   	|
--------------------------------------------------------------------------------------------------------------------------------------------------------------------------------------------------------------------------------------------------------------------------
|  Total                                                                                                                                                          	|  -              	|  454437         	|  1.5246e+04     	|  100 %          	|
--------------------------------------------------------------------------------------------------------------------------------------------------------------------------------------------------------------------------------------------------------------------------
|  run_training_epoch                                                                                                                                             	|  1512.7         	|  10             	|  1.5127e+04     	|  99.217         	|
|  run_training_batch                                                                                                                                             	|  1.3378         	|  9160           	|  1.2255e+04     	|  80.38          	|
|  [LightningModule]Mask_RCNN.optimizer_step                                                                                                                      	|  1.3377         	|  9160           	|  1.2253e+04     	|  80.37          	|
|  [Strategy]DDPStrategy.training_step                                                                                                                            	|  0.63609        	|  9160           	|  5826.6         	|  38.217         	|
|  [Strategy]DDPStrategy.backward                                                                                                                                 	|  0.23702        	|  9160           	|  2171.1         	|  14.24          	|
|  [Strategy]DDPStrategy.validation_step                                                                                                                          	|  0.92196        	|  790            	|  728.34         	|  4.7773         	|
|  [Callback]COCOEvaluator.on_validation_batch_end                                                                                                                	|  0.55784        	|  790            	|  440.69         	|  2.8906         	|
|  [Callback]COCOEvaluator.on_validation_epoch_end                                                                                                                	|  39.954         	|  10             	|  399.54         	|  2.6206         	|
|  [_TrainingEpochLoop].train_dataloader_next                                                                                                                     	|  0.041459       	|  9160           	|  379.76         	|  2.4909         	|
|  [Strategy]DDPStrategy.batch_to_device                                                                                                                          	|  0.026273       	|  9950           	|  261.42         	|  1.7147         	|
|  [LightningModule]Mask_RCNN.transfer_batch_to_device                                                                                                            	|  0.026102       	|  9950           	|  259.72         	|  1.7035         	|
|  [Callback]COCOEvaluator.on_validation_start                                                                                                                    	|  6.2755         	|  10             	|  62.755         	|  0.41162        	|
|  [Callback]ModelCheckpoint{'monitor': None, 'mode': 'min', 'every_n_train_steps': 0, 'every_n_epochs': 1, 'train_time_interval': None}.on_train_epoch_end       	|  4.9987         	|  10             	|  49.987         	|  0.32787        	|
|  [Callback]COCOEvaluator.on_validation_epoch_start                                                                                                              	|  2.4476         	|  10             	|  24.476         	|  0.16054        	|
|  [LightningDataModule]COCODataModule.setup                                                                                                                      	|  21.281         	|  1              	|  21.281         	|  0.13958        	|
|  [_EvaluationLoop].val_next                                                                                                                                     	|  0.024919       	|  790            	|  19.686         	|  0.12912        	|
|  [LightningModule]Mask_RCNN.on_train_epoch_end                                                                                                                  	|  1.2527         	|  10             	|  12.527         	|  0.082169       	|
|  [LightningModule]Mask_RCNN.optimizer_zero_grad                                                                                                                 	|  0.00082238     	|  9160           	|  7.533          	|  0.04941        	|
|  [Callback]LearningRateMonitor.on_train_batch_start                                                                                                             	|  0.00023964     	|  9160           	|  2.1951         	|  0.014398       	|
|  [Callback]TQDMProgressBar.on_train_batch_end                                                                                                                   	|  0.0001471      	|  9160           	|  1.3474         	|  0.0088378      	|
|  [Callback]ModelCheckpoint{'monitor': None, 'mode': 'min', 'every_n_train_steps': 0, 'every_n_epochs': 1, 'train_time_interval': None}.on_train_batch_end       	|  5.2547e-05     	|  9160           	|  0.48133        	|  0.0031571      	|
|  [LightningModule]Mask_RCNN.configure_gradient_clipping                                                                                                         	|  4.049e-05      	|  9160           	|  0.37089        	|  0.0024327      	|
|  [LightningDataModule]COCODataModule.train_dataloader                                                                                                           	|  0.18636        	|  1              	|  0.18636        	|  0.0012224      	|
|  [Callback]TQDMProgressBar.on_validation_batch_end                                                                                                              	|  9.9596e-05     	|  790            	|  0.078681       	|  0.00051608     	|
|  [Callback]TQDMProgressBar.on_train_batch_start                                                                                                                 	|  6.7053e-06     	|  9160           	|  0.061421       	|  0.00040287     	|
|  [Callback]TQDMProgressBar.on_after_backward                                                                                                                    	|  5.6572e-06     	|  9160           	|  0.05182        	|  0.00033989     	|
|  [LightningModule]Mask_RCNN.on_validation_model_eval                                                                                                            	|  0.0044395      	|  10             	|  0.044395       	|  0.0002912      	|
|  [Callback]TQDMProgressBar.on_before_zero_grad                                                                                                                  	|  4.1859e-06     	|  9160           	|  0.038343       	|  0.00025149     	|
|  [LightningModule]Mask_RCNN.on_before_batch_transfer                                                                                                            	|  3.7919e-06     	|  9950           	|  0.03773        	|  0.00024747     	|
|  [Callback]TQDMProgressBar.on_before_backward                                                                                                                   	|  3.9036e-06     	|  9160           	|  0.035757       	|  0.00023454     	|
|  [Callback]TQDMProgressBar.on_before_optimizer_step                                                                                                             	|  3.8995e-06     	|  9160           	|  0.03572        	|  0.00023429     	|
|  [Callback]LearningRateMonitor.on_train_batch_end                                                                                                               	|  3.8195e-06     	|  9160           	|  0.034987       	|  0.00022948     	|
|  [LightningModule]Mask_RCNN.on_after_batch_transfer                                                                                                             	|  3.2897e-06     	|  9950           	|  0.032733       	|  0.0002147      	|
|  [Callback]TQDMProgressBar.on_validation_batch_start                                                                                                            	|  4.0521e-05     	|  790            	|  0.032011       	|  0.00020997     	|
|  [Callback]TQDMProgressBar.on_validation_start                                                                                                                  	|  0.003024       	|  10             	|  0.03024        	|  0.00019835     	|
|  [LightningModule]Mask_RCNN.on_train_batch_end                                                                                                                  	|  2.6023e-06     	|  9160           	|  0.023837       	|  0.00015635     	|
|  [LightningModule]Mask_RCNN.on_after_backward                                                                                                                   	|  2.4873e-06     	|  9160           	|  0.022784       	|  0.00014944     	|
|  [Callback]TQDMProgressBar.on_train_epoch_start                                                                                                                 	|  0.0021581      	|  10             	|  0.021581       	|  0.00014155     	|
|  [LightningModule]Mask_RCNN.on_before_optimizer_step                                                                                                            	|  2.2076e-06     	|  9160           	|  0.020222       	|  0.00013264     	|
|  [LightningModule]Mask_RCNN.on_before_zero_grad                                                                                                                 	|  2.1579e-06     	|  9160           	|  0.019767       	|  0.00012965     	|
|  [LightningModule]Mask_RCNN.on_train_batch_start                                                                                                                	|  2.0621e-06     	|  9160           	|  0.018889       	|  0.00012389     	|
|  [LightningModule]Mask_RCNN.on_before_backward                                                                                                                  	|  1.9986e-06     	|  9160           	|  0.018307       	|  0.00012008     	|
|  [Callback]TQDMProgressBar.on_validation_end                                                                                                                    	|  0.0017207      	|  10             	|  0.017207       	|  0.00011286     	|
|  [Callback]LearningRateMonitor.on_after_backward                                                                                                                	|  1.7963e-06     	|  9160           	|  0.016454       	|  0.00010793     	|
|  [LightningModule]Mask_RCNN.on_validation_model_train                                                                                                           	|  0.0016379      	|  10             	|  0.016379       	|  0.00010744     	|
|  [Callback]COCOEvaluator.on_train_batch_start                                                                                                                   	|  1.7648e-06     	|  9160           	|  0.016165       	|  0.00010603     	|
|  [Callback]COCOEvaluator.on_train_batch_end                                                                                                                     	|  1.7259e-06     	|  9160           	|  0.015809       	|  0.00010369     	|
|  [Callback]LearningRateMonitor.on_before_backward                                                                                                               	|  1.7049e-06     	|  9160           	|  0.015617       	|  0.00010243     	|
|  [Callback]LearningRateMonitor.on_before_zero_grad                                                                                                              	|  1.6821e-06     	|  9160           	|  0.015408       	|  0.00010106     	|
|  [Callback]LearningRateMonitor.on_before_optimizer_step                                                                                                         	|  1.6448e-06     	|  9160           	|  0.015066       	|  9.8821e-05     	|
|  [Callback]ModelCheckpoint{'monitor': None, 'mode': 'min', 'every_n_train_steps': 0, 'every_n_epochs': 1, 'train_time_interval': None}.on_after_backward        	|  1.6406e-06     	|  9160           	|  0.015028       	|  9.857e-05      	|
|  [Callback]ModelCheckpoint{'monitor': None, 'mode': 'min', 'every_n_train_steps': 0, 'every_n_epochs': 1, 'train_time_interval': None}.on_train_batch_start     	|  1.6337e-06     	|  9160           	|  0.014965       	|  9.8158e-05     	|
|  [Callback]ModelCheckpoint{'monitor': None, 'mode': 'min', 'every_n_train_steps': 0, 'every_n_epochs': 1, 'train_time_interval': None}.on_before_zero_grad      	|  1.6238e-06     	|  9160           	|  0.014874       	|  9.7561e-05     	|
|  [Callback]ModelCheckpoint{'monitor': None, 'mode': 'min', 'every_n_train_steps': 0, 'every_n_epochs': 1, 'train_time_interval': None}.on_before_backward       	|  1.6044e-06     	|  9160           	|  0.014696       	|  9.6396e-05     	|
|  [Callback]COCOEvaluator.on_before_zero_grad                                                                                                                    	|  1.5348e-06     	|  9160           	|  0.014059       	|  9.2214e-05     	|
|  [Callback]ModelCheckpoint{'monitor': None, 'mode': 'min', 'every_n_train_steps': 0, 'every_n_epochs': 1, 'train_time_interval': None}.on_before_optimizer_step 	|  1.5126e-06     	|  9160           	|  0.013855       	|  9.0878e-05     	|
|  [Callback]ModelSummary.on_train_batch_start                                                                                                                    	|  1.4898e-06     	|  9160           	|  0.013646       	|  8.9508e-05     	|
|  [Callback]ModelSummary.on_before_zero_grad                                                                                                                     	|  1.4775e-06     	|  9160           	|  0.013534       	|  8.877e-05      	|
|  [Callback]ModelSummary.on_train_batch_end                                                                                                                      	|  1.4753e-06     	|  9160           	|  0.013514       	|  8.864e-05      	|
|  [Callback]COCOEvaluator.on_after_backward                                                                                                                      	|  1.4678e-06     	|  9160           	|  0.013445       	|  8.8186e-05     	|
|  [Callback]COCOEvaluator.on_before_backward                                                                                                                     	|  1.4214e-06     	|  9160           	|  0.01302        	|  8.5397e-05     	|
|  [Callback]COCOEvaluator.on_before_optimizer_step                                                                                                               	|  1.3744e-06     	|  9160           	|  0.012589       	|  8.2575e-05     	|
|  [Callback]ModelSummary.on_after_backward                                                                                                                       	|  1.3655e-06     	|  9160           	|  0.012508       	|  8.2039e-05     	|
|  [Callback]ModelSummary.on_before_backward                                                                                                                      	|  1.3406e-06     	|  9160           	|  0.01228        	|  8.0546e-05     	|
|  [Callback]ModelSummary.on_before_optimizer_step                                                                                                                	|  1.3297e-06     	|  9160           	|  0.01218        	|  7.9891e-05     	|
|  [Callback]ModelSummary.on_validation_batch_end                                                                                                                 	|  1.4948e-05     	|  790            	|  0.011809       	|  7.7457e-05     	|
|  [Strategy]DDPStrategy.on_train_batch_start                                                                                                                     	|  1.1727e-06     	|  9160           	|  0.010742       	|  7.046e-05      	|
|  [Callback]ModelSummary.on_fit_start                                                                                                                            	|  0.0066518      	|  1              	|  0.0066518      	|  4.363e-05      	|
|  [Callback]TQDMProgressBar.on_train_epoch_end                                                                                                                   	|  0.00055199     	|  10             	|  0.0055199      	|  3.6206e-05     	|
|  [Callback]LearningRateMonitor.on_validation_batch_end                                                                                                          	|  4.1913e-06     	|  790            	|  0.0033111      	|  2.1718e-05     	|
|  [LightningModule]Mask_RCNN.on_validation_batch_end                                                                                                             	|  3.2816e-06     	|  790            	|  0.0025924      	|  1.7004e-05     	|
|  [Callback]LearningRateMonitor.on_validation_batch_start                                                                                                        	|  3.1295e-06     	|  790            	|  0.0024723      	|  1.6216e-05     	|
|  [LightningModule]Mask_RCNN.lr_scheduler_step                                                                                                                   	|  0.00021448     	|  10             	|  0.0021448      	|  1.4068e-05     	|
|  [Callback]ModelCheckpoint{'monitor': None, 'mode': 'min', 'every_n_train_steps': 0, 'every_n_epochs': 1, 'train_time_interval': None}.on_validation_batch_end  	|  2.5647e-06     	|  790            	|  0.0020261      	|  1.329e-05      	|
|  [LightningModule]Mask_RCNN.on_validation_epoch_start                                                                                                           	|  0.00018518     	|  10             	|  0.0018518      	|  1.2146e-05     	|
|  [Callback]TQDMProgressBar.on_train_start                                                                                                                       	|  0.0018358      	|  1              	|  0.0018358      	|  1.2041e-05     	|
|  [Callback]ModelCheckpoint{'monitor': None, 'mode': 'min', 'every_n_train_steps': 0, 'every_n_epochs': 1, 'train_time_interval': None}.on_validation_batch_start	|  2.0845e-06     	|  790            	|  0.0016468      	|  1.0801e-05     	|
|  [Callback]COCOEvaluator.on_validation_batch_start                                                                                                              	|  2.0646e-06     	|  790            	|  0.001631       	|  1.0698e-05     	|
|  [LightningModule]Mask_RCNN.on_validation_batch_start                                                                                                           	|  1.8739e-06     	|  790            	|  0.0014804      	|  9.7102e-06     	|
|  [Callback]ModelCheckpoint{'monitor': None, 'mode': 'min', 'every_n_train_steps': 0, 'every_n_epochs': 1, 'train_time_interval': None}.setup                    	|  0.0013556      	|  1              	|  0.0013556      	|  8.8918e-06     	|
|  [Callback]ModelSummary.on_validation_batch_start                                                                                                               	|  1.7141e-06     	|  790            	|  0.0013541      	|  8.8818e-06     	|
|  [Callback]TQDMProgressBar.on_train_end                                                                                                                         	|  0.0013478      	|  1              	|  0.0013478      	|  8.8403e-06     	|
|  [LightningModule]Mask_RCNN.configure_optimizers                                                                                                                	|  0.0010249      	|  1              	|  0.0010249      	|  6.7225e-06     	|
|  [Callback]ModelCheckpoint{'monitor': None, 'mode': 'min', 'every_n_train_steps': 0, 'every_n_epochs': 1, 'train_time_interval': None}.on_validation_end        	|  9.3556e-05     	|  10             	|  0.00093556     	|  6.1365e-06     	|
|  [Callback]ModelSummary.on_validation_start                                                                                                                     	|  8.8487e-05     	|  10             	|  0.00088487     	|  5.804e-06      	|
|  [Callback]LearningRateMonitor.on_validation_start                                                                                                              	|  8.8455e-05     	|  10             	|  0.00088455     	|  5.8019e-06     	|
|  [Callback]LearningRateMonitor.on_train_epoch_start                                                                                                             	|  8.8025e-05     	|  10             	|  0.00088025     	|  5.7737e-06     	|
|  [LightningDataModule]COCODataModule.val_dataloader                                                                                                             	|  0.00086061     	|  1              	|  0.00086061     	|  5.6448e-06     	|
|  [LightningModule]Mask_RCNN.on_train_epoch_start                                                                                                                	|  2.369e-05      	|  10             	|  0.0002369      	|  1.5538e-06     	|
|  [LightningModule]Mask_RCNN.on_train_end                                                                                                                        	|  0.00020609     	|  1              	|  0.00020609     	|  1.3517e-06     	|
|  [Callback]ModelSummary.on_validation_epoch_end                                                                                                                 	|  1.8589e-05     	|  10             	|  0.00018589     	|  1.2193e-06     	|
|  [Callback]LearningRateMonitor.on_train_start                                                                                                                   	|  0.00016623     	|  1              	|  0.00016623     	|  1.0903e-06     	|
|  [Callback]TQDMProgressBar.on_save_checkpoint                                                                                                                   	|  1.4741e-05     	|  10             	|  0.00014741     	|  9.6691e-07     	|
|  [Callback]ModelSummary.on_validation_epoch_start                                                                                                               	|  1.3945e-05     	|  10             	|  0.00013945     	|  9.1465e-07     	|
|  [LightningDataModule]COCODataModule.state_dict                                                                                                                 	|  1.1262e-05     	|  10             	|  0.00011262     	|  7.3868e-07     	|
|  [LightningModule]Mask_RCNN.on_validation_start                                                                                                                 	|  1.0709e-05     	|  10             	|  0.00010709     	|  7.0243e-07     	|
|  [Strategy]DDPStrategy.on_validation_end                                                                                                                        	|  8.9558e-06     	|  10             	|  8.9558e-05     	|  5.8742e-07     	|
|  [Callback]LearningRateMonitor.on_validation_end                                                                                                                	|  6.7165e-06     	|  10             	|  6.7165e-05     	|  4.4055e-07     	|
|  [Callback]LearningRateMonitor.on_train_epoch_end                                                                                                               	|  6.5552e-06     	|  10             	|  6.5552e-05     	|  4.2996e-07     	|
|  [Callback]COCOEvaluator.on_train_epoch_start                                                                                                                   	|  6.2692e-06     	|  10             	|  6.2692e-05     	|  4.112e-07      	|
|  [Strategy]DDPStrategy.on_validation_start                                                                                                                      	|  5.6362e-06     	|  10             	|  5.6362e-05     	|  3.6969e-07     	|
|  [LightningModule]Mask_RCNN.on_validation_epoch_end                                                                                                             	|  5.6091e-06     	|  10             	|  5.6091e-05     	|  3.6791e-07     	|
|  [Callback]TQDMProgressBar.on_validation_epoch_end                                                                                                              	|  4.8239e-06     	|  10             	|  4.8239e-05     	|  3.1641e-07     	|
|  [Callback]TQDMProgressBar.on_validation_epoch_start                                                                                                            	|  4.0818e-06     	|  10             	|  4.0818e-05     	|  2.6773e-07     	|
|  [LightningModule]Mask_RCNN.on_validation_end                                                                                                                   	|  3.4299e-06     	|  10             	|  3.4299e-05     	|  2.2497e-07     	|
|  [Callback]ModelCheckpoint{'monitor': None, 'mode': 'min', 'every_n_train_steps': 0, 'every_n_epochs': 1, 'train_time_interval': None}.on_validation_start      	|  3.1052e-06     	|  10             	|  3.1052e-05     	|  2.0368e-07     	|
|  [Callback]ModelCheckpoint{'monitor': None, 'mode': 'min', 'every_n_train_steps': 0, 'every_n_epochs': 1, 'train_time_interval': None}.on_validation_epoch_end  	|  2.9983e-06     	|  10             	|  2.9983e-05     	|  1.9666e-07     	|
|  [Callback]ModelCheckpoint{'monitor': None, 'mode': 'min', 'every_n_train_steps': 0, 'every_n_epochs': 1, 'train_time_interval': None}.on_validation_epoch_start	|  2.737e-06      	|  10             	|  2.737e-05      	|  1.7952e-07     	|
|  [Callback]LearningRateMonitor.on_validation_epoch_end                                                                                                          	|  2.6675e-06     	|  10             	|  2.6675e-05     	|  1.7497e-07     	|
|  [Callback]ModelCheckpoint{'monitor': None, 'mode': 'min', 'every_n_train_steps': 0, 'every_n_epochs': 1, 'train_time_interval': None}.on_train_epoch_start     	|  2.6243e-06     	|  10             	|  2.6243e-05     	|  1.7213e-07     	|
|  [Callback]LearningRateMonitor.on_save_checkpoint                                                                                                               	|  2.603e-06      	|  10             	|  2.603e-05      	|  1.7073e-07     	|
|  [Callback]ModelSummary.on_train_epoch_start                                                                                                                    	|  2.5616e-06     	|  10             	|  2.5616e-05     	|  1.6802e-07     	|
|  [Callback]COCOEvaluator.on_validation_end                                                                                                                      	|  2.3277e-06     	|  10             	|  2.3277e-05     	|  1.5268e-07     	|
|  [Callback]ModelSummary.on_save_checkpoint                                                                                                                      	|  2.1138e-06     	|  10             	|  2.1138e-05     	|  1.3865e-07     	|
|  [Callback]ModelSummary.on_validation_end                                                                                                                       	|  2.0768e-06     	|  10             	|  2.0768e-05     	|  1.3622e-07     	|
|  [Callback]ModelSummary.on_train_epoch_end                                                                                                                      	|  2.0481e-06     	|  10             	|  2.0481e-05     	|  1.3434e-07     	|
|  [LightningModule]Mask_RCNN.configure_sharded_model                                                                                                             	|  1.8805e-05     	|  1              	|  1.8805e-05     	|  1.2334e-07     	|
|  [Callback]COCOEvaluator.on_train_epoch_end                                                                                                                     	|  1.8676e-06     	|  10             	|  1.8676e-05     	|  1.225e-07      	|
|  [Callback]ModelCheckpoint{'monitor': None, 'mode': 'min', 'every_n_train_steps': 0, 'every_n_epochs': 1, 'train_time_interval': None}.on_save_checkpoint       	|  1.7414e-06     	|  10             	|  1.7414e-05     	|  1.1422e-07     	|
|  [Callback]LearningRateMonitor.on_validation_epoch_start                                                                                                        	|  1.7025e-06     	|  10             	|  1.7025e-05     	|  1.1167e-07     	|
|  [Callback]TQDMProgressBar.setup                                                                                                                                	|  1.6617e-05     	|  1              	|  1.6617e-05     	|  1.0899e-07     	|
|  [LightningModule]Mask_RCNN.on_train_start                                                                                                                      	|  1.6117e-05     	|  1              	|  1.6117e-05     	|  1.0571e-07     	|
|  [Callback]COCOEvaluator.on_save_checkpoint                                                                                                                     	|  1.4587e-06     	|  10             	|  1.4587e-05     	|  9.5677e-08     	|
|  [LightningModule]Mask_RCNN.on_save_checkpoint                                                                                                                  	|  1.1254e-06     	|  10             	|  1.1254e-05     	|  7.3819e-08     	|
|  [LightningModule]Mask_RCNN.configure_callbacks                                                                                                                 	|  9.0331e-06     	|  1              	|  9.0331e-06     	|  5.925e-08      	|
|  [Callback]LearningRateMonitor.on_train_end                                                                                                                     	|  7.553e-06      	|  1              	|  7.553e-06      	|  4.9541e-08     	|
|  [Callback]COCOEvaluator.on_train_start                                                                                                                         	|  6.75e-06       	|  1              	|  6.75e-06       	|  4.4274e-08     	|
|  [Callback]TQDMProgressBar.on_fit_end                                                                                                                           	|  6.0722e-06     	|  1              	|  6.0722e-06     	|  3.9829e-08     	|
|  [Strategy]DDPStrategy.on_train_start                                                                                                                           	|  4.662e-06      	|  1              	|  4.662e-06      	|  3.0578e-08     	|
|  [Callback]ModelCheckpoint{'monitor': None, 'mode': 'min', 'every_n_train_steps': 0, 'every_n_epochs': 1, 'train_time_interval': None}.on_train_start           	|  4.1989e-06     	|  1              	|  4.1989e-06     	|  2.7541e-08     	|
|  [LightningModule]Mask_RCNN.on_fit_start                                                                                                                        	|  3.9958e-06     	|  1              	|  3.9958e-06     	|  2.6209e-08     	|
|  [LightningDataModule]COCODataModule.prepare_data                                                                                                               	|  3.7749e-06     	|  1              	|  3.7749e-06     	|  2.476e-08      	|
|  [Callback]ModelCheckpoint{'monitor': None, 'mode': 'min', 'every_n_train_steps': 0, 'every_n_epochs': 1, 'train_time_interval': None}.on_fit_start             	|  3.76e-06       	|  1              	|  3.76e-06       	|  2.4662e-08     	|
|  [LightningModule]Mask_RCNN.prepare_data                                                                                                                        	|  3.722e-06      	|  1              	|  3.722e-06      	|  2.4413e-08     	|
|  [Callback]TQDMProgressBar.on_fit_start                                                                                                                         	|  3.5961e-06     	|  1              	|  3.5961e-06     	|  2.3587e-08     	|
|  [Callback]ModelSummary.on_train_end                                                                                                                            	|  3.5879e-06     	|  1              	|  3.5879e-06     	|  2.3534e-08     	|
|  [Callback]COCOEvaluator.on_train_end                                                                                                                           	|  3.5772e-06     	|  1              	|  3.5772e-06     	|  2.3463e-08     	|
|  [Callback]ModelCheckpoint{'monitor': None, 'mode': 'min', 'every_n_train_steps': 0, 'every_n_epochs': 1, 'train_time_interval': None}.on_train_end             	|  3.3069e-06     	|  1              	|  3.3069e-06     	|  2.169e-08      	|
|  [LightningModule]Mask_RCNN.setup                                                                                                                               	|  2.845e-06      	|  1              	|  2.845e-06      	|  1.866e-08      	|
|  [Strategy]DDPStrategy.on_train_end                                                                                                                             	|  2.5611e-06     	|  1              	|  2.5611e-06     	|  1.6799e-08     	|
|  [Callback]LearningRateMonitor.setup                                                                                                                            	|  2.5099e-06     	|  1              	|  2.5099e-06     	|  1.6463e-08     	|
|  [Callback]TQDMProgressBar.teardown                                                                                                                             	|  1.8841e-06     	|  1              	|  1.8841e-06     	|  1.2358e-08     	|
|  [LightningDataModule]COCODataModule.teardown                                                                                                                   	|  1.854e-06      	|  1              	|  1.854e-06      	|  1.2161e-08     	|
|  [Callback]LearningRateMonitor.on_fit_end                                                                                                                       	|  1.76e-06       	|  1              	|  1.76e-06       	|  1.1544e-08     	|
|  [LightningModule]Mask_RCNN.on_fit_end                                                                                                                          	|  1.7239e-06     	|  1              	|  1.7239e-06     	|  1.1307e-08     	|
|  [Callback]LearningRateMonitor.on_fit_start                                                                                                                     	|  1.6559e-06     	|  1              	|  1.6559e-06     	|  1.0861e-08     	|
|  [Callback]ModelSummary.on_train_start                                                                                                                          	|  1.444e-06      	|  1              	|  1.444e-06      	|  9.4715e-09     	|
|  [Callback]COCOEvaluator.on_fit_start                                                                                                                           	|  1.3681e-06     	|  1              	|  1.3681e-06     	|  8.9736e-09     	|
|  [Callback]LearningRateMonitor.teardown                                                                                                                         	|  1.3411e-06     	|  1              	|  1.3411e-06     	|  8.7965e-09     	|
|  [Callback]ModelSummary.teardown                                                                                                                                	|  1.3092e-06     	|  1              	|  1.3092e-06     	|  8.5873e-09     	|
|  [Callback]ModelCheckpoint{'monitor': None, 'mode': 'min', 'every_n_train_steps': 0, 'every_n_epochs': 1, 'train_time_interval': None}.teardown                 	|  1.2959e-06     	|  1              	|  1.2959e-06     	|  8.5002e-09     	|
|  [Callback]COCOEvaluator.setup                                                                                                                                  	|  1.292e-06      	|  1              	|  1.292e-06      	|  8.4743e-09     	|
|  [Callback]ModelCheckpoint{'monitor': None, 'mode': 'min', 'every_n_train_steps': 0, 'every_n_epochs': 1, 'train_time_interval': None}.on_fit_end               	|  1.291e-06      	|  1              	|  1.291e-06      	|  8.4681e-09     	|
|  [Callback]COCOEvaluator.on_fit_end                                                                                                                             	|  1.2871e-06     	|  1              	|  1.2871e-06     	|  8.4422e-09     	|
|  [Callback]ModelSummary.setup                                                                                                                                   	|  1.1818e-06     	|  1              	|  1.1818e-06     	|  7.7519e-09     	|
|  [Callback]ModelSummary.on_fit_end                                                                                                                              	|  1.17e-06       	|  1              	|  1.17e-06       	|  7.674e-09      	|
|  [Callback]COCOEvaluator.teardown                                                                                                                               	|  1.129e-06      	|  1              	|  1.129e-06      	|  7.4052e-09     	|
|  [LightningModule]Mask_RCNN.teardown                                                                                                                            	|  8.8499e-07     	|  1              	|  8.8499e-07     	|  5.8048e-09     	|
--------------------------------------------------------------------------------------------------------------------------------------------------------------------------------------------------------------------------------------------------------------------------

wandb: Waiting for W&B process to finish... (success).
wandb: 
wandb: Run history:
wandb:               epoch ▁▁▁▁▂▂▂▂▃▃▃▃▃▃▃▃▄▄▄▄▅▅▅▅▆▆▆▆▆▆▆▆▇▇▇▇████
wandb:      evaluator_time ▂▄▄▅█▃▁▃▆▂
wandb:        loss_box_reg ▄███▆▆▆▅▄▅▄▄▃▃▃▂▃▄▃▃▄▂▃▃▃▃▃▃▁▃▂▃▂▂▂▃▁▁▃▂
wandb:     loss_classifier ▇█▇▇▆▅▅▃▃▃▃▂▂▂▂▂▂▂▂▂▂▁▂▂▂▂▂▂▁▂▁▂▂▂▂▁▁▁▂▂
wandb:           loss_mask █▅▄▃▄▃▃▃▂▃▂▂▂▂▂▂▂▂▂▂▂▂▂▂▂▂▂▂▁▂▂▂▁▂▁▂▁▁▂▂
wandb:     loss_objectness █▄▃▃▃▃▃▂▂▂▂▂▂▂▂▂▁▂▁▂▂▁▂▂▂▂▁▂▁▁▁▂▁▁▁▁▁▁▁▁
wandb:    loss_rpn_box_reg █▅▄▃▄▄▅▃▃▃▃▃▄▂▂▂▂▃▂▄▄▂▂▃▄▂▂▂▁▃▂▃▂▂▂▂▂▁▂▃
wandb:             lr-LARS ▁▁▁▁████████████████████████████████████
wandb:    lr-LARS-momentum ▁▁▁▁▁▁▁▁▁▁▁▁▁▁▁▁▁▁▁▁▁▁▁▁▁▁▁▁▁▁▁▁▁▁▁▁▁▁▁▁
wandb:         map_50_bbox ▁▅▇▇▆█████
wandb:         map_50_segm ▁▅▇▇▆█████
wandb:            map_bbox ▁▄▆▇▆▇▇███
wandb:            map_segm ▁▄▆▇▆▇████
wandb:            mar_bbox ▁▅▆▇▇▇▇███
wandb:            mar_segm ▁▅▇▇▇▇▇███
wandb:          model_time ▁▃▄▄█▃▁▂▄▂
wandb: trainer/global_step ▁▁▁▂▂▂▂▂▂▃▃▃▃▃▄▄▄▄▄▄▅▅▅▅▅▅▆▆▆▆▆▇▇▇▇▇▇███
wandb:       training_loss █▄▃▂▂▂▁▁▁▁
wandb:  training_step_loss ██▇▆▅▅▅▄▃▃▃▃▃▂▂▂▂▃▂▂▃▂▂▂▂▂▂▂▁▂▁▂▂▂▂▂▁▁▂▂
wandb: 
wandb: Run summary:
wandb:               epoch 9
wandb:      evaluator_time 0.4618
wandb:        loss_box_reg 0.22328
wandb:     loss_classifier 0.21958
wandb:           loss_mask 0.25617
wandb:     loss_objectness 0.03931
wandb:    loss_rpn_box_reg 0.05542
wandb:             lr-LARS 0.001
wandb:    lr-LARS-momentum 0.9
wandb:         map_50_bbox 0.52433
wandb:         map_50_segm 0.49719
wandb:            map_bbox 0.32696
wandb:            map_segm 0.30539
wandb:            mar_bbox 0.4843
wandb:            mar_segm 0.45078
wandb:          model_time 0.77362
wandb: trainer/global_step 9159
wandb:       training_loss 0.79999
wandb:  training_step_loss 0.79377
wandb: 
wandb: 🚀 View run lars-16-no-scheduling-1e-3 at: https://wandb.ai/ilhamsyahids/MaskRCNN/runs/ibem4k3u
wandb: Synced 5 W&B file(s), 1 media file(s), 1 artifact file(s) and 0 other file(s)
wandb: Find logs at: logs/wandb/run-20230423_050126-ibem4k3u/logs
