Building logger...
Building DataModule...
Building callback...
Building model...
Training model...
Loading dataset...
loading annotations into memory...
Done (t=18.34s)
creating index...
index created!
loading annotations into memory...
Done (t=0.52s)
creating index...
index created!
Building training dataloader...
Using [0, 0.5, 0.7071067811865476, 1.0, 1.4142135623730951, 2.0, inf] as bins for aspect ratio quantization
Count of instances per bin: [  104 12004 15546 45675 42779  1158]
Building logger...
Building DataModule...
Building callback...
Building model...
Training model...
Loading dataset...
loading annotations into memory...
Done (t=17.71s)
creating index...
index created!
loading annotations into memory...
Done (t=0.53s)
creating index...
index created!
Building training dataloader...
Using [0, 0.5, 0.7071067811865476, 1.0, 1.4142135623730951, 2.0, inf] as bins for aspect ratio quantization
Count of instances per bin: [  104 12004 15546 45675 42779  1158]
Building logger...
Building DataModule...
Building callback...
Building model...
Training model...
Loading dataset...
loading annotations into memory...
Done (t=17.79s)
creating index...
index created!
loading annotations into memory...
Done (t=0.54s)
creating index...
index created!
Building training dataloader...
Using [0, 0.5, 0.7071067811865476, 1.0, 1.4142135623730951, 2.0, inf] as bins for aspect ratio quantization
Count of instances per bin: [  104 12004 15546 45675 42779  1158]
Building logger...
Building DataModule...
Building callback...
Building model...
Training model...
Loading dataset...
loading annotations into memory...
Done (t=17.96s)
creating index...
index created!
loading annotations into memory...
Done (t=0.48s)
creating index...
index created!
Building training dataloader...
Using [0, 0.5, 0.7071067811865476, 1.0, 1.4142135623730951, 2.0, inf] as bins for aspect ratio quantization
Count of instances per bin: [  104 12004 15546 45675 42779  1158]
Building logger...
Building DataModule...
Building callback...
Building model...
Training model...
Loading dataset...
loading annotations into memory...
Done (t=17.81s)
creating index...
index created!
loading annotations into memory...
Done (t=0.48s)
creating index...
index created!
Building training dataloader...
Using [0, 0.5, 0.7071067811865476, 1.0, 1.4142135623730951, 2.0, inf] as bins for aspect ratio quantization
Count of instances per bin: [  104 12004 15546 45675 42779  1158]
Building logger...
Building DataModule...
Building callback...
Building model...
Training model...
Loading dataset...
loading annotations into memory...
Done (t=17.70s)
creating index...
index created!
loading annotations into memory...
Done (t=0.49s)
creating index...
index created!
Building training dataloader...
Using [0, 0.5, 0.7071067811865476, 1.0, 1.4142135623730951, 2.0, inf] as bins for aspect ratio quantization
Count of instances per bin: [  104 12004 15546 45675 42779  1158]
Building logger...
Building DataModule...
Building callback...
Building model...
Training model...
Loading dataset...
loading annotations into memory...
Done (t=18.30s)
creating index...
index created!
loading annotations into memory...
Done (t=0.49s)
creating index...
index created!
Building training dataloader...
Using [0, 0.5, 0.7071067811865476, 1.0, 1.4142135623730951, 2.0, inf] as bins for aspect ratio quantization
Count of instances per bin: [  104 12004 15546 45675 42779  1158]
Building logger...
Building DataModule...
Building callback...
Building model...
Training model...
Loading dataset...
loading annotations into memory...
Done (t=17.54s)
creating index...
index created!
loading annotations into memory...
Done (t=0.47s)
creating index...
index created!
Building training dataloader...
Using [0, 0.5, 0.7071067811865476, 1.0, 1.4142135623730951, 2.0, inf] as bins for aspect ratio quantization
Count of instances per bin: [  104 12004 15546 45675 42779  1158]
Building validation dataloader...
Building validation dataloader...
Building validation dataloader...
Building validation dataloader...
Building validation dataloader...
Building validation dataloader...
Building validation dataloader...
Building validation dataloader...
Training: 0it [00:00, ?it/s]Training:   0%|          | 0/916 [00:00<?, ?it/s]Epoch 0:   0%|          | 0/916 [00:00<?, ?it/s] Epoch 0:   2%|▏         | 20/916 [00:26<19:53,  1.33s/it]Epoch 0:   2%|▏         | 20/916 [00:26<19:53,  1.33s/it, v_num=4d_1, training_step_loss=4.190, loss_box_reg=0.218, loss_classifier=2.640, loss_mask=0.631, loss_objectness=0.573, loss_rpn_box_reg=0.124]Epoch 0:   4%|▍         | 40/916 [00:49<18:06,  1.24s/it, v_num=4d_1, training_step_loss=4.190, loss_box_reg=0.218, loss_classifier=2.640, loss_mask=0.631, loss_objectness=0.573, loss_rpn_box_reg=0.124]Epoch 0:   4%|▍         | 40/916 [00:49<18:06,  1.24s/it, v_num=4d_1, training_step_loss=10.60, loss_box_reg=0.269, loss_classifier=9.320, loss_mask=0.584, loss_objectness=0.294, loss_rpn_box_reg=0.146]
Loss is nan, stopping training
Epoch 0:   4%|▍         | 40/916 [01:02<22:37,  1.55s/it, v_num=4d_1, training_step_loss=nan.0, loss_box_reg=0.229, loss_classifier=nan.0, loss_mask=0.576, loss_objectness=0.287, loss_rpn_box_reg=0.139]Total time on epoch 0: 0:01:02
Total time on 0 epoch: 0:01:02
Epoch 0:   4%|▍         | 40/916 [01:03<23:02,  1.58s/it, v_num=4d_1, training_step_loss=nan.0, loss_box_reg=0.229, loss_classifier=nan.0, loss_mask=0.576, loss_objectness=0.287, loss_rpn_box_reg=0.139]
Training time 0:01:03
