wandb: Currently logged in as: ilhamsyahids. Use `wandb login --relogin` to force relogin
wandb: wandb version 0.15.3 is available!  To upgrade, please run:
wandb:  $ pip install wandb --upgrade
wandb: Tracking run with wandb version 0.14.0
wandb: Run data is saved locally in logs/wandb/run-20230524_090829-efmfi0y3
wandb: Run `wandb offline` to turn off syncing.
wandb: Syncing run lars-8-caw-8e-4-new
wandb: ⭐️ View project at https://wandb.ai/ilhamsyahids/MaskRCNN
wandb: 🚀 View run at https://wandb.ai/ilhamsyahids/MaskRCNN/runs/efmfi0y3
wandb: logging graph, to disable use `wandb.watch(log_graph=False)`
/home/ec2-user/torch-mask-rcnn/.venv/lib/python3.10/site-packages/lightning_fabric/connector.py:562: UserWarning: 16 is supported for historical reasons but its usage is discouraged. Please set your precision to 16-mixed instead!
  rank_zero_warn(
Using 16bit Automatic Mixed Precision (AMP)
GPU available: True (cuda), used: True
TPU available: False, using: 0 TPU cores
IPU available: False, using: 0 IPUs
HPU available: False, using: 0 HPUs
Initializing distributed: GLOBAL_RANK: 0, MEMBER: 1/8
Initializing distributed: GLOBAL_RANK: 6, MEMBER: 7/8
Initializing distributed: GLOBAL_RANK: 4, MEMBER: 5/8
Initializing distributed: GLOBAL_RANK: 3, MEMBER: 4/8
Initializing distributed: GLOBAL_RANK: 2, MEMBER: 3/8
Initializing distributed: GLOBAL_RANK: 7, MEMBER: 8/8
Initializing distributed: GLOBAL_RANK: 1, MEMBER: 2/8
Initializing distributed: GLOBAL_RANK: 5, MEMBER: 6/8
----------------------------------------------------------------------------------------------------
distributed_backend=nccl
All distributed processes registered. Starting with 8 processes
----------------------------------------------------------------------------------------------------

LOCAL_RANK: 6 - CUDA_VISIBLE_DEVICES: [0,1,2,3,4,5,6,7]
LOCAL_RANK: 2 - CUDA_VISIBLE_DEVICES: [0,1,2,3,4,5,6,7]
LOCAL_RANK: 0 - CUDA_VISIBLE_DEVICES: [0,1,2,3,4,5,6,7]
LOCAL_RANK: 4 - CUDA_VISIBLE_DEVICES: [0,1,2,3,4,5,6,7]
LOCAL_RANK: 5 - CUDA_VISIBLE_DEVICES: [0,1,2,3,4,5,6,7]
LOCAL_RANK: 7 - CUDA_VISIBLE_DEVICES: [0,1,2,3,4,5,6,7]
LOCAL_RANK: 3 - CUDA_VISIBLE_DEVICES: [0,1,2,3,4,5,6,7]
LOCAL_RANK: 1 - CUDA_VISIBLE_DEVICES: [0,1,2,3,4,5,6,7]

  | Name  | Type     | Params
-----------------------------------
0 | model | MaskRCNN | 46.4 M
-----------------------------------
46.1 M    Trainable params
225 K     Non-trainable params
46.4 M    Total params
185.438   Total estimated model params size (MB)
/home/ec2-user/torch-mask-rcnn/.venv/lib/python3.10/site-packages/lightning_fabric/loggers/csv_logs.py:188: UserWarning: Experiment logs directory logs/lars-8-caw-8e-4-new/version_1 exists and is not empty. Previous log files in this directory will be deleted when the new ones are saved!
  rank_zero_warn(
/home/ec2-user/torch-mask-rcnn/.venv/lib/python3.10/site-packages/pytorch_lightning/trainer/connectors/logger_connector/result.py:212: UserWarning: You called `self.log('local_lr/rpn.head.conv.0.0.bias', ...)` in your `on_before_optimizer_step` but the value needs to be floating point. Converting it to torch.float32.
  warning_cache.warn(
/home/ec2-user/torch-mask-rcnn/.venv/lib/python3.10/site-packages/pytorch_lightning/trainer/connectors/logger_connector/result.py:212: UserWarning: You called `self.log('local_lr/rpn.head.conv.1.0.bias', ...)` in your `on_before_optimizer_step` but the value needs to be floating point. Converting it to torch.float32.
  warning_cache.warn(
/home/ec2-user/torch-mask-rcnn/.venv/lib/python3.10/site-packages/pytorch_lightning/trainer/connectors/logger_connector/result.py:212: UserWarning: You called `self.log('local_lr/rpn.head.cls_logits.bias', ...)` in your `on_before_optimizer_step` but the value needs to be floating point. Converting it to torch.float32.
  warning_cache.warn(
/home/ec2-user/torch-mask-rcnn/.venv/lib/python3.10/site-packages/pytorch_lightning/trainer/connectors/logger_connector/result.py:212: UserWarning: You called `self.log('local_lr/rpn.head.bbox_pred.bias', ...)` in your `on_before_optimizer_step` but the value needs to be floating point. Converting it to torch.float32.
  warning_cache.warn(
/home/ec2-user/torch-mask-rcnn/.venv/lib/python3.10/site-packages/pytorch_lightning/trainer/connectors/logger_connector/result.py:212: UserWarning: You called `self.log('local_lr/roi_heads.box_head.0.1.bias', ...)` in your `on_before_optimizer_step` but the value needs to be floating point. Converting it to torch.float32.
  warning_cache.warn(
/home/ec2-user/torch-mask-rcnn/.venv/lib/python3.10/site-packages/pytorch_lightning/trainer/connectors/logger_connector/result.py:212: UserWarning: You called `self.log('local_lr/roi_heads.box_head.1.1.bias', ...)` in your `on_before_optimizer_step` but the value needs to be floating point. Converting it to torch.float32.
  warning_cache.warn(
/home/ec2-user/torch-mask-rcnn/.venv/lib/python3.10/site-packages/pytorch_lightning/trainer/connectors/logger_connector/result.py:212: UserWarning: You called `self.log('local_lr/roi_heads.box_head.2.1.bias', ...)` in your `on_before_optimizer_step` but the value needs to be floating point. Converting it to torch.float32.
  warning_cache.warn(
/home/ec2-user/torch-mask-rcnn/.venv/lib/python3.10/site-packages/pytorch_lightning/trainer/connectors/logger_connector/result.py:212: UserWarning: You called `self.log('local_lr/roi_heads.box_head.3.1.bias', ...)` in your `on_before_optimizer_step` but the value needs to be floating point. Converting it to torch.float32.
  warning_cache.warn(
/home/ec2-user/torch-mask-rcnn/.venv/lib/python3.10/site-packages/pytorch_lightning/trainer/connectors/logger_connector/result.py:212: UserWarning: You called `self.log('local_lr/roi_heads.mask_head.0.1.bias', ...)` in your `on_before_optimizer_step` but the value needs to be floating point. Converting it to torch.float32.
  warning_cache.warn(
/home/ec2-user/torch-mask-rcnn/.venv/lib/python3.10/site-packages/pytorch_lightning/trainer/connectors/logger_connector/result.py:212: UserWarning: You called `self.log('local_lr/roi_heads.mask_head.1.1.bias', ...)` in your `on_before_optimizer_step` but the value needs to be floating point. Converting it to torch.float32.
  warning_cache.warn(
/home/ec2-user/torch-mask-rcnn/.venv/lib/python3.10/site-packages/pytorch_lightning/trainer/connectors/logger_connector/result.py:212: UserWarning: You called `self.log('local_lr/roi_heads.mask_head.2.1.bias', ...)` in your `on_before_optimizer_step` but the value needs to be floating point. Converting it to torch.float32.
  warning_cache.warn(
/home/ec2-user/torch-mask-rcnn/.venv/lib/python3.10/site-packages/pytorch_lightning/trainer/connectors/logger_connector/result.py:212: UserWarning: You called `self.log('local_lr/roi_heads.mask_head.3.1.bias', ...)` in your `on_before_optimizer_step` but the value needs to be floating point. Converting it to torch.float32.
  warning_cache.warn(
/home/ec2-user/torch-mask-rcnn/.venv/lib/python3.10/site-packages/pytorch_lightning/trainer/connectors/logger_connector/result.py:212: UserWarning: You called `self.log('local_lr', ...)` in your `optimizer_step` but the value needs to be floating point. Converting it to torch.float32.
  warning_cache.warn(
/home/ec2-user/torch-mask-rcnn/.venv/lib/python3.10/site-packages/pytorch_lightning/trainer/connectors/logger_connector/result.py:432: PossibleUserWarning: It is recommended to use `self.log('model_time', ..., sync_dist=True)` when logging on epoch level in distributed setting to accumulate the metric across devices.
  warning_cache.warn(
/home/ec2-user/torch-mask-rcnn/.venv/lib/python3.10/site-packages/pytorch_lightning/trainer/connectors/logger_connector/result.py:432: PossibleUserWarning: It is recommended to use `self.log('evaluator_time', ..., sync_dist=True)` when logging on epoch level in distributed setting to accumulate the metric across devices.
  warning_cache.warn(
/home/ec2-user/torch-mask-rcnn/.venv/lib/python3.10/site-packages/pytorch_lightning/trainer/connectors/logger_connector/result.py:432: PossibleUserWarning: It is recommended to use `self.log('map_bbox', ..., sync_dist=True)` when logging on epoch level in distributed setting to accumulate the metric across devices.
  warning_cache.warn(
/home/ec2-user/torch-mask-rcnn/.venv/lib/python3.10/site-packages/pytorch_lightning/trainer/connectors/logger_connector/result.py:432: PossibleUserWarning: It is recommended to use `self.log('map_50_bbox', ..., sync_dist=True)` when logging on epoch level in distributed setting to accumulate the metric across devices.
  warning_cache.warn(
/home/ec2-user/torch-mask-rcnn/.venv/lib/python3.10/site-packages/pytorch_lightning/trainer/connectors/logger_connector/result.py:432: PossibleUserWarning: It is recommended to use `self.log('mar_bbox', ..., sync_dist=True)` when logging on epoch level in distributed setting to accumulate the metric across devices.
  warning_cache.warn(
/home/ec2-user/torch-mask-rcnn/.venv/lib/python3.10/site-packages/pytorch_lightning/trainer/connectors/logger_connector/result.py:432: PossibleUserWarning: It is recommended to use `self.log('map_segm', ..., sync_dist=True)` when logging on epoch level in distributed setting to accumulate the metric across devices.
  warning_cache.warn(
/home/ec2-user/torch-mask-rcnn/.venv/lib/python3.10/site-packages/pytorch_lightning/trainer/connectors/logger_connector/result.py:432: PossibleUserWarning: It is recommended to use `self.log('map_50_segm', ..., sync_dist=True)` when logging on epoch level in distributed setting to accumulate the metric across devices.
  warning_cache.warn(
/home/ec2-user/torch-mask-rcnn/.venv/lib/python3.10/site-packages/pytorch_lightning/trainer/connectors/logger_connector/result.py:432: PossibleUserWarning: It is recommended to use `self.log('mar_segm', ..., sync_dist=True)` when logging on epoch level in distributed setting to accumulate the metric across devices.
  warning_cache.warn(
`Trainer.fit` stopped: `max_epochs=10` reached.
FIT Profiler Report

--------------------------------------------------------------------------------------------------------------------------------------------------------------------------------------------------------------------------------------------------------------------------
|  Action                                                                                                                                                         	|  Mean duration (s)	|  Num calls      	|  Total time (s) 	|  Percentage %   	|
--------------------------------------------------------------------------------------------------------------------------------------------------------------------------------------------------------------------------------------------------------------------------
|  Total                                                                                                                                                          	|  -              	|  894117         	|  1.4755e+04     	|  100 %          	|
--------------------------------------------------------------------------------------------------------------------------------------------------------------------------------------------------------------------------------------------------------------------------
|  run_training_epoch                                                                                                                                             	|  1465.1         	|  10             	|  1.4651e+04     	|  99.3           	|
|  run_training_batch                                                                                                                                             	|  0.66897        	|  18320          	|  1.2255e+04     	|  83.062         	|
|  [LightningModule]Mask_RCNN.optimizer_step                                                                                                                      	|  0.66886        	|  18320          	|  1.2253e+04     	|  83.048         	|
|  [Strategy]DDPStrategy.training_step                                                                                                                            	|  0.28322        	|  18320          	|  5188.7         	|  35.166         	|
|  [Strategy]DDPStrategy.backward                                                                                                                                 	|  0.098157       	|  18320          	|  1798.2         	|  12.188         	|
|  [Strategy]DDPStrategy.validation_step                                                                                                                          	|  0.62317        	|  790            	|  492.3          	|  3.3366         	|
|  [Callback]COCOEvaluator.on_validation_batch_end                                                                                                                	|  0.49776        	|  790            	|  393.23         	|  2.6651         	|
|  [_TrainingEpochLoop].train_dataloader_next                                                                                                                     	|  0.020792       	|  18320          	|  380.91         	|  2.5816         	|
|  [Callback]COCOEvaluator.on_validation_epoch_end                                                                                                                	|  36.552         	|  10             	|  365.52         	|  2.4773         	|
|  [Strategy]DDPStrategy.batch_to_device                                                                                                                          	|  0.012739       	|  19110          	|  243.45         	|  1.65           	|
|  [LightningModule]Mask_RCNN.transfer_batch_to_device                                                                                                            	|  0.012542       	|  19110          	|  239.68         	|  1.6244         	|
|  [LightningModule]Mask_RCNN.on_before_optimizer_step                                                                                                            	|  0.0073751      	|  18320          	|  135.11         	|  0.91572        	|
|  [Callback]COCOEvaluator.on_validation_start                                                                                                                    	|  5.8            	|  10             	|  58.0           	|  0.3931         	|
|  [Callback]ModelCheckpoint{'monitor': None, 'mode': 'min', 'every_n_train_steps': 0, 'every_n_epochs': 1, 'train_time_interval': None}.on_train_epoch_end       	|  3.7512         	|  10             	|  37.512         	|  0.25423        	|
|  [LightningDataModule]COCODataModule.setup                                                                                                                      	|  24.497         	|  1              	|  24.497         	|  0.16603        	|
|  [Callback]COCOEvaluator.on_validation_epoch_start                                                                                                              	|  2.3431         	|  10             	|  23.431         	|  0.1588         	|
|  [_EvaluationLoop].val_next                                                                                                                                     	|  0.020843       	|  790            	|  16.466         	|  0.1116         	|
|  [LightningModule]Mask_RCNN.optimizer_zero_grad                                                                                                                 	|  0.00070016     	|  18320          	|  12.827         	|  0.086935       	|
|  [LightningModule]Mask_RCNN.on_train_epoch_end                                                                                                                  	|  1.1741         	|  10             	|  11.741         	|  0.079573       	|
|  [Callback]LearningRateMonitor.on_train_batch_start                                                                                                             	|  0.00039605     	|  18320          	|  7.2556         	|  0.049175       	|
|  [Callback]TQDMProgressBar.on_train_batch_end                                                                                                                   	|  0.00010568     	|  18320          	|  1.936          	|  0.013121       	|
|  [LightningModule]Mask_RCNN.configure_gradient_clipping                                                                                                         	|  4.2337e-05     	|  18320          	|  0.77561        	|  0.0052567      	|
|  [Callback]ModelCheckpoint{'monitor': None, 'mode': 'min', 'every_n_train_steps': 0, 'every_n_epochs': 1, 'train_time_interval': None}.on_train_batch_end       	|  2.9047e-05     	|  18320          	|  0.53213        	|  0.0036065      	|
|  [LightningDataModule]COCODataModule.train_dataloader                                                                                                           	|  0.18588        	|  1              	|  0.18588        	|  0.0012598      	|
|  [Callback]TQDMProgressBar.on_train_batch_start                                                                                                                 	|  8.7825e-06     	|  18320          	|  0.1609         	|  0.0010905      	|
|  [Callback]TQDMProgressBar.on_validation_start                                                                                                                  	|  0.014649       	|  10             	|  0.14649        	|  0.00099281     	|
|  [Callback]TQDMProgressBar.on_after_backward                                                                                                                    	|  7.7912e-06     	|  18320          	|  0.14273        	|  0.00096738     	|
|  [Callback]TQDMProgressBar.on_before_zero_grad                                                                                                                  	|  7.0371e-06     	|  18320          	|  0.12892        	|  0.00087376     	|
|  [Callback]TQDMProgressBar.on_before_optimizer_step                                                                                                             	|  6.8417e-06     	|  18320          	|  0.12534        	|  0.0008495      	|
|  [LightningModule]Mask_RCNN.on_validation_model_eval                                                                                                            	|  0.012244       	|  10             	|  0.12244        	|  0.00082983     	|
|  [Callback]TQDMProgressBar.on_before_backward                                                                                                                   	|  5.9252e-06     	|  18320          	|  0.10855        	|  0.00073569     	|
|  [LightningModule]Mask_RCNN.on_before_batch_transfer                                                                                                            	|  4.6374e-06     	|  19110          	|  0.088621       	|  0.00060063     	|
|  [LightningModule]Mask_RCNN.on_after_batch_transfer                                                                                                             	|  4.4837e-06     	|  19110          	|  0.085683       	|  0.00058072     	|
|  [Callback]LearningRateMonitor.on_train_batch_end                                                                                                               	|  3.9291e-06     	|  18320          	|  0.071982       	|  0.00048786     	|
|  [Callback]LearningRateMonitor.on_before_optimizer_step                                                                                                         	|  3.2601e-06     	|  18320          	|  0.059725       	|  0.00040479     	|
|  [Callback]LearningRateMonitor.on_after_backward                                                                                                                	|  3.2428e-06     	|  18320          	|  0.059409       	|  0.00040264     	|
|  [LightningModule]Mask_RCNN.on_after_backward                                                                                                                   	|  3.1216e-06     	|  18320          	|  0.057187       	|  0.00038759     	|
|  [LightningModule]Mask_RCNN.on_train_batch_end                                                                                                                  	|  3.029e-06      	|  18320          	|  0.055492       	|  0.0003761      	|
|  [Callback]LearningRateMonitor.on_before_backward                                                                                                               	|  3.0107e-06     	|  18320          	|  0.055156       	|  0.00037382     	|
|  [Callback]COCOEvaluator.on_train_batch_start                                                                                                                   	|  2.9925e-06     	|  18320          	|  0.054822       	|  0.00037156     	|
|  [LightningModule]Mask_RCNN.on_train_batch_start                                                                                                                	|  2.9718e-06     	|  18320          	|  0.054444       	|  0.00036899     	|
|  [Callback]ModelCheckpoint{'monitor': None, 'mode': 'min', 'every_n_train_steps': 0, 'every_n_epochs': 1, 'train_time_interval': None}.on_before_optimizer_step 	|  2.91e-06       	|  18320          	|  0.053312       	|  0.00036132     	|
|  [Callback]ModelCheckpoint{'monitor': None, 'mode': 'min', 'every_n_train_steps': 0, 'every_n_epochs': 1, 'train_time_interval': None}.on_after_backward        	|  2.9056e-06     	|  18320          	|  0.053231       	|  0.00036077     	|
|  [Callback]ModelCheckpoint{'monitor': None, 'mode': 'min', 'every_n_train_steps': 0, 'every_n_epochs': 1, 'train_time_interval': None}.on_train_batch_start     	|  2.9054e-06     	|  18320          	|  0.053227       	|  0.00036075     	|
|  [Callback]TQDMProgressBar.on_validation_batch_end                                                                                                              	|  6.6731e-05     	|  790            	|  0.052717       	|  0.00035729     	|
|  [Callback]LearningRateMonitor.on_before_zero_grad                                                                                                              	|  2.8605e-06     	|  18320          	|  0.052404       	|  0.00035517     	|
|  [Callback]COCOEvaluator.on_before_zero_grad                                                                                                                    	|  2.8028e-06     	|  18320          	|  0.051348       	|  0.00034801     	|
|  [Callback]ModelCheckpoint{'monitor': None, 'mode': 'min', 'every_n_train_steps': 0, 'every_n_epochs': 1, 'train_time_interval': None}.on_before_backward       	|  2.7717e-06     	|  18320          	|  0.050778       	|  0.00034415     	|
|  [Callback]ModelCheckpoint{'monitor': None, 'mode': 'min', 'every_n_train_steps': 0, 'every_n_epochs': 1, 'train_time_interval': None}.on_before_zero_grad      	|  2.7645e-06     	|  18320          	|  0.050645       	|  0.00034325     	|
|  [Callback]ModelSummary.on_train_batch_start                                                                                                                    	|  2.7256e-06     	|  18320          	|  0.049933       	|  0.00033842     	|
|  [LightningModule]Mask_RCNN.on_before_zero_grad                                                                                                                 	|  2.72e-06       	|  18320          	|  0.04983        	|  0.00033772     	|
|  [Callback]COCOEvaluator.on_train_batch_end                                                                                                                     	|  2.6656e-06     	|  18320          	|  0.048834       	|  0.00033097     	|
|  [Callback]COCOEvaluator.on_before_optimizer_step                                                                                                               	|  2.6322e-06     	|  18320          	|  0.048223       	|  0.00032683     	|
|  [Callback]ModelSummary.on_train_batch_end                                                                                                                      	|  2.6158e-06     	|  18320          	|  0.047922       	|  0.00032479     	|
|  [Strategy]DDPStrategy.on_train_batch_start                                                                                                                     	|  2.6158e-06     	|  18320          	|  0.047922       	|  0.00032479     	|
|  [Callback]COCOEvaluator.on_after_backward                                                                                                                      	|  2.5849e-06     	|  18320          	|  0.047355       	|  0.00032095     	|
|  [Callback]ModelSummary.on_before_optimizer_step                                                                                                                	|  2.5807e-06     	|  18320          	|  0.047279       	|  0.00032043     	|
|  [LightningModule]Mask_RCNN.on_before_backward                                                                                                                  	|  2.5204e-06     	|  18320          	|  0.046174       	|  0.00031295     	|
|  [Callback]ModelSummary.on_after_backward                                                                                                                       	|  2.5034e-06     	|  18320          	|  0.045862       	|  0.00031083     	|
|  [Callback]ModelSummary.on_before_backward                                                                                                                      	|  2.4563e-06     	|  18320          	|  0.044999       	|  0.00030498     	|
|  [Callback]COCOEvaluator.on_before_backward                                                                                                                     	|  2.427e-06      	|  18320          	|  0.044462       	|  0.00030134     	|
|  [Callback]ModelSummary.on_before_zero_grad                                                                                                                     	|  2.4035e-06     	|  18320          	|  0.044031       	|  0.00029842     	|
|  [Callback]TQDMProgressBar.on_validation_batch_start                                                                                                            	|  2.3828e-05     	|  790            	|  0.018824       	|  0.00012758     	|
|  [Callback]TQDMProgressBar.on_validation_end                                                                                                                    	|  0.0016017      	|  10             	|  0.016017       	|  0.00010855     	|
|  [Callback]TQDMProgressBar.on_train_epoch_start                                                                                                                 	|  0.0014111      	|  10             	|  0.014111       	|  9.5636e-05     	|
|  [LightningModule]Mask_RCNN.on_validation_model_train                                                                                                           	|  0.0014072      	|  10             	|  0.014072       	|  9.537e-05      	|
|  [Callback]ModelSummary.on_fit_start                                                                                                                            	|  0.0095838      	|  1              	|  0.0095838      	|  6.4954e-05     	|
|  [Callback]ModelSummary.on_validation_batch_end                                                                                                                 	|  1.1709e-05     	|  790            	|  0.0092501      	|  6.2692e-05     	|
|  [Callback]TQDMProgressBar.on_train_epoch_end                                                                                                                   	|  0.00057763     	|  10             	|  0.0057763      	|  3.9149e-05     	|
|  [Callback]LearningRateMonitor.on_validation_batch_end                                                                                                          	|  4.4335e-06     	|  790            	|  0.0035024      	|  2.3738e-05     	|
|  [Callback]LearningRateMonitor.on_validation_batch_start                                                                                                        	|  4.0269e-06     	|  790            	|  0.0031813      	|  2.1561e-05     	|
|  [Callback]ModelCheckpoint{'monitor': None, 'mode': 'min', 'every_n_train_steps': 0, 'every_n_epochs': 1, 'train_time_interval': None}.on_validation_batch_end  	|  3.723e-06      	|  790            	|  0.0029412      	|  1.9934e-05     	|
|  [LightningModule]Mask_RCNN.on_validation_batch_end                                                                                                             	|  3.682e-06      	|  790            	|  0.0029087      	|  1.9714e-05     	|
|  [Callback]ModelCheckpoint{'monitor': None, 'mode': 'min', 'every_n_train_steps': 0, 'every_n_epochs': 1, 'train_time_interval': None}.on_validation_batch_start	|  3.1218e-06     	|  790            	|  0.0024663      	|  1.6715e-05     	|
|  [LightningModule]Mask_RCNN.on_validation_batch_start                                                                                                           	|  2.9429e-06     	|  790            	|  0.0023249      	|  1.5757e-05     	|
|  [Callback]COCOEvaluator.on_validation_batch_start                                                                                                              	|  2.8234e-06     	|  790            	|  0.0022305      	|  1.5117e-05     	|
|  [Callback]ModelSummary.on_validation_batch_start                                                                                                               	|  2.6204e-06     	|  790            	|  0.0020701      	|  1.403e-05      	|
|  [Callback]TQDMProgressBar.on_train_start                                                                                                                       	|  0.0013042      	|  1              	|  0.0013042      	|  8.8391e-06     	|
|  [LightningModule]Mask_RCNN.lr_scheduler_step                                                                                                                   	|  0.00012003     	|  10             	|  0.0012003      	|  8.1348e-06     	|
|  [LightningModule]Mask_RCNN.configure_optimizers                                                                                                                	|  0.0011709      	|  1              	|  0.0011709      	|  7.9361e-06     	|
|  [LightningDataModule]COCODataModule.val_dataloader                                                                                                             	|  0.0010641      	|  1              	|  0.0010641      	|  7.2122e-06     	|
|  [Callback]ModelCheckpoint{'monitor': None, 'mode': 'min', 'every_n_train_steps': 0, 'every_n_epochs': 1, 'train_time_interval': None}.setup                    	|  0.00093045     	|  1              	|  0.00093045     	|  6.3062e-06     	|
|  [Callback]TQDMProgressBar.on_train_end                                                                                                                         	|  0.00068426     	|  1              	|  0.00068426     	|  4.6376e-06     	|
|  [Callback]ModelCheckpoint{'monitor': None, 'mode': 'min', 'every_n_train_steps': 0, 'every_n_epochs': 1, 'train_time_interval': None}.on_validation_end        	|  6.5754e-05     	|  10             	|  0.00065754     	|  4.4565e-06     	|
|  [LightningModule]Mask_RCNN.on_validation_epoch_start                                                                                                           	|  4.2857e-05     	|  10             	|  0.00042857     	|  2.9047e-06     	|
|  [Callback]LearningRateMonitor.on_validation_start                                                                                                              	|  2.0329e-05     	|  10             	|  0.00020329     	|  1.3778e-06     	|
|  [Callback]LearningRateMonitor.on_train_epoch_start                                                                                                             	|  1.9007e-05     	|  10             	|  0.00019007     	|  1.2882e-06     	|
|  [LightningModule]Mask_RCNN.on_train_end                                                                                                                        	|  0.00016963     	|  1              	|  0.00016963     	|  1.1497e-06     	|
|  [LightningModule]Mask_RCNN.on_train_epoch_start                                                                                                                	|  1.5778e-05     	|  10             	|  0.00015778     	|  1.0693e-06     	|
|  [Callback]ModelSummary.on_validation_start                                                                                                                     	|  1.5452e-05     	|  10             	|  0.00015452     	|  1.0473e-06     	|
|  [LightningDataModule]COCODataModule.state_dict                                                                                                                 	|  1.5323e-05     	|  10             	|  0.00015323     	|  1.0385e-06     	|
|  [Callback]LearningRateMonitor.on_train_start                                                                                                                   	|  0.00012996     	|  1              	|  0.00012996     	|  8.8078e-07     	|
|  [Callback]ModelSummary.on_validation_epoch_start                                                                                                               	|  1.2118e-05     	|  10             	|  0.00012118     	|  8.213e-07      	|
|  [Callback]ModelSummary.on_validation_epoch_end                                                                                                                 	|  1.1966e-05     	|  10             	|  0.00011966     	|  8.11e-07       	|
|  [Callback]TQDMProgressBar.on_save_checkpoint                                                                                                                   	|  1.1416e-05     	|  10             	|  0.00011416     	|  7.7373e-07     	|
|  [Callback]LearningRateMonitor.on_validation_end                                                                                                                	|  9.0189e-06     	|  10             	|  9.0189e-05     	|  6.1126e-07     	|
|  [Strategy]DDPStrategy.on_validation_start                                                                                                                      	|  7.3377e-06     	|  10             	|  7.3377e-05     	|  4.9731e-07     	|
|  [LightningModule]Mask_RCNN.on_validation_epoch_end                                                                                                             	|  6.5375e-06     	|  10             	|  6.5375e-05     	|  4.4308e-07     	|
|  [Callback]TQDMProgressBar.on_validation_epoch_end                                                                                                              	|  5.9203e-06     	|  10             	|  5.9203e-05     	|  4.0125e-07     	|
|  [Callback]LearningRateMonitor.on_train_epoch_end                                                                                                               	|  4.9679e-06     	|  10             	|  4.9679e-05     	|  3.367e-07      	|
|  [LightningModule]Mask_RCNN.on_train_start                                                                                                                      	|  4.8889e-05     	|  1              	|  4.8889e-05     	|  3.3135e-07     	|
|  [Callback]COCOEvaluator.on_train_epoch_start                                                                                                                   	|  4.5048e-06     	|  10             	|  4.5048e-05     	|  3.0531e-07     	|
|  [LightningModule]Mask_RCNN.on_validation_end                                                                                                                   	|  3.5891e-06     	|  10             	|  3.5891e-05     	|  2.4325e-07     	|
|  [Callback]ModelCheckpoint{'monitor': None, 'mode': 'min', 'every_n_train_steps': 0, 'every_n_epochs': 1, 'train_time_interval': None}.on_train_epoch_start     	|  3.5574e-06     	|  10             	|  3.5574e-05     	|  2.411e-07      	|
|  [LightningModule]Mask_RCNN.on_validation_start                                                                                                                 	|  3.3304e-06     	|  10             	|  3.3304e-05     	|  2.2572e-07     	|
|  [Callback]ModelCheckpoint{'monitor': None, 'mode': 'min', 'every_n_train_steps': 0, 'every_n_epochs': 1, 'train_time_interval': None}.on_validation_start      	|  3.3247e-06     	|  10             	|  3.3247e-05     	|  2.2533e-07     	|
|  [Callback]LearningRateMonitor.on_save_checkpoint                                                                                                               	|  3.1857e-06     	|  10             	|  3.1857e-05     	|  2.1591e-07     	|
|  [Callback]TQDMProgressBar.on_validation_epoch_start                                                                                                            	|  3.1453e-06     	|  10             	|  3.1453e-05     	|  2.1317e-07     	|
|  [Callback]LearningRateMonitor.on_validation_epoch_end                                                                                                          	|  3.0214e-06     	|  10             	|  3.0214e-05     	|  2.0478e-07     	|
|  [Callback]ModelCheckpoint{'monitor': None, 'mode': 'min', 'every_n_train_steps': 0, 'every_n_epochs': 1, 'train_time_interval': None}.on_validation_epoch_start	|  2.8095e-06     	|  10             	|  2.8095e-05     	|  1.9041e-07     	|
|  [Callback]COCOEvaluator.on_save_checkpoint                                                                                                                     	|  2.7957e-06     	|  10             	|  2.7957e-05     	|  1.8948e-07     	|
|  [Callback]COCOEvaluator.on_validation_end                                                                                                                      	|  2.7864e-06     	|  10             	|  2.7864e-05     	|  1.8885e-07     	|
|  [Callback]ModelSummary.on_validation_end                                                                                                                       	|  2.785e-06      	|  10             	|  2.785e-05      	|  1.8875e-07     	|
|  [Callback]ModelCheckpoint{'monitor': None, 'mode': 'min', 'every_n_train_steps': 0, 'every_n_epochs': 1, 'train_time_interval': None}.on_validation_epoch_end  	|  2.7812e-06     	|  10             	|  2.7812e-05     	|  1.885e-07      	|
|  [Callback]ModelCheckpoint{'monitor': None, 'mode': 'min', 'every_n_train_steps': 0, 'every_n_epochs': 1, 'train_time_interval': None}.on_save_checkpoint       	|  2.7432e-06     	|  10             	|  2.7432e-05     	|  1.8592e-07     	|
|  [Callback]ModelSummary.on_save_checkpoint                                                                                                                      	|  2.7078e-06     	|  10             	|  2.7078e-05     	|  1.8352e-07     	|
|  [Callback]ModelCheckpoint{'monitor': None, 'mode': 'min', 'every_n_train_steps': 0, 'every_n_epochs': 1, 'train_time_interval': None}.on_train_start           	|  2.4717e-05     	|  1              	|  2.4717e-05     	|  1.6752e-07     	|
|  [Strategy]DDPStrategy.on_validation_end                                                                                                                        	|  2.2916e-06     	|  10             	|  2.2916e-05     	|  1.5531e-07     	|
|  [LightningModule]Mask_RCNN.on_save_checkpoint                                                                                                                  	|  2.217e-06      	|  10             	|  2.217e-05      	|  1.5026e-07     	|
|  [Callback]COCOEvaluator.on_train_epoch_end                                                                                                                     	|  2.2136e-06     	|  10             	|  2.2136e-05     	|  1.5003e-07     	|
|  [Callback]ModelSummary.on_train_epoch_end                                                                                                                      	|  2.1856e-06     	|  10             	|  2.1856e-05     	|  1.4813e-07     	|
|  [Callback]ModelSummary.on_train_epoch_start                                                                                                                    	|  2.1588e-06     	|  10             	|  2.1588e-05     	|  1.4631e-07     	|
|  [Callback]LearningRateMonitor.on_validation_epoch_start                                                                                                        	|  2.1484e-06     	|  10             	|  2.1484e-05     	|  1.4561e-07     	|
|  [Callback]TQDMProgressBar.setup                                                                                                                                	|  1.6947e-05     	|  1              	|  1.6947e-05     	|  1.1486e-07     	|
|  [LightningModule]Mask_RCNN.configure_sharded_model                                                                                                             	|  1.3497e-05     	|  1              	|  1.3497e-05     	|  9.1476e-08     	|
|  [Callback]TQDMProgressBar.on_fit_end                                                                                                                           	|  9.385e-06      	|  1              	|  9.385e-06      	|  6.3607e-08     	|
|  [Strategy]DDPStrategy.on_train_start                                                                                                                           	|  6.401e-06      	|  1              	|  6.401e-06      	|  4.3383e-08     	|
|  [Callback]LearningRateMonitor.on_train_end                                                                                                                     	|  6.207e-06      	|  1              	|  6.207e-06      	|  4.2068e-08     	|
|  [Callback]ModelSummary.on_train_start                                                                                                                          	|  6.145e-06      	|  1              	|  6.145e-06      	|  4.1648e-08     	|
|  [LightningModule]Mask_RCNN.configure_callbacks                                                                                                                 	|  6.042e-06      	|  1              	|  6.042e-06      	|  4.095e-08      	|
|  [Callback]TQDMProgressBar.on_fit_start                                                                                                                         	|  5.837e-06      	|  1              	|  5.837e-06      	|  3.956e-08      	|
|  [Callback]ModelCheckpoint{'monitor': None, 'mode': 'min', 'every_n_train_steps': 0, 'every_n_epochs': 1, 'train_time_interval': None}.on_fit_start             	|  4.667e-06      	|  1              	|  4.667e-06      	|  3.1631e-08     	|
|  [Callback]LearningRateMonitor.setup                                                                                                                            	|  4.563e-06      	|  1              	|  4.563e-06      	|  3.0926e-08     	|
|  [LightningModule]Mask_RCNN.setup                                                                                                                               	|  4.285e-06      	|  1              	|  4.285e-06      	|  2.9042e-08     	|
|  [LightningDataModule]COCODataModule.prepare_data                                                                                                               	|  3.528e-06      	|  1              	|  3.528e-06      	|  2.3911e-08     	|
|  [Callback]TQDMProgressBar.teardown                                                                                                                             	|  3.508e-06      	|  1              	|  3.508e-06      	|  2.3775e-08     	|
|  [LightningDataModule]COCODataModule.teardown                                                                                                                   	|  3.416e-06      	|  1              	|  3.416e-06      	|  2.3152e-08     	|
|  [Callback]COCOEvaluator.setup                                                                                                                                  	|  3.325e-06      	|  1              	|  3.325e-06      	|  2.2535e-08     	|
|  [Strategy]DDPStrategy.on_train_end                                                                                                                             	|  3.053e-06      	|  1              	|  3.053e-06      	|  2.0692e-08     	|
|  [Callback]LearningRateMonitor.on_fit_start                                                                                                                     	|  3.048e-06      	|  1              	|  3.048e-06      	|  2.0658e-08     	|
|  [LightningModule]Mask_RCNN.prepare_data                                                                                                                        	|  2.928e-06      	|  1              	|  2.928e-06      	|  1.9845e-08     	|
|  [LightningModule]Mask_RCNN.on_fit_end                                                                                                                          	|  2.927e-06      	|  1              	|  2.927e-06      	|  1.9838e-08     	|
|  [Callback]COCOEvaluator.on_train_end                                                                                                                           	|  2.873e-06      	|  1              	|  2.873e-06      	|  1.9472e-08     	|
|  [Callback]LearningRateMonitor.on_fit_end                                                                                                                       	|  2.744e-06      	|  1              	|  2.744e-06      	|  1.8597e-08     	|
|  [Callback]ModelSummary.on_train_end                                                                                                                            	|  2.71e-06       	|  1              	|  2.71e-06       	|  1.8367e-08     	|
|  [Callback]ModelCheckpoint{'monitor': None, 'mode': 'min', 'every_n_train_steps': 0, 'every_n_epochs': 1, 'train_time_interval': None}.on_train_end             	|  2.678e-06      	|  1              	|  2.678e-06      	|  1.815e-08      	|
|  [Callback]ModelCheckpoint{'monitor': None, 'mode': 'min', 'every_n_train_steps': 0, 'every_n_epochs': 1, 'train_time_interval': None}.on_fit_end               	|  2.608e-06      	|  1              	|  2.608e-06      	|  1.7676e-08     	|
|  [Callback]LearningRateMonitor.teardown                                                                                                                         	|  2.573e-06      	|  1              	|  2.573e-06      	|  1.7439e-08     	|
|  [Callback]ModelCheckpoint{'monitor': None, 'mode': 'min', 'every_n_train_steps': 0, 'every_n_epochs': 1, 'train_time_interval': None}.teardown                 	|  2.569e-06      	|  1              	|  2.569e-06      	|  1.7411e-08     	|
|  [Callback]COCOEvaluator.teardown                                                                                                                               	|  2.518e-06      	|  1              	|  2.518e-06      	|  1.7066e-08     	|
|  [Callback]ModelSummary.teardown                                                                                                                                	|  2.48e-06       	|  1              	|  2.48e-06       	|  1.6808e-08     	|
|  [Callback]COCOEvaluator.on_fit_end                                                                                                                             	|  2.452e-06      	|  1              	|  2.452e-06      	|  1.6618e-08     	|
|  [Callback]ModelSummary.on_fit_end                                                                                                                              	|  2.335e-06      	|  1              	|  2.335e-06      	|  1.5825e-08     	|
|  [LightningModule]Mask_RCNN.on_fit_start                                                                                                                        	|  2.323e-06      	|  1              	|  2.323e-06      	|  1.5744e-08     	|
|  [Callback]ModelSummary.setup                                                                                                                                   	|  2.227e-06      	|  1              	|  2.227e-06      	|  1.5093e-08     	|
|  [LightningModule]Mask_RCNN.teardown                                                                                                                            	|  2.14e-06       	|  1              	|  2.14e-06       	|  1.4504e-08     	|
|  [Callback]COCOEvaluator.on_fit_start                                                                                                                           	|  0.0            	|  1              	|  0.0            	|  0.0            	|
|  [Callback]COCOEvaluator.on_train_start                                                                                                                         	|  0.0            	|  1              	|  0.0            	|  0.0            	|
--------------------------------------------------------------------------------------------------------------------------------------------------------------------------------------------------------------------------------------------------------------------------

wandb: Waiting for W&B process to finish... (success).
wandb: - 0.035 MB of 0.035 MB uploaded (0.000 MB deduped)wandb: \ 0.035 MB of 0.035 MB uploaded (0.000 MB deduped)wandb: | 0.035 MB of 0.035 MB uploaded (0.000 MB deduped)wandb: / 0.035 MB of 0.035 MB uploaded (0.000 MB deduped)wandb: - 0.035 MB of 0.035 MB uploaded (0.000 MB deduped)wandb: \ 0.035 MB of 0.035 MB uploaded (0.000 MB deduped)wandb: | 0.035 MB of 0.035 MB uploaded (0.000 MB deduped)wandb: 
wandb: Run history:
wandb:                                                    epoch ▁▁▁▁▂▂▂▂▃▃▃▃▃▃▃▃▄▄▄▄▅▅▅▅▆▆▆▆▆▆▆▆▇▇▇▇████
wandb:                                           evaluator_time ▇▁▄█▅▅▂▃▅▃
wandb:                                                 local_lr ▁▃▅▂▃▃▂▄▁▄▄▄▃▄▄▄▄▂▅▂▃▂▄▂▅▄▃▃▄█▄▇▄▅▃▅▄██▆
wandb:                   local_lr/roi_heads.box_head.0.0.weight █▃▂▁▁▃▃▃▂▂▂▂▂▂▁▂▂▂▂▂▂▁▁▁▂▁▁▁▁▁▁▁▁▁▁▁▁▁▁▁
wandb:                     local_lr/roi_heads.box_head.0.1.bias █▃▂▁▁▃▂▂▂▂▂▂▂▂▁▂▃▃▃▄▂▃▃▃▄▃▄▄▃▄▄▃▄▅▄▄▄▄▄▄
wandb:                   local_lr/roi_heads.box_head.0.1.weight █▃▂▁▁▂▁▁▁▁▁▁▁▁▁▁▁▁▁▁▁▁▁▁▁▁▁▁▁▁▁▁▁▁▁▁▁▁▁▁
wandb:                   local_lr/roi_heads.box_head.1.0.weight █▂▁▁▁▂▂▂▂▂▁▁▁▁▁▁▁▁▁▁▁▁▁▁▁▁▁▁▁▁▁▁▁▁▁▁▁▁▁▁
wandb:                     local_lr/roi_heads.box_head.1.1.bias █▄▂▁▁▄▂▃▃▃▂▃▃▂▂▃▄▅▃▅▂▄▄▃▆▄▆▅▇▆▆▃▆▇▅▅▆█▆▅
wandb:                   local_lr/roi_heads.box_head.1.1.weight █▃▂▁▁▂▁▁▁▁▁▁▁▁▁▁▁▁▁▁▁▁▁▁▁▁▁▁▁▁▁▁▁▁▁▁▁▁▁▁
wandb:                   local_lr/roi_heads.box_head.2.0.weight █▃▂▁▁▃▂▃▃▂▂▂▂▂▁▂▂▂▁▂▁▁▁▁▂▁▁▁▁▁▁▁▁▁▁▁▁▁▁▁
wandb:                     local_lr/roi_heads.box_head.2.1.bias ▃▂▂▁▁▃▂▃▃▃▂▃▃▃▃▃▄▄▃▅▃▅▄▃▅▃▆▄█▆▅▄▅▅▅▅▅▆▆▇
wandb:                   local_lr/roi_heads.box_head.2.1.weight █▃▂▂▁▂▁▁▁▁▁▁▁▁▁▁▁▁▁▁▁▁▁▁▁▁▁▁▁▁▁▁▁▁▁▁▁▁▁▁
wandb:                   local_lr/roi_heads.box_head.3.0.weight █▅▂▁▂▇▅▅▅▅▃▃▃▃▂▃▃▃▂▃▂▂▂▁▂▁▂▂▂▂▂▁▂▂▂▂▂▂▂▂
wandb:                     local_lr/roi_heads.box_head.3.1.bias ▁▁▁▁▁▃▂▂▂▂▁▁▂▁▂▃▂▃▂▂▂▃▃▂▅▂▅▄▅▆▃▃▄▅▆█▆▆▅▆
wandb:                   local_lr/roi_heads.box_head.3.1.weight ▄▅▃▃▁█▄▃▃▃▂▁▂▁▂▃▂▃▁▃▁▃▃▁▄▁▄▃▄▆▄▂▄▅▄▇▅▅▄▅
wandb:                       local_lr/roi_heads.box_head.5.bias ▃▃▂▂▁▅▄▅▅▄▃▄▄▃▃▆▄▅▃▅▃▅▄▃▆▃▆▆▆▇▅▃▆▇▆▇▇█▇█
wandb:                     local_lr/roi_heads.box_head.5.weight █▄▂▂▁▄▄▅▅▆▅▆▆▅▅█▇▇▅▇▅▆▆▅▇▄▇▇▇█▆▅▇▇▇▇▇█▇▇
wandb:          local_lr/roi_heads.box_predictor.bbox_pred.bias █▂▂▄▂▃▃▅▂▂▂▃▃▃▁▆▃▂▄▄▃▂▃▄▄▂▅▅▅▇▆▄▅▅▅▆▆█▅▆
wandb:        local_lr/roi_heads.box_predictor.bbox_pred.weight ▅▂▁▂▂▃▃▄▄▄▄▆▅▆▄█▆▅▇▆▆▆▆▆▇▅▇▇▆▇▆▆▆▅▆▆▇▇▆▇
wandb:          local_lr/roi_heads.box_predictor.cls_score.bias ▁▂▂▁▁▄▂▂▂▃▂▂▃▂▃▄▃▄▂▄▂▄▅▂▇▃▆▅▆▇▄▂▇▇▆▆▆█▆█
wandb:        local_lr/roi_heads.box_predictor.cls_score.weight ▁▂▁▁▁▃▂▂▂▃▂▃▃▃▃▅▄▆▃▅▃▆▅▃▇▄▇▆▇▇▅▄▇█▇▆▇█▇█
wandb:                  local_lr/roi_heads.mask_head.0.0.weight ▇▆▇▇█▇▆▆▆▅▄▃▄▃▃▃▂▂▂▂▂▂▂▂▁▁▁▁▁▁▁▂▁▁▁▁▁▁▁▁
wandb:                    local_lr/roi_heads.mask_head.0.1.bias ▆▃▃▃▃▂▁▁▁▂▁▁▂▂▂▂▂▃▂▄▄▃▄▄▅▄▅▄▄▅▅█▅▅▅▅▅▅▄▄
wandb:                  local_lr/roi_heads.mask_head.0.1.weight █▅▄▄▃▂▂▁▁▁▁▁▁▁▁▁▁▁▁▁▁▁▁▁▁▁▁▁▁▁▁▁▁▁▁▁▁▁▁▁
wandb:                  local_lr/roi_heads.mask_head.1.0.weight █▆▇▇█▇▆▆▆▅▄▃▄▃▃▂▂▃▂▂▂▂▂▂▂▁▁▁▁▁▂▂▁▁▁▁▁▁▁▁
wandb:                    local_lr/roi_heads.mask_head.1.1.bias ▄▂▂▂▂▁▁▁▁▁▁▁▂▂▂▂▂▃▃▄▄▄▄▅▅▅▅▅▆▆▇█▆▆▇▆▅▅▅▆
wandb:                  local_lr/roi_heads.mask_head.1.1.weight █▄▃▃▂▂▁▁▁▁▁▁▁▁▁▁▁▁▁▁▁▁▁▁▁▁▁▁▁▁▁▁▁▁▁▁▁▁▁▁
wandb:                  local_lr/roi_heads.mask_head.2.0.weight █▅▆▅▅▅▄▄▄▄▃▂▃▂▂▂▂▂▁▂▂▁▁▂▁▁▁▁▁▁▁▂▁▁▁▁▁▁▁▁
wandb:                    local_lr/roi_heads.mask_head.2.1.bias ▃▁▂▁▁▁▁▁▁▂▁▂▂▂▂▃▂▃▂▄▄▄▄▅▆▅▆▅▆▆▇█▇▆▇█▅▇▆▇
wandb:                  local_lr/roi_heads.mask_head.2.1.weight █▃▃▂▂▁▁▁▁▁▁▁▁▁▁▁▁▁▁▁▁▁▁▁▁▁▁▁▁▁▁▁▁▁▁▁▁▁▁▁
wandb:                  local_lr/roi_heads.mask_head.3.0.weight █▇▇▇▅▄▃▃▃▃▃▂▂▂▂▂▁▂▁▂▂▁▁▁▁▁▁▁▁▁▁▁▁▁▁▁▁▁▁▁
wandb:                    local_lr/roi_heads.mask_head.3.1.bias ▁▁▁▁▁▁▁▁▁▁▁▁▁▁▁▁▁▁▁▂▁▁▁▂▂▃▃▃▃▄▇▅█▅▅▇▄▅▇▆
wandb:                  local_lr/roi_heads.mask_head.3.1.weight █▅▅▁▃▂▂▁▁▃▃▁▂▂▂▃▂▂▂▂▃▁▁▂▂▄▂▃▂▂▃▂▄▂▂▃▂▂▃▃
wandb:        local_lr/roi_heads.mask_predictor.conv5_mask.bias ▁▁▁▁▁▁▁▁▁▂▂▁▁▃▂▂▂▂▃▃▂▂▂▄▃▄▃▃▃▄▇▆▅▃▃█▄▄▅▃
wandb:      local_lr/roi_heads.mask_predictor.conv5_mask.weight ▂▃▆▄▇▅▃▂▄▄▅▁▂▃▃▅▃▄▂▅▄▂▂▅▄▇▄▅▅▆█▆█▄▄█▄▆▅▄
wandb:   local_lr/roi_heads.mask_predictor.mask_fcn_logits.bias ▁▁▂▁▃▁▂▁▃▄▄▂▃▄▃▃▂▄▅▇▂▄▂▅▄▅▃▄▃▇▇█▇▃▅▆▇█▅▃
wandb: local_lr/roi_heads.mask_predictor.mask_fcn_logits.weight ▇▅▇▆█▅▃▂▅▅▄▁▂▂▂▂▃▂▂▃▁▁▁▂▂▂▁▂▁▄▄▄▄▁▃▂▃▄▂▂
wandb:                         local_lr/rpn.head.bbox_pred.bias ▁▁▁▁▁▁▂▁▂▁▁▂▂▂▂▃▃▃▆▄▄▄▃▅▃▅▆▄▄▅▃█▅▄▅▅▆▆▇▄
wandb:                       local_lr/rpn.head.bbox_pred.weight ▂▁▁▁▁▁▂▁▂▂▂▃▃▂▃▃▃▃▅▅▄▅▃▅▄▆▅▅▅▅▄█▆▅▆▆▆▇▇▄
wandb:                        local_lr/rpn.head.cls_logits.bias ▁▁▁▁▁▁▁▁▁▁▁▁▁▁▂▁▂▂▄▂▂▁▂▂▂▃▂▁▃▂▃▂▂▆▃▅▂██▃
wandb:                      local_lr/rpn.head.cls_logits.weight ▁▁▁▁▁▁▁▁▁▁▁▁▁▂▃▂▂▂▃▃▂▂▂▃▂▄▂▂▃▃▄▃▃█▄▇▃▆█▄
wandb:                          local_lr/rpn.head.conv.0.0.bias ▁▁▁▁▁▁▁▁▁▁▁▂▂▂▂▂▃▂▃▄▃▂▂▃▂▄▃▂▄▄▃▃▃▅▅▆▄▆█▃
wandb:                        local_lr/rpn.head.conv.0.0.weight ▄▃▄▅▂▆▄▆▅▄▃█▅▆▆▇▆▅▅▇▃▃▄▄▄▄▂▁▃▆▄▇▆▇▇▆▃▆█▃
wandb:                          local_lr/rpn.head.conv.1.0.bias ▁▁▁▁▁▁▁▁▁▁▁▂▂▂▂▂▃▃▅▄▃▂▃▃▃▅▅▂▄▅▄▄▄▅▅▆▅▇█▄
wandb:                        local_lr/rpn.head.conv.1.0.weight ▄▁▂▂▂▄▄▃▆▄▄█▆▆▆▆▆▆▇▇▆▄▄▆▄▇▄▃▅▅▄▆▅▅▇▆▅▇█▄
wandb:                                             loss_box_reg ▆█▇▄▆▆▅▅▄▄▄▄▄▃▄▄▃▄▃▅▃▄▃▃▃▂▃▃▂▃▃▃▂▃▂▂▁▃▃▂
wandb:                                          loss_classifier ██▇▅▅▅▄▄▄▃▄▄▃▃▃▃▃▃▃▃▃▂▂▂▂▂▂▂▂▂▂▂▂▂▂▁▁▂▂▂
wandb:                                                loss_mask █▆▅▅▅▅▄▃▄▄▄▃▃▃▃▄▃▃▂▄▂▃▃▂▂▂▂▂▂▂▃▂▂▂▂▂▁▂▁▁
wandb:                                          loss_objectness █▆▆▃▅▅▄▄▃▄▃▄▃▄▄▄▃▃▃▃▂▂▂▂▂▁▂▂▁▁▂▂▁▁▂▁▁▁▂▁
wandb:                                         loss_rpn_box_reg ▇▇█▃▅▅▆█▄▄▆▇▄▅▅▆▃▃▂▃▄▂▄▄▃▄▃▅▃▂▃▄▃▃▂▃▁▂▂▄
wandb:                                                  lr-LARS ▃▃▃▃████▇▇▇▇▇▇▇▇▆▆▆▆▄▄▄▄▃▃▃▃▂▂▂▂▂▂▂▂▁▁▁▁
wandb:                                         lr-LARS-momentum ▁▁▁▁▁▁▁▁▁▁▁▁▁▁▁▁▁▁▁▁▁▁▁▁▁▁▁▁▁▁▁▁▁▁▁▁▁▁▁▁
wandb:                                              map_50_bbox ▁▄▅▆▆▇▇███
wandb:                                              map_50_segm ▁▄▅▆▆▇▇███
wandb:                                                 map_bbox ▁▄▅▆▆▇▇███
wandb:                                                 map_segm ▁▄▅▆▆▇▇███
wandb:                                                 mar_bbox ▁▄▅▆▆▇▇███
wandb:                                                 mar_segm ▁▄▅▆▇▇▇███
wandb:                                               model_time █▃▂▄▄▄▁▁▂▂
wandb:                                      trainer/global_step ▁▁▁▂▂▂▂▂▂▃▃▃▃▃▃▄▄▄▄▄▅▅▅▅▅▅▆▆▆▆▆▇▇▇▇▇▇███
wandb:                                            training_loss █▅▃▃▂▂▂▁▁▁
wandb:                                       training_step_loss ██▇▅▆▆▄▄▄▄▄▄▄▃▄▄▃▃▃▄▃▃▃▃▃▂▃▃▂▂▃▃▂▂▂▂▁▂▂▂
wandb: 
wandb: Run summary:
wandb:                                                    epoch 9
wandb:                                           evaluator_time 0.46301
wandb:                                                 local_lr 97.01807
wandb:                   local_lr/roi_heads.box_head.0.0.weight 61.42052
wandb:                     local_lr/roi_heads.box_head.0.1.bias 0.00063
wandb:                   local_lr/roi_heads.box_head.0.1.weight 86.22208
wandb:                   local_lr/roi_heads.box_head.1.0.weight 76.20399
wandb:                     local_lr/roi_heads.box_head.1.1.bias 0.00158
wandb:                   local_lr/roi_heads.box_head.1.1.weight 135.5605
wandb:                   local_lr/roi_heads.box_head.2.0.weight 94.15411
wandb:                     local_lr/roi_heads.box_head.2.1.bias 0.00343
wandb:                   local_lr/roi_heads.box_head.2.1.weight 121.76581
wandb:                   local_lr/roi_heads.box_head.3.0.weight 112.93789
wandb:                     local_lr/roi_heads.box_head.3.1.bias 0.01544
wandb:                   local_lr/roi_heads.box_head.3.1.weight 1010.14246
wandb:                       local_lr/roi_heads.box_head.5.bias 44.03455
wandb:                     local_lr/roi_heads.box_head.5.weight 99.99682
wandb:          local_lr/roi_heads.box_predictor.bbox_pred.bias 25.46378
wandb:        local_lr/roi_heads.box_predictor.bbox_pred.weight 30.84934
wandb:          local_lr/roi_heads.box_predictor.cls_score.bias 70.48735
wandb:        local_lr/roi_heads.box_predictor.cls_score.weight 72.20815
wandb:                  local_lr/roi_heads.mask_head.0.0.weight 89.05641
wandb:                    local_lr/roi_heads.mask_head.0.1.bias 0.00028
wandb:                  local_lr/roi_heads.mask_head.0.1.weight 97.19846
wandb:                  local_lr/roi_heads.mask_head.1.0.weight 88.76511
wandb:                    local_lr/roi_heads.mask_head.1.1.bias 0.00063
wandb:                  local_lr/roi_heads.mask_head.1.1.weight 98.89433
wandb:                  local_lr/roi_heads.mask_head.2.0.weight 95.9826
wandb:                    local_lr/roi_heads.mask_head.2.1.bias 0.00239
wandb:                  local_lr/roi_heads.mask_head.2.1.weight 126.66498
wandb:                  local_lr/roi_heads.mask_head.3.0.weight 117.22345
wandb:                    local_lr/roi_heads.mask_head.3.1.bias 1.00472
wandb:                  local_lr/roi_heads.mask_head.3.1.weight 2818.59033
wandb:        local_lr/roi_heads.mask_predictor.conv5_mask.bias 771.24689
wandb:      local_lr/roi_heads.mask_predictor.conv5_mask.weight 1269.67981
wandb:   local_lr/roi_heads.mask_predictor.mask_fcn_logits.bias 121.61446
wandb: local_lr/roi_heads.mask_predictor.mask_fcn_logits.weight 491.27386
wandb:                         local_lr/rpn.head.bbox_pred.bias 0.00267
wandb:                       local_lr/rpn.head.bbox_pred.weight 9.56052
wandb:                        local_lr/rpn.head.cls_logits.bias 1.98558
wandb:                      local_lr/rpn.head.cls_logits.weight 348.3996
wandb:                          local_lr/rpn.head.conv.0.0.bias 0.00662
wandb:                        local_lr/rpn.head.conv.0.0.weight 115.19214
wandb:                          local_lr/rpn.head.conv.1.0.bias 0.02229
wandb:                        local_lr/rpn.head.conv.1.0.weight 154.75456
wandb:                                             loss_box_reg 0.21276
wandb:                                          loss_classifier 0.16611
wandb:                                                loss_mask 0.24365
wandb:                                          loss_objectness 0.02075
wandb:                                         loss_rpn_box_reg 0.04636
wandb:                                                  lr-LARS 2e-05
wandb:                                         lr-LARS-momentum 0.9
wandb:                                              map_50_bbox 0.58894
wandb:                                              map_50_segm 0.56168
wandb:                                                 map_bbox 0.38371
wandb:                                                 map_segm 0.34712
wandb:                                                 mar_bbox 0.52827
wandb:                                                 mar_segm 0.48103
wandb:                                               model_time 0.56969
wandb:                                      trainer/global_step 18319
wandb:                                            training_loss 0.69173
wandb:                                       training_step_loss 0.68962
wandb: 
wandb: 🚀 View run lars-8-caw-8e-4-new at: https://wandb.ai/ilhamsyahids/MaskRCNN/runs/efmfi0y3
wandb: Synced 5 W&B file(s), 1 media file(s), 2 artifact file(s) and 0 other file(s)
wandb: Find logs at: logs/wandb/run-20230524_090829-efmfi0y3/logs
Exception in thread ChkStopThr:
Traceback (most recent call last):
  File "/usr/local/lib/python3.10/threading.py", line 1009, in _bootstrap_inner
    self.run()
  File "/usr/local/lib/python3.10/threading.py", line 946, in run
    self._target(*self._args, **self._kwargs)
  File "/home/ec2-user/torch-mask-rcnn/.venv/lib/python3.10/site-packages/wandb/sdk/wandb_run.py", line 276, in check_stop_status
    self._loop_check_status(
  File "/home/ec2-user/torch-mask-rcnn/.venv/lib/python3.10/site-packages/wandb/sdk/wandb_run.py", line 214, in _loop_check_status
    local_handle = request()
  File "/home/ec2-user/torch-mask-rcnn/.venv/lib/python3.10/site-packages/wandb/sdk/interface/interface.py", line 787, in deliver_stop_status
    return self._deliver_stop_status(status)
  File "/home/ec2-user/torch-mask-rcnn/.venv/lib/python3.10/site-packages/wandb/sdk/interface/interface_shared.py", line 585, in _deliver_stop_status
    return self._deliver_record(record)
  File "/home/ec2-user/torch-mask-rcnn/.venv/lib/python3.10/site-packages/wandb/sdk/interface/interface_shared.py", line 560, in _deliver_record
    handle = mailbox._deliver_record(record, interface=self)
  File "/home/ec2-user/torch-mask-rcnn/.venv/lib/python3.10/site-packages/wandb/sdk/lib/mailbox.py", line 455, in _deliver_record
    interface._publish(record)
  File "/home/ec2-user/torch-mask-rcnn/.venv/lib/python3.10/site-packages/wandb/sdk/interface/interface_sock.py", line 51, in _publish
    self._sock_client.send_record_publish(record)
  File "/home/ec2-user/torch-mask-rcnn/.venv/lib/python3.10/site-packages/wandb/sdk/lib/sock_client.py", line 221, in send_record_publish
    self.send_server_request(server_req)
  File "/home/ec2-user/torch-mask-rcnn/.venv/lib/python3.10/site-packages/wandb/sdk/lib/sock_client.py", line 155, in send_server_request
    self._send_message(msg)
  File "/home/ec2-user/torch-mask-rcnn/.venv/lib/python3.10/site-packages/wandb/sdk/lib/sock_client.py", line 152, in _send_message
    self._sendall_with_error_handle(header + data)
  File "/home/ec2-user/torch-mask-rcnn/.venv/lib/python3.10/site-packages/wandb/sdk/lib/sock_client.py", line 130, in _sendall_with_error_handle
    sent = self._sock.send(data)
BrokenPipeError: [Errno 32] Broken pipe
