wandb: Currently logged in as: ilhamsyahids. Use `wandb login --relogin` to force relogin
wandb: wandb version 0.15.3 is available!  To upgrade, please run:
wandb:  $ pip install wandb --upgrade
wandb: Tracking run with wandb version 0.14.0
wandb: Run data is saved locally in logs/wandb/run-20230526_043150-w1b4gpaq
wandb: Run `wandb offline` to turn off syncing.
wandb: Syncing run lars-8-caw-8e-4-new-sync
wandb: ⭐️ View project at https://wandb.ai/ilhamsyahids/MaskRCNN
wandb: 🚀 View run at https://wandb.ai/ilhamsyahids/MaskRCNN/runs/w1b4gpaq
wandb: logging graph, to disable use `wandb.watch(log_graph=False)`
/home/ec2-user/torch-mask-rcnn/.venv/lib/python3.10/site-packages/lightning_fabric/connector.py:562: UserWarning: 16 is supported for historical reasons but its usage is discouraged. Please set your precision to 16-mixed instead!
  rank_zero_warn(
Using 16bit Automatic Mixed Precision (AMP)
GPU available: True (cuda), used: True
TPU available: False, using: 0 TPU cores
IPU available: False, using: 0 IPUs
HPU available: False, using: 0 HPUs
Initializing distributed: GLOBAL_RANK: 0, MEMBER: 1/8
Initializing distributed: GLOBAL_RANK: 5, MEMBER: 6/8
Initializing distributed: GLOBAL_RANK: 6, MEMBER: 7/8
Initializing distributed: GLOBAL_RANK: 2, MEMBER: 3/8
Initializing distributed: GLOBAL_RANK: 4, MEMBER: 5/8
Initializing distributed: GLOBAL_RANK: 1, MEMBER: 2/8
Initializing distributed: GLOBAL_RANK: 3, MEMBER: 4/8
Initializing distributed: GLOBAL_RANK: 7, MEMBER: 8/8
----------------------------------------------------------------------------------------------------
distributed_backend=nccl
All distributed processes registered. Starting with 8 processes
----------------------------------------------------------------------------------------------------

LOCAL_RANK: 7 - CUDA_VISIBLE_DEVICES: [0,1,2,3,4,5,6,7]
LOCAL_RANK: 4 - CUDA_VISIBLE_DEVICES: [0,1,2,3,4,5,6,7]
LOCAL_RANK: 2 - CUDA_VISIBLE_DEVICES: [0,1,2,3,4,5,6,7]
LOCAL_RANK: 6 - CUDA_VISIBLE_DEVICES: [0,1,2,3,4,5,6,7]
LOCAL_RANK: 1 - CUDA_VISIBLE_DEVICES: [0,1,2,3,4,5,6,7]
LOCAL_RANK: 5 - CUDA_VISIBLE_DEVICES: [0,1,2,3,4,5,6,7]
LOCAL_RANK: 3 - CUDA_VISIBLE_DEVICES: [0,1,2,3,4,5,6,7]
LOCAL_RANK: 0 - CUDA_VISIBLE_DEVICES: [0,1,2,3,4,5,6,7]

  | Name  | Type     | Params
-----------------------------------
0 | model | MaskRCNN | 46.4 M
-----------------------------------
46.1 M    Trainable params
225 K     Non-trainable params
46.4 M    Total params
185.438   Total estimated model params size (MB)
/home/ec2-user/torch-mask-rcnn/.venv/lib/python3.10/site-packages/pytorch_lightning/trainer/connectors/logger_connector/result.py:212: UserWarning: You called `self.log('local_lr/rpn.head.conv.0.0.bias', ...)` in your `on_before_optimizer_step` but the value needs to be floating point. Converting it to torch.float32.
  warning_cache.warn(
/home/ec2-user/torch-mask-rcnn/.venv/lib/python3.10/site-packages/pytorch_lightning/trainer/connectors/logger_connector/result.py:212: UserWarning: You called `self.log('local_lr/rpn.head.conv.1.0.bias', ...)` in your `on_before_optimizer_step` but the value needs to be floating point. Converting it to torch.float32.
  warning_cache.warn(
/home/ec2-user/torch-mask-rcnn/.venv/lib/python3.10/site-packages/pytorch_lightning/trainer/connectors/logger_connector/result.py:212: UserWarning: You called `self.log('local_lr/rpn.head.cls_logits.bias', ...)` in your `on_before_optimizer_step` but the value needs to be floating point. Converting it to torch.float32.
  warning_cache.warn(
/home/ec2-user/torch-mask-rcnn/.venv/lib/python3.10/site-packages/pytorch_lightning/trainer/connectors/logger_connector/result.py:212: UserWarning: You called `self.log('local_lr/rpn.head.bbox_pred.bias', ...)` in your `on_before_optimizer_step` but the value needs to be floating point. Converting it to torch.float32.
  warning_cache.warn(
/home/ec2-user/torch-mask-rcnn/.venv/lib/python3.10/site-packages/pytorch_lightning/trainer/connectors/logger_connector/result.py:212: UserWarning: You called `self.log('local_lr/roi_heads.box_head.0.1.bias', ...)` in your `on_before_optimizer_step` but the value needs to be floating point. Converting it to torch.float32.
  warning_cache.warn(
/home/ec2-user/torch-mask-rcnn/.venv/lib/python3.10/site-packages/pytorch_lightning/trainer/connectors/logger_connector/result.py:212: UserWarning: You called `self.log('local_lr/roi_heads.box_head.1.1.bias', ...)` in your `on_before_optimizer_step` but the value needs to be floating point. Converting it to torch.float32.
  warning_cache.warn(
/home/ec2-user/torch-mask-rcnn/.venv/lib/python3.10/site-packages/pytorch_lightning/trainer/connectors/logger_connector/result.py:212: UserWarning: You called `self.log('local_lr/roi_heads.box_head.2.1.bias', ...)` in your `on_before_optimizer_step` but the value needs to be floating point. Converting it to torch.float32.
  warning_cache.warn(
/home/ec2-user/torch-mask-rcnn/.venv/lib/python3.10/site-packages/pytorch_lightning/trainer/connectors/logger_connector/result.py:212: UserWarning: You called `self.log('local_lr/roi_heads.box_head.3.1.bias', ...)` in your `on_before_optimizer_step` but the value needs to be floating point. Converting it to torch.float32.
  warning_cache.warn(
/home/ec2-user/torch-mask-rcnn/.venv/lib/python3.10/site-packages/pytorch_lightning/trainer/connectors/logger_connector/result.py:212: UserWarning: You called `self.log('local_lr/roi_heads.mask_head.0.1.bias', ...)` in your `on_before_optimizer_step` but the value needs to be floating point. Converting it to torch.float32.
  warning_cache.warn(
/home/ec2-user/torch-mask-rcnn/.venv/lib/python3.10/site-packages/pytorch_lightning/trainer/connectors/logger_connector/result.py:212: UserWarning: You called `self.log('local_lr/roi_heads.mask_head.1.1.bias', ...)` in your `on_before_optimizer_step` but the value needs to be floating point. Converting it to torch.float32.
  warning_cache.warn(
/home/ec2-user/torch-mask-rcnn/.venv/lib/python3.10/site-packages/pytorch_lightning/trainer/connectors/logger_connector/result.py:212: UserWarning: You called `self.log('local_lr/roi_heads.mask_head.2.1.bias', ...)` in your `on_before_optimizer_step` but the value needs to be floating point. Converting it to torch.float32.
  warning_cache.warn(
/home/ec2-user/torch-mask-rcnn/.venv/lib/python3.10/site-packages/pytorch_lightning/trainer/connectors/logger_connector/result.py:212: UserWarning: You called `self.log('local_lr/roi_heads.mask_head.3.1.bias', ...)` in your `on_before_optimizer_step` but the value needs to be floating point. Converting it to torch.float32.
  warning_cache.warn(
/home/ec2-user/torch-mask-rcnn/.venv/lib/python3.10/site-packages/pytorch_lightning/trainer/connectors/logger_connector/result.py:212: UserWarning: You called `self.log('local_lr', ...)` in your `optimizer_step` but the value needs to be floating point. Converting it to torch.float32.
  warning_cache.warn(
/home/ec2-user/torch-mask-rcnn/.venv/lib/python3.10/site-packages/pytorch_lightning/trainer/connectors/logger_connector/result.py:432: PossibleUserWarning: It is recommended to use `self.log('model_time', ..., sync_dist=True)` when logging on epoch level in distributed setting to accumulate the metric across devices.
  warning_cache.warn(
/home/ec2-user/torch-mask-rcnn/.venv/lib/python3.10/site-packages/pytorch_lightning/trainer/connectors/logger_connector/result.py:432: PossibleUserWarning: It is recommended to use `self.log('evaluator_time', ..., sync_dist=True)` when logging on epoch level in distributed setting to accumulate the metric across devices.
  warning_cache.warn(
/home/ec2-user/torch-mask-rcnn/.venv/lib/python3.10/site-packages/pytorch_lightning/trainer/connectors/logger_connector/result.py:432: PossibleUserWarning: It is recommended to use `self.log('map_bbox', ..., sync_dist=True)` when logging on epoch level in distributed setting to accumulate the metric across devices.
  warning_cache.warn(
/home/ec2-user/torch-mask-rcnn/.venv/lib/python3.10/site-packages/pytorch_lightning/trainer/connectors/logger_connector/result.py:432: PossibleUserWarning: It is recommended to use `self.log('map_50_bbox', ..., sync_dist=True)` when logging on epoch level in distributed setting to accumulate the metric across devices.
  warning_cache.warn(
/home/ec2-user/torch-mask-rcnn/.venv/lib/python3.10/site-packages/pytorch_lightning/trainer/connectors/logger_connector/result.py:432: PossibleUserWarning: It is recommended to use `self.log('mar_bbox', ..., sync_dist=True)` when logging on epoch level in distributed setting to accumulate the metric across devices.
  warning_cache.warn(
/home/ec2-user/torch-mask-rcnn/.venv/lib/python3.10/site-packages/pytorch_lightning/trainer/connectors/logger_connector/result.py:432: PossibleUserWarning: It is recommended to use `self.log('map_segm', ..., sync_dist=True)` when logging on epoch level in distributed setting to accumulate the metric across devices.
  warning_cache.warn(
/home/ec2-user/torch-mask-rcnn/.venv/lib/python3.10/site-packages/pytorch_lightning/trainer/connectors/logger_connector/result.py:432: PossibleUserWarning: It is recommended to use `self.log('map_50_segm', ..., sync_dist=True)` when logging on epoch level in distributed setting to accumulate the metric across devices.
  warning_cache.warn(
/home/ec2-user/torch-mask-rcnn/.venv/lib/python3.10/site-packages/pytorch_lightning/trainer/connectors/logger_connector/result.py:432: PossibleUserWarning: It is recommended to use `self.log('mar_segm', ..., sync_dist=True)` when logging on epoch level in distributed setting to accumulate the metric across devices.
  warning_cache.warn(
`Trainer.fit` stopped: `max_epochs=10` reached.
FIT Profiler Report

--------------------------------------------------------------------------------------------------------------------------------------------------------------------------------------------------------------------------------------------------------------------------
|  Action                                                                                                                                                         	|  Mean duration (s)	|  Num calls      	|  Total time (s) 	|  Percentage %   	|
--------------------------------------------------------------------------------------------------------------------------------------------------------------------------------------------------------------------------------------------------------------------------
|  Total                                                                                                                                                          	|  -              	|  894117         	|  1.5761e+04     	|  100 %          	|
--------------------------------------------------------------------------------------------------------------------------------------------------------------------------------------------------------------------------------------------------------------------------
|  run_training_epoch                                                                                                                                             	|  1565.7         	|  10             	|  1.5657e+04     	|  99.337         	|
|  run_training_batch                                                                                                                                             	|  0.72036        	|  18320          	|  1.3197e+04     	|  83.732         	|
|  [LightningModule]Mask_RCNN.optimizer_step                                                                                                                      	|  0.72025        	|  18320          	|  1.3195e+04     	|  83.719         	|
|  [Strategy]DDPStrategy.training_step                                                                                                                            	|  0.33105        	|  18320          	|  6064.9         	|  38.48          	|
|  [Strategy]DDPStrategy.backward                                                                                                                                 	|  0.1244         	|  18320          	|  2279.0         	|  14.46          	|
|  [Strategy]DDPStrategy.validation_step                                                                                                                          	|  0.64074        	|  790            	|  506.18         	|  3.2116         	|
|  [Callback]COCOEvaluator.on_validation_epoch_end                                                                                                                	|  41.821         	|  10             	|  418.21         	|  2.6534         	|
|  [Callback]COCOEvaluator.on_validation_batch_end                                                                                                                	|  0.49381        	|  790            	|  390.11         	|  2.4752         	|
|  [_TrainingEpochLoop].train_dataloader_next                                                                                                                     	|  0.020594       	|  18320          	|  377.28         	|  2.3938         	|
|  [Strategy]DDPStrategy.batch_to_device                                                                                                                          	|  0.013175       	|  19110          	|  251.77         	|  1.5974         	|
|  [LightningModule]Mask_RCNN.transfer_batch_to_device                                                                                                            	|  0.012988       	|  19110          	|  248.21         	|  1.5748         	|
|  [LightningModule]Mask_RCNN.on_before_optimizer_step                                                                                                            	|  0.0063092      	|  18320          	|  115.59         	|  0.73336        	|
|  [Callback]COCOEvaluator.on_validation_start                                                                                                                    	|  7.051          	|  10             	|  70.51          	|  0.44737        	|
|  [Callback]ModelCheckpoint{'monitor': None, 'mode': 'min', 'every_n_train_steps': 0, 'every_n_epochs': 1, 'train_time_interval': None}.on_train_epoch_end       	|  3.3818         	|  10             	|  33.818         	|  0.21457        	|
|  [Callback]COCOEvaluator.on_validation_epoch_start                                                                                                              	|  2.7424         	|  10             	|  27.424         	|  0.174          	|
|  [LightningDataModule]COCODataModule.setup                                                                                                                      	|  24.24          	|  1              	|  24.24          	|  0.15379        	|
|  [_EvaluationLoop].val_next                                                                                                                                     	|  0.0203         	|  790            	|  16.037         	|  0.10175        	|
|  [LightningModule]Mask_RCNN.on_train_epoch_end                                                                                                                  	|  1.3859         	|  10             	|  13.859         	|  0.087935       	|
|  [LightningModule]Mask_RCNN.optimizer_zero_grad                                                                                                                 	|  0.0007018      	|  18320          	|  12.857         	|  0.081574       	|
|  [Callback]LearningRateMonitor.on_train_batch_start                                                                                                             	|  0.00039523     	|  18320          	|  7.2407         	|  0.04594        	|
|  [Callback]TQDMProgressBar.on_train_batch_end                                                                                                                   	|  0.00010189     	|  18320          	|  1.8666         	|  0.011843       	|
|  [LightningModule]Mask_RCNN.configure_gradient_clipping                                                                                                         	|  4.3098e-05     	|  18320          	|  0.78956        	|  0.0050096      	|
|  [Callback]ModelCheckpoint{'monitor': None, 'mode': 'min', 'every_n_train_steps': 0, 'every_n_epochs': 1, 'train_time_interval': None}.on_train_batch_end       	|  2.8817e-05     	|  18320          	|  0.52793        	|  0.0033496      	|
|  [LightningModule]Mask_RCNN.on_validation_model_eval                                                                                                            	|  0.024067       	|  10             	|  0.24067        	|  0.001527       	|
|  [Callback]TQDMProgressBar.on_validation_start                                                                                                                  	|  0.024039       	|  10             	|  0.24039        	|  0.0015252      	|
|  [LightningDataModule]COCODataModule.train_dataloader                                                                                                           	|  0.19033        	|  1              	|  0.19033        	|  0.0012076      	|
|  [Callback]TQDMProgressBar.on_train_batch_start                                                                                                                 	|  8.4293e-06     	|  18320          	|  0.15442        	|  0.00097978     	|
|  [Callback]TQDMProgressBar.on_after_backward                                                                                                                    	|  7.8281e-06     	|  18320          	|  0.14341        	|  0.0009099      	|
|  [Callback]TQDMProgressBar.on_before_zero_grad                                                                                                                  	|  6.9675e-06     	|  18320          	|  0.12765        	|  0.00080988     	|
|  [Callback]TQDMProgressBar.on_before_optimizer_step                                                                                                             	|  6.6791e-06     	|  18320          	|  0.12236        	|  0.00077635     	|
|  [Callback]TQDMProgressBar.on_before_backward                                                                                                                   	|  5.6617e-06     	|  18320          	|  0.10372        	|  0.0006581      	|
|  [LightningModule]Mask_RCNN.on_before_batch_transfer                                                                                                            	|  4.4993e-06     	|  19110          	|  0.085981       	|  0.00054553     	|
|  [LightningModule]Mask_RCNN.on_after_batch_transfer                                                                                                             	|  4.3669e-06     	|  19110          	|  0.083452       	|  0.00052948     	|
|  [Callback]LearningRateMonitor.on_train_batch_end                                                                                                               	|  3.881e-06      	|  18320          	|  0.071099       	|  0.00045111     	|
|  [Callback]TQDMProgressBar.on_validation_batch_end                                                                                                              	|  7.9559e-05     	|  790            	|  0.062851       	|  0.00039878     	|
|  [Callback]LearningRateMonitor.on_after_backward                                                                                                                	|  3.2681e-06     	|  18320          	|  0.059871       	|  0.00037987     	|
|  [Callback]LearningRateMonitor.on_before_optimizer_step                                                                                                         	|  3.1639e-06     	|  18320          	|  0.057964       	|  0.00036776     	|
|  [Callback]LearningRateMonitor.on_before_backward                                                                                                               	|  3.1073e-06     	|  18320          	|  0.056926       	|  0.00036118     	|
|  [LightningModule]Mask_RCNN.on_after_backward                                                                                                                   	|  3.0907e-06     	|  18320          	|  0.056622       	|  0.00035925     	|
|  [Callback]ModelCheckpoint{'monitor': None, 'mode': 'min', 'every_n_train_steps': 0, 'every_n_epochs': 1, 'train_time_interval': None}.on_before_optimizer_step 	|  2.9155e-06     	|  18320          	|  0.053411       	|  0.00033888     	|
|  [Callback]COCOEvaluator.on_train_batch_start                                                                                                                   	|  2.8975e-06     	|  18320          	|  0.053082       	|  0.00033679     	|
|  [Callback]LearningRateMonitor.on_before_zero_grad                                                                                                              	|  2.8833e-06     	|  18320          	|  0.052821       	|  0.00033514     	|
|  [Callback]COCOEvaluator.on_before_zero_grad                                                                                                                    	|  2.8673e-06     	|  18320          	|  0.052528       	|  0.00033328     	|
|  [LightningModule]Mask_RCNN.on_train_batch_start                                                                                                                	|  2.8565e-06     	|  18320          	|  0.052331       	|  0.00033202     	|
|  [Callback]ModelCheckpoint{'monitor': None, 'mode': 'min', 'every_n_train_steps': 0, 'every_n_epochs': 1, 'train_time_interval': None}.on_train_batch_start     	|  2.8226e-06     	|  18320          	|  0.05171        	|  0.00032809     	|
|  [Callback]ModelCheckpoint{'monitor': None, 'mode': 'min', 'every_n_train_steps': 0, 'every_n_epochs': 1, 'train_time_interval': None}.on_after_backward        	|  2.8011e-06     	|  18320          	|  0.051316       	|  0.00032559     	|
|  [LightningModule]Mask_RCNN.on_train_batch_end                                                                                                                  	|  2.7762e-06     	|  18320          	|  0.05086        	|  0.00032269     	|
|  [Callback]ModelCheckpoint{'monitor': None, 'mode': 'min', 'every_n_train_steps': 0, 'every_n_epochs': 1, 'train_time_interval': None}.on_before_zero_grad      	|  2.7305e-06     	|  18320          	|  0.050022       	|  0.00031738     	|
|  [Callback]ModelSummary.on_train_batch_start                                                                                                                    	|  2.7222e-06     	|  18320          	|  0.049871       	|  0.00031642     	|
|  [LightningModule]Mask_RCNN.on_before_zero_grad                                                                                                                 	|  2.7036e-06     	|  18320          	|  0.04953        	|  0.00031426     	|
|  [Callback]ModelCheckpoint{'monitor': None, 'mode': 'min', 'every_n_train_steps': 0, 'every_n_epochs': 1, 'train_time_interval': None}.on_before_backward       	|  2.7022e-06     	|  18320          	|  0.049504       	|  0.00031409     	|
|  [LightningModule]Mask_RCNN.on_before_backward                                                                                                                  	|  2.6817e-06     	|  18320          	|  0.049129       	|  0.00031171     	|
|  [Callback]COCOEvaluator.on_before_optimizer_step                                                                                                               	|  2.6383e-06     	|  18320          	|  0.048334       	|  0.00030667     	|
|  [Callback]COCOEvaluator.on_train_batch_end                                                                                                                     	|  2.5998e-06     	|  18320          	|  0.047629       	|  0.0003022      	|
|  [Callback]COCOEvaluator.on_after_backward                                                                                                                      	|  2.5967e-06     	|  18320          	|  0.047571       	|  0.00030183     	|
|  [Callback]ModelSummary.on_after_backward                                                                                                                       	|  2.5642e-06     	|  18320          	|  0.046976       	|  0.00029805     	|
|  [Callback]COCOEvaluator.on_before_backward                                                                                                                     	|  2.5501e-06     	|  18320          	|  0.046718       	|  0.00029641     	|
|  [Callback]ModelSummary.on_before_optimizer_step                                                                                                                	|  2.5085e-06     	|  18320          	|  0.045957       	|  0.00029158     	|
|  [Callback]ModelSummary.on_train_batch_end                                                                                                                      	|  2.4889e-06     	|  18320          	|  0.045597       	|  0.0002893      	|
|  [Callback]ModelSummary.on_before_zero_grad                                                                                                                     	|  2.455e-06      	|  18320          	|  0.044975       	|  0.00028535     	|
|  [Callback]ModelSummary.on_before_backward                                                                                                                      	|  2.4422e-06     	|  18320          	|  0.044742       	|  0.00028388     	|
|  [Strategy]DDPStrategy.on_train_batch_start                                                                                                                     	|  2.442e-06      	|  18320          	|  0.044737       	|  0.00028384     	|
|  [Callback]TQDMProgressBar.on_validation_batch_start                                                                                                            	|  2.2412e-05     	|  790            	|  0.017705       	|  0.00011234     	|
|  [Callback]TQDMProgressBar.on_validation_end                                                                                                                    	|  0.0014743      	|  10             	|  0.014743       	|  9.3542e-05     	|
|  [LightningModule]Mask_RCNN.on_validation_model_train                                                                                                           	|  0.0014339      	|  10             	|  0.014339       	|  9.0976e-05     	|
|  [Callback]TQDMProgressBar.on_train_epoch_start                                                                                                                 	|  0.0013887      	|  10             	|  0.013887       	|  8.8106e-05     	|
|  [Callback]ModelSummary.on_fit_start                                                                                                                            	|  0.011826       	|  1              	|  0.011826       	|  7.5034e-05     	|
|  [Callback]ModelSummary.on_validation_batch_end                                                                                                                 	|  1.0223e-05     	|  790            	|  0.0080764      	|  5.1243e-05     	|
|  [Callback]TQDMProgressBar.on_train_epoch_end                                                                                                                   	|  0.00056874     	|  10             	|  0.0056874      	|  3.6085e-05     	|
|  [Callback]LearningRateMonitor.on_validation_batch_end                                                                                                          	|  4.2869e-06     	|  790            	|  0.0033867      	|  2.1488e-05     	|
|  [Callback]LearningRateMonitor.on_validation_batch_start                                                                                                        	|  3.9941e-06     	|  790            	|  0.0031553      	|  2.002e-05      	|
|  [LightningModule]Mask_RCNN.on_validation_batch_end                                                                                                             	|  3.5245e-06     	|  790            	|  0.0027844      	|  1.7666e-05     	|
|  [Callback]ModelCheckpoint{'monitor': None, 'mode': 'min', 'every_n_train_steps': 0, 'every_n_epochs': 1, 'train_time_interval': None}.on_validation_batch_end  	|  3.454e-06      	|  790            	|  0.0027287      	|  1.7313e-05     	|
|  [Callback]ModelCheckpoint{'monitor': None, 'mode': 'min', 'every_n_train_steps': 0, 'every_n_epochs': 1, 'train_time_interval': None}.on_validation_batch_start	|  3.2777e-06     	|  790            	|  0.0025894      	|  1.6429e-05     	|
|  [LightningModule]Mask_RCNN.on_validation_batch_start                                                                                                           	|  3.0096e-06     	|  790            	|  0.0023776      	|  1.5085e-05     	|
|  [Callback]TQDMProgressBar.on_train_start                                                                                                                       	|  0.0023043      	|  1              	|  0.0023043      	|  1.462e-05      	|
|  [Callback]COCOEvaluator.on_validation_batch_start                                                                                                              	|  2.7747e-06     	|  790            	|  0.002192       	|  1.3908e-05     	|
|  [Callback]ModelSummary.on_validation_batch_start                                                                                                               	|  2.7542e-06     	|  790            	|  0.0021758      	|  1.3805e-05     	|
|  [LightningModule]Mask_RCNN.lr_scheduler_step                                                                                                                   	|  0.00012143     	|  10             	|  0.0012143      	|  7.7041e-06     	|
|  [LightningModule]Mask_RCNN.configure_optimizers                                                                                                                	|  0.0011559      	|  1              	|  0.0011559      	|  7.3339e-06     	|
|  [LightningDataModule]COCODataModule.val_dataloader                                                                                                             	|  0.0010355      	|  1              	|  0.0010355      	|  6.5699e-06     	|
|  [Callback]ModelCheckpoint{'monitor': None, 'mode': 'min', 'every_n_train_steps': 0, 'every_n_epochs': 1, 'train_time_interval': None}.setup                    	|  0.00097408     	|  1              	|  0.00097408     	|  6.1803e-06     	|
|  [Callback]TQDMProgressBar.on_train_end                                                                                                                         	|  0.00064896     	|  1              	|  0.00064896     	|  4.1175e-06     	|
|  [Callback]ModelCheckpoint{'monitor': None, 'mode': 'min', 'every_n_train_steps': 0, 'every_n_epochs': 1, 'train_time_interval': None}.on_validation_end        	|  6.1714e-05     	|  10             	|  0.00061714     	|  3.9156e-06     	|
|  [LightningModule]Mask_RCNN.on_validation_epoch_start                                                                                                           	|  4.3267e-05     	|  10             	|  0.00043267     	|  2.7452e-06     	|
|  [Callback]LearningRateMonitor.on_train_epoch_start                                                                                                             	|  2.4366e-05     	|  10             	|  0.00024366     	|  1.5459e-06     	|
|  [Callback]LearningRateMonitor.on_validation_start                                                                                                              	|  2.3806e-05     	|  10             	|  0.00023806     	|  1.5105e-06     	|
|  [LightningModule]Mask_RCNN.on_train_epoch_start                                                                                                                	|  1.9863e-05     	|  10             	|  0.00019863     	|  1.2603e-06     	|
|  [Callback]ModelCheckpoint{'monitor': None, 'mode': 'min', 'every_n_train_steps': 0, 'every_n_epochs': 1, 'train_time_interval': None}.on_train_epoch_start     	|  1.8261e-05     	|  10             	|  0.00018261     	|  1.1586e-06     	|
|  [LightningModule]Mask_RCNN.on_train_end                                                                                                                        	|  0.0001547      	|  1              	|  0.0001547      	|  9.8154e-07     	|
|  [LightningDataModule]COCODataModule.state_dict                                                                                                                 	|  1.4854e-05     	|  10             	|  0.00014854     	|  9.4247e-07     	|
|  [Callback]ModelSummary.on_validation_start                                                                                                                     	|  1.3582e-05     	|  10             	|  0.00013582     	|  8.6174e-07     	|
|  [Callback]LearningRateMonitor.on_train_start                                                                                                                   	|  0.00011873     	|  1              	|  0.00011873     	|  7.5329e-07     	|
|  [Callback]ModelSummary.on_validation_epoch_start                                                                                                               	|  1.1421e-05     	|  10             	|  0.00011421     	|  7.2463e-07     	|
|  [LightningModule]Mask_RCNN.on_validation_epoch_end                                                                                                             	|  1.0581e-05     	|  10             	|  0.00010581     	|  6.7134e-07     	|
|  [Callback]TQDMProgressBar.on_validation_epoch_end                                                                                                              	|  1.0517e-05     	|  10             	|  0.00010517     	|  6.6728e-07     	|
|  [Callback]TQDMProgressBar.on_save_checkpoint                                                                                                                   	|  9.536e-06      	|  10             	|  9.536e-05      	|  6.0504e-07     	|
|  [Callback]ModelSummary.on_validation_epoch_end                                                                                                                 	|  9.2372e-06     	|  10             	|  9.2372e-05     	|  5.8608e-07     	|
|  [Strategy]DDPStrategy.on_validation_start                                                                                                                      	|  8.2159e-06     	|  10             	|  8.2159e-05     	|  5.2128e-07     	|
|  [Callback]LearningRateMonitor.on_validation_end                                                                                                                	|  6.5555e-06     	|  10             	|  6.5555e-05     	|  4.1593e-07     	|
|  [Callback]ModelCheckpoint{'monitor': None, 'mode': 'min', 'every_n_train_steps': 0, 'every_n_epochs': 1, 'train_time_interval': None}.on_validation_epoch_end  	|  6.5044e-06     	|  10             	|  6.5044e-05     	|  4.1269e-07     	|
|  [Callback]COCOEvaluator.on_train_epoch_start                                                                                                                   	|  6.2607e-06     	|  10             	|  6.2607e-05     	|  3.9723e-07     	|
|  [Callback]ModelSummary.on_train_epoch_end                                                                                                                      	|  5.2427e-06     	|  10             	|  5.2427e-05     	|  3.3264e-07     	|
|  [Callback]LearningRateMonitor.on_train_epoch_end                                                                                                               	|  4.3167e-06     	|  10             	|  4.3167e-05     	|  2.7388e-07     	|
|  [Callback]ModelSummary.on_train_epoch_start                                                                                                                    	|  3.9987e-06     	|  10             	|  3.9987e-05     	|  2.5371e-07     	|
|  [Callback]TQDMProgressBar.on_validation_epoch_start                                                                                                            	|  3.6615e-06     	|  10             	|  3.6615e-05     	|  2.3231e-07     	|
|  [LightningModule]Mask_RCNN.on_validation_end                                                                                                                   	|  3.4652e-06     	|  10             	|  3.4652e-05     	|  2.1986e-07     	|
|  [Callback]ModelSummary.on_save_checkpoint                                                                                                                      	|  3.4125e-06     	|  10             	|  3.4125e-05     	|  2.1651e-07     	|
|  [Callback]ModelCheckpoint{'monitor': None, 'mode': 'min', 'every_n_train_steps': 0, 'every_n_epochs': 1, 'train_time_interval': None}.on_validation_start      	|  3.2253e-06     	|  10             	|  3.2253e-05     	|  2.0464e-07     	|
|  [Callback]ModelCheckpoint{'monitor': None, 'mode': 'min', 'every_n_train_steps': 0, 'every_n_epochs': 1, 'train_time_interval': None}.on_validation_epoch_start	|  3.0411e-06     	|  10             	|  3.0411e-05     	|  1.9295e-07     	|
|  [Callback]LearningRateMonitor.on_save_checkpoint                                                                                                               	|  3.0245e-06     	|  10             	|  3.0245e-05     	|  1.919e-07      	|
|  [LightningModule]Mask_RCNN.on_validation_start                                                                                                                 	|  2.7679e-06     	|  10             	|  2.7679e-05     	|  1.7562e-07     	|
|  [Callback]COCOEvaluator.on_validation_end                                                                                                                      	|  2.6978e-06     	|  10             	|  2.6978e-05     	|  1.7117e-07     	|
|  [Strategy]DDPStrategy.on_validation_end                                                                                                                        	|  2.6395e-06     	|  10             	|  2.6395e-05     	|  1.6747e-07     	|
|  [Callback]ModelCheckpoint{'monitor': None, 'mode': 'min', 'every_n_train_steps': 0, 'every_n_epochs': 1, 'train_time_interval': None}.on_save_checkpoint       	|  2.6289e-06     	|  10             	|  2.6289e-05     	|  1.668e-07      	|
|  [Callback]COCOEvaluator.on_save_checkpoint                                                                                                                     	|  2.5478e-06     	|  10             	|  2.5478e-05     	|  1.6165e-07     	|
|  [Callback]LearningRateMonitor.on_validation_epoch_start                                                                                                        	|  2.3891e-06     	|  10             	|  2.3891e-05     	|  1.5158e-07     	|
|  [Callback]LearningRateMonitor.on_validation_epoch_end                                                                                                          	|  2.3813e-06     	|  10             	|  2.3813e-05     	|  1.5109e-07     	|
|  [Callback]ModelSummary.on_validation_end                                                                                                                       	|  2.3477e-06     	|  10             	|  2.3477e-05     	|  1.4896e-07     	|
|  [Callback]COCOEvaluator.on_train_epoch_end                                                                                                                     	|  2.2866e-06     	|  10             	|  2.2866e-05     	|  1.4508e-07     	|
|  [LightningModule]Mask_RCNN.on_save_checkpoint                                                                                                                  	|  2.134e-06      	|  10             	|  2.134e-05      	|  1.354e-07      	|
|  [Callback]TQDMProgressBar.setup                                                                                                                                	|  1.5973e-05     	|  1              	|  1.5973e-05     	|  1.0134e-07     	|
|  [LightningModule]Mask_RCNN.on_train_start                                                                                                                      	|  1.1903e-05     	|  1              	|  1.1903e-05     	|  7.5522e-08     	|
|  [Callback]TQDMProgressBar.on_fit_end                                                                                                                           	|  9.618e-06      	|  1              	|  9.618e-06      	|  6.1024e-08     	|
|  [Callback]ModelCheckpoint{'monitor': None, 'mode': 'min', 'every_n_train_steps': 0, 'every_n_epochs': 1, 'train_time_interval': None}.on_train_start           	|  6.713e-06      	|  1              	|  6.713e-06      	|  4.2592e-08     	|
|  [Callback]TQDMProgressBar.on_fit_start                                                                                                                         	|  5.923e-06      	|  1              	|  5.923e-06      	|  3.758e-08      	|
|  [Callback]LearningRateMonitor.on_train_end                                                                                                                     	|  5.779e-06      	|  1              	|  5.779e-06      	|  3.6666e-08     	|
|  [LightningModule]Mask_RCNN.configure_sharded_model                                                                                                             	|  5.739e-06      	|  1              	|  5.739e-06      	|  3.6413e-08     	|
|  [Callback]COCOEvaluator.on_train_start                                                                                                                         	|  5.629e-06      	|  1              	|  5.629e-06      	|  3.5715e-08     	|
|  [Callback]ModelCheckpoint{'monitor': None, 'mode': 'min', 'every_n_train_steps': 0, 'every_n_epochs': 1, 'train_time_interval': None}.on_fit_start             	|  5.057e-06      	|  1              	|  5.057e-06      	|  3.2085e-08     	|
|  [LightningModule]Mask_RCNN.configure_callbacks                                                                                                                 	|  4.952e-06      	|  1              	|  4.952e-06      	|  3.1419e-08     	|
|  [Callback]LearningRateMonitor.setup                                                                                                                            	|  4.824e-06      	|  1              	|  4.824e-06      	|  3.0607e-08     	|
|  [LightningModule]Mask_RCNN.setup                                                                                                                               	|  4.289e-06      	|  1              	|  4.289e-06      	|  2.7213e-08     	|
|  [Callback]TQDMProgressBar.teardown                                                                                                                             	|  3.885e-06      	|  1              	|  3.885e-06      	|  2.4649e-08     	|
|  [LightningDataModule]COCODataModule.prepare_data                                                                                                               	|  3.776e-06      	|  1              	|  3.776e-06      	|  2.3958e-08     	|
|  [Strategy]DDPStrategy.on_train_start                                                                                                                           	|  3.526e-06      	|  1              	|  3.526e-06      	|  2.2372e-08     	|
|  [Callback]COCOEvaluator.on_train_end                                                                                                                           	|  3.352e-06      	|  1              	|  3.352e-06      	|  2.1268e-08     	|
|  [Callback]ModelSummary.setup                                                                                                                                   	|  3.251e-06      	|  1              	|  3.251e-06      	|  2.0627e-08     	|
|  [LightningDataModule]COCODataModule.teardown                                                                                                                   	|  3.214e-06      	|  1              	|  3.214e-06      	|  2.0392e-08     	|
|  [Callback]COCOEvaluator.setup                                                                                                                                  	|  3.043e-06      	|  1              	|  3.043e-06      	|  1.9307e-08     	|
|  [LightningModule]Mask_RCNN.on_fit_end                                                                                                                          	|  3.038e-06      	|  1              	|  3.038e-06      	|  1.9275e-08     	|
|  [Strategy]DDPStrategy.on_train_end                                                                                                                             	|  2.953e-06      	|  1              	|  2.953e-06      	|  1.8736e-08     	|
|  [Callback]LearningRateMonitor.on_fit_start                                                                                                                     	|  2.924e-06      	|  1              	|  2.924e-06      	|  1.8552e-08     	|
|  [Callback]LearningRateMonitor.on_fit_end                                                                                                                       	|  2.874e-06      	|  1              	|  2.874e-06      	|  1.8235e-08     	|
|  [Callback]ModelCheckpoint{'monitor': None, 'mode': 'min', 'every_n_train_steps': 0, 'every_n_epochs': 1, 'train_time_interval': None}.teardown                 	|  2.803e-06      	|  1              	|  2.803e-06      	|  1.7784e-08     	|
|  [LightningModule]Mask_RCNN.prepare_data                                                                                                                        	|  2.773e-06      	|  1              	|  2.773e-06      	|  1.7594e-08     	|
|  [Callback]ModelCheckpoint{'monitor': None, 'mode': 'min', 'every_n_train_steps': 0, 'every_n_epochs': 1, 'train_time_interval': None}.on_fit_end               	|  2.76e-06       	|  1              	|  2.76e-06       	|  1.7512e-08     	|
|  [Callback]LearningRateMonitor.teardown                                                                                                                         	|  2.727e-06      	|  1              	|  2.727e-06      	|  1.7302e-08     	|
|  [Callback]ModelSummary.on_train_start                                                                                                                          	|  2.701e-06      	|  1              	|  2.701e-06      	|  1.7137e-08     	|
|  [LightningModule]Mask_RCNN.on_fit_start                                                                                                                        	|  2.648e-06      	|  1              	|  2.648e-06      	|  1.6801e-08     	|
|  [Callback]COCOEvaluator.on_fit_start                                                                                                                           	|  2.645e-06      	|  1              	|  2.645e-06      	|  1.6782e-08     	|
|  [Callback]ModelSummary.teardown                                                                                                                                	|  2.635e-06      	|  1              	|  2.635e-06      	|  1.6718e-08     	|
|  [Callback]COCOEvaluator.teardown                                                                                                                               	|  2.576e-06      	|  1              	|  2.576e-06      	|  1.6344e-08     	|
|  [Callback]ModelCheckpoint{'monitor': None, 'mode': 'min', 'every_n_train_steps': 0, 'every_n_epochs': 1, 'train_time_interval': None}.on_train_end             	|  2.567e-06      	|  1              	|  2.567e-06      	|  1.6287e-08     	|
|  [Callback]COCOEvaluator.on_fit_end                                                                                                                             	|  2.462e-06      	|  1              	|  2.462e-06      	|  1.5621e-08     	|
|  [Callback]ModelSummary.on_fit_end                                                                                                                              	|  2.387e-06      	|  1              	|  2.387e-06      	|  1.5145e-08     	|
|  [Callback]ModelSummary.on_train_end                                                                                                                            	|  2.324e-06      	|  1              	|  2.324e-06      	|  1.4745e-08     	|
|  [LightningModule]Mask_RCNN.teardown                                                                                                                            	|  2.315e-06      	|  1              	|  2.315e-06      	|  1.4688e-08     	|
--------------------------------------------------------------------------------------------------------------------------------------------------------------------------------------------------------------------------------------------------------------------------

wandb: Waiting for W&B process to finish... (success).
wandb: - 0.035 MB of 0.035 MB uploaded (0.000 MB deduped)wandb: \ 0.035 MB of 0.035 MB uploaded (0.000 MB deduped)wandb: | 0.035 MB of 0.035 MB uploaded (0.000 MB deduped)wandb: / 0.035 MB of 0.035 MB uploaded (0.000 MB deduped)wandb: - 0.035 MB of 0.035 MB uploaded (0.000 MB deduped)wandb: 
wandb: Run history:
wandb:                                                    epoch ▁▁▁▁▂▂▂▂▃▃▃▃▃▃▃▃▄▄▄▄▅▅▅▅▆▆▆▆▆▆▆▆▇▇▇▇████
wandb:                                           evaluator_time █▄▁▄▄▂▁▂▂▁
wandb:                                                 local_lr ▁▃▃▁▁▂▂▃▃▃▅▂▃▃▅▄▄▃▃▂▃▃▄▄▄▅▃▃▅▄▄▅▅▆▅▄▄▆█▇
wandb:                   local_lr/roi_heads.box_head.0.0.weight █▂▁▁▂▂▂▂▂▂▁▂▂▂▁▂▁▁▁▁▁▁▁▁▁▁▁▁▁▁▁▁▁▁▁▁▁▁▁▁
wandb:                     local_lr/roi_heads.box_head.0.1.bias █▁▁▁▁▁▁▁▁▁▁▁▁▁▁▁▁▂▂▂▂▂▂▂▂▂▂▂▂▂▂▂▂▂▂▂▂▂▂▂
wandb:                   local_lr/roi_heads.box_head.0.1.weight █▂▁▁▁▁▁▁▁▁▁▁▁▁▁▁▁▁▁▁▁▁▁▁▁▁▁▁▁▁▁▁▁▁▁▁▁▁▁▁
wandb:                   local_lr/roi_heads.box_head.1.0.weight █▁▁▁▁▁▁▁▁▁▁▁▁▁▁▁▁▁▁▁▁▁▁▁▁▁▁▁▁▁▁▁▁▁▁▁▁▁▁▁
wandb:                     local_lr/roi_heads.box_head.1.1.bias █▁▁▁▁▁▁▁▁▁▁▁▁▁▁▁▂▂▁▂▂▂▂▂▂▂▂▂▂▂▂▂▂▂▂▂▂▂▂▂
wandb:                   local_lr/roi_heads.box_head.1.1.weight █▁▁▁▁▁▁▁▁▁▁▁▁▁▁▁▁▁▁▁▁▁▁▁▁▁▁▁▁▁▁▁▁▁▁▁▁▁▁▁
wandb:                   local_lr/roi_heads.box_head.2.0.weight █▁▁▁▁▁▁▁▁▁▁▁▁▁▁▁▁▁▁▁▁▁▁▁▁▁▁▁▁▁▁▁▁▁▁▁▁▁▁▁
wandb:                     local_lr/roi_heads.box_head.2.1.bias █▁▁▁▁▂▁▁▂▂▁▂▂▂▂▂▂▂▂▂▂▂▂▂▃▂▃▃▂▃▃▂▃▃▃▃▃▃▃▄
wandb:                   local_lr/roi_heads.box_head.2.1.weight █▁▁▁▁▁▁▁▁▁▁▁▁▁▁▁▁▁▁▁▁▁▁▁▁▁▁▁▁▁▁▁▁▁▁▁▁▁▁▁
wandb:                   local_lr/roi_heads.box_head.3.0.weight █▂▂▂▁▃▂▂▃▂▂▂▂▂▂▂▂▂▁▁▁▁▁▁▁▁▁▁▁▁▁▁▁▁▁▁▁▁▁▁
wandb:                     local_lr/roi_heads.box_head.3.1.bias ▂▁▂▃▁▅▂▁▃▂▃▂▃▃▄▃▃▄▃▄▃▃▃▃▄▃▄▃▃▇▄▃▇▆▅█▄▇▅▇
wandb:                   local_lr/roi_heads.box_head.3.1.weight █▂▂▅▁▄▃▁▂▂▁▁▂▂▂▂▁▁▁▂▁▁▁▁▁▁▂▁▁▂▂▁▂▂▂▄▂▂▂▃
wandb:                       local_lr/roi_heads.box_head.5.bias ▇▁▁▄▁▄▄▃▄▄▃▄▅▅▄▄▄▄▄▄▃▄▄▄▄▄▅▄▃▇▆▃▆▇▆▆▆▇▅█
wandb:                     local_lr/roi_heads.box_head.5.weight █▁▁▁▁▂▂▂▃▃▂▃▃▃▃▃▃▃▃▃▃▃▃▃▃▃▃▃▃▃▃▂▃▃▃▃▃▃▃▃
wandb:          local_lr/roi_heads.box_predictor.bbox_pred.bias █▁▁▃▂▂▂▃▂▂▁▃▂▃▁▂▁▁▃▂▃▂▂▂▃▂▃▄▃▄▃▂▃▃▄▄▄▃▃▃
wandb:        local_lr/roi_heads.box_predictor.bbox_pred.weight █▁▁▁▂▂▃▄▃▄▃▅▅▅▄▅▄▄▆▄▅▅▅▅▅▅▅▆▅▆▅▄▅▅▅▅▅▅▅▅
wandb:          local_lr/roi_heads.box_predictor.cls_score.bias ▂▁▂▂▁▃▃▂▃▂▃▃▅▄▄▃▅▆▃▄▂▃▃▃▃▃▄▃▃▆▆▃█▇▅█▅▇▄▇
wandb:        local_lr/roi_heads.box_predictor.cls_score.weight ▂▁▁▁▁▂▃▂▃▂▃▃▄▄▄▄▅▆▄▅▃▄▄▄▄▅▆▄▄▆▆▄██▆▇▆▇▅▇
wandb:                  local_lr/roi_heads.mask_head.0.0.weight ▆▇███▇▆▇▆▆▅▃▄▃▃▃▃▃▂▃▃▂▂▂▂▂▂▂▂▁▂▂▂▁▂▁▁▁▁▁
wandb:                    local_lr/roi_heads.mask_head.0.1.bias ▄▄▃▃▂▂▁▁▁▂▁▁▂▂▂▂▃▄▂▄▅▄▄▅▆▇▆▆▇▆███▆▇▆▆█▆▆
wandb:                  local_lr/roi_heads.mask_head.0.1.weight █▆▅▄▃▂▂▂▁▁▁▁▁▁▁▁▁▁▁▁▁▁▁▁▁▁▁▁▁▁▁▁▁▁▁▁▁▁▁▁
wandb:                  local_lr/roi_heads.mask_head.1.0.weight ▆▆▇▇█▇▅▆▅▅▄▃▄▃▃▃▃▃▂▂▂▂▂▂▂▂▁▂▂▁▂▂▁▁▁▁▁▁▁▁
wandb:                    local_lr/roi_heads.mask_head.1.1.bias ▂▂▂▂▁▁▁▁▁▁▁▁▂▂▂▂▃▃▂▄▄▄▄▅▆▆▅▆▇▅▇█▇▆▇▇▆▆▆▆
wandb:                  local_lr/roi_heads.mask_head.1.1.weight █▆▄▄▃▂▂▂▁▁▁▁▁▁▁▁▁▁▁▁▁▁▁▁▁▁▁▁▁▁▁▁▁▁▁▁▁▁▁▁
wandb:                  local_lr/roi_heads.mask_head.2.0.weight █████▆▅▆▅▅▄▃▃▃▃▃▃▃▂▂▂▂▁▂▂▂▁▂▂▁▂▂▂▁▂▁▁▁▁▁
wandb:                    local_lr/roi_heads.mask_head.2.1.bias ▂▁▂▁▁▁▁▁▁▁▁▂▂▂▂▂▃▃▃▃▄▄▄▅▆▇▆▆▇▆▆█▇▆▇█▅█▅▇
wandb:                  local_lr/roi_heads.mask_head.2.1.weight █▄▄▃▂▁▁▂▁▁▁▁▁▁▁▁▁▁▁▁▁▁▁▁▁▁▁▁▁▁▁▁▁▁▁▁▁▁▁▁
wandb:                  local_lr/roi_heads.mask_head.3.0.weight ▇███▆▄▄▅▃▄▃▂▂▃▂▂▂▂▁▂▂▁▁▂▂▂▁▁▁▁▁▂▁▁▁▁▁▁▁▁
wandb:                    local_lr/roi_heads.mask_head.3.1.bias ▁▁▁▁▁▁▁▁▁▁▁▁▁▁▁▁▁▁▁▂▂▁▂▃▂▃▂▃▃▂▆▄█▄▃▅▅▄▅▅
wandb:                  local_lr/roi_heads.mask_head.3.1.weight █▅▂▁▂▂▂▂▁▃▂▂▂▂▂▃▃▂▂▂▂▂▂▄▂▄▂▂▃▂▃▂▄▂▁▃▃▂▂▃
wandb:        local_lr/roi_heads.mask_predictor.conv5_mask.bias ▁▁▁▁▁▁▂▂▁▂▂▂▁▂▂▂▂▂▃▃▃▃▂▅▄▅▄▄▄▃▇██▄▃▆▇▄▄▄
wandb:      local_lr/roi_heads.mask_predictor.conv5_mask.weight ▂▄▃▄▃▆▃▄▁▄▄▂▂▃▃▄▄▁▁▃▄▂▂█▄▆▄▄▅▄▆▆▇▂▂▆▅▅▂▅
wandb:   local_lr/roi_heads.mask_predictor.mask_fcn_logits.bias ▂▂▃▂▁▃▂▃▁▃▃▂▃▄▃▃▄▂▃▅▄▄▃▄▅▅▄▄▄▅▆▆▆▃▃▅█▇▄▄
wandb: local_lr/roi_heads.mask_predictor.mask_fcn_logits.weight █▇▅▆▄▇▄▄▂▄▄▂▃▃▂▃▃▁▂▃▂▂▂▃▃▃▂▂▂▃▄▄▃▁▂▂▅▅▁▃
wandb:                         local_lr/rpn.head.bbox_pred.bias ▁▁▁▁▁▁▂▁▂▁▂▂▂▂▂▃▄▅▅▅▄▃▄▄▄▆▅▄▇▅▄█▅▄▆▅▅▄█▄
wandb:                       local_lr/rpn.head.bbox_pred.weight ▂▁▁▁▁▁▂▁▂▂▂▂▂▂▂▃▄▄▄▅▄▄▄▅▄▇▅▅▆▆▅█▅▅▇▅▅▅█▅
wandb:                        local_lr/rpn.head.cls_logits.bias ▁▁▁▁▁▁▁▁▁▁▁▂▁▂▂▁▂▃▂▂▂▂▂▃▂▇▆▂█▃▄▂▄▅▄▇▃▅█▅
wandb:                      local_lr/rpn.head.cls_logits.weight ▁▁▁▁▁▁▁▁▁▁▁▁▁▂▂▂▂▃▂▂▂▂▂▃▂▅▄▂▅▄▄▃▄▆▄▆▄▅█▄
wandb:                          local_lr/rpn.head.conv.0.0.bias ▁▁▁▁▁▁▁▁▁▁▁▂▂▂▂▂▂▂▃▃▃▂▃▄▂▄▅▂▄▄▄▃▄▅▅▆▄▅█▅
wandb:                        local_lr/rpn.head.conv.0.0.weight ▆▅▅▄▃▇▄▅▄▁▂▆▆▅▅▅▄▅▅▇▄▃▄▄▄▅▅▃▃▇▆▆▆▇▇▆▃▆█▄
wandb:                          local_lr/rpn.head.conv.1.0.bias ▁▁▁▁▁▁▁▁▁▁▁▂▂▂▂▂▃▃▃▃▃▂▃▄▃▅▅▃▆▄▄▃▄▄▅▆▄▅█▅
wandb:                        local_lr/rpn.head.conv.1.0.weight ▅▁▂▁▂▃▅▃▆▃▃▆▅▅▅▅▆▇▆▆▅▄▅▆▄▇▅▄▆▆▅▅▅▅▆▆▄▅█▄
wandb:                                             loss_box_reg ▆█▇▅▆▇▅▅▄▄▅▄▅▄▅▄▄▄▃▅▃▄▃▃▃▂▃▃▂▃▃▄▂▃▂▂▁▃▃▂
wandb:                                          loss_classifier ██▇▅▅▅▃▄▃▃▃▃▃▃▃▃▃▃▂▃▂▂▂▂▂▂▂▂▂▂▂▂▁▂▂▁▁▂▂▂
wandb:                                                loss_mask █▆▅▅▅▅▄▃▄▄▄▃▃▃▃▃▃▃▂▄▂▃▃▂▂▂▃▂▂▂▃▂▂▂▂▂▁▂▁▁
wandb:                                          loss_objectness █▆▆▄▄▅▄▄▃▃▄▃▃▄▃▄▂▃▃▄▂▂▂▂▂▁▂▂▁▁▂▂▁▁▂▁▁▁▁▂
wandb:                                         loss_rpn_box_reg ▇██▄▅▅▆█▄▄▆▇▅▅▅▆▃▃▂▃▄▂▃▄▃▄▃▅▃▂▃▃▃▃▂▃▁▂▂▅
wandb:                                                  lr-LARS ▃▃▃▃████▇▇▇▇▇▇▇▇▆▆▆▆▄▄▄▄▃▃▃▃▂▂▂▂▂▂▂▂▁▁▁▁
wandb:                                         lr-LARS-momentum ▁▁▁▁▁▁▁▁▁▁▁▁▁▁▁▁▁▁▁▁▁▁▁▁▁▁▁▁▁▁▁▁▁▁▁▁▁▁▁▁
wandb:                                              map_50_bbox ▁▄▅▆▇▇████
wandb:                                              map_50_segm ▁▄▅▆▇▇████
wandb:                                                 map_bbox ▁▄▅▆▇▇▇███
wandb:                                                 map_segm ▁▄▅▆▇▇████
wandb:                                                 mar_bbox ▁▄▅▆▇▇████
wandb:                                                 mar_segm ▁▅▅▆▇▇████
wandb:                                               model_time █▃▁▃▂▂▁▁▁▁
wandb:                                      trainer/global_step ▁▁▁▂▂▂▂▂▂▃▃▃▃▃▃▄▄▄▄▄▅▅▅▅▅▅▆▆▆▆▆▇▇▇▇▇▇███
wandb:                                            training_loss █▅▄▃▃▂▂▁▁▁
wandb:                                       training_step_loss ██▇▅▆▆▄▅▄▄▄▄▄▃▄▄▃▃▃▄▃▃▃▃▃▂▃▃▂▂▂▃▂▂▂▂▁▂▂▂
wandb: 
wandb: Run summary:
wandb:                                                    epoch 9
wandb:                                           evaluator_time 0.4334
wandb:                                                 local_lr 100.00545
wandb:                   local_lr/roi_heads.box_head.0.0.weight 71.09267
wandb:                     local_lr/roi_heads.box_head.0.1.bias 0.00091
wandb:                   local_lr/roi_heads.box_head.0.1.weight 105.50816
wandb:                   local_lr/roi_heads.box_head.1.0.weight 82.12904
wandb:                     local_lr/roi_heads.box_head.1.1.bias 0.00165
wandb:                   local_lr/roi_heads.box_head.1.1.weight 109.35565
wandb:                   local_lr/roi_heads.box_head.2.0.weight 89.89556
wandb:                     local_lr/roi_heads.box_head.2.1.bias 0.0056
wandb:                   local_lr/roi_heads.box_head.2.1.weight 145.2682
wandb:                   local_lr/roi_heads.box_head.3.0.weight 108.57486
wandb:                     local_lr/roi_heads.box_head.3.1.bias 0.00693
wandb:                   local_lr/roi_heads.box_head.3.1.weight 644.89331
wandb:                       local_lr/roi_heads.box_head.5.bias 40.78081
wandb:                     local_lr/roi_heads.box_head.5.weight 97.88641
wandb:          local_lr/roi_heads.box_predictor.bbox_pred.bias 26.07454
wandb:        local_lr/roi_heads.box_predictor.bbox_pred.weight 32.30916
wandb:          local_lr/roi_heads.box_predictor.cls_score.bias 63.7588
wandb:        local_lr/roi_heads.box_predictor.cls_score.weight 69.76958
wandb:                  local_lr/roi_heads.mask_head.0.0.weight 89.19961
wandb:                    local_lr/roi_heads.mask_head.0.1.bias 0.00033
wandb:                  local_lr/roi_heads.mask_head.0.1.weight 98.14197
wandb:                  local_lr/roi_heads.mask_head.1.0.weight 92.83279
wandb:                    local_lr/roi_heads.mask_head.1.1.bias 0.00097
wandb:                  local_lr/roi_heads.mask_head.1.1.weight 104.67781
wandb:                  local_lr/roi_heads.mask_head.2.0.weight 100.96851
wandb:                    local_lr/roi_heads.mask_head.2.1.bias 0.00244
wandb:                  local_lr/roi_heads.mask_head.2.1.weight 110.33578
wandb:                  local_lr/roi_heads.mask_head.3.0.weight 120.90398
wandb:                    local_lr/roi_heads.mask_head.3.1.bias 0.14235
wandb:                  local_lr/roi_heads.mask_head.3.1.weight 1918.18628
wandb:        local_lr/roi_heads.mask_predictor.conv5_mask.bias 287.1532
wandb:      local_lr/roi_heads.mask_predictor.conv5_mask.weight 942.96271
wandb:   local_lr/roi_heads.mask_predictor.mask_fcn_logits.bias 113.9827
wandb: local_lr/roi_heads.mask_predictor.mask_fcn_logits.weight 464.67453
wandb:                         local_lr/rpn.head.bbox_pred.bias 0.0022
wandb:                       local_lr/rpn.head.bbox_pred.weight 7.27442
wandb:                        local_lr/rpn.head.cls_logits.bias 2.39331
wandb:                      local_lr/rpn.head.cls_logits.weight 370.93387
wandb:                          local_lr/rpn.head.conv.0.0.bias 0.00785
wandb:                        local_lr/rpn.head.conv.0.0.weight 119.81398
wandb:                          local_lr/rpn.head.conv.1.0.bias 0.02048
wandb:                        local_lr/rpn.head.conv.1.0.weight 146.58401
wandb:                                             loss_box_reg 0.2043
wandb:                                          loss_classifier 0.14547
wandb:                                                loss_mask 0.22905
wandb:                                          loss_objectness 0.01729
wandb:                                         loss_rpn_box_reg 0.04429
wandb:                                                  lr-LARS 2e-05
wandb:                                         lr-LARS-momentum 0.9
wandb:                                              map_50_bbox 0.59224
wandb:                                              map_50_segm 0.56477
wandb:                                                 map_bbox 0.38684
wandb:                                                 map_segm 0.34964
wandb:                                                 mar_bbox 0.52521
wandb:                                                 mar_segm 0.47666
wandb:                                               model_time 0.54754
wandb:                                      trainer/global_step 18319
wandb:                                            training_loss 0.6571
wandb:                                       training_step_loss 0.6404
wandb: 
wandb: 🚀 View run lars-8-caw-8e-4-new-sync at: https://wandb.ai/ilhamsyahids/MaskRCNN/runs/w1b4gpaq
wandb: Synced 5 W&B file(s), 1 media file(s), 0 artifact file(s) and 0 other file(s)
wandb: Find logs at: logs/wandb/run-20230526_043150-w1b4gpaq/logs
