wandb: Currently logged in as: ilhamsyahids. Use `wandb login --relogin` to force relogin
wandb: - Waiting for wandb.init()...wandb: \ Waiting for wandb.init()...wandb: wandb version 0.15.2 is available!  To upgrade, please run:
wandb:  $ pip install wandb --upgrade
wandb: Tracking run with wandb version 0.14.0
wandb: Run data is saved locally in /raid/data/m23522033/logs/wandb/run-20230515_053716-07by1fp1
wandb: Run `wandb offline` to turn off syncing.
wandb: Syncing run lars-16-cosineannealinglrwarmup-3e-4
wandb: ⭐️ View project at https://wandb.ai/ilhamsyahids/MaskRCNN
wandb: 🚀 View run at https://wandb.ai/ilhamsyahids/MaskRCNN/runs/07by1fp1
wandb: logging graph, to disable use `wandb.watch(log_graph=False)`
/raid/data/m23522033/torch-mask-rcnn/.venv/lib/python3.8/site-packages/lightning_fabric/connector.py:562: UserWarning: 16 is supported for historical reasons but its usage is discouraged. Please set your precision to 16-mixed instead!
  rank_zero_warn(
/raid/data/m23522033/torch-mask-rcnn/.venv/lib/python3.8/site-packages/lightning_fabric/plugins/environments/slurm.py:165: PossibleUserWarning: The `srun` command is available on your system but is not used. HINT: If your intention is to run Lightning on SLURM, prepend your python command with `srun` like so: srun python3 train.py --config-file new/gpu-lars-cosineannealing ...
  rank_zero_warn(
Using 16bit Automatic Mixed Precision (AMP)
GPU available: True (cuda), used: True
TPU available: False, using: 0 TPU cores
IPU available: False, using: 0 IPUs
HPU available: False, using: 0 HPUs
/raid/data/m23522033/torch-mask-rcnn/.venv/lib/python3.8/site-packages/lightning_fabric/plugins/environments/slurm.py:165: PossibleUserWarning: The `srun` command is available on your system but is not used. HINT: If your intention is to run Lightning on SLURM, prepend your python command with `srun` like so: srun python3 train.py --config-file new/gpu-lars-cosineannealing ...
  rank_zero_warn(
Initializing distributed: GLOBAL_RANK: 0, MEMBER: 1/8
Initializing distributed: GLOBAL_RANK: 3, MEMBER: 4/8
Initializing distributed: GLOBAL_RANK: 4, MEMBER: 5/8
Initializing distributed: GLOBAL_RANK: 5, MEMBER: 6/8
Initializing distributed: GLOBAL_RANK: 7, MEMBER: 8/8
Initializing distributed: GLOBAL_RANK: 2, MEMBER: 3/8
Initializing distributed: GLOBAL_RANK: 1, MEMBER: 2/8
Initializing distributed: GLOBAL_RANK: 6, MEMBER: 7/8
----------------------------------------------------------------------------------------------------
distributed_backend=nccl
All distributed processes registered. Starting with 8 processes
----------------------------------------------------------------------------------------------------

LOCAL_RANK: 3 - CUDA_VISIBLE_DEVICES: [0,1,2,3,4,5,6,7]
LOCAL_RANK: 5 - CUDA_VISIBLE_DEVICES: [0,1,2,3,4,5,6,7]
LOCAL_RANK: 7 - CUDA_VISIBLE_DEVICES: [0,1,2,3,4,5,6,7]
LOCAL_RANK: 2 - CUDA_VISIBLE_DEVICES: [0,1,2,3,4,5,6,7]
LOCAL_RANK: 6 - CUDA_VISIBLE_DEVICES: [0,1,2,3,4,5,6,7]
LOCAL_RANK: 4 - CUDA_VISIBLE_DEVICES: [0,1,2,3,4,5,6,7]
LOCAL_RANK: 1 - CUDA_VISIBLE_DEVICES: [0,1,2,3,4,5,6,7]
LOCAL_RANK: 0 - CUDA_VISIBLE_DEVICES: [0,1,2,3,4,5,6,7]

  | Name  | Type     | Params
-----------------------------------
0 | model | MaskRCNN | 46.4 M
-----------------------------------
46.1 M    Trainable params
225 K     Non-trainable params
46.4 M    Total params
185.438   Total estimated model params size (MB)
/raid/data/m23522033/torch-mask-rcnn/.venv/lib/python3.8/site-packages/lightning_fabric/loggers/csv_logs.py:188: UserWarning: Experiment logs directory /raid/data/m23522033/logs/lars-16-cosineannealinglrwarmup-3e-4/version_1 exists and is not empty. Previous log files in this directory will be deleted when the new ones are saved!
  rank_zero_warn(
/raid/data/m23522033/torch-mask-rcnn/.venv/lib/python3.8/site-packages/pytorch_lightning/trainer/connectors/logger_connector/result.py:212: UserWarning: You called `self.log('local_lr/rpn.head.conv.0.0.bias', ...)` in your `on_before_optimizer_step` but the value needs to be floating point. Converting it to torch.float32.
  warning_cache.warn(
/raid/data/m23522033/torch-mask-rcnn/.venv/lib/python3.8/site-packages/pytorch_lightning/trainer/connectors/logger_connector/result.py:212: UserWarning: You called `self.log('local_lr/rpn.head.conv.1.0.bias', ...)` in your `on_before_optimizer_step` but the value needs to be floating point. Converting it to torch.float32.
  warning_cache.warn(
/raid/data/m23522033/torch-mask-rcnn/.venv/lib/python3.8/site-packages/pytorch_lightning/trainer/connectors/logger_connector/result.py:212: UserWarning: You called `self.log('local_lr/rpn.head.cls_logits.bias', ...)` in your `on_before_optimizer_step` but the value needs to be floating point. Converting it to torch.float32.
  warning_cache.warn(
/raid/data/m23522033/torch-mask-rcnn/.venv/lib/python3.8/site-packages/pytorch_lightning/trainer/connectors/logger_connector/result.py:212: UserWarning: You called `self.log('local_lr/rpn.head.bbox_pred.bias', ...)` in your `on_before_optimizer_step` but the value needs to be floating point. Converting it to torch.float32.
  warning_cache.warn(
/raid/data/m23522033/torch-mask-rcnn/.venv/lib/python3.8/site-packages/pytorch_lightning/trainer/connectors/logger_connector/result.py:212: UserWarning: You called `self.log('local_lr/roi_heads.box_head.0.1.bias', ...)` in your `on_before_optimizer_step` but the value needs to be floating point. Converting it to torch.float32.
  warning_cache.warn(
/raid/data/m23522033/torch-mask-rcnn/.venv/lib/python3.8/site-packages/pytorch_lightning/trainer/connectors/logger_connector/result.py:212: UserWarning: You called `self.log('local_lr/roi_heads.box_head.1.1.bias', ...)` in your `on_before_optimizer_step` but the value needs to be floating point. Converting it to torch.float32.
  warning_cache.warn(
/raid/data/m23522033/torch-mask-rcnn/.venv/lib/python3.8/site-packages/pytorch_lightning/trainer/connectors/logger_connector/result.py:212: UserWarning: You called `self.log('local_lr/roi_heads.box_head.2.1.bias', ...)` in your `on_before_optimizer_step` but the value needs to be floating point. Converting it to torch.float32.
  warning_cache.warn(
/raid/data/m23522033/torch-mask-rcnn/.venv/lib/python3.8/site-packages/pytorch_lightning/trainer/connectors/logger_connector/result.py:212: UserWarning: You called `self.log('local_lr/roi_heads.box_head.3.1.bias', ...)` in your `on_before_optimizer_step` but the value needs to be floating point. Converting it to torch.float32.
  warning_cache.warn(
/raid/data/m23522033/torch-mask-rcnn/.venv/lib/python3.8/site-packages/pytorch_lightning/trainer/connectors/logger_connector/result.py:212: UserWarning: You called `self.log('local_lr/roi_heads.mask_head.0.1.bias', ...)` in your `on_before_optimizer_step` but the value needs to be floating point. Converting it to torch.float32.
  warning_cache.warn(
/raid/data/m23522033/torch-mask-rcnn/.venv/lib/python3.8/site-packages/pytorch_lightning/trainer/connectors/logger_connector/result.py:212: UserWarning: You called `self.log('local_lr/roi_heads.mask_head.1.1.bias', ...)` in your `on_before_optimizer_step` but the value needs to be floating point. Converting it to torch.float32.
  warning_cache.warn(
/raid/data/m23522033/torch-mask-rcnn/.venv/lib/python3.8/site-packages/pytorch_lightning/trainer/connectors/logger_connector/result.py:212: UserWarning: You called `self.log('local_lr/roi_heads.mask_head.2.1.bias', ...)` in your `on_before_optimizer_step` but the value needs to be floating point. Converting it to torch.float32.
  warning_cache.warn(
/raid/data/m23522033/torch-mask-rcnn/.venv/lib/python3.8/site-packages/pytorch_lightning/trainer/connectors/logger_connector/result.py:212: UserWarning: You called `self.log('local_lr/roi_heads.mask_head.3.1.bias', ...)` in your `on_before_optimizer_step` but the value needs to be floating point. Converting it to torch.float32.
  warning_cache.warn(
/raid/data/m23522033/torch-mask-rcnn/.venv/lib/python3.8/site-packages/pytorch_lightning/trainer/connectors/logger_connector/result.py:212: UserWarning: You called `self.log('local_lr', ...)` in your `optimizer_step` but the value needs to be floating point. Converting it to torch.float32.
  warning_cache.warn(
/raid/data/m23522033/torch-mask-rcnn/.venv/lib/python3.8/site-packages/pytorch_lightning/trainer/connectors/logger_connector/result.py:432: PossibleUserWarning: It is recommended to use `self.log('model_time', ..., sync_dist=True)` when logging on epoch level in distributed setting to accumulate the metric across devices.
  warning_cache.warn(
/raid/data/m23522033/torch-mask-rcnn/.venv/lib/python3.8/site-packages/pytorch_lightning/trainer/connectors/logger_connector/result.py:432: PossibleUserWarning: It is recommended to use `self.log('evaluator_time', ..., sync_dist=True)` when logging on epoch level in distributed setting to accumulate the metric across devices.
  warning_cache.warn(
/raid/data/m23522033/torch-mask-rcnn/.venv/lib/python3.8/site-packages/pytorch_lightning/trainer/connectors/logger_connector/result.py:432: PossibleUserWarning: It is recommended to use `self.log('map_bbox', ..., sync_dist=True)` when logging on epoch level in distributed setting to accumulate the metric across devices.
  warning_cache.warn(
/raid/data/m23522033/torch-mask-rcnn/.venv/lib/python3.8/site-packages/pytorch_lightning/trainer/connectors/logger_connector/result.py:432: PossibleUserWarning: It is recommended to use `self.log('map_50_bbox', ..., sync_dist=True)` when logging on epoch level in distributed setting to accumulate the metric across devices.
  warning_cache.warn(
/raid/data/m23522033/torch-mask-rcnn/.venv/lib/python3.8/site-packages/pytorch_lightning/trainer/connectors/logger_connector/result.py:432: PossibleUserWarning: It is recommended to use `self.log('mar_bbox', ..., sync_dist=True)` when logging on epoch level in distributed setting to accumulate the metric across devices.
  warning_cache.warn(
/raid/data/m23522033/torch-mask-rcnn/.venv/lib/python3.8/site-packages/pytorch_lightning/trainer/connectors/logger_connector/result.py:432: PossibleUserWarning: It is recommended to use `self.log('map_segm', ..., sync_dist=True)` when logging on epoch level in distributed setting to accumulate the metric across devices.
  warning_cache.warn(
/raid/data/m23522033/torch-mask-rcnn/.venv/lib/python3.8/site-packages/pytorch_lightning/trainer/connectors/logger_connector/result.py:432: PossibleUserWarning: It is recommended to use `self.log('map_50_segm', ..., sync_dist=True)` when logging on epoch level in distributed setting to accumulate the metric across devices.
  warning_cache.warn(
/raid/data/m23522033/torch-mask-rcnn/.venv/lib/python3.8/site-packages/pytorch_lightning/trainer/connectors/logger_connector/result.py:432: PossibleUserWarning: It is recommended to use `self.log('mar_segm', ..., sync_dist=True)` when logging on epoch level in distributed setting to accumulate the metric across devices.
  warning_cache.warn(
`Trainer.fit` stopped: `max_epochs=10` reached.
FIT Profiler Report

--------------------------------------------------------------------------------------------------------------------------------------------------------------------------------------------------------------------------------------------------------------------------
|  Action                                                                                                                                                         	|  Mean duration (s)	|  Num calls      	|  Total time (s) 	|  Percentage %   	|
--------------------------------------------------------------------------------------------------------------------------------------------------------------------------------------------------------------------------------------------------------------------------
|  Total                                                                                                                                                          	|  -              	|  454437         	|  1.2831e+04     	|  100 %          	|
--------------------------------------------------------------------------------------------------------------------------------------------------------------------------------------------------------------------------------------------------------------------------
|  run_training_epoch                                                                                                                                             	|  1274.9         	|  10             	|  1.2749e+04     	|  99.36          	|
|  run_training_batch                                                                                                                                             	|  1.1652         	|  9160           	|  1.0673e+04     	|  83.187         	|
|  [LightningModule]Mask_RCNN.optimizer_step                                                                                                                      	|  1.1651         	|  9160           	|  1.0672e+04     	|  83.18          	|
|  [Strategy]DDPStrategy.training_step                                                                                                                            	|  0.52762        	|  9160           	|  4833.0         	|  37.668         	|
|  [Strategy]DDPStrategy.backward                                                                                                                                 	|  0.20158        	|  9160           	|  1846.5         	|  14.391         	|
|  [Strategy]DDPStrategy.validation_step                                                                                                                          	|  0.54568        	|  790            	|  431.09         	|  3.3598         	|
|  [_TrainingEpochLoop].train_dataloader_next                                                                                                                     	|  0.038011       	|  9160           	|  348.18         	|  2.7137         	|
|  [Strategy]DDPStrategy.batch_to_device                                                                                                                          	|  0.028954       	|  9950           	|  288.09         	|  2.2454         	|
|  [LightningModule]Mask_RCNN.transfer_batch_to_device                                                                                                            	|  0.028788       	|  9950           	|  286.44         	|  2.2325         	|
|  [Callback]COCOEvaluator.on_validation_batch_end                                                                                                                	|  0.34309        	|  790            	|  271.04         	|  2.1124         	|
|  [Callback]COCOEvaluator.on_validation_epoch_end                                                                                                                	|  24.403         	|  10             	|  244.03         	|  1.9019         	|
|  [LightningModule]Mask_RCNN.on_before_optimizer_step                                                                                                            	|  0.014344       	|  9160           	|  131.39         	|  1.024          	|
|  [Callback]COCOEvaluator.on_validation_start                                                                                                                    	|  4.0295         	|  10             	|  40.295         	|  0.31405        	|
|  [Callback]ModelCheckpoint{'monitor': None, 'mode': 'min', 'every_n_train_steps': 0, 'every_n_epochs': 1, 'train_time_interval': None}.on_train_epoch_end       	|  2.3572         	|  10             	|  23.572         	|  0.18372        	|
|  [_EvaluationLoop].val_next                                                                                                                                     	|  0.028605       	|  790            	|  22.598         	|  0.17612        	|
|  [LightningDataModule]COCODataModule.setup                                                                                                                      	|  20.087         	|  1              	|  20.087         	|  0.15655        	|
|  [Callback]COCOEvaluator.on_validation_epoch_start                                                                                                              	|  1.7395         	|  10             	|  17.395         	|  0.13557        	|
|  [LightningModule]Mask_RCNN.on_train_epoch_end                                                                                                                  	|  0.72876        	|  10             	|  7.2876         	|  0.056798       	|
|  [LightningModule]Mask_RCNN.optimizer_zero_grad                                                                                                                 	|  0.00060477     	|  9160           	|  5.5397         	|  0.043176       	|
|  [Callback]LearningRateMonitor.on_train_batch_start                                                                                                             	|  0.00028733     	|  9160           	|  2.6319         	|  0.020513       	|
|  [Callback]TQDMProgressBar.on_train_batch_end                                                                                                                   	|  9.7242e-05     	|  9160           	|  0.89074        	|  0.0069423      	|
|  [LightningModule]Mask_RCNN.configure_gradient_clipping                                                                                                         	|  3.1247e-05     	|  9160           	|  0.28622        	|  0.0022308      	|
|  [Callback]ModelCheckpoint{'monitor': None, 'mode': 'min', 'every_n_train_steps': 0, 'every_n_epochs': 1, 'train_time_interval': None}.on_train_batch_end       	|  2.4864e-05     	|  9160           	|  0.22776        	|  0.0017751      	|
|  [LightningDataModule]COCODataModule.train_dataloader                                                                                                           	|  0.18102        	|  1              	|  0.18102        	|  0.0014109      	|
|  [Callback]TQDMProgressBar.on_train_batch_start                                                                                                                 	|  6.3355e-06     	|  9160           	|  0.058033       	|  0.0004523      	|
|  [Callback]TQDMProgressBar.on_validation_batch_end                                                                                                              	|  6.5551e-05     	|  790            	|  0.051785       	|  0.00040361     	|
|  [Callback]TQDMProgressBar.on_after_backward                                                                                                                    	|  4.3438e-06     	|  9160           	|  0.039789       	|  0.00031011     	|
|  [LightningModule]Mask_RCNN.on_before_batch_transfer                                                                                                            	|  3.8241e-06     	|  9950           	|  0.03805        	|  0.00029655     	|
|  [Callback]TQDMProgressBar.on_before_zero_grad                                                                                                                  	|  3.6008e-06     	|  9160           	|  0.032984       	|  0.00025707     	|
|  [Callback]TQDMProgressBar.on_before_optimizer_step                                                                                                             	|  3.4484e-06     	|  9160           	|  0.031588       	|  0.00024619     	|
|  [LightningModule]Mask_RCNN.on_after_batch_transfer                                                                                                             	|  2.9859e-06     	|  9950           	|  0.02971        	|  0.00023155     	|
|  [Callback]TQDMProgressBar.on_before_backward                                                                                                                   	|  3.1157e-06     	|  9160           	|  0.02854        	|  0.00022244     	|
|  [LightningModule]Mask_RCNN.on_validation_model_eval                                                                                                            	|  0.0024166      	|  10             	|  0.024166       	|  0.00018834     	|
|  [Callback]LearningRateMonitor.on_train_batch_end                                                                                                               	|  2.5171e-06     	|  9160           	|  0.023056       	|  0.0001797      	|
|  [LightningModule]Mask_RCNN.on_train_batch_start                                                                                                                	|  2.27e-06       	|  9160           	|  0.020793       	|  0.00016206     	|
|  [Callback]TQDMProgressBar.on_validation_batch_start                                                                                                            	|  2.4605e-05     	|  790            	|  0.019438       	|  0.0001515      	|
|  [LightningModule]Mask_RCNN.on_train_batch_end                                                                                                                  	|  1.9643e-06     	|  9160           	|  0.017993       	|  0.00014024     	|
|  [LightningModule]Mask_RCNN.on_before_zero_grad                                                                                                                 	|  1.8342e-06     	|  9160           	|  0.016801       	|  0.00013095     	|
|  [LightningModule]Mask_RCNN.on_after_backward                                                                                                                   	|  1.8118e-06     	|  9160           	|  0.016596       	|  0.00012935     	|
|  [Callback]COCOEvaluator.on_train_batch_start                                                                                                                   	|  1.746e-06      	|  9160           	|  0.015993       	|  0.00012465     	|
|  [Callback]LearningRateMonitor.on_after_backward                                                                                                                	|  1.6753e-06     	|  9160           	|  0.015346       	|  0.0001196      	|
|  [Callback]ModelCheckpoint{'monitor': None, 'mode': 'min', 'every_n_train_steps': 0, 'every_n_epochs': 1, 'train_time_interval': None}.on_train_batch_start     	|  1.6616e-06     	|  9160           	|  0.01522        	|  0.00011863     	|
|  [Callback]TQDMProgressBar.on_validation_start                                                                                                                  	|  0.0015047      	|  10             	|  0.015047       	|  0.00011728     	|
|  [Callback]TQDMProgressBar.on_validation_end                                                                                                                    	|  0.0014528      	|  10             	|  0.014528       	|  0.00011323     	|
|  [LightningModule]Mask_RCNN.on_before_backward                                                                                                                  	|  1.5495e-06     	|  9160           	|  0.014193       	|  0.00011062     	|
|  [Callback]LearningRateMonitor.on_before_optimizer_step                                                                                                         	|  1.5237e-06     	|  9160           	|  0.013957       	|  0.00010878     	|
|  [Callback]LearningRateMonitor.on_before_zero_grad                                                                                                              	|  1.4885e-06     	|  9160           	|  0.013635       	|  0.00010627     	|
|  [Callback]COCOEvaluator.on_train_batch_end                                                                                                                     	|  1.446e-06      	|  9160           	|  0.013245       	|  0.00010323     	|
|  [Callback]ModelSummary.on_train_batch_start                                                                                                                    	|  1.4245e-06     	|  9160           	|  0.013048       	|  0.0001017      	|
|  [Callback]ModelCheckpoint{'monitor': None, 'mode': 'min', 'every_n_train_steps': 0, 'every_n_epochs': 1, 'train_time_interval': None}.on_before_zero_grad      	|  1.4225e-06     	|  9160           	|  0.01303        	|  0.00010155     	|
|  [Callback]ModelCheckpoint{'monitor': None, 'mode': 'min', 'every_n_train_steps': 0, 'every_n_epochs': 1, 'train_time_interval': None}.on_after_backward        	|  1.4182e-06     	|  9160           	|  0.01299        	|  0.00010125     	|
|  [Callback]ModelCheckpoint{'monitor': None, 'mode': 'min', 'every_n_train_steps': 0, 'every_n_epochs': 1, 'train_time_interval': None}.on_before_backward       	|  1.3721e-06     	|  9160           	|  0.012569       	|  9.7959e-05     	|
|  [Callback]LearningRateMonitor.on_before_backward                                                                                                               	|  1.3396e-06     	|  9160           	|  0.012271       	|  9.5635e-05     	|
|  [Callback]ModelCheckpoint{'monitor': None, 'mode': 'min', 'every_n_train_steps': 0, 'every_n_epochs': 1, 'train_time_interval': None}.on_before_optimizer_step 	|  1.324e-06      	|  9160           	|  0.012128       	|  9.4525e-05     	|
|  [Callback]COCOEvaluator.on_before_backward                                                                                                                     	|  1.3135e-06     	|  9160           	|  0.012032       	|  9.3775e-05     	|
|  [LightningModule]Mask_RCNN.on_validation_model_train                                                                                                           	|  0.0012014      	|  10             	|  0.012014       	|  9.3636e-05     	|
|  [Callback]ModelSummary.on_train_batch_end                                                                                                                      	|  1.2775e-06     	|  9160           	|  0.011702       	|  9.1201e-05     	|
|  [Callback]COCOEvaluator.on_before_zero_grad                                                                                                                    	|  1.2578e-06     	|  9160           	|  0.011522       	|  8.9798e-05     	|
|  [Callback]COCOEvaluator.on_after_backward                                                                                                                      	|  1.2481e-06     	|  9160           	|  0.011432       	|  8.9102e-05     	|
|  [Callback]ModelSummary.on_before_backward                                                                                                                      	|  1.2195e-06     	|  9160           	|  0.011171       	|  8.7065e-05     	|
|  [Callback]ModelSummary.on_before_optimizer_step                                                                                                                	|  1.2069e-06     	|  9160           	|  0.011055       	|  8.6164e-05     	|
|  [Callback]COCOEvaluator.on_before_optimizer_step                                                                                                               	|  1.1802e-06     	|  9160           	|  0.010811       	|  8.4256e-05     	|
|  [Callback]ModelSummary.on_before_zero_grad                                                                                                                     	|  1.1766e-06     	|  9160           	|  0.010778       	|  8.3999e-05     	|
|  [Strategy]DDPStrategy.on_train_batch_start                                                                                                                     	|  1.1539e-06     	|  9160           	|  0.01057        	|  8.2378e-05     	|
|  [Callback]ModelSummary.on_after_backward                                                                                                                       	|  1.15e-06       	|  9160           	|  0.010534       	|  8.2102e-05     	|
|  [Callback]TQDMProgressBar.on_train_epoch_start                                                                                                                 	|  0.00097064     	|  10             	|  0.0097064      	|  7.565e-05      	|
|  [Callback]ModelSummary.on_fit_start                                                                                                                            	|  0.0067411      	|  1              	|  0.0067411      	|  5.2539e-05     	|
|  [Callback]ModelSummary.on_validation_batch_end                                                                                                                 	|  7.7171e-06     	|  790            	|  0.0060965      	|  4.7515e-05     	|
|  [Callback]TQDMProgressBar.on_train_epoch_end                                                                                                                   	|  0.00044775     	|  10             	|  0.0044775      	|  3.4897e-05     	|
|  [Callback]TQDMProgressBar.on_train_start                                                                                                                       	|  0.0028631      	|  1              	|  0.0028631      	|  2.2315e-05     	|
|  [Callback]LearningRateMonitor.on_validation_batch_end                                                                                                          	|  2.9456e-06     	|  790            	|  0.002327       	|  1.8136e-05     	|
|  [LightningModule]Mask_RCNN.on_validation_batch_end                                                                                                             	|  2.4522e-06     	|  790            	|  0.0019373      	|  1.5099e-05     	|
|  [Callback]LearningRateMonitor.on_validation_batch_start                                                                                                        	|  2.4363e-06     	|  790            	|  0.0019246      	|  1.5e-05        	|
|  [Callback]ModelCheckpoint{'monitor': None, 'mode': 'min', 'every_n_train_steps': 0, 'every_n_epochs': 1, 'train_time_interval': None}.on_validation_batch_end  	|  2.1061e-06     	|  790            	|  0.0016638      	|  1.2967e-05     	|
|  [Callback]ModelCheckpoint{'monitor': None, 'mode': 'min', 'every_n_train_steps': 0, 'every_n_epochs': 1, 'train_time_interval': None}.setup                    	|  0.0015073      	|  1              	|  0.0015073      	|  1.1748e-05     	|
|  [LightningModule]Mask_RCNN.on_validation_batch_start                                                                                                           	|  1.5598e-06     	|  790            	|  0.0012322      	|  9.6037e-06     	|
|  [Callback]ModelCheckpoint{'monitor': None, 'mode': 'min', 'every_n_train_steps': 0, 'every_n_epochs': 1, 'train_time_interval': None}.on_validation_batch_start	|  1.5456e-06     	|  790            	|  0.001221       	|  9.5164e-06     	|
|  [LightningDataModule]COCODataModule.val_dataloader                                                                                                             	|  0.0011748      	|  1              	|  0.0011748      	|  9.1559e-06     	|
|  [Callback]COCOEvaluator.on_validation_batch_start                                                                                                              	|  1.4735e-06     	|  790            	|  0.0011641      	|  9.0724e-06     	|
|  [Callback]ModelSummary.on_validation_batch_start                                                                                                               	|  1.3479e-06     	|  790            	|  0.0010648      	|  8.299e-06      	|
|  [LightningModule]Mask_RCNN.lr_scheduler_step                                                                                                                   	|  9.9149e-05     	|  10             	|  0.00099149     	|  7.7275e-06     	|
|  [LightningModule]Mask_RCNN.configure_optimizers                                                                                                                	|  0.00096779     	|  1              	|  0.00096779     	|  7.5428e-06     	|
|  [LightningModule]Mask_RCNN.on_validation_epoch_start                                                                                                           	|  7.4709e-05     	|  10             	|  0.00074709     	|  5.8227e-06     	|
|  [Callback]ModelCheckpoint{'monitor': None, 'mode': 'min', 'every_n_train_steps': 0, 'every_n_epochs': 1, 'train_time_interval': None}.on_validation_end        	|  6.311e-05      	|  10             	|  0.0006311      	|  4.9187e-06     	|
|  [Callback]TQDMProgressBar.on_train_end                                                                                                                         	|  0.00056578     	|  1              	|  0.00056578     	|  4.4096e-06     	|
|  [Callback]LearningRateMonitor.on_train_epoch_start                                                                                                             	|  4.2406e-05     	|  10             	|  0.00042406     	|  3.305e-06      	|
|  [Callback]COCOEvaluator.on_train_epoch_start                                                                                                                   	|  3.6147e-05     	|  10             	|  0.00036147     	|  2.8172e-06     	|
|  [LightningModule]Mask_RCNN.on_train_epoch_start                                                                                                                	|  2.8621e-05     	|  10             	|  0.00028621     	|  2.2307e-06     	|
|  [Callback]LearningRateMonitor.on_train_start                                                                                                                   	|  0.00024124     	|  1              	|  0.00024124     	|  1.8802e-06     	|
|  [LightningModule]Mask_RCNN.on_validation_start                                                                                                                 	|  2.2545e-05     	|  10             	|  0.00022545     	|  1.7571e-06     	|
|  [Callback]ModelSummary.on_validation_start                                                                                                                     	|  1.842e-05      	|  10             	|  0.0001842      	|  1.4356e-06     	|
|  [LightningModule]Mask_RCNN.on_train_end                                                                                                                        	|  0.0001507      	|  1              	|  0.0001507      	|  1.1745e-06     	|
|  [Callback]ModelSummary.on_validation_epoch_start                                                                                                               	|  1.0422e-05     	|  10             	|  0.00010422     	|  8.1224e-07     	|
|  [Callback]LearningRateMonitor.on_validation_start                                                                                                              	|  9.7143e-06     	|  10             	|  9.7143e-05     	|  7.5712e-07     	|
|  [Callback]ModelSummary.on_validation_epoch_end                                                                                                                 	|  9.4576e-06     	|  10             	|  9.4576e-05     	|  7.3711e-07     	|
|  [Callback]LearningRateMonitor.on_train_epoch_end                                                                                                               	|  6.2083e-06     	|  10             	|  6.2083e-05     	|  4.8387e-07     	|
|  [LightningDataModule]COCODataModule.state_dict                                                                                                                 	|  5.7615e-06     	|  10             	|  5.7615e-05     	|  4.4904e-07     	|
|  [Callback]TQDMProgressBar.on_validation_epoch_end                                                                                                              	|  5.4717e-06     	|  10             	|  5.4717e-05     	|  4.2646e-07     	|
|  [Callback]LearningRateMonitor.on_validation_end                                                                                                                	|  5.3817e-06     	|  10             	|  5.3817e-05     	|  4.1944e-07     	|
|  [Strategy]DDPStrategy.on_validation_start                                                                                                                      	|  5.1568e-06     	|  10             	|  5.1568e-05     	|  4.0191e-07     	|
|  [Callback]TQDMProgressBar.on_save_checkpoint                                                                                                                   	|  3.5069e-06     	|  10             	|  3.5069e-05     	|  2.7332e-07     	|
|  [LightningModule]Mask_RCNN.on_validation_epoch_end                                                                                                             	|  3.4724e-06     	|  10             	|  3.4724e-05     	|  2.7063e-07     	|
|  [LightningModule]Mask_RCNN.on_validation_end                                                                                                                   	|  3.4496e-06     	|  10             	|  3.4496e-05     	|  2.6886e-07     	|
|  [Callback]TQDMProgressBar.setup                                                                                                                                	|  3.2228e-05     	|  1              	|  3.2228e-05     	|  2.5118e-07     	|
|  [Callback]TQDMProgressBar.on_validation_epoch_start                                                                                                            	|  2.809e-06      	|  10             	|  2.809e-05      	|  2.1893e-07     	|
|  [Strategy]DDPStrategy.on_validation_end                                                                                                                        	|  2.5039e-06     	|  10             	|  2.5039e-05     	|  1.9515e-07     	|
|  [Callback]ModelCheckpoint{'monitor': None, 'mode': 'min', 'every_n_train_steps': 0, 'every_n_epochs': 1, 'train_time_interval': None}.on_validation_start      	|  2.2351e-06     	|  10             	|  2.2351e-05     	|  1.742e-07      	|
|  [Callback]LearningRateMonitor.on_save_checkpoint                                                                                                               	|  2.0584e-06     	|  10             	|  2.0584e-05     	|  1.6043e-07     	|
|  [Callback]ModelSummary.on_train_epoch_start                                                                                                                    	|  2.0166e-06     	|  10             	|  2.0166e-05     	|  1.5717e-07     	|
|  [Callback]ModelCheckpoint{'monitor': None, 'mode': 'min', 'every_n_train_steps': 0, 'every_n_epochs': 1, 'train_time_interval': None}.on_validation_epoch_end  	|  1.9016e-06     	|  10             	|  1.9016e-05     	|  1.4821e-07     	|
|  [Callback]ModelCheckpoint{'monitor': None, 'mode': 'min', 'every_n_train_steps': 0, 'every_n_epochs': 1, 'train_time_interval': None}.on_train_epoch_start     	|  1.8933e-06     	|  10             	|  1.8933e-05     	|  1.4756e-07     	|
|  [Callback]COCOEvaluator.on_save_checkpoint                                                                                                                     	|  1.7524e-06     	|  10             	|  1.7524e-05     	|  1.3658e-07     	|
|  [Callback]ModelCheckpoint{'monitor': None, 'mode': 'min', 'every_n_train_steps': 0, 'every_n_epochs': 1, 'train_time_interval': None}.on_validation_epoch_start	|  1.7507e-06     	|  10             	|  1.7507e-05     	|  1.3645e-07     	|
|  [Callback]LearningRateMonitor.on_validation_epoch_end                                                                                                          	|  1.7345e-06     	|  10             	|  1.7345e-05     	|  1.3518e-07     	|
|  [Callback]ModelCheckpoint{'monitor': None, 'mode': 'min', 'every_n_train_steps': 0, 'every_n_epochs': 1, 'train_time_interval': None}.on_save_checkpoint       	|  1.5939e-06     	|  10             	|  1.5939e-05     	|  1.2423e-07     	|
|  [Callback]COCOEvaluator.on_validation_end                                                                                                                      	|  1.4713e-06     	|  10             	|  1.4713e-05     	|  1.1467e-07     	|
|  [Callback]ModelSummary.on_validation_end                                                                                                                       	|  1.4523e-06     	|  10             	|  1.4523e-05     	|  1.1319e-07     	|
|  [Callback]COCOEvaluator.on_train_epoch_end                                                                                                                     	|  1.3573e-06     	|  10             	|  1.3573e-05     	|  1.0579e-07     	|
|  [Callback]ModelSummary.on_train_epoch_end                                                                                                                      	|  1.3123e-06     	|  10             	|  1.3123e-05     	|  1.0228e-07     	|
|  [Callback]ModelSummary.on_save_checkpoint                                                                                                                      	|  1.2954e-06     	|  10             	|  1.2954e-05     	|  1.0096e-07     	|
|  [LightningModule]Mask_RCNN.on_train_start                                                                                                                      	|  1.2566e-05     	|  1              	|  1.2566e-05     	|  9.7937e-08     	|
|  [LightningModule]Mask_RCNN.on_save_checkpoint                                                                                                                  	|  1.224e-06      	|  10             	|  1.224e-05      	|  9.5397e-08     	|
|  [LightningModule]Mask_RCNN.configure_sharded_model                                                                                                             	|  1.2009e-05     	|  1              	|  1.2009e-05     	|  9.3596e-08     	|
|  [Callback]LearningRateMonitor.on_validation_epoch_start                                                                                                        	|  1.1726e-06     	|  10             	|  1.1726e-05     	|  9.1391e-08     	|
|  [LightningModule]Mask_RCNN.configure_callbacks                                                                                                                 	|  1.0972e-05     	|  1              	|  1.0972e-05     	|  8.5514e-08     	|
|  [Callback]ModelCheckpoint{'monitor': None, 'mode': 'min', 'every_n_train_steps': 0, 'every_n_epochs': 1, 'train_time_interval': None}.on_train_start           	|  1.0058e-05     	|  1              	|  1.0058e-05     	|  7.839e-08      	|
|  [Callback]TQDMProgressBar.on_fit_end                                                                                                                           	|  8.464e-06      	|  1              	|  8.464e-06      	|  6.5967e-08     	|
|  [Callback]COCOEvaluator.on_train_start                                                                                                                         	|  8.23e-06       	|  1              	|  8.23e-06       	|  6.4143e-08     	|
|  [LightningModule]Mask_RCNN.setup                                                                                                                               	|  7.518e-06      	|  1              	|  7.518e-06      	|  5.8594e-08     	|
|  [LightningModule]Mask_RCNN.on_fit_start                                                                                                                        	|  5.163e-06      	|  1              	|  5.163e-06      	|  4.024e-08      	|
|  [Callback]LearningRateMonitor.setup                                                                                                                            	|  5.079e-06      	|  1              	|  5.079e-06      	|  3.9585e-08     	|
|  [Callback]LearningRateMonitor.on_train_end                                                                                                                     	|  4.908e-06      	|  1              	|  4.908e-06      	|  3.8252e-08     	|
|  [Callback]TQDMProgressBar.on_fit_start                                                                                                                         	|  4.279e-06      	|  1              	|  4.279e-06      	|  3.335e-08      	|
|  [LightningModule]Mask_RCNN.on_fit_end                                                                                                                          	|  4.133e-06      	|  1              	|  4.133e-06      	|  3.2212e-08     	|
|  [LightningDataModule]COCODataModule.prepare_data                                                                                                               	|  3.731e-06      	|  1              	|  3.731e-06      	|  2.9079e-08     	|
|  [Callback]ModelCheckpoint{'monitor': None, 'mode': 'min', 'every_n_train_steps': 0, 'every_n_epochs': 1, 'train_time_interval': None}.on_fit_start             	|  3.458e-06      	|  1              	|  3.458e-06      	|  2.6951e-08     	|
|  [LightningDataModule]COCODataModule.teardown                                                                                                                   	|  3.124e-06      	|  1              	|  3.124e-06      	|  2.4348e-08     	|
|  [LightningModule]Mask_RCNN.prepare_data                                                                                                                        	|  1.807e-06      	|  1              	|  1.807e-06      	|  1.4083e-08     	|
|  [Callback]COCOEvaluator.on_train_end                                                                                                                           	|  1.792e-06      	|  1              	|  1.792e-06      	|  1.3967e-08     	|
|  [Callback]TQDMProgressBar.teardown                                                                                                                             	|  1.775e-06      	|  1              	|  1.775e-06      	|  1.3834e-08     	|
|  [Callback]LearningRateMonitor.on_fit_end                                                                                                                       	|  1.757e-06      	|  1              	|  1.757e-06      	|  1.3694e-08     	|
|  [Strategy]DDPStrategy.on_train_end                                                                                                                             	|  1.681e-06      	|  1              	|  1.681e-06      	|  1.3101e-08     	|
|  [Callback]ModelSummary.on_train_end                                                                                                                            	|  1.66e-06       	|  1              	|  1.66e-06       	|  1.2938e-08     	|
|  [Callback]ModelSummary.on_train_start                                                                                                                          	|  1.586e-06      	|  1              	|  1.586e-06      	|  1.2361e-08     	|
|  [Callback]LearningRateMonitor.on_fit_start                                                                                                                     	|  1.528e-06      	|  1              	|  1.528e-06      	|  1.1909e-08     	|
|  [Callback]COCOEvaluator.setup                                                                                                                                  	|  1.485e-06      	|  1              	|  1.485e-06      	|  1.1574e-08     	|
|  [Callback]ModelCheckpoint{'monitor': None, 'mode': 'min', 'every_n_train_steps': 0, 'every_n_epochs': 1, 'train_time_interval': None}.on_train_end             	|  1.429e-06      	|  1              	|  1.429e-06      	|  1.1137e-08     	|
|  [Callback]ModelCheckpoint{'monitor': None, 'mode': 'min', 'every_n_train_steps': 0, 'every_n_epochs': 1, 'train_time_interval': None}.teardown                 	|  1.318e-06      	|  1              	|  1.318e-06      	|  1.0272e-08     	|
|  [Callback]ModelSummary.setup                                                                                                                                   	|  1.305e-06      	|  1              	|  1.305e-06      	|  1.0171e-08     	|
|  [Callback]COCOEvaluator.on_fit_start                                                                                                                           	|  1.264e-06      	|  1              	|  1.264e-06      	|  9.8515e-09     	|
|  [Callback]ModelCheckpoint{'monitor': None, 'mode': 'min', 'every_n_train_steps': 0, 'every_n_epochs': 1, 'train_time_interval': None}.on_fit_end               	|  1.252e-06      	|  1              	|  1.252e-06      	|  9.7579e-09     	|
|  [Strategy]DDPStrategy.on_train_start                                                                                                                           	|  1.197e-06      	|  1              	|  1.197e-06      	|  9.3292e-09     	|
|  [Callback]COCOEvaluator.on_fit_end                                                                                                                             	|  1.175e-06      	|  1              	|  1.175e-06      	|  9.1578e-09     	|
|  [Callback]LearningRateMonitor.teardown                                                                                                                         	|  1.117e-06      	|  1              	|  1.117e-06      	|  8.7058e-09     	|
|  [Callback]ModelSummary.on_fit_end                                                                                                                              	|  1.101e-06      	|  1              	|  1.101e-06      	|  8.581e-09      	|
|  [Callback]COCOEvaluator.teardown                                                                                                                               	|  1.076e-06      	|  1              	|  1.076e-06      	|  8.3862e-09     	|
|  [Callback]ModelSummary.teardown                                                                                                                                	|  1.065e-06      	|  1              	|  1.065e-06      	|  8.3005e-09     	|
|  [LightningModule]Mask_RCNN.teardown                                                                                                                            	|  8.55e-07       	|  1              	|  8.55e-07       	|  6.6637e-09     	|
--------------------------------------------------------------------------------------------------------------------------------------------------------------------------------------------------------------------------------------------------------------------------

wandb: Waiting for W&B process to finish... (success).
wandb: - 0.037 MB of 0.037 MB uploaded (0.000 MB deduped)wandb: \ 0.037 MB of 0.037 MB uploaded (0.000 MB deduped)wandb: | 0.037 MB of 0.037 MB uploaded (0.000 MB deduped)wandb: / 0.037 MB of 0.037 MB uploaded (0.000 MB deduped)wandb: - 0.037 MB of 0.037 MB uploaded (0.000 MB deduped)wandb: \ 0.037 MB of 0.037 MB uploaded (0.000 MB deduped)wandb: | 0.037 MB of 0.037 MB uploaded (0.000 MB deduped)wandb: / 0.037 MB of 0.037 MB uploaded (0.000 MB deduped)wandb: - 0.037 MB of 0.037 MB uploaded (0.000 MB deduped)wandb: \ 0.037 MB of 0.037 MB uploaded (0.000 MB deduped)wandb: | 0.037 MB of 0.037 MB uploaded (0.000 MB deduped)wandb: / 0.037 MB of 0.037 MB uploaded (0.000 MB deduped)wandb: - 0.037 MB of 0.037 MB uploaded (0.000 MB deduped)wandb: 
wandb: Run history:
wandb:                                                    epoch ▁▁▁▁▂▂▂▂▃▃▃▃▃▃▃▃▄▄▄▄▅▅▅▅▆▆▆▆▆▆▆▆▇▇▇▇████
wandb:                                           evaluator_time ▅▁▇█▄▇▇▆▆▆
wandb:                                                 local_lr ▂▁▃▄▁▃▃▃▄▂▅▅▅▄▅▃▃▅▃▆▅▂▅▅▅▅▅▅▅▅▅▆█▆▅▇▅▄▅▆
wandb:                   local_lr/roi_heads.box_head.0.0.weight █▅▄▃▁▃▂▃▂▁▂▃▃▂▂▁▂▂▂▂▁▂▂▃▃▃▂▃▃▂▃▃▂▂▃▃▃▃▃▃
wandb:                     local_lr/roi_heads.box_head.0.1.bias ▂█▅▅▃▆▃▄▂▁▂▃▃▂▂▁▂▂▁▁▁▂▁▃▃▂▂▃▃▂▂▃▂▃▂▃▂▂▂▃
wandb:                   local_lr/roi_heads.box_head.0.1.weight █▇▅▄▃▃▂▂▂▁▂▂▂▁▁▁▁▁▁▁▁▁▁▁▁▁▁▁▁▁▁▁▁▁▁▁▁▁▁▁
wandb:                   local_lr/roi_heads.box_head.1.0.weight ▆█▃▃▂▃▂▃▂▁▁▂▂▂▂▁▂▂▁▁▁▂▁▂▃▂▂▃▃▂▂▂▂▂▂▃▃▃▂▃
wandb:                     local_lr/roi_heads.box_head.1.1.bias ▁█▄▅▃▅▂▃▂▁▂▃▃▂▂▂▂▂▁▁▁▂▂▂▂▂▂▃▃▂▂▂▂▂▂▃▃▂▂▃
wandb:                   local_lr/roi_heads.box_head.1.1.weight ▅█▄▄▃▃▂▂▂▁▂▂▂▁▁▁▁▁▁▁▁▁▁▁▁▁▁▁▁▁▁▁▁▁▁▁▁▁▁▁
wandb:                   local_lr/roi_heads.box_head.2.0.weight ▂█▃▂▂▂▂▂▁▁▁▂▂▁▂▁▂▂▁▁▁▂▁▂▂▂▂▂▂▂▂▂▂▂▂▂▂▂▂▃
wandb:                     local_lr/roi_heads.box_head.2.1.bias ▁█▇▆▆▇▃▅▃▂▃▅▅▂▃▃▄▅▂▂▂▄▃▅▅▄▄▆▅▄▄▅▄▄▅▅▄▆▅▇
wandb:                   local_lr/roi_heads.box_head.2.1.weight ▂█▄▃▂▃▂▂▂▁▁▂▂▁▁▁▁▁▁▁▁▁▁▂▁▁▁▂▁▁▁▁▁▁▁▁▁▂▁▁
wandb:                   local_lr/roi_heads.box_head.3.0.weight ▁█▄▂▃▄▂▄▂▂▂▄▄▃▃▃▄▄▂▂▃▄▃▅▅▄▅▅▅▅▄▅▄▅▅▅▅▆▅▆
wandb:                     local_lr/roi_heads.box_head.3.1.bias ▁▂▂▃▄▄▂▂▂▂▂▄▃▂▂▄▄▃▂▂▂▅▃▅▆▆▆▇▄▅▄█▇▇▇█▅▅▆▇
wandb:                   local_lr/roi_heads.box_head.3.1.weight ▁▄▅▅▅█▃▄▃▃▂▅▅▃▃▅▄▄▂▂▂▅▄▅▅▆▅▆▄▅▅▆▆▆▇▆▅▆▆▆
wandb:                       local_lr/roi_heads.box_head.5.bias ▁▄▄▄▄▄▂▄▃▂▃▄▄▃▃▃▄▄▃▂▂▄▄▄▆▄▆▅▆▆▆▆▆▇▆▇▆█▇█
wandb:                     local_lr/roi_heads.box_head.5.weight ▂█▄▄▃▂▁▂▁▁▁▃▃▂▂▂▃▃▂▂▂▃▃▄▅▄▄▅▅▄▄▅▅▆▅▅▅▆▆▆
wandb:          local_lr/roi_heads.box_predictor.bbox_pred.bias █▆▃▃▃▂▂▂▂▁▁▂▃▃▂▁▃▃▂▂▁▂▂▂▄▂▄▃▄▄▄▄▄▄▄▅▅▆▇▆
wandb:        local_lr/roi_heads.box_predictor.bbox_pred.weight █▃▂▂▁▁▁▁▁▁▁▁▂▁▁▁▂▂▁▁▁▁▁▂▂▂▂▂▂▂▂▂▂▂▂▂▂▂▂▂
wandb:          local_lr/roi_heads.box_predictor.cls_score.bias ▁▂▂▃▃▃▁▂▁▁▁▂▃▂▂▃▂▃▁▁▂▄▃▄▅▅▆▇▃▄▃█▅▇▇▅▄▅▅▆
wandb:        local_lr/roi_heads.box_predictor.cls_score.weight ▁▂▃▃▄▃▁▂▁▁▁▃▃▂▂▄▃▃▁▁▂▄▄▅▆▅▅▆▄▅▄█▆▇▆▆▅▆▆▇
wandb:                  local_lr/roi_heads.mask_head.0.0.weight █▃▃▃▃▇▆▆▇▅▆▅▆▄▄▅▅▄▄▃▄▅▂▄▃▂▂▂▂▃▂▁▂▂▂▂▃▂▂▂
wandb:                    local_lr/roi_heads.mask_head.0.1.bias █▄▄▃▄▅▄▃▃▂▃▂▂▂▂▂▂▂▂▂▃▂▁▂▂▁▁▁▁▂▁▁▂▁▁▁▁▁▁▁
wandb:                  local_lr/roi_heads.mask_head.0.1.weight █▄▄▃▃▃▂▂▂▂▂▁▁▁▁▁▁▁▁▁▁▁▁▁▁▁▁▁▁▁▁▁▁▁▁▁▁▁▁▁
wandb:                  local_lr/roi_heads.mask_head.1.0.weight █▃▂▂▂▅▄▄▄▃▄▄▄▃▃▄▃▃▃▃▄▄▁▃▂▂▂▂▂▂▂▁▂▂▁▂▂▂▂▂
wandb:                    local_lr/roi_heads.mask_head.1.1.bias █▄▄▃▃▄▃▃▃▂▃▂▂▂▂▂▂▂▂▂▂▂▁▂▂▂▂▂▂▂▂▁▂▂▁▂▂▁▂▂
wandb:                  local_lr/roi_heads.mask_head.1.1.weight █▅▄▃▃▃▂▂▂▂▂▁▁▁▁▁▁▁▁▁▁▁▁▁▁▁▁▁▁▁▁▁▁▁▁▁▁▁▁▁
wandb:                  local_lr/roi_heads.mask_head.2.0.weight █▅▅▄▄▅▄▃▄▂▄▃▄▃▂▃▃▃▂▃▃▃▁▂▂▂▂▂▂▂▂▁▂▃▂▂▂▂▂▂
wandb:                    local_lr/roi_heads.mask_head.2.1.bias █▆▅▄▃▄▃▂▃▂▂▂▃▁▁▃▂▂▂▂▂▂▁▁▂▂▂▂▂▂▂▂▂▃▂▂▂▂▂▂
wandb:                  local_lr/roi_heads.mask_head.2.1.weight █▆▅▄▃▃▂▂▂▁▂▁▁▁▁▁▁▁▁▁▁▁▁▁▁▁▁▁▁▁▁▁▁▁▁▁▁▁▁▁
wandb:                  local_lr/roi_heads.mask_head.3.0.weight ▅▇█▆▆█▆▅▆▄▆▃▅▃▂▄▃▃▂▃▃▃▁▂▂▂▂▂▂▃▂▁▃▃▂▃▂▂▂▃
wandb:                    local_lr/roi_heads.mask_head.3.1.bias ▂▂▃▂▁▂▂▁▁▂▂▂▁▁▁▂▁▃▂▄▄▂▁▂▄▄▂▅▃▆▄▅▅█▃▆▃▆▆▆
wandb:                  local_lr/roi_heads.mask_head.3.1.weight ▄▇█▆▃▅▃▂▂▃▄▃▂▂▁▃▂▃▂▅▄▃▁▂▃▃▂▃▂▃▃▃▄▆▃▄▂▄▄▃
wandb:        local_lr/roi_heads.mask_predictor.conv5_mask.bias ▁▂▃▃▂▃▂▂▃▄▃▃▂▂▂▃▂▅▅▆▅▄▁▃▆▄▃▅▅▇▄▅▆█▃█▄▅▆▇
wandb:      local_lr/roi_heads.mask_predictor.conv5_mask.weight ▁▂▄▄▃▆▅▄▆▇▆▅▅▃▃▅▅▆▅▇▆▅▂▄▆▅▄▅▅▆▅▄▇█▄▆▅▇▆▆
wandb:   local_lr/roi_heads.mask_predictor.mask_fcn_logits.bias ▁▂▄▅▂▅▃▃▅▆▅▄▅▂▂▄▃▆▇▆▆▆▃▄▆▅▆▆▇▇▅▅▇█▄█▇▅▆▆
wandb: local_lr/roi_heads.mask_predictor.mask_fcn_logits.weight ▂▄▇▆▄▇▅▃▇█▅▃▇▁▂▄▃▅▆▆▄▆▁▂▅▃▄▄▅▅▄▂▆▆▂▄▄▄▄▄
wandb:                         local_lr/rpn.head.bbox_pred.bias ▁▂▃▃▅▁▄▂▂▂▂▄▃▃▄▃▃▄▄▃▃▅▅▅▆▆▃▄▆▄█▄▅▄▅▅▅▆▇▆
wandb:                       local_lr/rpn.head.bbox_pred.weight █▅▂▁▂▁▃▁▂▂▂▃▂▂▃▂▂▃▂▂▂▃▄▄▄▅▂▃▅▃▅▄▃▃▄▄▄▄▅▄
wandb:                        local_lr/rpn.head.cls_logits.bias ▁▁▁▁▂▁▁▂▂▂▂▂▂▂▁▃▂▂▃▂▅▃▆▃▄▄▄▃▅█▅▄▄▅▇▄▅▇▄▄
wandb:                      local_lr/rpn.head.cls_logits.weight ▁▁▁▁▁▁▁▁▂▂▂▂▂▃▁▃▂▃▃▃▅▃▅▄▄▄▄▄▆▆▅▄▅▇▆▄▅█▅▅
wandb:                          local_lr/rpn.head.conv.0.0.bias ▁▂▃▃▆▂▂▃▄▃▄▄▃▄▂▄▄▄▄▃▄▅▆▅▆▄▃▆█▆▇▆▅▅▆▅▆▇▅▆
wandb:                        local_lr/rpn.head.conv.0.0.weight ▁▄▆▃▄▃▃▃▅▄▅▄▅▅▃▅▅▅▄▄▄▆▅▆▇▇▄▅█▇▆▅▅▅▅▅▅▆▄▆
wandb:                          local_lr/rpn.head.conv.1.0.bias ▁▂▃▃▅▁▃▂▃▂▃▄▃▄▃▃▃▄▄▃▄▅▆▅▆▆▄▅▆▅█▅▅▄▆▅▅▆▆▆
wandb:                        local_lr/rpn.head.conv.1.0.weight ▁▄▂▂▃▁▃▂▃▂▃▄▄▄▃▃▃▄▄▃▄▅▆▆▇▇▄▆█▆▇▆▅▅▇▅▆▆▇▇
wandb:                                             loss_box_reg ▁▆▇█▇▇▇▆▅▅▅▄▄▃▃▃▃▄▄▄▄▂▃▃▃▃▃▃▁▃▂▄▂▂▂▃▂▂▃▂
wandb:                                          loss_classifier ▆███▆▇▆▄▄▄▄▃▃▂▂▃▂▃▂▂▃▂▂▂▂▂▂▂▁▂▁▂▂▂▂▂▁▁▂▂
wandb:                                                loss_mask █▅▄▃▃▃▃▂▂▂▂▂▂▂▂▁▂▂▂▁▂▂▂▂▁▁▁▂▁▁▁▁▁▁▁▁▁▁▁▁
wandb:                                          loss_objectness █▃▂▂▂▂▂▁▁▁▁▁▁▁▁▁▁▁▁▁▁▁▁▁▁▁▁▁▁▁▁▁▁▁▁▁▁▁▁▁
wandb:                                         loss_rpn_box_reg █▇▅▄▄▅▅▃▃▃▃▃▄▂▃▂▂▃▂▄▄▂▂▃▄▂▂▂▁▃▂▄▂▂▂▂▂▁▂▃
wandb:                                                  lr-LARS ▃▃▃▃████▇▇▇▇▇▇▇▇▆▆▆▆▄▄▄▄▃▃▃▃▂▂▂▂▂▂▂▂▁▁▁▁
wandb:                                         lr-LARS-momentum ▁▁▁▁▁▁▁▁▁▁▁▁▁▁▁▁▁▁▁▁▁▁▁▁▁▁▁▁▁▁▁▁▁▁▁▁▁▁▁▁
wandb:                                              map_50_bbox ▁▆▇▇▇█████
wandb:                                              map_50_segm ▁▆▇▇▇█████
wandb:                                                 map_bbox ▁▅▆▇▇▇████
wandb:                                                 map_segm ▁▅▆▇▇█████
wandb:                                                 mar_bbox ▁▅▆▇▇█████
wandb:                                                 mar_segm ▁▅▇▇▇█████
wandb:                                               model_time ▇▁▅█▄▆▆▆▇▆
wandb:                                      trainer/global_step ▁▁▁▂▂▂▂▂▂▃▃▃▃▃▄▄▄▄▄▄▅▅▅▅▅▅▆▆▆▆▆▇▇▇▇▇▇███
wandb:                                            training_loss █▄▃▂▂▂▁▁▁▁
wandb:                                       training_step_loss █▇▆▆▅▅▅▄▃▃▃▃▃▂▂▂▂▂▂▂▃▂▂▂▂▂▂▂▁▂▁▂▁▂▁▂▁▁▂▂
wandb: 
wandb: Run summary:
wandb:                                                    epoch 9
wandb:                                           evaluator_time 0.34329
wandb:                                                 local_lr 104.09996
wandb:                   local_lr/roi_heads.box_head.0.0.weight 120.1365
wandb:                     local_lr/roi_heads.box_head.0.1.bias 0.0002
wandb:                   local_lr/roi_heads.box_head.0.1.weight 444.23856
wandb:                   local_lr/roi_heads.box_head.1.0.weight 131.33032
wandb:                     local_lr/roi_heads.box_head.1.1.bias 0.00032
wandb:                   local_lr/roi_heads.box_head.1.1.weight 482.46399
wandb:                   local_lr/roi_heads.box_head.2.0.weight 154.56233
wandb:                     local_lr/roi_heads.box_head.2.1.bias 0.00067
wandb:                   local_lr/roi_heads.box_head.2.1.weight 589.29517
wandb:                   local_lr/roi_heads.box_head.3.0.weight 196.69431
wandb:                     local_lr/roi_heads.box_head.3.1.bias 0.00217
wandb:                   local_lr/roi_heads.box_head.3.1.weight 1569.26587
wandb:                       local_lr/roi_heads.box_head.5.bias 42.62328
wandb:                     local_lr/roi_heads.box_head.5.weight 79.15164
wandb:          local_lr/roi_heads.box_predictor.bbox_pred.bias 44.60835
wandb:        local_lr/roi_heads.box_predictor.bbox_pred.weight 23.61403
wandb:          local_lr/roi_heads.box_predictor.cls_score.bias 28.43304
wandb:        local_lr/roi_heads.box_predictor.cls_score.weight 21.74674
wandb:                  local_lr/roi_heads.mask_head.0.0.weight 220.69614
wandb:                    local_lr/roi_heads.mask_head.0.1.bias 4e-05
wandb:                  local_lr/roi_heads.mask_head.0.1.weight 441.03876
wandb:                  local_lr/roi_heads.mask_head.1.0.weight 238.91609
wandb:                    local_lr/roi_heads.mask_head.1.1.bias 4e-05
wandb:                  local_lr/roi_heads.mask_head.1.1.weight 421.51752
wandb:                  local_lr/roi_heads.mask_head.2.0.weight 258.23639
wandb:                    local_lr/roi_heads.mask_head.2.1.bias 7e-05
wandb:                  local_lr/roi_heads.mask_head.2.1.weight 373.68506
wandb:                  local_lr/roi_heads.mask_head.3.0.weight 346.84888
wandb:                    local_lr/roi_heads.mask_head.3.1.bias 0.00166
wandb:                  local_lr/roi_heads.mask_head.3.1.weight 3228.00928
wandb:        local_lr/roi_heads.mask_predictor.conv5_mask.bias 116.21679
wandb:      local_lr/roi_heads.mask_predictor.conv5_mask.weight 1183.94641
wandb:   local_lr/roi_heads.mask_predictor.mask_fcn_logits.bias 126.998
wandb: local_lr/roi_heads.mask_predictor.mask_fcn_logits.weight 769.89148
wandb:                         local_lr/rpn.head.bbox_pred.bias 0.00077
wandb:                       local_lr/rpn.head.bbox_pred.weight 3.15158
wandb:                        local_lr/rpn.head.cls_logits.bias 0.06036
wandb:                      local_lr/rpn.head.cls_logits.weight 36.65025
wandb:                          local_lr/rpn.head.conv.0.0.bias 0.00033
wandb:                        local_lr/rpn.head.conv.0.0.weight 168.91046
wandb:                          local_lr/rpn.head.conv.1.0.bias 0.00192
wandb:                        local_lr/rpn.head.conv.1.0.weight 193.21295
wandb:                                             loss_box_reg 0.23258
wandb:                                          loss_classifier 0.19756
wandb:                                                loss_mask 0.255
wandb:                                          loss_objectness 0.03682
wandb:                                         loss_rpn_box_reg 0.05643
wandb:                                                  lr-LARS 1e-05
wandb:                                         lr-LARS-momentum 0.9
wandb:                                              map_50_bbox 0.56111
wandb:                                              map_50_segm 0.52761
wandb:                                                 map_bbox 0.35057
wandb:                                                 map_segm 0.3209
wandb:                                                 mar_bbox 0.49504
wandb:                                                 mar_segm 0.45508
wandb:                                               model_time 0.55264
wandb:                                      trainer/global_step 9159
wandb:                                            training_loss 0.78627
wandb:                                       training_step_loss 0.7784
wandb: 
wandb: 🚀 View run lars-16-cosineannealinglrwarmup-3e-4 at: https://wandb.ai/ilhamsyahids/MaskRCNN/runs/07by1fp1
wandb: Synced 5 W&B file(s), 1 media file(s), 0 artifact file(s) and 0 other file(s)
wandb: Find logs at: /raid/data/m23522033/logs/wandb/run-20230515_053716-07by1fp1/logs
