Building logger...
Building DataModule...
Building callback...
Building model...
Training model...
Loading dataset...
loading annotations into memory...
Done (t=19.56s)
creating index...
index created!
loading annotations into memory...
Done (t=0.53s)
creating index...
index created!
Building training dataloader...
Using [0, 0.5, 0.7071067811865476, 1.0, 1.4142135623730951, 2.0, inf] as bins for aspect ratio quantization
Count of instances per bin: [  104 12004 15546 45675 42779  1158]
Building logger...
Building DataModule...
Building callback...
Building model...
Training model...
Loading dataset...
loading annotations into memory...
Done (t=19.10s)
creating index...
index created!
loading annotations into memory...
Done (t=0.50s)
creating index...
index created!
Building training dataloader...
Using [0, 0.5, 0.7071067811865476, 1.0, 1.4142135623730951, 2.0, inf] as bins for aspect ratio quantization
Count of instances per bin: [  104 12004 15546 45675 42779  1158]
Building logger...
Building DataModule...
Building callback...
Building model...
Training model...
Loading dataset...
loading annotations into memory...
Done (t=18.77s)
creating index...
index created!
loading annotations into memory...
Done (t=0.50s)
creating index...
index created!
Building training dataloader...
Using [0, 0.5, 0.7071067811865476, 1.0, 1.4142135623730951, 2.0, inf] as bins for aspect ratio quantization
Count of instances per bin: [  104 12004 15546 45675 42779  1158]
Building logger...
Building DataModule...
Building callback...
Building model...
Training model...
Loading dataset...
loading annotations into memory...
Done (t=18.84s)
creating index...
index created!
loading annotations into memory...
Done (t=0.50s)
creating index...
index created!
Building training dataloader...
Using [0, 0.5, 0.7071067811865476, 1.0, 1.4142135623730951, 2.0, inf] as bins for aspect ratio quantization
Count of instances per bin: [  104 12004 15546 45675 42779  1158]
Building logger...
Building DataModule...
Building callback...
Building model...
Training model...
Loading dataset...
loading annotations into memory...
Done (t=19.03s)
creating index...
index created!
loading annotations into memory...
Done (t=0.51s)
creating index...
index created!
Building training dataloader...
Using [0, 0.5, 0.7071067811865476, 1.0, 1.4142135623730951, 2.0, inf] as bins for aspect ratio quantization
Count of instances per bin: [  104 12004 15546 45675 42779  1158]
Building logger...
Building DataModule...
Building callback...
Building model...
Training model...
Loading dataset...
loading annotations into memory...
Done (t=18.98s)
creating index...
index created!
loading annotations into memory...
Done (t=0.50s)
creating index...
index created!
Building training dataloader...
Using [0, 0.5, 0.7071067811865476, 1.0, 1.4142135623730951, 2.0, inf] as bins for aspect ratio quantization
Count of instances per bin: [  104 12004 15546 45675 42779  1158]
Building logger...
Building DataModule...
Building callback...
Building model...
Training model...
Loading dataset...
loading annotations into memory...
Done (t=17.26s)
creating index...
index created!
loading annotations into memory...
Done (t=0.45s)
creating index...
index created!
Building training dataloader...
Using [0, 0.5, 0.7071067811865476, 1.0, 1.4142135623730951, 2.0, inf] as bins for aspect ratio quantization
Count of instances per bin: [  104 12004 15546 45675 42779  1158]
Building logger...
Building DataModule...
Building callback...
Building model...
Training model...
Loading dataset...
loading annotations into memory...
Done (t=19.03s)
creating index...
index created!
loading annotations into memory...
Done (t=0.51s)
creating index...
index created!
Building training dataloader...
Using [0, 0.5, 0.7071067811865476, 1.0, 1.4142135623730951, 2.0, inf] as bins for aspect ratio quantization
Count of instances per bin: [  104 12004 15546 45675 42779  1158]
Building validation dataloader...
Building validation dataloader...
Building validation dataloader...
Building validation dataloader...
Building validation dataloader...
Building validation dataloader...
Building validation dataloader...
Building validation dataloader...
Training: 0it [00:00, ?it/s]Training:   0%|          | 0/916 [00:00<?, ?it/s]Epoch 0:   0%|          | 0/916 [00:00<?, ?it/s] Epoch 0:   2%|▏         | 20/916 [00:27<20:52,  1.40s/it]Epoch 0:   2%|▏         | 20/916 [00:27<20:52,  1.40s/it, v_num=38_1, training_step_loss=3.290, loss_box_reg=0.220, loss_classifier=1.700, loss_mask=0.646, loss_objectness=0.601, loss_rpn_box_reg=0.123]Epoch 0:   4%|▍         | 40/916 [00:51<18:46,  1.29s/it, v_num=38_1, training_step_loss=3.290, loss_box_reg=0.220, loss_classifier=1.700, loss_mask=0.646, loss_objectness=0.601, loss_rpn_box_reg=0.123]Epoch 0:   4%|▍         | 40/916 [00:51<18:46,  1.29s/it, v_num=38_1, training_step_loss=1.890, loss_box_reg=0.222, loss_classifier=0.591, loss_mask=0.592, loss_objectness=0.347, loss_rpn_box_reg=0.142]Epoch 0:   7%|▋         | 60/916 [01:14<17:44,  1.24s/it, v_num=38_1, training_step_loss=1.890, loss_box_reg=0.222, loss_classifier=0.591, loss_mask=0.592, loss_objectness=0.347, loss_rpn_box_reg=0.142]Epoch 0:   7%|▋         | 60/916 [01:14<17:44,  1.24s/it, v_num=38_1, training_step_loss=4.820, loss_box_reg=0.262, loss_classifier=3.640, loss_mask=0.558, loss_objectness=0.229, loss_rpn_box_reg=0.123]Epoch 0:   9%|▊         | 80/916 [01:38<17:07,  1.23s/it, v_num=38_1, training_step_loss=4.820, loss_box_reg=0.262, loss_classifier=3.640, loss_mask=0.558, loss_objectness=0.229, loss_rpn_box_reg=0.123]Epoch 0:   9%|▊         | 80/916 [01:38<17:07,  1.23s/it, v_num=38_1, training_step_loss=2.980, loss_box_reg=0.243, loss_classifier=1.800, loss_mask=0.570, loss_objectness=0.255, loss_rpn_box_reg=0.111]Epoch 0:  11%|█         | 100/916 [02:02<16:39,  1.22s/it, v_num=38_1, training_step_loss=2.980, loss_box_reg=0.243, loss_classifier=1.800, loss_mask=0.570, loss_objectness=0.255, loss_rpn_box_reg=0.111]Epoch 0:  11%|█         | 100/916 [02:02<16:39,  1.22s/it, v_num=38_1, training_step_loss=2.160, loss_box_reg=0.229, loss_classifier=0.989, loss_mask=0.570, loss_objectness=0.240, loss_rpn_box_reg=0.135]
Loss is nan, stopping training
Epoch 0:  11%|█         | 100/916 [02:03<16:48,  1.24s/it, v_num=38_1, training_step_loss=nan.0, loss_box_reg=nan.0, loss_classifier=nan.0, loss_mask=0.547, loss_objectness=0.234, loss_rpn_box_reg=0.126]Total time on epoch 0: 0:02:03
Total time on 0 epoch: 0:02:03
Epoch 0:  11%|█         | 100/916 [02:04<16:56,  1.25s/it, v_num=38_1, training_step_loss=nan.0, loss_box_reg=nan.0, loss_classifier=nan.0, loss_mask=0.547, loss_objectness=0.234, loss_rpn_box_reg=0.126]
Training time 0:02:04
