wandb: WARNING Path /raid/data/m23522033/wandb/wandb/ wasn't writable, using system temp directory
wandb: WARNING Path /raid/data/m23522033/wandb/wandb/ wasn't writable, using system temp directory
wandb: W&B API key is configured. Use `wandb login --relogin` to force relogin
wandb: - Waiting for wandb.init()...wandb: \ Waiting for wandb.init()...wandb: | Waiting for wandb.init()...wandb: / Waiting for wandb.init()...wandb: - Waiting for wandb.init()...wandb: \ Waiting for wandb.init()...wandb: | Waiting for wandb.init()...wandb: / Waiting for wandb.init()...wandb: - Waiting for wandb.init()...wandb: \ Waiting for wandb.init()...wandb: | Waiting for wandb.init()...wandb: / Waiting for wandb.init()...wandb: wandb version 0.15.3 is available!  To upgrade, please run:
wandb:  $ pip install wandb --upgrade
wandb: Tracking run with wandb version 0.14.0
wandb: Run data is saved locally in /raid/data/m23522033/logs/wandb/run-20230520_200303-von4wp4s
wandb: Run `wandb offline` to turn off syncing.
wandb: Syncing run lars-16-polynomialwarmup0.5-3e-4
wandb: ⭐️ View project at https://wandb.ai/ilhamsyahids/MaskRCNN
wandb: 🚀 View run at https://wandb.ai/ilhamsyahids/MaskRCNN/runs/von4wp4s
wandb: logging graph, to disable use `wandb.watch(log_graph=False)`
/raid/data/m23522033/torch-mask-rcnn/.venv/lib/python3.8/site-packages/lightning_fabric/connector.py:562: UserWarning: 16 is supported for historical reasons but its usage is discouraged. Please set your precision to 16-mixed instead!
  rank_zero_warn(
/raid/data/m23522033/torch-mask-rcnn/.venv/lib/python3.8/site-packages/lightning_fabric/plugins/environments/slurm.py:165: PossibleUserWarning: The `srun` command is available on your system but is not used. HINT: If your intention is to run Lightning on SLURM, prepend your python command with `srun` like so: srun python3 train.py --config-file neww/gpu-lars-16-polynomialw ...
  rank_zero_warn(
Using 16bit Automatic Mixed Precision (AMP)
GPU available: True (cuda), used: True
TPU available: False, using: 0 TPU cores
IPU available: False, using: 0 IPUs
HPU available: False, using: 0 HPUs
/raid/data/m23522033/torch-mask-rcnn/.venv/lib/python3.8/site-packages/lightning_fabric/plugins/environments/slurm.py:165: PossibleUserWarning: The `srun` command is available on your system but is not used. HINT: If your intention is to run Lightning on SLURM, prepend your python command with `srun` like so: srun python3 train.py --config-file neww/gpu-lars-16-polynomialw ...
  rank_zero_warn(
Initializing distributed: GLOBAL_RANK: 0, MEMBER: 1/8
Initializing distributed: GLOBAL_RANK: 6, MEMBER: 7/8
Initializing distributed: GLOBAL_RANK: 5, MEMBER: 6/8
Initializing distributed: GLOBAL_RANK: 1, MEMBER: 2/8
Initializing distributed: GLOBAL_RANK: 4, MEMBER: 5/8
Initializing distributed: GLOBAL_RANK: 3, MEMBER: 4/8
Initializing distributed: GLOBAL_RANK: 2, MEMBER: 3/8
Initializing distributed: GLOBAL_RANK: 7, MEMBER: 8/8
----------------------------------------------------------------------------------------------------
distributed_backend=nccl
All distributed processes registered. Starting with 8 processes
----------------------------------------------------------------------------------------------------

LOCAL_RANK: 1 - CUDA_VISIBLE_DEVICES: [0,1,2,3,4,5,6,7]
LOCAL_RANK: 6 - CUDA_VISIBLE_DEVICES: [0,1,2,3,4,5,6,7]
LOCAL_RANK: 4 - CUDA_VISIBLE_DEVICES: [0,1,2,3,4,5,6,7]
LOCAL_RANK: 2 - CUDA_VISIBLE_DEVICES: [0,1,2,3,4,5,6,7]
LOCAL_RANK: 5 - CUDA_VISIBLE_DEVICES: [0,1,2,3,4,5,6,7]
LOCAL_RANK: 3 - CUDA_VISIBLE_DEVICES: [0,1,2,3,4,5,6,7]
LOCAL_RANK: 7 - CUDA_VISIBLE_DEVICES: [0,1,2,3,4,5,6,7]
LOCAL_RANK: 0 - CUDA_VISIBLE_DEVICES: [0,1,2,3,4,5,6,7]

  | Name  | Type     | Params
-----------------------------------
0 | model | MaskRCNN | 46.4 M
-----------------------------------
46.1 M    Trainable params
225 K     Non-trainable params
46.4 M    Total params
185.438   Total estimated model params size (MB)
/raid/data/m23522033/torch-mask-rcnn/.venv/lib/python3.8/site-packages/lightning_fabric/loggers/csv_logs.py:188: UserWarning: Experiment logs directory /raid/data/m23522033/logs/lars-16-polynomialwarmup0.5-3e-4/version_1 exists and is not empty. Previous log files in this directory will be deleted when the new ones are saved!
  rank_zero_warn(
/raid/data/m23522033/torch-mask-rcnn/.venv/lib/python3.8/site-packages/pytorch_lightning/trainer/connectors/logger_connector/result.py:212: UserWarning: You called `self.log('local_lr/rpn.head.conv.0.0.bias', ...)` in your `on_before_optimizer_step` but the value needs to be floating point. Converting it to torch.float32.
  warning_cache.warn(
/raid/data/m23522033/torch-mask-rcnn/.venv/lib/python3.8/site-packages/pytorch_lightning/trainer/connectors/logger_connector/result.py:212: UserWarning: You called `self.log('local_lr/rpn.head.conv.1.0.bias', ...)` in your `on_before_optimizer_step` but the value needs to be floating point. Converting it to torch.float32.
  warning_cache.warn(
/raid/data/m23522033/torch-mask-rcnn/.venv/lib/python3.8/site-packages/pytorch_lightning/trainer/connectors/logger_connector/result.py:212: UserWarning: You called `self.log('local_lr/rpn.head.cls_logits.bias', ...)` in your `on_before_optimizer_step` but the value needs to be floating point. Converting it to torch.float32.
  warning_cache.warn(
/raid/data/m23522033/torch-mask-rcnn/.venv/lib/python3.8/site-packages/pytorch_lightning/trainer/connectors/logger_connector/result.py:212: UserWarning: You called `self.log('local_lr/rpn.head.bbox_pred.bias', ...)` in your `on_before_optimizer_step` but the value needs to be floating point. Converting it to torch.float32.
  warning_cache.warn(
/raid/data/m23522033/torch-mask-rcnn/.venv/lib/python3.8/site-packages/pytorch_lightning/trainer/connectors/logger_connector/result.py:212: UserWarning: You called `self.log('local_lr/roi_heads.box_head.0.1.bias', ...)` in your `on_before_optimizer_step` but the value needs to be floating point. Converting it to torch.float32.
  warning_cache.warn(
/raid/data/m23522033/torch-mask-rcnn/.venv/lib/python3.8/site-packages/pytorch_lightning/trainer/connectors/logger_connector/result.py:212: UserWarning: You called `self.log('local_lr/roi_heads.box_head.1.1.bias', ...)` in your `on_before_optimizer_step` but the value needs to be floating point. Converting it to torch.float32.
  warning_cache.warn(
/raid/data/m23522033/torch-mask-rcnn/.venv/lib/python3.8/site-packages/pytorch_lightning/trainer/connectors/logger_connector/result.py:212: UserWarning: You called `self.log('local_lr/roi_heads.box_head.2.1.bias', ...)` in your `on_before_optimizer_step` but the value needs to be floating point. Converting it to torch.float32.
  warning_cache.warn(
/raid/data/m23522033/torch-mask-rcnn/.venv/lib/python3.8/site-packages/pytorch_lightning/trainer/connectors/logger_connector/result.py:212: UserWarning: You called `self.log('local_lr/roi_heads.box_head.3.1.bias', ...)` in your `on_before_optimizer_step` but the value needs to be floating point. Converting it to torch.float32.
  warning_cache.warn(
/raid/data/m23522033/torch-mask-rcnn/.venv/lib/python3.8/site-packages/pytorch_lightning/trainer/connectors/logger_connector/result.py:212: UserWarning: You called `self.log('local_lr/roi_heads.mask_head.0.1.bias', ...)` in your `on_before_optimizer_step` but the value needs to be floating point. Converting it to torch.float32.
  warning_cache.warn(
/raid/data/m23522033/torch-mask-rcnn/.venv/lib/python3.8/site-packages/pytorch_lightning/trainer/connectors/logger_connector/result.py:212: UserWarning: You called `self.log('local_lr/roi_heads.mask_head.1.1.bias', ...)` in your `on_before_optimizer_step` but the value needs to be floating point. Converting it to torch.float32.
  warning_cache.warn(
/raid/data/m23522033/torch-mask-rcnn/.venv/lib/python3.8/site-packages/pytorch_lightning/trainer/connectors/logger_connector/result.py:212: UserWarning: You called `self.log('local_lr/roi_heads.mask_head.2.1.bias', ...)` in your `on_before_optimizer_step` but the value needs to be floating point. Converting it to torch.float32.
  warning_cache.warn(
/raid/data/m23522033/torch-mask-rcnn/.venv/lib/python3.8/site-packages/pytorch_lightning/trainer/connectors/logger_connector/result.py:212: UserWarning: You called `self.log('local_lr/roi_heads.mask_head.3.1.bias', ...)` in your `on_before_optimizer_step` but the value needs to be floating point. Converting it to torch.float32.
  warning_cache.warn(
/raid/data/m23522033/torch-mask-rcnn/.venv/lib/python3.8/site-packages/pytorch_lightning/trainer/connectors/logger_connector/result.py:212: UserWarning: You called `self.log('local_lr', ...)` in your `optimizer_step` but the value needs to be floating point. Converting it to torch.float32.
  warning_cache.warn(
/raid/data/m23522033/torch-mask-rcnn/.venv/lib/python3.8/site-packages/pytorch_lightning/trainer/connectors/logger_connector/result.py:432: PossibleUserWarning: It is recommended to use `self.log('model_time', ..., sync_dist=True)` when logging on epoch level in distributed setting to accumulate the metric across devices.
  warning_cache.warn(
/raid/data/m23522033/torch-mask-rcnn/.venv/lib/python3.8/site-packages/pytorch_lightning/trainer/connectors/logger_connector/result.py:432: PossibleUserWarning: It is recommended to use `self.log('evaluator_time', ..., sync_dist=True)` when logging on epoch level in distributed setting to accumulate the metric across devices.
  warning_cache.warn(
/raid/data/m23522033/torch-mask-rcnn/.venv/lib/python3.8/site-packages/pytorch_lightning/trainer/connectors/logger_connector/result.py:432: PossibleUserWarning: It is recommended to use `self.log('map_bbox', ..., sync_dist=True)` when logging on epoch level in distributed setting to accumulate the metric across devices.
  warning_cache.warn(
/raid/data/m23522033/torch-mask-rcnn/.venv/lib/python3.8/site-packages/pytorch_lightning/trainer/connectors/logger_connector/result.py:432: PossibleUserWarning: It is recommended to use `self.log('map_50_bbox', ..., sync_dist=True)` when logging on epoch level in distributed setting to accumulate the metric across devices.
  warning_cache.warn(
/raid/data/m23522033/torch-mask-rcnn/.venv/lib/python3.8/site-packages/pytorch_lightning/trainer/connectors/logger_connector/result.py:432: PossibleUserWarning: It is recommended to use `self.log('mar_bbox', ..., sync_dist=True)` when logging on epoch level in distributed setting to accumulate the metric across devices.
  warning_cache.warn(
/raid/data/m23522033/torch-mask-rcnn/.venv/lib/python3.8/site-packages/pytorch_lightning/trainer/connectors/logger_connector/result.py:432: PossibleUserWarning: It is recommended to use `self.log('map_segm', ..., sync_dist=True)` when logging on epoch level in distributed setting to accumulate the metric across devices.
  warning_cache.warn(
/raid/data/m23522033/torch-mask-rcnn/.venv/lib/python3.8/site-packages/pytorch_lightning/trainer/connectors/logger_connector/result.py:432: PossibleUserWarning: It is recommended to use `self.log('map_50_segm', ..., sync_dist=True)` when logging on epoch level in distributed setting to accumulate the metric across devices.
  warning_cache.warn(
/raid/data/m23522033/torch-mask-rcnn/.venv/lib/python3.8/site-packages/pytorch_lightning/trainer/connectors/logger_connector/result.py:432: PossibleUserWarning: It is recommended to use `self.log('mar_segm', ..., sync_dist=True)` when logging on epoch level in distributed setting to accumulate the metric across devices.
  warning_cache.warn(
`Trainer.fit` stopped: `max_epochs=10` reached.
FIT Profiler Report

--------------------------------------------------------------------------------------------------------------------------------------------------------------------------------------------------------------------------------------------------------------------------
|  Action                                                                                                                                                         	|  Mean duration (s)	|  Num calls      	|  Total time (s) 	|  Percentage %   	|
--------------------------------------------------------------------------------------------------------------------------------------------------------------------------------------------------------------------------------------------------------------------------
|  Total                                                                                                                                                          	|  -              	|  454437         	|  1.3197e+04     	|  100 %          	|
--------------------------------------------------------------------------------------------------------------------------------------------------------------------------------------------------------------------------------------------------------------------------
|  run_training_epoch                                                                                                                                             	|  1310.7         	|  10             	|  1.3107e+04     	|  99.322         	|
|  run_training_batch                                                                                                                                             	|  1.1844         	|  9160           	|  1.0849e+04     	|  82.214         	|
|  [LightningModule]Mask_RCNN.optimizer_step                                                                                                                      	|  1.1843         	|  9160           	|  1.0848e+04     	|  82.206         	|
|  [Strategy]DDPStrategy.training_step                                                                                                                            	|  0.54171        	|  9160           	|  4962.1         	|  37.601         	|
|  [Strategy]DDPStrategy.backward                                                                                                                                 	|  0.20137        	|  9160           	|  1844.6         	|  13.978         	|
|  [Strategy]DDPStrategy.validation_step                                                                                                                          	|  0.56081        	|  790            	|  443.04         	|  3.3573         	|
|  [_TrainingEpochLoop].train_dataloader_next                                                                                                                     	|  0.04032        	|  9160           	|  369.34         	|  2.7987         	|
|  [Callback]COCOEvaluator.on_validation_batch_end                                                                                                                	|  0.38259        	|  790            	|  302.25         	|  2.2904         	|
|  [Callback]COCOEvaluator.on_validation_epoch_end                                                                                                                	|  27.845         	|  10             	|  278.45         	|  2.11           	|
|  [Strategy]DDPStrategy.batch_to_device                                                                                                                          	|  0.025166       	|  9950           	|  250.4          	|  1.8975         	|
|  [LightningModule]Mask_RCNN.transfer_batch_to_device                                                                                                            	|  0.025          	|  9950           	|  248.75         	|  1.8849         	|
|  [LightningModule]Mask_RCNN.on_before_optimizer_step                                                                                                            	|  0.014387       	|  9160           	|  131.79         	|  0.99867        	|
|  [Callback]COCOEvaluator.on_validation_start                                                                                                                    	|  4.2095         	|  10             	|  42.095         	|  0.31898        	|
|  [Callback]COCOEvaluator.on_validation_epoch_start                                                                                                              	|  2.4357         	|  10             	|  24.357         	|  0.18457        	|
|  [Callback]ModelCheckpoint{'monitor': None, 'mode': 'min', 'every_n_train_steps': 0, 'every_n_epochs': 1, 'train_time_interval': None}.on_train_epoch_end       	|  2.2613         	|  10             	|  22.613         	|  0.17135        	|
|  [LightningDataModule]COCODataModule.setup                                                                                                                      	|  22.565         	|  1              	|  22.565         	|  0.17099        	|
|  [_EvaluationLoop].val_next                                                                                                                                     	|  0.020111       	|  790            	|  15.887         	|  0.12039        	|
|  [LightningModule]Mask_RCNN.on_train_epoch_end                                                                                                                  	|  0.78639        	|  10             	|  7.8639         	|  0.059591       	|
|  [LightningModule]Mask_RCNN.optimizer_zero_grad                                                                                                                 	|  0.0006261      	|  9160           	|  5.7351         	|  0.043459       	|
|  [Callback]LearningRateMonitor.on_train_batch_start                                                                                                             	|  0.00029158     	|  9160           	|  2.6708         	|  0.020239       	|
|  [Callback]TQDMProgressBar.on_train_batch_end                                                                                                                   	|  0.00010181     	|  9160           	|  0.93255        	|  0.0070666      	|
|  [LightningModule]Mask_RCNN.configure_gradient_clipping                                                                                                         	|  3.4803e-05     	|  9160           	|  0.3188         	|  0.0024158      	|
|  [Callback]ModelCheckpoint{'monitor': None, 'mode': 'min', 'every_n_train_steps': 0, 'every_n_epochs': 1, 'train_time_interval': None}.on_train_batch_end       	|  2.7852e-05     	|  9160           	|  0.25513        	|  0.0019333      	|
|  [Callback]TQDMProgressBar.on_validation_start                                                                                                                  	|  0.021391       	|  10             	|  0.21391        	|  0.001621       	|
|  [LightningDataModule]COCODataModule.train_dataloader                                                                                                           	|  0.19361        	|  1              	|  0.19361        	|  0.0014671      	|
|  [Callback]TQDMProgressBar.on_validation_batch_end                                                                                                              	|  8.1136e-05     	|  790            	|  0.064097       	|  0.00048571     	|
|  [Callback]TQDMProgressBar.on_train_batch_start                                                                                                                 	|  6.4469e-06     	|  9160           	|  0.059054       	|  0.0004475      	|
|  [LightningModule]Mask_RCNN.on_validation_model_eval                                                                                                            	|  0.0051384      	|  10             	|  0.051384       	|  0.00038938     	|
|  [Callback]TQDMProgressBar.on_after_backward                                                                                                                    	|  5.1088e-06     	|  9160           	|  0.046796       	|  0.00035461     	|
|  [LightningModule]Mask_RCNN.on_before_batch_transfer                                                                                                            	|  3.8513e-06     	|  9950           	|  0.03832        	|  0.00029038     	|
|  [Callback]TQDMProgressBar.on_before_zero_grad                                                                                                                  	|  3.7718e-06     	|  9160           	|  0.03455        	|  0.00026181     	|
|  [Callback]TQDMProgressBar.on_before_optimizer_step                                                                                                             	|  3.7624e-06     	|  9160           	|  0.034464       	|  0.00026116     	|
|  [LightningModule]Mask_RCNN.on_after_batch_transfer                                                                                                             	|  3.188e-06      	|  9950           	|  0.03172        	|  0.00024037     	|
|  [Callback]TQDMProgressBar.on_before_backward                                                                                                                   	|  3.117e-06      	|  9160           	|  0.028552       	|  0.00021636     	|
|  [Callback]LearningRateMonitor.on_train_batch_end                                                                                                               	|  2.7471e-06     	|  9160           	|  0.025163       	|  0.00019068     	|
|  [LightningModule]Mask_RCNN.on_after_backward                                                                                                                   	|  2.5428e-06     	|  9160           	|  0.023292       	|  0.0001765      	|
|  [LightningModule]Mask_RCNN.on_train_batch_start                                                                                                                	|  2.5219e-06     	|  9160           	|  0.023101       	|  0.00017505     	|
|  [LightningModule]Mask_RCNN.on_train_batch_end                                                                                                                  	|  2.5152e-06     	|  9160           	|  0.023039       	|  0.00017459     	|
|  [Callback]TQDMProgressBar.on_validation_batch_start                                                                                                            	|  2.5906e-05     	|  790            	|  0.020466       	|  0.00015509     	|
|  [Callback]LearningRateMonitor.on_before_backward                                                                                                               	|  1.9596e-06     	|  9160           	|  0.01795        	|  0.00013602     	|
|  [LightningModule]Mask_RCNN.on_before_zero_grad                                                                                                                 	|  1.9588e-06     	|  9160           	|  0.017943       	|  0.00013597     	|
|  [Callback]COCOEvaluator.on_train_batch_start                                                                                                                   	|  1.9078e-06     	|  9160           	|  0.017476       	|  0.00013243     	|
|  [Callback]LearningRateMonitor.on_after_backward                                                                                                                	|  1.8557e-06     	|  9160           	|  0.016998       	|  0.00012881     	|
|  [Callback]ModelCheckpoint{'monitor': None, 'mode': 'min', 'every_n_train_steps': 0, 'every_n_epochs': 1, 'train_time_interval': None}.on_train_batch_start     	|  1.8126e-06     	|  9160           	|  0.016604       	|  0.00012582     	|
|  [LightningModule]Mask_RCNN.on_before_backward                                                                                                                  	|  1.7961e-06     	|  9160           	|  0.016452       	|  0.00012467     	|
|  [Callback]TQDMProgressBar.on_validation_end                                                                                                                    	|  0.001592       	|  10             	|  0.01592        	|  0.00012064     	|
|  [Callback]ModelCheckpoint{'monitor': None, 'mode': 'min', 'every_n_train_steps': 0, 'every_n_epochs': 1, 'train_time_interval': None}.on_after_backward        	|  1.6767e-06     	|  9160           	|  0.015359       	|  0.00011638     	|
|  [Callback]LearningRateMonitor.on_before_optimizer_step                                                                                                         	|  1.6443e-06     	|  9160           	|  0.015062       	|  0.00011414     	|
|  [Callback]COCOEvaluator.on_train_batch_end                                                                                                                     	|  1.6312e-06     	|  9160           	|  0.014942       	|  0.00011323     	|
|  [Callback]LearningRateMonitor.on_before_zero_grad                                                                                                              	|  1.5608e-06     	|  9160           	|  0.014297       	|  0.00010834     	|
|  [Callback]ModelCheckpoint{'monitor': None, 'mode': 'min', 'every_n_train_steps': 0, 'every_n_epochs': 1, 'train_time_interval': None}.on_before_optimizer_step 	|  1.4998e-06     	|  9160           	|  0.013738       	|  0.0001041      	|
|  [Callback]ModelSummary.on_train_batch_start                                                                                                                    	|  1.4892e-06     	|  9160           	|  0.013641       	|  0.00010337     	|
|  [Callback]COCOEvaluator.on_after_backward                                                                                                                      	|  1.4834e-06     	|  9160           	|  0.013588       	|  0.00010297     	|
|  [Callback]ModelCheckpoint{'monitor': None, 'mode': 'min', 'every_n_train_steps': 0, 'every_n_epochs': 1, 'train_time_interval': None}.on_before_zero_grad      	|  1.4595e-06     	|  9160           	|  0.013369       	|  0.00010131     	|
|  [Callback]ModelSummary.on_after_backward                                                                                                                       	|  1.4487e-06     	|  9160           	|  0.01327        	|  0.00010056     	|
|  [Callback]ModelSummary.on_train_batch_end                                                                                                                      	|  1.4307e-06     	|  9160           	|  0.013105       	|  9.9306e-05     	|
|  [Callback]ModelCheckpoint{'monitor': None, 'mode': 'min', 'every_n_train_steps': 0, 'every_n_epochs': 1, 'train_time_interval': None}.on_before_backward       	|  1.4006e-06     	|  9160           	|  0.012829       	|  9.7219e-05     	|
|  [LightningModule]Mask_RCNN.on_validation_model_train                                                                                                           	|  0.0012561      	|  10             	|  0.012561       	|  9.5183e-05     	|
|  [Callback]COCOEvaluator.on_before_optimizer_step                                                                                                               	|  1.3608e-06     	|  9160           	|  0.012465       	|  9.4458e-05     	|
|  [Callback]COCOEvaluator.on_before_backward                                                                                                                     	|  1.3177e-06     	|  9160           	|  0.01207        	|  9.1463e-05     	|
|  [Callback]COCOEvaluator.on_before_zero_grad                                                                                                                    	|  1.3094e-06     	|  9160           	|  0.011994       	|  9.0887e-05     	|
|  [Callback]ModelSummary.on_before_optimizer_step                                                                                                                	|  1.3033e-06     	|  9160           	|  0.011939       	|  9.0468e-05     	|
|  [Callback]ModelSummary.on_before_backward                                                                                                                      	|  1.2863e-06     	|  9160           	|  0.011783       	|  8.9288e-05     	|
|  [Callback]TQDMProgressBar.on_train_epoch_start                                                                                                                 	|  0.0011616      	|  10             	|  0.011616       	|  8.8025e-05     	|
|  [Strategy]DDPStrategy.on_train_batch_start                                                                                                                     	|  1.2459e-06     	|  9160           	|  0.011413       	|  8.6481e-05     	|
|  [Callback]ModelSummary.on_before_zero_grad                                                                                                                     	|  1.2135e-06     	|  9160           	|  0.011116       	|  8.4234e-05     	|
|  [Callback]ModelSummary.on_validation_batch_end                                                                                                                 	|  8.5962e-06     	|  790            	|  0.006791       	|  5.146e-05      	|
|  [Callback]ModelSummary.on_fit_start                                                                                                                            	|  0.0067867      	|  1              	|  0.0067867      	|  5.1428e-05     	|
|  [Callback]TQDMProgressBar.on_train_epoch_end                                                                                                                   	|  0.00052353     	|  10             	|  0.0052353      	|  3.9672e-05     	|
|  [Callback]LearningRateMonitor.on_validation_batch_end                                                                                                          	|  3.3309e-06     	|  790            	|  0.0026314      	|  1.994e-05      	|
|  [LightningModule]Mask_RCNN.on_validation_batch_end                                                                                                             	|  3.1627e-06     	|  790            	|  0.0024986      	|  1.8933e-05     	|
|  [Callback]LearningRateMonitor.on_validation_batch_start                                                                                                        	|  2.7893e-06     	|  790            	|  0.0022036      	|  1.6698e-05     	|
|  [Callback]ModelCheckpoint{'monitor': None, 'mode': 'min', 'every_n_train_steps': 0, 'every_n_epochs': 1, 'train_time_interval': None}.on_validation_batch_end  	|  2.3518e-06     	|  790            	|  0.0018579      	|  1.4079e-05     	|
|  [Callback]ModelCheckpoint{'monitor': None, 'mode': 'min', 'every_n_train_steps': 0, 'every_n_epochs': 1, 'train_time_interval': None}.setup                    	|  0.0018167      	|  1              	|  0.0018167      	|  1.3767e-05     	|
|  [Callback]TQDMProgressBar.on_train_start                                                                                                                       	|  0.0016811      	|  1              	|  0.0016811      	|  1.2739e-05     	|
|  [Callback]ModelCheckpoint{'monitor': None, 'mode': 'min', 'every_n_train_steps': 0, 'every_n_epochs': 1, 'train_time_interval': None}.on_validation_batch_start	|  1.8478e-06     	|  790            	|  0.0014598      	|  1.1062e-05     	|
|  [LightningModule]Mask_RCNN.on_validation_batch_start                                                                                                           	|  1.8131e-06     	|  790            	|  0.0014324      	|  1.0854e-05     	|
|  [Callback]COCOEvaluator.on_validation_batch_start                                                                                                              	|  1.6782e-06     	|  790            	|  0.0013257      	|  1.0046e-05     	|
|  [Callback]ModelSummary.on_validation_batch_start                                                                                                               	|  1.4794e-06     	|  790            	|  0.0011687      	|  8.8565e-06     	|
|  [LightningModule]Mask_RCNN.lr_scheduler_step                                                                                                                   	|  0.0001128      	|  10             	|  0.001128       	|  8.5474e-06     	|
|  [LightningModule]Mask_RCNN.on_validation_epoch_start                                                                                                           	|  0.00011043     	|  10             	|  0.0011043      	|  8.3682e-06     	|
|  [LightningModule]Mask_RCNN.configure_optimizers                                                                                                                	|  0.0010425      	|  1              	|  0.0010425      	|  7.9e-06        	|
|  [LightningDataModule]COCODataModule.val_dataloader                                                                                                             	|  0.00089479     	|  1              	|  0.00089479     	|  6.7805e-06     	|
|  [Callback]TQDMProgressBar.on_train_end                                                                                                                         	|  0.000758       	|  1              	|  0.000758       	|  5.744e-06      	|
|  [Callback]ModelCheckpoint{'monitor': None, 'mode': 'min', 'every_n_train_steps': 0, 'every_n_epochs': 1, 'train_time_interval': None}.on_validation_end        	|  7.4939e-05     	|  10             	|  0.00074939     	|  5.6787e-06     	|
|  [Callback]ModelSummary.on_validation_start                                                                                                                     	|  6.2315e-05     	|  10             	|  0.00062315     	|  4.7221e-06     	|
|  [Callback]COCOEvaluator.on_train_epoch_start                                                                                                                   	|  5.2085e-05     	|  10             	|  0.00052085     	|  3.9469e-06     	|
|  [LightningModule]Mask_RCNN.on_train_epoch_start                                                                                                                	|  2.4484e-05     	|  10             	|  0.00024484     	|  1.8553e-06     	|
|  [Callback]LearningRateMonitor.on_validation_start                                                                                                              	|  2.2041e-05     	|  10             	|  0.00022041     	|  1.6702e-06     	|
|  [Callback]ModelSummary.on_validation_epoch_start                                                                                                               	|  2.051e-05      	|  10             	|  0.0002051      	|  1.5542e-06     	|
|  [Callback]LearningRateMonitor.on_train_epoch_start                                                                                                             	|  1.9643e-05     	|  10             	|  0.00019643     	|  1.4885e-06     	|
|  [LightningModule]Mask_RCNN.on_train_end                                                                                                                        	|  0.00018503     	|  1              	|  0.00018503     	|  1.4021e-06     	|
|  [Callback]LearningRateMonitor.on_train_start                                                                                                                   	|  0.00016906     	|  1              	|  0.00016906     	|  1.2811e-06     	|
|  [Callback]ModelSummary.on_validation_epoch_end                                                                                                                 	|  1.438e-05      	|  10             	|  0.0001438      	|  1.0897e-06     	|
|  [LightningModule]Mask_RCNN.on_validation_start                                                                                                                 	|  1.0197e-05     	|  10             	|  0.00010197     	|  7.727e-07      	|
|  [Strategy]DDPStrategy.on_validation_start                                                                                                                      	|  6.0449e-06     	|  10             	|  6.0449e-05     	|  4.5807e-07     	|
|  [Callback]LearningRateMonitor.on_validation_end                                                                                                                	|  5.3382e-06     	|  10             	|  5.3382e-05     	|  4.0451e-07     	|
|  [Callback]TQDMProgressBar.on_validation_epoch_end                                                                                                              	|  5.1932e-06     	|  10             	|  5.1932e-05     	|  3.9353e-07     	|
|  [LightningDataModule]COCODataModule.state_dict                                                                                                                 	|  4.9759e-06     	|  10             	|  4.9759e-05     	|  3.7706e-07     	|
|  [Callback]TQDMProgressBar.setup                                                                                                                                	|  4.8643e-05     	|  1              	|  4.8643e-05     	|  3.6861e-07     	|
|  [Callback]LearningRateMonitor.on_train_epoch_end                                                                                                               	|  4.4985e-06     	|  10             	|  4.4985e-05     	|  3.4088e-07     	|
|  [LightningModule]Mask_RCNN.on_validation_epoch_end                                                                                                             	|  3.7162e-06     	|  10             	|  3.7162e-05     	|  2.816e-07      	|
|  [Callback]TQDMProgressBar.on_save_checkpoint                                                                                                                   	|  3.6193e-06     	|  10             	|  3.6193e-05     	|  2.7426e-07     	|
|  [Callback]ModelSummary.on_train_epoch_start                                                                                                                    	|  2.9457e-06     	|  10             	|  2.9457e-05     	|  2.2322e-07     	|
|  [LightningModule]Mask_RCNN.on_validation_end                                                                                                                   	|  2.9346e-06     	|  10             	|  2.9346e-05     	|  2.2238e-07     	|
|  [Callback]TQDMProgressBar.on_validation_epoch_start                                                                                                            	|  2.8572e-06     	|  10             	|  2.8572e-05     	|  2.1651e-07     	|
|  [Callback]ModelCheckpoint{'monitor': None, 'mode': 'min', 'every_n_train_steps': 0, 'every_n_epochs': 1, 'train_time_interval': None}.on_train_epoch_start     	|  2.7007e-06     	|  10             	|  2.7007e-05     	|  2.0465e-07     	|
|  [Callback]ModelCheckpoint{'monitor': None, 'mode': 'min', 'every_n_train_steps': 0, 'every_n_epochs': 1, 'train_time_interval': None}.on_validation_start      	|  2.5873e-06     	|  10             	|  2.5873e-05     	|  1.9606e-07     	|
|  [Callback]LearningRateMonitor.on_save_checkpoint                                                                                                               	|  2.1287e-06     	|  10             	|  2.1287e-05     	|  1.6131e-07     	|
|  [Callback]ModelCheckpoint{'monitor': None, 'mode': 'min', 'every_n_train_steps': 0, 'every_n_epochs': 1, 'train_time_interval': None}.on_validation_epoch_end  	|  2.0807e-06     	|  10             	|  2.0807e-05     	|  1.5767e-07     	|
|  [Strategy]DDPStrategy.on_validation_end                                                                                                                        	|  2.068e-06      	|  10             	|  2.068e-05      	|  1.5671e-07     	|
|  [Callback]LearningRateMonitor.on_validation_epoch_end                                                                                                          	|  2.0075e-06     	|  10             	|  2.0075e-05     	|  1.5213e-07     	|
|  [Callback]ModelCheckpoint{'monitor': None, 'mode': 'min', 'every_n_train_steps': 0, 'every_n_epochs': 1, 'train_time_interval': None}.on_validation_epoch_start	|  1.9752e-06     	|  10             	|  1.9752e-05     	|  1.4968e-07     	|
|  [Callback]ModelCheckpoint{'monitor': None, 'mode': 'min', 'every_n_train_steps': 0, 'every_n_epochs': 1, 'train_time_interval': None}.on_save_checkpoint       	|  1.9173e-06     	|  10             	|  1.9173e-05     	|  1.4529e-07     	|
|  [LightningModule]Mask_RCNN.on_train_start                                                                                                                      	|  1.8975e-05     	|  1              	|  1.8975e-05     	|  1.4379e-07     	|
|  [Callback]COCOEvaluator.on_fit_start                                                                                                                           	|  1.7088e-05     	|  1              	|  1.7088e-05     	|  1.2949e-07     	|
|  [Callback]COCOEvaluator.on_validation_end                                                                                                                      	|  1.6746e-06     	|  10             	|  1.6746e-05     	|  1.269e-07      	|
|  [Callback]ModelSummary.on_validation_end                                                                                                                       	|  1.5933e-06     	|  10             	|  1.5933e-05     	|  1.2074e-07     	|
|  [Callback]COCOEvaluator.on_save_checkpoint                                                                                                                     	|  1.5849e-06     	|  10             	|  1.5849e-05     	|  1.201e-07      	|
|  [Callback]ModelSummary.on_save_checkpoint                                                                                                                      	|  1.5812e-06     	|  10             	|  1.5812e-05     	|  1.1982e-07     	|
|  [Callback]COCOEvaluator.on_train_epoch_end                                                                                                                     	|  1.4833e-06     	|  10             	|  1.4833e-05     	|  1.124e-07      	|
|  [Callback]ModelSummary.on_train_epoch_end                                                                                                                      	|  1.4769e-06     	|  10             	|  1.4769e-05     	|  1.1191e-07     	|
|  [Callback]LearningRateMonitor.on_validation_epoch_start                                                                                                        	|  1.3306e-06     	|  10             	|  1.3306e-05     	|  1.0083e-07     	|
|  [LightningModule]Mask_RCNN.configure_callbacks                                                                                                                 	|  1.1998e-05     	|  1              	|  1.1998e-05     	|  9.0918e-08     	|
|  [LightningModule]Mask_RCNN.on_save_checkpoint                                                                                                                  	|  1.1844e-06     	|  10             	|  1.1844e-05     	|  8.975e-08      	|
|  [LightningModule]Mask_RCNN.setup                                                                                                                               	|  1.0803e-05     	|  1              	|  1.0803e-05     	|  8.1863e-08     	|
|  [Callback]COCOEvaluator.on_train_start                                                                                                                         	|  7.953e-06      	|  1              	|  7.953e-06      	|  6.0266e-08     	|
|  [Callback]TQDMProgressBar.on_fit_end                                                                                                                           	|  6.9799e-06     	|  1              	|  6.9799e-06     	|  5.2892e-08     	|
|  [LightningModule]Mask_RCNN.configure_sharded_model                                                                                                             	|  5.578e-06      	|  1              	|  5.578e-06      	|  4.2269e-08     	|
|  [Callback]LearningRateMonitor.on_train_end                                                                                                                     	|  5.4049e-06     	|  1              	|  5.4049e-06     	|  4.0957e-08     	|
|  [Callback]TQDMProgressBar.on_fit_start                                                                                                                         	|  5.324e-06      	|  1              	|  5.324e-06      	|  4.0344e-08     	|
|  [Callback]LearningRateMonitor.setup                                                                                                                            	|  4.2339e-06     	|  1              	|  4.2339e-06     	|  3.2084e-08     	|
|  [LightningModule]Mask_RCNN.on_fit_start                                                                                                                        	|  4.0659e-06     	|  1              	|  4.0659e-06     	|  3.0811e-08     	|
|  [Callback]ModelCheckpoint{'monitor': None, 'mode': 'min', 'every_n_train_steps': 0, 'every_n_epochs': 1, 'train_time_interval': None}.on_train_start           	|  3.8911e-06     	|  1              	|  3.8911e-06     	|  2.9486e-08     	|
|  [Callback]ModelCheckpoint{'monitor': None, 'mode': 'min', 'every_n_train_steps': 0, 'every_n_epochs': 1, 'train_time_interval': None}.on_fit_start             	|  3.7301e-06     	|  1              	|  3.7301e-06     	|  2.8266e-08     	|
|  [LightningDataModule]COCODataModule.prepare_data                                                                                                               	|  3.6791e-06     	|  1              	|  3.6791e-06     	|  2.7879e-08     	|
|  [Strategy]DDPStrategy.on_train_end                                                                                                                             	|  2.5741e-06     	|  1              	|  2.5741e-06     	|  1.9506e-08     	|
|  [Callback]TQDMProgressBar.teardown                                                                                                                             	|  2.411e-06      	|  1              	|  2.411e-06      	|  1.827e-08      	|
|  [Callback]ModelSummary.on_train_end                                                                                                                            	|  2.3821e-06     	|  1              	|  2.3821e-06     	|  1.8051e-08     	|
|  [Callback]ModelCheckpoint{'monitor': None, 'mode': 'min', 'every_n_train_steps': 0, 'every_n_epochs': 1, 'train_time_interval': None}.on_train_end             	|  2.328e-06      	|  1              	|  2.328e-06      	|  1.7641e-08     	|
|  [Callback]COCOEvaluator.on_train_end                                                                                                                           	|  2.2961e-06     	|  1              	|  2.2961e-06     	|  1.7399e-08     	|
|  [LightningModule]Mask_RCNN.prepare_data                                                                                                                        	|  2.271e-06      	|  1              	|  2.271e-06      	|  1.7209e-08     	|
|  [Callback]LearningRateMonitor.on_fit_end                                                                                                                       	|  2.1959e-06     	|  1              	|  2.1959e-06     	|  1.664e-08      	|
|  [LightningDataModule]COCODataModule.teardown                                                                                                                   	|  2.117e-06      	|  1              	|  2.117e-06      	|  1.6042e-08     	|
|  [Callback]LearningRateMonitor.on_fit_start                                                                                                                     	|  1.712e-06      	|  1              	|  1.712e-06      	|  1.2973e-08     	|
|  [Callback]COCOEvaluator.setup                                                                                                                                  	|  1.5059e-06     	|  1              	|  1.5059e-06     	|  1.1412e-08     	|
|  [Callback]ModelCheckpoint{'monitor': None, 'mode': 'min', 'every_n_train_steps': 0, 'every_n_epochs': 1, 'train_time_interval': None}.teardown                 	|  1.477e-06      	|  1              	|  1.477e-06      	|  1.1192e-08     	|
|  [LightningModule]Mask_RCNN.on_fit_end                                                                                                                          	|  1.4639e-06     	|  1              	|  1.4639e-06     	|  1.1093e-08     	|
|  [Callback]ModelSummary.on_train_start                                                                                                                          	|  1.461e-06      	|  1              	|  1.461e-06      	|  1.1071e-08     	|
|  [Callback]ModelSummary.setup                                                                                                                                   	|  1.447e-06      	|  1              	|  1.447e-06      	|  1.0965e-08     	|
|  [Callback]LearningRateMonitor.teardown                                                                                                                         	|  1.419e-06      	|  1              	|  1.419e-06      	|  1.0753e-08     	|
|  [Callback]COCOEvaluator.on_fit_end                                                                                                                             	|  1.403e-06      	|  1              	|  1.403e-06      	|  1.0632e-08     	|
|  [Callback]ModelCheckpoint{'monitor': None, 'mode': 'min', 'every_n_train_steps': 0, 'every_n_epochs': 1, 'train_time_interval': None}.on_fit_end               	|  1.3381e-06     	|  1              	|  1.3381e-06     	|  1.014e-08      	|
|  [Callback]COCOEvaluator.teardown                                                                                                                               	|  1.286e-06      	|  1              	|  1.286e-06      	|  9.7453e-09     	|
|  [Callback]ModelSummary.teardown                                                                                                                                	|  1.263e-06      	|  1              	|  1.263e-06      	|  9.5706e-09     	|
|  [Callback]ModelSummary.on_fit_end                                                                                                                              	|  1.181e-06      	|  1              	|  1.181e-06      	|  8.9496e-09     	|
|  [Strategy]DDPStrategy.on_train_start                                                                                                                           	|  1.153e-06      	|  1              	|  1.153e-06      	|  8.737e-09      	|
|  [LightningModule]Mask_RCNN.teardown                                                                                                                            	|  9.8301e-07     	|  1              	|  9.8301e-07     	|  7.449e-09      	|
--------------------------------------------------------------------------------------------------------------------------------------------------------------------------------------------------------------------------------------------------------------------------

wandb: Waiting for W&B process to finish... (success).
wandb: - 0.037 MB of 0.037 MB uploaded (0.000 MB deduped)wandb: \ 0.037 MB of 0.037 MB uploaded (0.000 MB deduped)wandb: | 0.037 MB of 0.037 MB uploaded (0.000 MB deduped)wandb: / 0.037 MB of 0.037 MB uploaded (0.000 MB deduped)wandb: - 0.037 MB of 0.037 MB uploaded (0.000 MB deduped)wandb: \ 0.037 MB of 0.037 MB uploaded (0.000 MB deduped)wandb: | 0.037 MB of 0.037 MB uploaded (0.000 MB deduped)wandb: / 0.037 MB of 0.037 MB uploaded (0.000 MB deduped)wandb: - 0.037 MB of 0.037 MB uploaded (0.000 MB deduped)wandb: \ 0.037 MB of 0.037 MB uploaded (0.000 MB deduped)wandb: | 0.037 MB of 0.037 MB uploaded (0.000 MB deduped)wandb: 
wandb: Run history:
wandb:                                                    epoch ▁▁▁▁▂▂▂▂▃▃▃▃▃▃▃▃▄▄▄▄▅▅▅▅▆▆▆▆▆▆▆▆▇▇▇▇████
wandb:                                           evaluator_time ▆▄▁█▄▆▇▆▄▅
wandb:                                                 local_lr ▂▁▃▄▃▃▂▄▄▃▅▆▃▃▃▃▃▄▂▅▆▂▃▅▄▃▄▅▃▄▆▅█▄▆▃▃▅▅▆
wandb:                   local_lr/roi_heads.box_head.0.0.weight █▂▄▂▁▃▃▄▄▃▂▃▃▄▄▄▂▄▂▅▃▂▃▃▃▃▃▃▃▃▄▄▃▂▃▃▃▂▃▃
wandb:                     local_lr/roi_heads.box_head.0.1.bias ▂██▆▃▅▆▇▇▅▂▃▄▄▆▅▄▅▁▆▃▂▃▃▂▃▂▂▃▃▃▄▃▂▃▂▂▁▃▃
wandb:                   local_lr/roi_heads.box_head.0.1.weight █▄▄▃▂▃▂▃▂▂▂▂▂▂▂▂▂▂▁▂▁▁▁▁▁▁▁▁▁▁▁▁▁▁▁▁▁▁▁▁
wandb:                   local_lr/roi_heads.box_head.1.0.weight █▅▄▃▁▂▂▄▃▃▁▂▃▃▃▃▂▄▁▄▂▂▂▂▂▃▂▂▃▂▃▃▂▂▃▂▂▁▂▃
wandb:                     local_lr/roi_heads.box_head.1.1.bias ▁█▆▆▃▃▅▆▅▄▂▃▃▄▄▃▂▃▁▄▃▂▂▂▂▂▂▂▃▂▃▃▃▂▂▂▃▁▂▃
wandb:                   local_lr/roi_heads.box_head.1.1.weight █▆▆▅▃▃▄▄▃▂▂▂▂▂▂▂▂▂▁▂▂▁▁▂▁▁▁▁▁▁▁▁▁▁▁▁▁▁▁▁
wandb:                   local_lr/roi_heads.box_head.2.0.weight ▃█▄▄▂▁▂▄▂▃▁▂▃▃▃▄▂▄▁▅▃▂▂▃▂▃▂▂▃▂▄▃▂▂▃▂▃▁▂▃
wandb:                     local_lr/roi_heads.box_head.2.1.bias ▁█▆▆▄▃▅▅▅▄▃▃▃▃▅▅▃▄▂▄▄▃▃▃▃▄▂▅▃▃▅▄▄▃▄▃▄▂▄▅
wandb:                   local_lr/roi_heads.box_head.2.1.weight ▄██▆▃▃▄▄▃▃▂▂▂▂▃▃▂▂▁▂▂▂▁▂▁▁▁▂▁▁▂▁▁▁▁▁▁▁▁▁
wandb:                   local_lr/roi_heads.box_head.3.0.weight ▁▆▆▅▂▂▄▆▅▅▃▄▄▆▇█▄▇▃█▆▅▄▅▅▆▅▆▆▄▇▇▅▅▆▄▆▃▅▆
wandb:                     local_lr/roi_heads.box_head.3.1.bias ▁▂▃▄▂▂▅▃▄▄▄▃▃▃▄▅▄▃▂▄▅▄▂▃▃▃▃█▃▃▃▅▃▂▃▃▇▂▆▆
wandb:                   local_lr/roi_heads.box_head.3.1.weight ▁▅█▆▄▃▇▇▆▅▄▃▄▄▅▆▄▃▁▄▄▃▂▂▃▂▂▅▂▂▂▃▂▂▂▂▃▁▃▃
wandb:                       local_lr/roi_heads.box_head.5.bias ▁▄▅▇▅▃▃█▅▆▃▄▄▅▅▆▅▆▃▇▆▄▄▄▆▆▅▅▅▅▆▇▅▅▆▄▇▃▆█
wandb:                     local_lr/roi_heads.box_head.5.weight ▂▆▄▅▄▁▂▄▂▃▂▃▃▄▄▄▄▄▂▅▄▄▄▄▅▅▅▆▅▅▆▇▅▅▆▄▇▄▆█
wandb:          local_lr/roi_heads.box_predictor.bbox_pred.bias █▇▃▆▇▂▁▇▃▄▁▃▂▄▂▃▃▅▂▄▃▁▂▂▄▄▅▃▃▃▅▃▃▃▄▅▃▃▃▄
wandb:        local_lr/roi_heads.box_predictor.bbox_pred.weight █▄▂▃▃▁▁▃▂▂▁▂▂▂▂▂▂▂▂▂▂▂▂▂▂▃▃▂▃▂▃▃▃▃▃▃▃▃▃▃
wandb:          local_lr/roi_heads.box_predictor.cls_score.bias ▁▂▄▃▂▁▄▃▂▃▄▂▂▂▃▄▂▂▁▄▄▃▂▂▄▂▃█▃▃▃▄▃▂▃▂█▂▆▆
wandb:        local_lr/roi_heads.box_predictor.cls_score.weight ▁▂▄▃▂▁▂▂▂▂▃▂▂▂▃▃▂▂▁▄▃▄▂▂▃▃▃▇▃▃▃▄▃▃▃▂█▂▇█
wandb:                  local_lr/roi_heads.mask_head.0.0.weight ▆▅▅▄▄█▇▇▇▆▅▆▆▄▄▅▅▅▄▄▅▅▃▄▃▃▃▃▂▃▂▂▃▂▂▂▂▁▂▂
wandb:                    local_lr/roi_heads.mask_head.0.1.bias ███▆▇█▆▇▅▄▃▃▄▂▂▂▂▃▂▃▃▃▁▃▁▂▂▂▁▂▂▂▂▂▂▂▂▁▂▂
wandb:                  local_lr/roi_heads.mask_head.0.1.weight █▆▆▄▄▄▃▃▂▂▂▂▂▁▁▁▁▁▁▁▁▁▁▁▁▁▁▁▁▁▁▁▁▁▁▁▁▁▁▁
wandb:                  local_lr/roi_heads.mask_head.1.0.weight █▆▆▄▄▇▆▇▆▅▅▅▅▄▄▅▄▅▄▄▅▄▂▄▃▃▂▃▂▃▂▂▃▂▂▂▂▁▂▂
wandb:                    local_lr/roi_heads.mask_head.1.1.bias ██▇▅▅▅▅▄▃▃▃▃▃▂▁▂▁▃▂▂▂▂▁▂▂▂▂▂▂▂▂▂▃▂▂▂▂▁▂▂
wandb:                  local_lr/roi_heads.mask_head.1.1.weight █▇▆▄▄▃▃▃▂▂▂▂▂▁▁▁▁▁▁▁▁▁▁▁▁▁▁▁▁▁▁▁▁▁▁▁▁▁▁▁
wandb:                  local_lr/roi_heads.mask_head.2.0.weight ██▇▆▅▆▆▅▅▃▄▄▄▃▃▄▃▄▃▄▃▄▂▃▂▂▂▂▂▂▂▂▃▂▂▂▂▁▂▂
wandb:                    local_lr/roi_heads.mask_head.2.1.bias ▇█▆▄▄▄▃▃▂▂▂▂▂▁▁▂▁▂▁▃▂▃▁▂▂▂▂▂▂▃▂▂▃▂▃▃▂▂▃▃
wandb:                  local_lr/roi_heads.mask_head.2.1.weight ██▆▄▄▃▂▂▂▂▁▁▁▁▁▁▁▁▁▁▁▁▁▁▁▁▁▁▁▁▁▁▁▁▁▁▁▁▁▁
wandb:                  local_lr/roi_heads.mask_head.3.0.weight ▄▇█▇▇▇▆▅▅▄▄▄▄▃▂▄▂▄▂▄▃▄▂▃▂▂▂▂▂▂▂▂▂▂▂▂▁▁▂▁
wandb:                    local_lr/roi_heads.mask_head.3.1.bias ▁▁▁▁▁▁▁▁▁▁▁▁▁▁▁▁▁▁▁▂▂▂▁▂▂▃▂▃▂▄▂▄▆▄▇▅▅▄█▇
wandb:                  local_lr/roi_heads.mask_head.3.1.weight ▄▇█▆▄▄▃▂▂▃▁▃▂▂▁▃▂▃▂▅▃▄▁▂▂▄▂▃▂▃▂▃▄▃▄▃▂▂▄▃
wandb:        local_lr/roi_heads.mask_predictor.conv5_mask.bias ▁▂▂▂▂▂▁▂▂▃▁▂▃▁▁▂▂▃▂▄▄▅▂▃▅▆▆▆▄█▂▅█▅▅▄▇▂▅▅
wandb:      local_lr/roi_heads.mask_predictor.conv5_mask.weight ▁▃▅▄▅▇▅▆▇▇▄▅▆▃▃▅▄▆▄▇▆█▄▄▆▇▆▇▅█▃▅█▅▅▅▅▂▆▇
wandb:   local_lr/roi_heads.mask_predictor.mask_fcn_logits.bias ▁▃▄▄▃▅▃▄▄▆▂▅▇▂▂▄▃▅▄▅▇▇▃▄▆▇▆█▆█▃▅█▆▅▅▇▃▅▅
wandb: local_lr/roi_heads.mask_predictor.mask_fcn_logits.weight ▃▅█▆▆█▅▅▆█▂▄█▂▂▄▃▅▃▅▅▅▃▃▅▅▄▅▄▆▂▂▄▃▂▃▃▁▂▄
wandb:                         local_lr/rpn.head.bbox_pred.bias ▁▂▃▃▄▂▃▂▂▃▃▃▃▃▃▂▂▅▂▂▂█▅▅▄▆▄▃▅▅▃▅▃▄▄▄▄▄▅▃
wandb:                       local_lr/rpn.head.bbox_pred.weight █▆▂▁▂▁▁▂▁▂▂▂▂▂▂▂▂▃▂▂▂▅▄▄▃▅▃▃▅▄▃▅▃▄▅▄▄▄▅▄
wandb:                        local_lr/rpn.head.cls_logits.bias ▁▁▁▁▁▁▁▁▁▁▁▁▁▁▁▁▁▁▁▂▁▁▁▂▁▁▂▂█▂▂▃▂▂▂▂▂▂▂▂
wandb:                      local_lr/rpn.head.cls_logits.weight ▁▁▁▁▁▁▁▁▁▂▁▁▂▂▁▂▂▂▂▂▂▂▃▄▃▃▃▄█▃▄▆▆▃▄▄▃▄▄▅
wandb:                          local_lr/rpn.head.conv.0.0.bias ▁▂▃▃▃▃▂▂▃▃▂▃▃▂▂▃▃▃▃▄▃▅▄▄▄▄▃▅█▅▅▅▄▃▃▅▄▄▆▅
wandb:                        local_lr/rpn.head.conv.0.0.weight ▁▅▅▄▄▃▃▄▅▆▄▅▆▅▃▅▄▅▃▅▃▆▄▆▆▅▄▅█▅▅▄▅▃▄▅▃▄▅▅
wandb:                          local_lr/rpn.head.conv.1.0.bias ▁▃▃▄▅▂▃▃▃▃▃▄▄▃▃▃▃▅▃▃▃█▆▆▅▆▅▅▇▆▅▇▅▄▅▅▅▅▇▅
wandb:                        local_lr/rpn.head.conv.1.0.weight ▁▄▂▂▃▁▂▂▂▃▃▃▄▃▃▃▃▄▃▃▃▇▆▇▅▇▄▅█▆▄▆▅▄▅▅▄▅▆▅
wandb:                                             loss_box_reg ▁▆▇█▇▇█▆▄▅▅▄▄▃▃▃▃▄▄▄▄▂▃▃▃▃▃▂▁▃▂▃▂▂▂▃▁▁▃▂
wandb:                                          loss_classifier ▆███▆▆▆▄▃▃▄▃▃▂▂▂▂▃▂▂▃▁▂▂▂▂▂▂▁▂▁▂▂▂▁▂▁▁▁▂
wandb:                                                loss_mask █▅▄▃▃▃▃▂▂▂▂▂▂▂▂▁▂▂▂▁▂▂▁▂▁▂▂▂▁▂▁▁▁▂▁▁▁▁▁▁
wandb:                                          loss_objectness █▃▂▂▂▂▂▁▁▂▁▁▁▁▁▁▁▁▁▁▁▁▁▁▁▁▁▁▁▁▁▁▁▁▁▁▁▁▁▁
wandb:                                         loss_rpn_box_reg █▇▅▄▄▅▅▃▃▃▃▃▄▂▃▂▂▃▂▄▄▂▂▃▄▂▂▃▁▃▂▄▂▂▂▂▂▁▂▃
wandb:                                                  lr-LARS ▁▁▁▁████████████████████████████████████
wandb:                                         lr-LARS-momentum ▁▁▁▁▁▁▁▁▁▁▁▁▁▁▁▁▁▁▁▁▁▁▁▁▁▁▁▁▁▁▁▁▁▁▁▁▁▁▁▁
wandb:                                              map_50_bbox ▁▆▇▇▇█████
wandb:                                              map_50_segm ▁▆▇▇▇█████
wandb:                                                 map_bbox ▁▅▆▇▇▇▇███
wandb:                                                 map_segm ▁▅▆▇▇▇████
wandb:                                                 mar_bbox ▁▅▆▇▇▇████
wandb:                                                 mar_segm ▁▆▆▇▇█████
wandb:                                               model_time ▆▄▁█▅▇█▆▄▇
wandb:                                      trainer/global_step ▁▁▁▂▂▂▂▂▂▃▃▃▃▃▄▄▄▄▄▄▅▅▅▅▅▅▆▆▆▆▆▇▇▇▇▇▇███
wandb:                                            training_loss █▄▃▂▂▂▁▁▁▁
wandb:                                       training_step_loss █▆▆▆▅▅▅▃▃▃▃▃▃▂▂▂▂▃▂▂▃▂▂▂▂▂▂▂▁▂▁▂▁▂▁▂▁▁▂▂
wandb: 
wandb: Run summary:
wandb:                                                    epoch 9
wandb:                                           evaluator_time 0.37765
wandb:                                                 local_lr 85.95681
wandb:                   local_lr/roi_heads.box_head.0.0.weight 104.80508
wandb:                     local_lr/roi_heads.box_head.0.1.bias 0.00015
wandb:                   local_lr/roi_heads.box_head.0.1.weight 214.54654
wandb:                   local_lr/roi_heads.box_head.1.0.weight 103.79368
wandb:                     local_lr/roi_heads.box_head.1.1.bias 0.00023
wandb:                   local_lr/roi_heads.box_head.1.1.weight 202.17592
wandb:                   local_lr/roi_heads.box_head.2.0.weight 120.53236
wandb:                     local_lr/roi_heads.box_head.2.1.bias 0.00044
wandb:                   local_lr/roi_heads.box_head.2.1.weight 217.77151
wandb:                   local_lr/roi_heads.box_head.3.0.weight 144.37329
wandb:                     local_lr/roi_heads.box_head.3.1.bias 0.00058
wandb:                   local_lr/roi_heads.box_head.3.1.weight 339.315
wandb:                       local_lr/roi_heads.box_head.5.bias 18.99532
wandb:                     local_lr/roi_heads.box_head.5.weight 62.34013
wandb:          local_lr/roi_heads.box_predictor.bbox_pred.bias 34.1944
wandb:        local_lr/roi_heads.box_predictor.bbox_pred.weight 30.26957
wandb:          local_lr/roi_heads.box_predictor.cls_score.bias 8.4453
wandb:        local_lr/roi_heads.box_predictor.cls_score.weight 11.3043
wandb:                  local_lr/roi_heads.mask_head.0.0.weight 166.09029
wandb:                    local_lr/roi_heads.mask_head.0.1.bias 4e-05
wandb:                  local_lr/roi_heads.mask_head.0.1.weight 206.24594
wandb:                  local_lr/roi_heads.mask_head.1.0.weight 181.84157
wandb:                    local_lr/roi_heads.mask_head.1.1.bias 5e-05
wandb:                  local_lr/roi_heads.mask_head.1.1.weight 246.04501
wandb:                  local_lr/roi_heads.mask_head.2.0.weight 200.64523
wandb:                    local_lr/roi_heads.mask_head.2.1.bias 0.00011
wandb:                  local_lr/roi_heads.mask_head.2.1.weight 219.61909
wandb:                  local_lr/roi_heads.mask_head.3.0.weight 230.59831
wandb:                    local_lr/roi_heads.mask_head.3.1.bias 0.008
wandb:                  local_lr/roi_heads.mask_head.3.1.weight 2773.49561
wandb:        local_lr/roi_heads.mask_predictor.conv5_mask.bias 172.47931
wandb:      local_lr/roi_heads.mask_predictor.conv5_mask.weight 1140.23865
wandb:   local_lr/roi_heads.mask_predictor.mask_fcn_logits.bias 137.20326
wandb: local_lr/roi_heads.mask_predictor.mask_fcn_logits.weight 668.76984
wandb:                         local_lr/rpn.head.bbox_pred.bias 0.00056
wandb:                       local_lr/rpn.head.bbox_pred.weight 3.64568
wandb:                        local_lr/rpn.head.cls_logits.bias 0.08453
wandb:                      local_lr/rpn.head.cls_logits.weight 56.10729
wandb:                          local_lr/rpn.head.conv.0.0.bias 0.00033
wandb:                        local_lr/rpn.head.conv.0.0.weight 112.94408
wandb:                          local_lr/rpn.head.conv.1.0.bias 0.00163
wandb:                        local_lr/rpn.head.conv.1.0.weight 138.15733
wandb:                                             loss_box_reg 0.22561
wandb:                                          loss_classifier 0.20138
wandb:                                                loss_mask 0.25479
wandb:                                          loss_objectness 0.03673
wandb:                                         loss_rpn_box_reg 0.0559
wandb:                                                  lr-LARS 0.00033
wandb:                                         lr-LARS-momentum 0.9
wandb:                                              map_50_bbox 0.56125
wandb:                                              map_50_segm 0.53261
wandb:                                                 map_bbox 0.34763
wandb:                                                 map_segm 0.32381
wandb:                                                 mar_bbox 0.49841
wandb:                                                 mar_segm 0.46224
wandb:                                               model_time 0.59875
wandb:                                      trainer/global_step 9159
wandb:                                            training_loss 0.78119
wandb:                                       training_step_loss 0.77442
wandb: 
wandb: 🚀 View run lars-16-polynomialwarmup0.5-3e-4 at: https://wandb.ai/ilhamsyahids/MaskRCNN/runs/von4wp4s
wandb: Synced 5 W&B file(s), 1 media file(s), 0 artifact file(s) and 0 other file(s)
wandb: Find logs at: /raid/data/m23522033/logs/wandb/run-20230520_200303-von4wp4s/logs
Exception in thread ChkStopThr:
Traceback (most recent call last):
  File "/usr/lib/python3.8/threading.py", line 932, in _bootstrap_inner
    self.run()
  File "/usr/lib/python3.8/threading.py", line 870, in run
    self._target(*self._args, **self._kwargs)
  File "/raid/data/m23522033/torch-mask-rcnn/.venv/lib/python3.8/site-packages/wandb/sdk/wandb_run.py", line 276, in check_stop_status
    self._loop_check_status(
  File "/raid/data/m23522033/torch-mask-rcnn/.venv/lib/python3.8/site-packages/wandb/sdk/wandb_run.py", line 214, in _loop_check_status
    local_handle = request()
  File "/raid/data/m23522033/torch-mask-rcnn/.venv/lib/python3.8/site-packages/wandb/sdk/interface/interface.py", line 787, in deliver_stop_status
    return self._deliver_stop_status(status)
  File "/raid/data/m23522033/torch-mask-rcnn/.venv/lib/python3.8/site-packages/wandb/sdk/interface/interface_shared.py", line 585, in _deliver_stop_status
    return self._deliver_record(record)
  File "/raid/data/m23522033/torch-mask-rcnn/.venv/lib/python3.8/site-packages/wandb/sdk/interface/interface_shared.py", line 560, in _deliver_record
    handle = mailbox._deliver_record(record, interface=self)
  File "/raid/data/m23522033/torch-mask-rcnn/.venv/lib/python3.8/site-packages/wandb/sdk/lib/mailbox.py", line 455, in _deliver_record
    interface._publish(record)
  File "/raid/data/m23522033/torch-mask-rcnn/.venv/lib/python3.8/site-packages/wandb/sdk/interface/interface_sock.py", line 51, in _publish
    self._sock_client.send_record_publish(record)
  File "/raid/data/m23522033/torch-mask-rcnn/.venv/lib/python3.8/site-packages/wandb/sdk/lib/sock_client.py", line 221, in send_record_publish
    self.send_server_request(server_req)
  File "/raid/data/m23522033/torch-mask-rcnn/.venv/lib/python3.8/site-packages/wandb/sdk/lib/sock_client.py", line 155, in send_server_request
    self._send_message(msg)
  File "/raid/data/m23522033/torch-mask-rcnn/.venv/lib/python3.8/site-packages/wandb/sdk/lib/sock_client.py", line 152, in _send_message
    self._sendall_with_error_handle(header + data)
  File "/raid/data/m23522033/torch-mask-rcnn/.venv/lib/python3.8/site-packages/wandb/sdk/lib/sock_client.py", line 130, in _sendall_with_error_handle
    sent = self._sock.send(data)
BrokenPipeError: [Errno 32] Broken pipe
