wandb: Currently logged in as: ilhamsyahids. Use `wandb login --relogin` to force relogin
wandb: wandb version 0.15.3 is available!  To upgrade, please run:
wandb:  $ pip install wandb --upgrade
wandb: Tracking run with wandb version 0.14.0
wandb: Run data is saved locally in logs/wandb/run-20230529_133727-34te5kr6
wandb: Run `wandb offline` to turn off syncing.
wandb: Syncing run multi-p3.16xlarge-2
wandb: ⭐️ View project at https://wandb.ai/ilhamsyahids/MaskRCNN
wandb: 🚀 View run at https://wandb.ai/ilhamsyahids/MaskRCNN/runs/34te5kr6
wandb: logging graph, to disable use `wandb.watch(log_graph=False)`
/opt/conda/envs/ray/lib/python3.8/site-packages/lightning_fabric/connector.py:562: UserWarning: 16 is supported for historical reasons but its usage is discouraged. Please set your precision to 16-mixed instead!
  rank_zero_warn(
Using 16bit Automatic Mixed Precision (AMP)
Initializing distributed: GLOBAL_RANK: 8, MEMBER: 9/16
Initializing distributed: GLOBAL_RANK: 9, MEMBER: 10/16
Initializing distributed: GLOBAL_RANK: 12, MEMBER: 13/16
Initializing distributed: GLOBAL_RANK: 13, MEMBER: 14/16
Initializing distributed: GLOBAL_RANK: 10, MEMBER: 11/16
Initializing distributed: GLOBAL_RANK: 14, MEMBER: 15/16
Initializing distributed: GLOBAL_RANK: 15, MEMBER: 16/16
Initializing distributed: GLOBAL_RANK: 11, MEMBER: 12/16
LOCAL_RANK: 1 - CUDA_VISIBLE_DEVICES: [0,1,2,3,4,5,6,7]
LOCAL_RANK: 2 - CUDA_VISIBLE_DEVICES: [0,1,2,3,4,5,6,7]
LOCAL_RANK: 4 - CUDA_VISIBLE_DEVICES: [0,1,2,3,4,5,6,7]
LOCAL_RANK: 6 - CUDA_VISIBLE_DEVICES: [0,1,2,3,4,5,6,7]
LOCAL_RANK: 7 - CUDA_VISIBLE_DEVICES: [0,1,2,3,4,5,6,7]
LOCAL_RANK: 3 - CUDA_VISIBLE_DEVICES: [0,1,2,3,4,5,6,7]
LOCAL_RANK: 5 - CUDA_VISIBLE_DEVICES: [0,1,2,3,4,5,6,7]
LOCAL_RANK: 0 - CUDA_VISIBLE_DEVICES: [0,1,2,3,4,5,6,7]
FIT Profiler Report

--------------------------------------------------------------------------------------------------------------------------------------------------------------------------------------------------------------------------------------------------------------------------
|  Action                                                                                                                                                         	|  Mean duration (s)	|  Num calls      	|  Total time (s) 	|  Percentage %   	|
--------------------------------------------------------------------------------------------------------------------------------------------------------------------------------------------------------------------------------------------------------------------------
|  Total                                                                                                                                                          	|  -              	|  447416         	|  9721.1         	|  100 %          	|
--------------------------------------------------------------------------------------------------------------------------------------------------------------------------------------------------------------------------------------------------------------------------
|  run_training_epoch                                                                                                                                             	|  961.63         	|  10             	|  9616.3         	|  98.922         	|
|  run_training_batch                                                                                                                                             	|  0.88567        	|  9160           	|  8112.8         	|  83.455         	|
|  [LightningModule]Mask_RCNN.optimizer_step                                                                                                                      	|  0.88554        	|  9160           	|  8111.6         	|  83.443         	|
|  [Strategy]DDPStrategy.training_step                                                                                                                            	|  0.38629        	|  9160           	|  3538.4         	|  36.399         	|
|  [Strategy]DDPStrategy.backward                                                                                                                                 	|  0.15341        	|  9160           	|  1405.2         	|  14.456         	|
|  [Callback]COCOEvaluator.on_validation_epoch_end                                                                                                                	|  32.242         	|  10             	|  322.42         	|  3.3167         	|
|  [Strategy]DDPStrategy.validation_step                                                                                                                          	|  0.70421        	|  400            	|  281.68         	|  2.8977         	|
|  [_TrainingEpochLoop].train_dataloader_next                                                                                                                     	|  0.022072       	|  9160           	|  202.18         	|  2.0798         	|
|  [Callback]COCOEvaluator.on_validation_batch_end                                                                                                                	|  0.49243        	|  400            	|  196.97         	|  2.0262         	|
|  [Strategy]DDPStrategy.batch_to_device                                                                                                                          	|  0.012714       	|  9560           	|  121.55         	|  1.2504         	|
|  [LightningModule]Mask_RCNN.transfer_batch_to_device                                                                                                            	|  0.012546       	|  9560           	|  119.94         	|  1.2338         	|
|  [LightningModule]Mask_RCNN.on_before_optimizer_step                                                                                                            	|  0.010181       	|  9160           	|  93.257         	|  0.95933        	|
|  [Callback]COCOEvaluator.on_validation_start                                                                                                                    	|  5.6568         	|  10             	|  56.568         	|  0.58191        	|
|  [Callback]ModelCheckpoint{'monitor': None, 'mode': 'min', 'every_n_train_steps': 0, 'every_n_epochs': 1, 'train_time_interval': None}.on_train_epoch_end       	|  4.316          	|  10             	|  43.16          	|  0.44399        	|
|  [Callback]COCOEvaluator.on_validation_epoch_start                                                                                                              	|  2.344          	|  10             	|  23.44          	|  0.24113        	|
|  [LightningDataModule]COCODataModule.setup                                                                                                                      	|  22.75          	|  1              	|  22.75          	|  0.23402        	|
|  [_EvaluationLoop].val_next                                                                                                                                     	|  0.022485       	|  400            	|  8.994          	|  0.092521       	|
|  [LightningModule]Mask_RCNN.on_train_epoch_end                                                                                                                  	|  0.80631        	|  10             	|  8.0631         	|  0.082945       	|
|  [LightningModule]Mask_RCNN.optimizer_zero_grad                                                                                                                 	|  0.00066496     	|  9160           	|  6.091          	|  0.062658       	|
|  [Callback]ModelCheckpoint{'monitor': None, 'mode': 'min', 'every_n_train_steps': 0, 'every_n_epochs': 1, 'train_time_interval': None}.setup                    	|  1.877          	|  1              	|  1.877          	|  0.019308       	|
|  [LightningModule]Mask_RCNN.configure_gradient_clipping                                                                                                         	|  4.3263e-05     	|  9160           	|  0.39629        	|  0.0040766      	|
|  [Callback]ModelCheckpoint{'monitor': None, 'mode': 'min', 'every_n_train_steps': 0, 'every_n_epochs': 1, 'train_time_interval': None}.on_train_batch_end       	|  3.0481e-05     	|  9160           	|  0.27921        	|  0.0028722      	|
|  [LightningDataModule]COCODataModule.train_dataloader                                                                                                           	|  0.20857        	|  1              	|  0.20857        	|  0.0021456      	|
|  [Callback]TQDMProgressBar.on_train_batch_end                                                                                                                   	|  1.2563e-05     	|  9160           	|  0.11508        	|  0.0011838      	|
|  [Callback]LearningRateMonitor.on_train_batch_start                                                                                                             	|  1.1784e-05     	|  9160           	|  0.10794        	|  0.0011104      	|
|  [Callback]TQDMProgressBar.on_after_backward                                                                                                                    	|  9.1689e-06     	|  9160           	|  0.083987       	|  0.00086397     	|
|  [LightningModule]Mask_RCNN.on_validation_model_eval                                                                                                            	|  0.0080313      	|  10             	|  0.080313       	|  0.00082618     	|
|  [Callback]TQDMProgressBar.on_train_batch_start                                                                                                                 	|  8.7126e-06     	|  9160           	|  0.079808       	|  0.00082098     	|
|  [Callback]TQDMProgressBar.on_before_zero_grad                                                                                                                  	|  5.7608e-06     	|  9160           	|  0.052769       	|  0.00054283     	|
|  [Callback]TQDMProgressBar.on_before_optimizer_step                                                                                                             	|  5.6871e-06     	|  9160           	|  0.052094       	|  0.00053589     	|
|  [Callback]TQDMProgressBar.on_before_backward                                                                                                                   	|  5.256e-06      	|  9160           	|  0.048145       	|  0.00049526     	|
|  [LightningModule]Mask_RCNN.on_after_batch_transfer                                                                                                             	|  4.8631e-06     	|  9560           	|  0.046491       	|  0.00047825     	|
|  [LightningModule]Mask_RCNN.on_after_backward                                                                                                                   	|  4.4859e-06     	|  9160           	|  0.041091       	|  0.0004227      	|
|  [LightningModule]Mask_RCNN.on_before_batch_transfer                                                                                                            	|  4.1333e-06     	|  9560           	|  0.039514       	|  0.00040648     	|
|  [LightningModule]Mask_RCNN.on_train_batch_end                                                                                                                  	|  3.8394e-06     	|  9160           	|  0.035169       	|  0.00036178     	|
|  [Callback]LearningRateMonitor.on_train_batch_end                                                                                                               	|  3.5229e-06     	|  9160           	|  0.03227        	|  0.00033196     	|
|  [LightningModule]Mask_RCNN.on_train_batch_start                                                                                                                	|  3.5184e-06     	|  9160           	|  0.032229       	|  0.00033153     	|
|  [LightningModule]Mask_RCNN.on_before_zero_grad                                                                                                                 	|  3.2819e-06     	|  9160           	|  0.030062       	|  0.00030925     	|
|  [Callback]LearningRateMonitor.on_after_backward                                                                                                                	|  2.8971e-06     	|  9160           	|  0.026538       	|  0.00027299     	|
|  [Callback]LearningRateMonitor.on_before_optimizer_step                                                                                                         	|  2.7517e-06     	|  9160           	|  0.025206       	|  0.00025929     	|
|  [Callback]LearningRateMonitor.on_before_zero_grad                                                                                                              	|  2.7066e-06     	|  9160           	|  0.024793       	|  0.00025504     	|
|  [LightningModule]Mask_RCNN.on_before_backward                                                                                                                  	|  2.6898e-06     	|  9160           	|  0.024638       	|  0.00025345     	|
|  [Callback]ModelCheckpoint{'monitor': None, 'mode': 'min', 'every_n_train_steps': 0, 'every_n_epochs': 1, 'train_time_interval': None}.on_after_backward        	|  2.6845e-06     	|  9160           	|  0.02459        	|  0.00025295     	|
|  [Callback]COCOEvaluator.on_train_batch_start                                                                                                                   	|  2.6611e-06     	|  9160           	|  0.024376       	|  0.00025075     	|
|  [Callback]ModelCheckpoint{'monitor': None, 'mode': 'min', 'every_n_train_steps': 0, 'every_n_epochs': 1, 'train_time_interval': None}.on_train_batch_start     	|  2.6457e-06     	|  9160           	|  0.024234       	|  0.0002493      	|
|  [Callback]ModelCheckpoint{'monitor': None, 'mode': 'min', 'every_n_train_steps': 0, 'every_n_epochs': 1, 'train_time_interval': None}.on_before_optimizer_step 	|  2.618e-06      	|  9160           	|  0.023981       	|  0.00024669     	|
|  [Strategy]DDPStrategy.on_train_batch_start                                                                                                                     	|  2.5523e-06     	|  9160           	|  0.023379       	|  0.0002405      	|
|  [Callback]ModelCheckpoint{'monitor': None, 'mode': 'min', 'every_n_train_steps': 0, 'every_n_epochs': 1, 'train_time_interval': None}.on_before_zero_grad      	|  2.5084e-06     	|  9160           	|  0.022977       	|  0.00023636     	|
|  [Callback]ModelSummary.on_after_backward                                                                                                                       	|  2.4718e-06     	|  9160           	|  0.022642       	|  0.00023291     	|
|  [Callback]LearningRateMonitor.on_before_backward                                                                                                               	|  2.4556e-06     	|  9160           	|  0.022493       	|  0.00023138     	|
|  [Callback]ModelCheckpoint{'monitor': None, 'mode': 'min', 'every_n_train_steps': 0, 'every_n_epochs': 1, 'train_time_interval': None}.on_before_backward       	|  2.444e-06      	|  9160           	|  0.022387       	|  0.00023029     	|
|  [Callback]COCOEvaluator.on_after_backward                                                                                                                      	|  2.4392e-06     	|  9160           	|  0.022343       	|  0.00022984     	|
|  [Callback]COCOEvaluator.on_before_optimizer_step                                                                                                               	|  2.431e-06      	|  9160           	|  0.022268       	|  0.00022907     	|
|  [Callback]ModelSummary.on_train_batch_start                                                                                                                    	|  2.4301e-06     	|  9160           	|  0.02226        	|  0.00022899     	|
|  [Callback]ModelSummary.on_before_optimizer_step                                                                                                                	|  2.4273e-06     	|  9160           	|  0.022234       	|  0.00022872     	|
|  [Callback]COCOEvaluator.on_train_batch_end                                                                                                                     	|  2.4108e-06     	|  9160           	|  0.022083       	|  0.00022716     	|
|  [Callback]COCOEvaluator.on_before_zero_grad                                                                                                                    	|  2.4016e-06     	|  9160           	|  0.021998       	|  0.00022629     	|
|  [Callback]ModelSummary.on_train_batch_end                                                                                                                      	|  2.2742e-06     	|  9160           	|  0.020832       	|  0.0002143      	|
|  [Callback]ModelSummary.on_before_zero_grad                                                                                                                     	|  2.2332e-06     	|  9160           	|  0.020456       	|  0.00021043     	|
|  [Callback]COCOEvaluator.on_before_backward                                                                                                                     	|  2.1943e-06     	|  9160           	|  0.0201         	|  0.00020677     	|
|  [Callback]ModelSummary.on_before_backward                                                                                                                      	|  2.1685e-06     	|  9160           	|  0.019863       	|  0.00020433     	|
|  [LightningModule]Mask_RCNN.on_validation_model_train                                                                                                           	|  0.001527       	|  10             	|  0.01527        	|  0.00015709     	|
|  [Callback]ModelSummary.on_fit_start                                                                                                                            	|  0.011312       	|  1              	|  0.011312       	|  0.00011636     	|
|  [Callback]TQDMProgressBar.on_validation_start                                                                                                                  	|  0.00069105     	|  10             	|  0.0069105      	|  7.1088e-05     	|
|  [Callback]TQDMProgressBar.on_validation_batch_end                                                                                                              	|  1.6244e-05     	|  400            	|  0.0064974      	|  6.6838e-05     	|
|  [Callback]TQDMProgressBar.on_validation_batch_start                                                                                                            	|  1.5344e-05     	|  400            	|  0.0061374      	|  6.3135e-05     	|
|  [Callback]TQDMProgressBar.on_validation_end                                                                                                                    	|  0.00057848     	|  10             	|  0.0057848      	|  5.9507e-05     	|
|  [Callback]ModelSummary.on_validation_batch_end                                                                                                                 	|  1.1006e-05     	|  400            	|  0.0044022      	|  4.5285e-05     	|
|  [Callback]LearningRateMonitor.on_validation_batch_end                                                                                                          	|  4.898e-06      	|  400            	|  0.0019592      	|  2.0154e-05     	|
|  [LightningModule]Mask_RCNN.on_validation_batch_end                                                                                                             	|  4.8615e-06     	|  400            	|  0.0019446      	|  2.0004e-05     	|
|  [LightningModule]Mask_RCNN.configure_optimizers                                                                                                                	|  0.001921       	|  1              	|  0.001921       	|  1.9761e-05     	|
|  [Callback]LearningRateMonitor.on_validation_batch_start                                                                                                        	|  3.9768e-06     	|  400            	|  0.0015907      	|  1.6364e-05     	|
|  [Callback]ModelCheckpoint{'monitor': None, 'mode': 'min', 'every_n_train_steps': 0, 'every_n_epochs': 1, 'train_time_interval': None}.on_validation_batch_end  	|  3.7406e-06     	|  400            	|  0.0014962      	|  1.5392e-05     	|
|  [LightningModule]Mask_RCNN.lr_scheduler_step                                                                                                                   	|  0.00013739     	|  10             	|  0.0013739      	|  1.4133e-05     	|
|  [Callback]ModelCheckpoint{'monitor': None, 'mode': 'min', 'every_n_train_steps': 0, 'every_n_epochs': 1, 'train_time_interval': None}.on_validation_batch_start	|  2.8929e-06     	|  400            	|  0.0011572      	|  1.1904e-05     	|
|  [LightningModule]Mask_RCNN.on_validation_batch_start                                                                                                           	|  2.8605e-06     	|  400            	|  0.0011442      	|  1.177e-05      	|
|  [LightningModule]Mask_RCNN.on_validation_epoch_start                                                                                                           	|  0.00011159     	|  10             	|  0.0011159      	|  1.1479e-05     	|
|  [Callback]TQDMProgressBar.on_train_start                                                                                                                       	|  0.0010816      	|  1              	|  0.0010816      	|  1.1126e-05     	|
|  [Callback]COCOEvaluator.on_validation_batch_start                                                                                                              	|  2.6372e-06     	|  400            	|  0.0010549      	|  1.0851e-05     	|
|  [LightningDataModule]COCODataModule.val_dataloader                                                                                                             	|  0.0010101      	|  1              	|  0.0010101      	|  1.0391e-05     	|
|  [Callback]ModelSummary.on_validation_batch_start                                                                                                               	|  2.5217e-06     	|  400            	|  0.0010087      	|  1.0376e-05     	|
|  [Callback]ModelCheckpoint{'monitor': None, 'mode': 'min', 'every_n_train_steps': 0, 'every_n_epochs': 1, 'train_time_interval': None}.on_validation_end        	|  9.171e-05      	|  10             	|  0.0009171      	|  9.4341e-06     	|
|  [Callback]TQDMProgressBar.on_train_epoch_start                                                                                                                 	|  4.8053e-05     	|  10             	|  0.00048053     	|  4.9431e-06     	|
|  [Callback]ModelSummary.on_validation_start                                                                                                                     	|  3.6601e-05     	|  10             	|  0.00036601     	|  3.7651e-06     	|
|  [Callback]ModelSummary.on_validation_epoch_start                                                                                                               	|  2.5815e-05     	|  10             	|  0.00025815     	|  2.6556e-06     	|
|  [Callback]LearningRateMonitor.on_train_start                                                                                                                   	|  0.00017374     	|  1              	|  0.00017374     	|  1.7872e-06     	|
|  [LightningModule]Mask_RCNN.on_train_epoch_start                                                                                                                	|  1.603e-05      	|  10             	|  0.0001603      	|  1.649e-06      	|
|  [Callback]ModelSummary.on_validation_epoch_end                                                                                                                 	|  1.5852e-05     	|  10             	|  0.00015852     	|  1.6307e-06     	|
|  [Callback]LearningRateMonitor.on_validation_start                                                                                                              	|  1.5261e-05     	|  10             	|  0.00015261     	|  1.5699e-06     	|
|  [Callback]TQDMProgressBar.on_validation_epoch_start                                                                                                            	|  1.1027e-05     	|  10             	|  0.00011027     	|  1.1343e-06     	|
|  [Callback]LearningRateMonitor.on_train_epoch_start                                                                                                             	|  1.0363e-05     	|  10             	|  0.00010363     	|  1.0661e-06     	|
|  [LightningModule]Mask_RCNN.on_validation_start                                                                                                                 	|  8.0405e-06     	|  10             	|  8.0405e-05     	|  8.2712e-07     	|
|  [LightningDataModule]COCODataModule.state_dict                                                                                                                 	|  8.0273e-06     	|  10             	|  8.0273e-05     	|  8.2576e-07     	|
|  [Callback]LearningRateMonitor.on_validation_end                                                                                                                	|  7.6295e-06     	|  10             	|  7.6295e-05     	|  7.8484e-07     	|
|  [Callback]TQDMProgressBar.on_validation_epoch_end                                                                                                              	|  7.5042e-06     	|  10             	|  7.5042e-05     	|  7.7195e-07     	|
|  [Callback]TQDMProgressBar.on_train_epoch_end                                                                                                                   	|  7.2764e-06     	|  10             	|  7.2764e-05     	|  7.4852e-07     	|
|  [LightningModule]Mask_RCNN.on_validation_epoch_end                                                                                                             	|  6.7636e-06     	|  10             	|  6.7636e-05     	|  6.9577e-07     	|
|  [Strategy]DDPStrategy.on_validation_start                                                                                                                      	|  6.7442e-06     	|  10             	|  6.7442e-05     	|  6.9377e-07     	|
|  [LightningModule]Mask_RCNN.on_validation_end                                                                                                                   	|  4.8461e-06     	|  10             	|  4.8461e-05     	|  4.9851e-07     	|
|  [Callback]TQDMProgressBar.on_save_checkpoint                                                                                                                   	|  4.5064e-06     	|  10             	|  4.5064e-05     	|  4.6357e-07     	|
|  [Callback]LearningRateMonitor.on_train_epoch_end                                                                                                               	|  4.46e-06       	|  10             	|  4.46e-05       	|  4.588e-07      	|
|  [Callback]ModelCheckpoint{'monitor': None, 'mode': 'min', 'every_n_train_steps': 0, 'every_n_epochs': 1, 'train_time_interval': None}.on_validation_start      	|  3.9057e-06     	|  10             	|  3.9057e-05     	|  4.0178e-07     	|
|  [Strategy]DDPStrategy.on_validation_end                                                                                                                        	|  3.717e-06      	|  10             	|  3.717e-05      	|  3.8237e-07     	|
|  [Callback]ModelCheckpoint{'monitor': None, 'mode': 'min', 'every_n_train_steps': 0, 'every_n_epochs': 1, 'train_time_interval': None}.on_validation_epoch_start	|  3.5152e-06     	|  10             	|  3.5152e-05     	|  3.6161e-07     	|
|  [Callback]LearningRateMonitor.on_validation_epoch_end                                                                                                          	|  3.265e-06      	|  10             	|  3.265e-05      	|  3.3587e-07     	|
|  [Callback]ModelCheckpoint{'monitor': None, 'mode': 'min', 'every_n_train_steps': 0, 'every_n_epochs': 1, 'train_time_interval': None}.on_validation_epoch_end  	|  3.2304e-06     	|  10             	|  3.2304e-05     	|  3.3231e-07     	|
|  [Callback]COCOEvaluator.on_train_epoch_start                                                                                                                   	|  3.1523e-06     	|  10             	|  3.1523e-05     	|  3.2427e-07     	|
|  [Callback]LearningRateMonitor.on_save_checkpoint                                                                                                               	|  3.1471e-06     	|  10             	|  3.1471e-05     	|  3.2374e-07     	|
|  [Callback]ModelCheckpoint{'monitor': None, 'mode': 'min', 'every_n_train_steps': 0, 'every_n_epochs': 1, 'train_time_interval': None}.on_save_checkpoint       	|  2.6353e-06     	|  10             	|  2.6353e-05     	|  2.7109e-07     	|
|  [LightningModule]Mask_RCNN.on_train_end                                                                                                                        	|  2.5209e-05     	|  1              	|  2.5209e-05     	|  2.5932e-07     	|
|  [Callback]ModelSummary.on_validation_end                                                                                                                       	|  2.4621e-06     	|  10             	|  2.4621e-05     	|  2.5327e-07     	|
|  [Callback]COCOEvaluator.on_validation_end                                                                                                                      	|  2.4494e-06     	|  10             	|  2.4494e-05     	|  2.5197e-07     	|
|  [Callback]LearningRateMonitor.on_validation_epoch_start                                                                                                        	|  2.4288e-06     	|  10             	|  2.4288e-05     	|  2.4985e-07     	|
|  [Callback]ModelSummary.on_train_epoch_end                                                                                                                      	|  2.3952e-06     	|  10             	|  2.3952e-05     	|  2.4639e-07     	|
|  [Callback]COCOEvaluator.on_save_checkpoint                                                                                                                     	|  2.3474e-06     	|  10             	|  2.3474e-05     	|  2.4148e-07     	|
|  [Callback]COCOEvaluator.on_train_epoch_end                                                                                                                     	|  2.3469e-06     	|  10             	|  2.3469e-05     	|  2.4142e-07     	|
|  [Callback]ModelCheckpoint{'monitor': None, 'mode': 'min', 'every_n_train_steps': 0, 'every_n_epochs': 1, 'train_time_interval': None}.on_train_epoch_start     	|  2.3243e-06     	|  10             	|  2.3243e-05     	|  2.391e-07      	|
|  [Callback]ModelSummary.on_train_epoch_start                                                                                                                    	|  2.298e-06      	|  10             	|  2.298e-05      	|  2.3639e-07     	|
|  [LightningModule]Mask_RCNN.on_train_start                                                                                                                      	|  2.2152e-05     	|  1              	|  2.2152e-05     	|  2.2788e-07     	|
|  [Callback]ModelSummary.on_save_checkpoint                                                                                                                      	|  2.2027e-06     	|  10             	|  2.2027e-05     	|  2.2659e-07     	|
|  [LightningModule]Mask_RCNN.on_save_checkpoint                                                                                                                  	|  2.1691e-06     	|  10             	|  2.1691e-05     	|  2.2313e-07     	|
|  [Callback]TQDMProgressBar.setup                                                                                                                                	|  2.0694e-05     	|  1              	|  2.0694e-05     	|  2.1288e-07     	|
|  [Callback]TQDMProgressBar.on_train_end                                                                                                                         	|  1.3893e-05     	|  1              	|  1.3893e-05     	|  1.4292e-07     	|
|  [LightningModule]Mask_RCNN.configure_callbacks                                                                                                                 	|  1.3401e-05     	|  1              	|  1.3401e-05     	|  1.3786e-07     	|
|  [Callback]TQDMProgressBar.on_fit_end                                                                                                                           	|  1.0768e-05     	|  1              	|  1.0768e-05     	|  1.1077e-07     	|
|  [Callback]TQDMProgressBar.on_fit_start                                                                                                                         	|  1.0386e-05     	|  1              	|  1.0386e-05     	|  1.0684e-07     	|
|  [Callback]COCOEvaluator.on_train_start                                                                                                                         	|  8.685e-06      	|  1              	|  8.685e-06      	|  8.9342e-08     	|
|  [Callback]ModelCheckpoint{'monitor': None, 'mode': 'min', 'every_n_train_steps': 0, 'every_n_epochs': 1, 'train_time_interval': None}.on_fit_start             	|  7.438e-06      	|  1              	|  7.438e-06      	|  7.6514e-08     	|
|  [LightningModule]Mask_RCNN.configure_sharded_model                                                                                                             	|  6.907e-06      	|  1              	|  6.907e-06      	|  7.1052e-08     	|
|  [LightningModule]Mask_RCNN.on_fit_start                                                                                                                        	|  6.662e-06      	|  1              	|  6.662e-06      	|  6.8532e-08     	|
|  [Callback]ModelCheckpoint{'monitor': None, 'mode': 'min', 'every_n_train_steps': 0, 'every_n_epochs': 1, 'train_time_interval': None}.on_train_start           	|  6.136e-06      	|  1              	|  6.136e-06      	|  6.3121e-08     	|
|  [Strategy]DDPStrategy.on_train_start                                                                                                                           	|  6.102e-06      	|  1              	|  6.102e-06      	|  6.2771e-08     	|
|  [LightningModule]Mask_RCNN.prepare_data                                                                                                                        	|  5.56e-06       	|  1              	|  5.56e-06       	|  5.7195e-08     	|
|  [Callback]LearningRateMonitor.setup                                                                                                                            	|  5.36e-06       	|  1              	|  5.36e-06       	|  5.5138e-08     	|
|  [Callback]TQDMProgressBar.teardown                                                                                                                             	|  5.304e-06      	|  1              	|  5.304e-06      	|  5.4562e-08     	|
|  [LightningModule]Mask_RCNN.setup                                                                                                                               	|  4.597e-06      	|  1              	|  4.597e-06      	|  4.7289e-08     	|
|  [Callback]LearningRateMonitor.on_fit_end                                                                                                                       	|  4.057e-06      	|  1              	|  4.057e-06      	|  4.1734e-08     	|
|  [Callback]LearningRateMonitor.teardown                                                                                                                         	|  3.987e-06      	|  1              	|  3.987e-06      	|  4.1014e-08     	|
|  [LightningDataModule]COCODataModule.teardown                                                                                                                   	|  3.924e-06      	|  1              	|  3.924e-06      	|  4.0366e-08     	|
|  [Callback]ModelCheckpoint{'monitor': None, 'mode': 'min', 'every_n_train_steps': 0, 'every_n_epochs': 1, 'train_time_interval': None}.on_fit_end               	|  3.724e-06      	|  1              	|  3.724e-06      	|  3.8309e-08     	|
|  [Callback]ModelCheckpoint{'monitor': None, 'mode': 'min', 'every_n_train_steps': 0, 'every_n_epochs': 1, 'train_time_interval': None}.teardown                 	|  3.702e-06      	|  1              	|  3.702e-06      	|  3.8082e-08     	|
|  [Callback]LearningRateMonitor.on_train_end                                                                                                                     	|  3.297e-06      	|  1              	|  3.297e-06      	|  3.3916e-08     	|
|  [LightningModule]Mask_RCNN.on_fit_end                                                                                                                          	|  3.259e-06      	|  1              	|  3.259e-06      	|  3.3525e-08     	|
|  [Callback]COCOEvaluator.teardown                                                                                                                               	|  3.043e-06      	|  1              	|  3.043e-06      	|  3.1303e-08     	|
|  [Callback]ModelSummary.teardown                                                                                                                                	|  3.022e-06      	|  1              	|  3.022e-06      	|  3.1087e-08     	|
|  [Callback]COCOEvaluator.on_fit_start                                                                                                                           	|  2.969e-06      	|  1              	|  2.969e-06      	|  3.0542e-08     	|
|  [Callback]COCOEvaluator.on_fit_end                                                                                                                             	|  2.947e-06      	|  1              	|  2.947e-06      	|  3.0316e-08     	|
|  [Callback]COCOEvaluator.setup                                                                                                                                  	|  2.94e-06       	|  1              	|  2.94e-06       	|  3.0244e-08     	|
|  [Callback]LearningRateMonitor.on_fit_start                                                                                                                     	|  2.936e-06      	|  1              	|  2.936e-06      	|  3.0202e-08     	|
|  [Callback]ModelSummary.on_fit_end                                                                                                                              	|  2.842e-06      	|  1              	|  2.842e-06      	|  2.9235e-08     	|
|  [LightningModule]Mask_RCNN.teardown                                                                                                                            	|  2.645e-06      	|  1              	|  2.645e-06      	|  2.7209e-08     	|
|  [Callback]ModelSummary.on_train_start                                                                                                                          	|  2.622e-06      	|  1              	|  2.622e-06      	|  2.6972e-08     	|
|  [Strategy]DDPStrategy.on_train_end                                                                                                                             	|  2.46e-06       	|  1              	|  2.46e-06       	|  2.5306e-08     	|
|  [Callback]ModelSummary.on_train_end                                                                                                                            	|  2.407e-06      	|  1              	|  2.407e-06      	|  2.4761e-08     	|
|  [Callback]ModelCheckpoint{'monitor': None, 'mode': 'min', 'every_n_train_steps': 0, 'every_n_epochs': 1, 'train_time_interval': None}.on_train_end             	|  2.4e-06        	|  1              	|  2.4e-06        	|  2.4689e-08     	|
|  [Callback]ModelSummary.setup                                                                                                                                   	|  2.331e-06      	|  1              	|  2.331e-06      	|  2.3979e-08     	|
|  [Callback]COCOEvaluator.on_train_end                                                                                                                           	|  2.308e-06      	|  1              	|  2.308e-06      	|  2.3742e-08     	|
--------------------------------------------------------------------------------------------------------------------------------------------------------------------------------------------------------------------------------------------------------------------------

wandb: Waiting for W&B process to finish... (success).
wandb: - 0.035 MB of 0.035 MB uploaded (0.000 MB deduped)wandb: \ 0.035 MB of 0.035 MB uploaded (0.000 MB deduped)wandb: | 0.035 MB of 0.035 MB uploaded (0.000 MB deduped)wandb: / 0.035 MB of 0.035 MB uploaded (0.000 MB deduped)wandb: - 0.035 MB of 0.035 MB uploaded (0.000 MB deduped)wandb: \ 0.035 MB of 0.035 MB uploaded (0.000 MB deduped)wandb: | 0.035 MB of 0.035 MB uploaded (0.000 MB deduped)wandb: / 0.035 MB of 0.035 MB uploaded (0.000 MB deduped)wandb: 🚀 View run multi-p3.16xlarge-2 at: https://wandb.ai/ilhamsyahids/MaskRCNN/runs/34te5kr6
wandb: Synced 6 W&B file(s), 1 media file(s), 2 artifact file(s) and 0 other file(s)
wandb: Find logs at: logs/wandb/run-20230529_133727-34te5kr6/logs
