Building logger...
Building DataModule...
Building callback...
Building model...
Training model...
Loading dataset...
loading annotations into memory...
Done (t=17.90s)
creating index...
index created!
loading annotations into memory...
Done (t=0.61s)
creating index...
index created!
Building training dataloader...
Using [0, 0.5, 0.7071067811865476, 1.0, 1.4142135623730951, 2.0, inf] as bins for aspect ratio quantization
Count of instances per bin: [  104 12004 15546 45675 42779  1158]
Building logger...
Building DataModule...
Building callback...
Building model...
Training model...
Loading dataset...
loading annotations into memory...
Done (t=18.05s)
creating index...
index created!
loading annotations into memory...
Done (t=0.60s)
creating index...
index created!
Building training dataloader...
Using [0, 0.5, 0.7071067811865476, 1.0, 1.4142135623730951, 2.0, inf] as bins for aspect ratio quantization
Count of instances per bin: [  104 12004 15546 45675 42779  1158]
Building logger...
Building DataModule...
Building callback...
Building model...
Training model...
Loading dataset...
loading annotations into memory...
Done (t=17.82s)
creating index...
index created!
loading annotations into memory...
Done (t=0.59s)
creating index...
index created!
Building training dataloader...
Using [0, 0.5, 0.7071067811865476, 1.0, 1.4142135623730951, 2.0, inf] as bins for aspect ratio quantization
Count of instances per bin: [  104 12004 15546 45675 42779  1158]
Building logger...
Building DataModule...
Building callback...
Building model...
Training model...
Loading dataset...
loading annotations into memory...
Done (t=17.79s)
creating index...
index created!
loading annotations into memory...
Done (t=2.61s)
creating index...
index created!
Building training dataloader...
Using [0, 0.5, 0.7071067811865476, 1.0, 1.4142135623730951, 2.0, inf] as bins for aspect ratio quantization
Count of instances per bin: [  104 12004 15546 45675 42779  1158]
Building logger...
Building DataModule...
Building callback...
Building model...
Training model...
Loading dataset...
loading annotations into memory...
Done (t=18.18s)
creating index...
index created!
loading annotations into memory...
Done (t=0.62s)
creating index...
index created!
Building training dataloader...
Using [0, 0.5, 0.7071067811865476, 1.0, 1.4142135623730951, 2.0, inf] as bins for aspect ratio quantization
Count of instances per bin: [  104 12004 15546 45675 42779  1158]
Building logger...
Building DataModule...
Building callback...
Building model...
Training model...
Loading dataset...
loading annotations into memory...
Done (t=17.93s)
creating index...
index created!
loading annotations into memory...
Done (t=0.60s)
creating index...
index created!
Building training dataloader...
Using [0, 0.5, 0.7071067811865476, 1.0, 1.4142135623730951, 2.0, inf] as bins for aspect ratio quantization
Count of instances per bin: [  104 12004 15546 45675 42779  1158]
Building logger...
Building DataModule...
Building callback...
Building model...
Training model...
Loading dataset...
loading annotations into memory...
Done (t=17.18s)
creating index...
index created!
loading annotations into memory...
Done (t=0.61s)
creating index...
index created!
Building training dataloader...
Using [0, 0.5, 0.7071067811865476, 1.0, 1.4142135623730951, 2.0, inf] as bins for aspect ratio quantization
Count of instances per bin: [  104 12004 15546 45675 42779  1158]
Building logger...
Building DataModule...
Building callback...
Building model...
Training model...
Loading dataset...
loading annotations into memory...
Done (t=17.80s)
creating index...
index created!
loading annotations into memory...
Done (t=0.58s)
creating index...
index created!
Building training dataloader...
Using [0, 0.5, 0.7071067811865476, 1.0, 1.4142135623730951, 2.0, inf] as bins for aspect ratio quantization
Count of instances per bin: [  104 12004 15546 45675 42779  1158]
Building validation dataloader...
Building validation dataloader...
Building validation dataloader...
Building validation dataloader...
Building validation dataloader...
Building validation dataloader...
Building validation dataloader...
Building validation dataloader...
Accumulating evaluation results...
DONE (t=8.38s).
Accumulating evaluation results...
DONE (t=8.44s).
Accumulating evaluation results...
DONE (t=8.46s).
Accumulating evaluation results...
DONE (t=8.47s).
Accumulating evaluation results...
DONE (t=8.67s).
Accumulating evaluation results...
DONE (t=8.84s).
Accumulating evaluation results...
DONE (t=8.49s).
Accumulating evaluation results...
DONE (t=8.36s).
Accumulating evaluation results...
DONE (t=8.63s).
Accumulating evaluation results...
DONE (t=8.64s).
Accumulating evaluation results...
DONE (t=8.37s).
Accumulating evaluation results...
DONE (t=8.59s).
Accumulating evaluation results...
DONE (t=8.76s).
Accumulating evaluation results...
DONE (t=8.85s).
Accumulating evaluation results...
DONE (t=8.30s).
Accumulating evaluation results...
DONE (t=8.43s).
Accumulating evaluation results...
DONE (t=7.65s).
Accumulating evaluation results...
DONE (t=7.41s).
Accumulating evaluation results...
DONE (t=7.68s).
Accumulating evaluation results...
DONE (t=7.76s).
Accumulating evaluation results...
DONE (t=7.63s).
Accumulating evaluation results...
DONE (t=7.41s).
Accumulating evaluation results...
DONE (t=7.64s).
Accumulating evaluation results...
DONE (t=7.81s).
Accumulating evaluation results...
DONE (t=7.87s).
Accumulating evaluation results...
DONE (t=8.08s).
Accumulating evaluation results...
DONE (t=7.58s).
Accumulating evaluation results...
DONE (t=7.49s).
Accumulating evaluation results...
DONE (t=7.52s).
Accumulating evaluation results...
DONE (t=7.75s).
Accumulating evaluation results...
DONE (t=7.62s).
Accumulating evaluation results...
DONE (t=7.63s).
Accumulating evaluation results...
DONE (t=8.26s).
Accumulating evaluation results...
DONE (t=8.40s).
Accumulating evaluation results...
DONE (t=8.25s).
Accumulating evaluation results...
DONE (t=8.22s).
Accumulating evaluation results...
DONE (t=8.69s).
Accumulating evaluation results...
DONE (t=8.35s).
Accumulating evaluation results...
DONE (t=8.46s).
Accumulating evaluation results...
DONE (t=8.19s).
Accumulating evaluation results...
DONE (t=12.80s).
Accumulating evaluation results...
DONE (t=8.27s).
Accumulating evaluation results...
DONE (t=8.31s).
Accumulating evaluation results...
DONE (t=8.25s).
Accumulating evaluation results...
DONE (t=8.71s).
Accumulating evaluation results...
DONE (t=8.48s).
Accumulating evaluation results...
DONE (t=9.54s).
Accumulating evaluation results...
DONE (t=9.38s).
Accumulating evaluation results...
DONE (t=7.72s).
Accumulating evaluation results...
DONE (t=7.65s).
Accumulating evaluation results...
DONE (t=7.57s).
Accumulating evaluation results...
DONE (t=7.42s).
Accumulating evaluation results...
DONE (t=7.81s).
Accumulating evaluation results...
DONE (t=7.71s).
Accumulating evaluation results...
DONE (t=7.70s).
Accumulating evaluation results...
DONE (t=7.67s).
Accumulating evaluation results...
DONE (t=7.89s).
Accumulating evaluation results...
DONE (t=7.96s).
Accumulating evaluation results...
DONE (t=8.05s).
Accumulating evaluation results...
DONE (t=8.00s).
Accumulating evaluation results...
DONE (t=7.55s).
Accumulating evaluation results...
DONE (t=7.44s).
Accumulating evaluation results...
DONE (t=7.87s).
Accumulating evaluation results...
DONE (t=7.62s).
Accumulating evaluation results...
DONE (t=6.52s).
Accumulating evaluation results...
DONE (t=6.28s).
Accumulating evaluation results...
DONE (t=6.51s).
Accumulating evaluation results...
DONE (t=6.30s).
Accumulating evaluation results...
DONE (t=6.66s).
Accumulating evaluation results...
DONE (t=6.33s).
Accumulating evaluation results...
DONE (t=6.59s).
Accumulating evaluation results...
DONE (t=6.32s).
Accumulating evaluation results...
DONE (t=6.66s).
Accumulating evaluation results...
DONE (t=6.50s).
Accumulating evaluation results...
DONE (t=6.87s).
Accumulating evaluation results...
DONE (t=6.32s).
Accumulating evaluation results...
DONE (t=6.37s).
Accumulating evaluation results...
DONE (t=6.37s).
Accumulating evaluation results...
DONE (t=6.67s).
Accumulating evaluation results...
DONE (t=6.42s).
Accumulating evaluation results...
DONE (t=6.81s).
Accumulating evaluation results...
DONE (t=6.61s).
Accumulating evaluation results...
DONE (t=6.80s).
Accumulating evaluation results...
DONE (t=6.79s).
Accumulating evaluation results...
DONE (t=6.88s).
Accumulating evaluation results...
DONE (t=6.64s).
Accumulating evaluation results...
DONE (t=6.97s).
Accumulating evaluation results...
DONE (t=6.83s).
Accumulating evaluation results...
DONE (t=7.07s).
Accumulating evaluation results...
DONE (t=6.94s).
Accumulating evaluation results...
DONE (t=6.80s).
Accumulating evaluation results...
DONE (t=6.63s).
Accumulating evaluation results...
DONE (t=7.23s).
Accumulating evaluation results...
DONE (t=7.09s).
Accumulating evaluation results...
DONE (t=7.72s).
Accumulating evaluation results...
DONE (t=7.02s).
Accumulating evaluation results...
DONE (t=7.13s).
Accumulating evaluation results...
DONE (t=6.94s).
Accumulating evaluation results...
DONE (t=6.88s).
Accumulating evaluation results...
DONE (t=6.85s).
Accumulating evaluation results...
DONE (t=6.88s).
Accumulating evaluation results...
DONE (t=6.74s).
Accumulating evaluation results...
DONE (t=7.08s).
Accumulating evaluation results...
DONE (t=7.02s).
Accumulating evaluation results...
DONE (t=7.26s).
Accumulating evaluation results...
DONE (t=6.88s).
Accumulating evaluation results...
DONE (t=7.05s).
Accumulating evaluation results...
DONE (t=6.83s).
Accumulating evaluation results...
DONE (t=7.23s).
Accumulating evaluation results...
DONE (t=7.25s).
Accumulating evaluation results...
DONE (t=6.99s).
Accumulating evaluation results...
DONE (t=6.73s).
Accumulating evaluation results...
DONE (t=6.96s).
Accumulating evaluation results...
DONE (t=6.98s).
Accumulating evaluation results...
DONE (t=7.30s).
Accumulating evaluation results...
DONE (t=7.36s).
Accumulating evaluation results...
DONE (t=7.44s).
Accumulating evaluation results...
DONE (t=7.06s).
Accumulating evaluation results...
DONE (t=7.22s).
Accumulating evaluation results...
DONE (t=6.86s).
Accumulating evaluation results...
DONE (t=7.22s).
Accumulating evaluation results...
DONE (t=6.98s).
Accumulating evaluation results...
DONE (t=7.15s).
Accumulating evaluation results...
DONE (t=6.79s).
Accumulating evaluation results...
DONE (t=6.90s).
Accumulating evaluation results...
DONE (t=6.79s).
Accumulating evaluation results...
DONE (t=7.18s).
Accumulating evaluation results...
DONE (t=6.80s).
Accumulating evaluation results...
DONE (t=7.39s).
Accumulating evaluation results...
DONE (t=7.40s).
Accumulating evaluation results...
DONE (t=7.18s).
Accumulating evaluation results...
DONE (t=7.15s).
Accumulating evaluation results...
DONE (t=7.34s).
Accumulating evaluation results...
DONE (t=7.06s).
Accumulating evaluation results...
DONE (t=7.78s).
Accumulating evaluation results...
DONE (t=7.52s).
Accumulating evaluation results...
DONE (t=7.09s).
Accumulating evaluation results...
DONE (t=7.17s).
Accumulating evaluation results...
DONE (t=7.55s).
Accumulating evaluation results...
DONE (t=7.09s).
Accumulating evaluation results...
DONE (t=7.14s).
Accumulating evaluation results...
DONE (t=7.14s).
Accumulating evaluation results...
DONE (t=7.35s).
Accumulating evaluation results...
DONE (t=7.07s).
Accumulating evaluation results...
DONE (t=6.90s).
Accumulating evaluation results...
DONE (t=6.74s).
Accumulating evaluation results...
DONE (t=6.74s).
Accumulating evaluation results...
DONE (t=6.75s).
Accumulating evaluation results...
DONE (t=6.87s).
Accumulating evaluation results...
DONE (t=6.67s).
Accumulating evaluation results...
DONE (t=6.84s).
Accumulating evaluation results...
DONE (t=6.75s).
Accumulating evaluation results...
DONE (t=6.74s).
Accumulating evaluation results...
DONE (t=6.59s).
Accumulating evaluation results...
DONE (t=6.72s).
Accumulating evaluation results...
DONE (t=6.68s).
Accumulating evaluation results...
DONE (t=6.95s).
Accumulating evaluation results...
DONE (t=6.77s).
Accumulating evaluation results...
DONE (t=6.81s).
Accumulating evaluation results...
DONE (t=6.81s).
