wandb: Currently logged in as: ilhamsyahids. Use `wandb login --relogin` to force relogin
wandb: wandb version 0.15.3 is available!  To upgrade, please run:
wandb:  $ pip install wandb --upgrade
wandb: Tracking run with wandb version 0.14.0
wandb: Run data is saved locally in logs/wandb/run-20230529_111857-fs8vwmtx
wandb: Run `wandb offline` to turn off syncing.
wandb: Syncing run multi-p3.16xlarge-2
wandb: ⭐️ View project at https://wandb.ai/ilhamsyahids/MaskRCNN
wandb: 🚀 View run at https://wandb.ai/ilhamsyahids/MaskRCNN/runs/fs8vwmtx
wandb: logging graph, to disable use `wandb.watch(log_graph=False)`
/opt/conda/envs/ray/lib/python3.8/site-packages/lightning_fabric/connector.py:562: UserWarning: 16 is supported for historical reasons but its usage is discouraged. Please set your precision to 16-mixed instead!
  rank_zero_warn(
Using 16bit Automatic Mixed Precision (AMP)
Initializing distributed: GLOBAL_RANK: 8, MEMBER: 9/16
Initializing distributed: GLOBAL_RANK: 11, MEMBER: 12/16
Initializing distributed: GLOBAL_RANK: 9, MEMBER: 10/16
Initializing distributed: GLOBAL_RANK: 15, MEMBER: 16/16
Initializing distributed: GLOBAL_RANK: 13, MEMBER: 14/16
Initializing distributed: GLOBAL_RANK: 14, MEMBER: 15/16
Initializing distributed: GLOBAL_RANK: 10, MEMBER: 11/16
Initializing distributed: GLOBAL_RANK: 12, MEMBER: 13/16
LOCAL_RANK: 4 - CUDA_VISIBLE_DEVICES: [0,1,2,3,4,5,6,7]
LOCAL_RANK: 7 - CUDA_VISIBLE_DEVICES: [0,1,2,3,4,5,6,7]
LOCAL_RANK: 2 - CUDA_VISIBLE_DEVICES: [0,1,2,3,4,5,6,7]
LOCAL_RANK: 3 - CUDA_VISIBLE_DEVICES: [0,1,2,3,4,5,6,7]
LOCAL_RANK: 5 - CUDA_VISIBLE_DEVICES: [0,1,2,3,4,5,6,7]
LOCAL_RANK: 1 - CUDA_VISIBLE_DEVICES: [0,1,2,3,4,5,6,7]
LOCAL_RANK: 6 - CUDA_VISIBLE_DEVICES: [0,1,2,3,4,5,6,7]
LOCAL_RANK: 0 - CUDA_VISIBLE_DEVICES: [0,1,2,3,4,5,6,7]
FIT Profiler Report

--------------------------------------------------------------------------------------------------------------------------------------------------------------------------------------------------------------------------------------------------------------------------
|  Action                                                                                                                                                         	|  Mean duration (s)	|  Num calls      	|  Total time (s) 	|  Percentage %   	|
--------------------------------------------------------------------------------------------------------------------------------------------------------------------------------------------------------------------------------------------------------------------------
|  Total                                                                                                                                                          	|  -              	|  447416         	|  7880.7         	|  100 %          	|
--------------------------------------------------------------------------------------------------------------------------------------------------------------------------------------------------------------------------------------------------------------------------
|  run_training_epoch                                                                                                                                             	|  779.26         	|  10             	|  7792.6         	|  98.881         	|
|  run_training_batch                                                                                                                                             	|  0.6847         	|  9160           	|  6271.8         	|  79.585         	|
|  [LightningModule]Mask_RCNN.optimizer_step                                                                                                                      	|  0.68457        	|  9160           	|  6270.6         	|  79.569         	|
|  [Strategy]DDPStrategy.training_step                                                                                                                            	|  0.30624        	|  9160           	|  2805.2         	|  35.595         	|
|  [Strategy]DDPStrategy.backward                                                                                                                                 	|  0.096954       	|  9160           	|  888.1          	|  11.269         	|
|  [Callback]COCOEvaluator.on_validation_epoch_end                                                                                                                	|  33.76          	|  10             	|  337.6          	|  4.2839         	|
|  [Strategy]DDPStrategy.validation_step                                                                                                                          	|  0.70688        	|  400            	|  282.75         	|  3.5879         	|
|  [Callback]COCOEvaluator.on_validation_batch_end                                                                                                                	|  0.5085         	|  400            	|  203.4          	|  2.581          	|
|  [_TrainingEpochLoop].train_dataloader_next                                                                                                                     	|  0.021921       	|  9160           	|  200.79         	|  2.5479         	|
|  [Strategy]DDPStrategy.batch_to_device                                                                                                                          	|  0.012387       	|  9560           	|  118.42         	|  1.5027         	|
|  [LightningModule]Mask_RCNN.transfer_batch_to_device                                                                                                            	|  0.012213       	|  9560           	|  116.75         	|  1.4815         	|
|  [LightningModule]Mask_RCNN.on_before_optimizer_step                                                                                                            	|  0.0077079      	|  9160           	|  70.605         	|  0.89592        	|
|  [Callback]COCOEvaluator.on_validation_start                                                                                                                    	|  5.4758         	|  10             	|  54.758         	|  0.69484        	|
|  [Callback]ModelCheckpoint{'monitor': None, 'mode': 'min', 'every_n_train_steps': 0, 'every_n_epochs': 1, 'train_time_interval': None}.on_train_epoch_end       	|  3.0712         	|  10             	|  30.712         	|  0.38971        	|
|  [LightningDataModule]COCODataModule.setup                                                                                                                      	|  23.397         	|  1              	|  23.397         	|  0.29688        	|
|  [Callback]COCOEvaluator.on_validation_epoch_start                                                                                                              	|  2.0698         	|  10             	|  20.698         	|  0.26264        	|
|  [_EvaluationLoop].val_next                                                                                                                                     	|  0.021727       	|  400            	|  8.6907         	|  0.11028        	|
|  [LightningModule]Mask_RCNN.on_train_epoch_end                                                                                                                  	|  0.71403        	|  10             	|  7.1403         	|  0.090605       	|
|  [LightningModule]Mask_RCNN.optimizer_zero_grad                                                                                                                 	|  0.00067291     	|  9160           	|  6.1639         	|  0.078215       	|
|  [Callback]ModelCheckpoint{'monitor': None, 'mode': 'min', 'every_n_train_steps': 0, 'every_n_epochs': 1, 'train_time_interval': None}.setup                    	|  1.347          	|  1              	|  1.347          	|  0.017093       	|
|  [LightningModule]Mask_RCNN.configure_gradient_clipping                                                                                                         	|  4.3812e-05     	|  9160           	|  0.40132        	|  0.0050924      	|
|  [Callback]ModelCheckpoint{'monitor': None, 'mode': 'min', 'every_n_train_steps': 0, 'every_n_epochs': 1, 'train_time_interval': None}.on_train_batch_end       	|  3.2657e-05     	|  9160           	|  0.29914        	|  0.0037958      	|
|  [LightningDataModule]COCODataModule.train_dataloader                                                                                                           	|  0.20553        	|  1              	|  0.20553        	|  0.0026081      	|
|  [LightningModule]Mask_RCNN.on_validation_model_eval                                                                                                            	|  0.013978       	|  10             	|  0.13978        	|  0.0017737      	|
|  [Callback]LearningRateMonitor.on_train_batch_start                                                                                                             	|  1.1602e-05     	|  9160           	|  0.10627        	|  0.0013485      	|
|  [Callback]TQDMProgressBar.on_train_batch_end                                                                                                                   	|  1.1433e-05     	|  9160           	|  0.10473        	|  0.0013289      	|
|  [Callback]TQDMProgressBar.on_after_backward                                                                                                                    	|  9.6746e-06     	|  9160           	|  0.08862        	|  0.0011245      	|
|  [Callback]TQDMProgressBar.on_train_batch_start                                                                                                                 	|  8.3219e-06     	|  9160           	|  0.076228       	|  0.00096728     	|
|  [Callback]TQDMProgressBar.on_before_optimizer_step                                                                                                             	|  5.9324e-06     	|  9160           	|  0.054341       	|  0.00068954     	|
|  [Callback]TQDMProgressBar.on_before_zero_grad                                                                                                                  	|  5.6689e-06     	|  9160           	|  0.051927       	|  0.00065891     	|
|  [Callback]TQDMProgressBar.on_before_backward                                                                                                                   	|  4.9626e-06     	|  9160           	|  0.045457       	|  0.00057682     	|
|  [LightningModule]Mask_RCNN.on_before_batch_transfer                                                                                                            	|  4.2554e-06     	|  9560           	|  0.040682       	|  0.00051622     	|
|  [LightningModule]Mask_RCNN.on_after_batch_transfer                                                                                                             	|  4.1124e-06     	|  9560           	|  0.039315       	|  0.00049888     	|
|  [LightningModule]Mask_RCNN.on_after_backward                                                                                                                   	|  4.1978e-06     	|  9160           	|  0.038452       	|  0.00048793     	|
|  [Callback]LearningRateMonitor.on_train_batch_end                                                                                                               	|  3.4963e-06     	|  9160           	|  0.032026       	|  0.00040639     	|
|  [LightningModule]Mask_RCNN.on_train_batch_start                                                                                                                	|  3.4188e-06     	|  9160           	|  0.031316       	|  0.00039738     	|
|  [LightningModule]Mask_RCNN.on_before_zero_grad                                                                                                                 	|  3.3212e-06     	|  9160           	|  0.030422       	|  0.00038603     	|
|  [LightningModule]Mask_RCNN.on_train_batch_end                                                                                                                  	|  3.1199e-06     	|  9160           	|  0.028578       	|  0.00036263     	|
|  [Callback]LearningRateMonitor.on_after_backward                                                                                                                	|  2.9061e-06     	|  9160           	|  0.02662        	|  0.00033778     	|
|  [LightningModule]Mask_RCNN.on_before_backward                                                                                                                  	|  2.7628e-06     	|  9160           	|  0.025307       	|  0.00032113     	|
|  [Callback]ModelSummary.on_fit_start                                                                                                                            	|  0.024671       	|  1              	|  0.024671       	|  0.00031305     	|
|  [Callback]LearningRateMonitor.on_before_optimizer_step                                                                                                         	|  2.6926e-06     	|  9160           	|  0.024664       	|  0.00031297     	|
|  [Callback]ModelCheckpoint{'monitor': None, 'mode': 'min', 'every_n_train_steps': 0, 'every_n_epochs': 1, 'train_time_interval': None}.on_train_batch_start     	|  2.6695e-06     	|  9160           	|  0.024452       	|  0.00031028     	|
|  [Callback]ModelCheckpoint{'monitor': None, 'mode': 'min', 'every_n_train_steps': 0, 'every_n_epochs': 1, 'train_time_interval': None}.on_after_backward        	|  2.6565e-06     	|  9160           	|  0.024333       	|  0.00030877     	|
|  [Callback]ModelCheckpoint{'monitor': None, 'mode': 'min', 'every_n_train_steps': 0, 'every_n_epochs': 1, 'train_time_interval': None}.on_before_zero_grad      	|  2.6242e-06     	|  9160           	|  0.024038       	|  0.00030502     	|
|  [Callback]COCOEvaluator.on_train_batch_start                                                                                                                   	|  2.5911e-06     	|  9160           	|  0.023735       	|  0.00030118     	|
|  [Callback]ModelCheckpoint{'monitor': None, 'mode': 'min', 'every_n_train_steps': 0, 'every_n_epochs': 1, 'train_time_interval': None}.on_before_optimizer_step 	|  2.5641e-06     	|  9160           	|  0.023488       	|  0.00029804     	|
|  [Strategy]DDPStrategy.on_train_batch_start                                                                                                                     	|  2.559e-06      	|  9160           	|  0.02344        	|  0.00029744     	|
|  [Callback]LearningRateMonitor.on_before_zero_grad                                                                                                              	|  2.4893e-06     	|  9160           	|  0.022802       	|  0.00028934     	|
|  [Callback]COCOEvaluator.on_after_backward                                                                                                                      	|  2.4508e-06     	|  9160           	|  0.02245        	|  0.00028487     	|
|  [Callback]LearningRateMonitor.on_before_backward                                                                                                               	|  2.3897e-06     	|  9160           	|  0.02189        	|  0.00027776     	|
|  [Callback]COCOEvaluator.on_before_optimizer_step                                                                                                               	|  2.3583e-06     	|  9160           	|  0.021602       	|  0.00027411     	|
|  [Callback]ModelSummary.on_before_optimizer_step                                                                                                                	|  2.3516e-06     	|  9160           	|  0.021541       	|  0.00027334     	|
|  [Callback]ModelSummary.on_after_backward                                                                                                                       	|  2.3285e-06     	|  9160           	|  0.021329       	|  0.00027065     	|
|  [Callback]ModelCheckpoint{'monitor': None, 'mode': 'min', 'every_n_train_steps': 0, 'every_n_epochs': 1, 'train_time_interval': None}.on_before_backward       	|  2.3152e-06     	|  9160           	|  0.021207       	|  0.0002691      	|
|  [Callback]ModelSummary.on_train_batch_start                                                                                                                    	|  2.2855e-06     	|  9160           	|  0.020936       	|  0.00026566     	|
|  [Callback]COCOEvaluator.on_train_batch_end                                                                                                                     	|  2.2755e-06     	|  9160           	|  0.020844       	|  0.00026449     	|
|  [Callback]ModelSummary.on_train_batch_end                                                                                                                      	|  2.2401e-06     	|  9160           	|  0.020519       	|  0.00026037     	|
|  [Callback]COCOEvaluator.on_before_backward                                                                                                                     	|  2.2065e-06     	|  9160           	|  0.020212       	|  0.00025647     	|
|  [Callback]COCOEvaluator.on_before_zero_grad                                                                                                                    	|  2.2005e-06     	|  9160           	|  0.020157       	|  0.00025578     	|
|  [Callback]ModelSummary.on_before_zero_grad                                                                                                                     	|  2.1122e-06     	|  9160           	|  0.019348       	|  0.00024551     	|
|  [Callback]ModelSummary.on_before_backward                                                                                                                      	|  2.0801e-06     	|  9160           	|  0.019054       	|  0.00024178     	|
|  [LightningModule]Mask_RCNN.on_validation_model_train                                                                                                           	|  0.0017114      	|  10             	|  0.017114       	|  0.00021717     	|
|  [Callback]TQDMProgressBar.on_validation_batch_end                                                                                                              	|  1.8961e-05     	|  400            	|  0.0075845      	|  9.6241e-05     	|
|  [Callback]TQDMProgressBar.on_validation_start                                                                                                                  	|  0.0007289      	|  10             	|  0.007289       	|  9.2491e-05     	|
|  [Callback]TQDMProgressBar.on_validation_batch_start                                                                                                            	|  1.6088e-05     	|  400            	|  0.0064353      	|  8.1659e-05     	|
|  [Callback]TQDMProgressBar.on_validation_end                                                                                                                    	|  0.00058109     	|  10             	|  0.0058109      	|  7.3736e-05     	|
|  [Callback]ModelSummary.on_validation_batch_end                                                                                                                 	|  1.1178e-05     	|  400            	|  0.0044713      	|  5.6737e-05     	|
|  [LightningModule]Mask_RCNN.configure_optimizers                                                                                                                	|  0.0040241      	|  1              	|  0.0040241      	|  5.1062e-05     	|
|  [Callback]LearningRateMonitor.on_validation_batch_start                                                                                                        	|  5.839e-06      	|  400            	|  0.0023356      	|  2.9637e-05     	|
|  [LightningModule]Mask_RCNN.on_validation_batch_end                                                                                                             	|  4.7693e-06     	|  400            	|  0.0019077      	|  2.4207e-05     	|
|  [Callback]LearningRateMonitor.on_validation_batch_end                                                                                                          	|  4.5411e-06     	|  400            	|  0.0018164      	|  2.3049e-05     	|
|  [Callback]ModelCheckpoint{'monitor': None, 'mode': 'min', 'every_n_train_steps': 0, 'every_n_epochs': 1, 'train_time_interval': None}.on_validation_batch_end  	|  3.3523e-06     	|  400            	|  0.0013409      	|  1.7015e-05     	|
|  [LightningModule]Mask_RCNN.lr_scheduler_step                                                                                                                   	|  0.00013374     	|  10             	|  0.0013374      	|  1.6971e-05     	|
|  [LightningModule]Mask_RCNN.on_validation_batch_start                                                                                                           	|  3.1139e-06     	|  400            	|  0.0012456      	|  1.5805e-05     	|
|  [Callback]ModelCheckpoint{'monitor': None, 'mode': 'min', 'every_n_train_steps': 0, 'every_n_epochs': 1, 'train_time_interval': None}.on_validation_batch_start	|  2.7534e-06     	|  400            	|  0.0011014      	|  1.3976e-05     	|
|  [Callback]ModelCheckpoint{'monitor': None, 'mode': 'min', 'every_n_train_steps': 0, 'every_n_epochs': 1, 'train_time_interval': None}.on_validation_end        	|  0.00010184     	|  10             	|  0.0010184      	|  1.2923e-05     	|
|  [Callback]COCOEvaluator.on_validation_batch_start                                                                                                              	|  2.4923e-06     	|  400            	|  0.00099692     	|  1.265e-05      	|
|  [LightningDataModule]COCODataModule.val_dataloader                                                                                                             	|  0.00096235     	|  1              	|  0.00096235     	|  1.2211e-05     	|
|  [Callback]ModelSummary.on_validation_batch_start                                                                                                               	|  2.3871e-06     	|  400            	|  0.00095482     	|  1.2116e-05     	|
|  [LightningModule]Mask_RCNN.on_validation_epoch_start                                                                                                           	|  7.9667e-05     	|  10             	|  0.00079667     	|  1.0109e-05     	|
|  [Callback]TQDMProgressBar.on_train_start                                                                                                                       	|  0.00065295     	|  1              	|  0.00065295     	|  8.2854e-06     	|
|  [Callback]TQDMProgressBar.on_train_epoch_start                                                                                                                 	|  5.6582e-05     	|  10             	|  0.00056582     	|  7.1799e-06     	|
|  [Callback]ModelSummary.on_validation_start                                                                                                                     	|  4.7609e-05     	|  10             	|  0.00047609     	|  6.0412e-06     	|
|  [Callback]ModelSummary.on_validation_epoch_start                                                                                                               	|  4.3782e-05     	|  10             	|  0.00043782     	|  5.5556e-06     	|
|  [Callback]LearningRateMonitor.on_train_epoch_start                                                                                                             	|  2.1038e-05     	|  10             	|  0.00021038     	|  2.6695e-06     	|
|  [Callback]ModelSummary.on_validation_epoch_end                                                                                                                 	|  1.7199e-05     	|  10             	|  0.00017199     	|  2.1824e-06     	|
|  [Callback]LearningRateMonitor.on_validation_start                                                                                                              	|  1.5973e-05     	|  10             	|  0.00015973     	|  2.0268e-06     	|
|  [Callback]TQDMProgressBar.on_validation_epoch_end                                                                                                              	|  1.2091e-05     	|  10             	|  0.00012091     	|  1.5342e-06     	|
|  [LightningDataModule]COCODataModule.state_dict                                                                                                                 	|  1.1137e-05     	|  10             	|  0.00011137     	|  1.4132e-06     	|
|  [LightningModule]Mask_RCNN.on_train_epoch_start                                                                                                                	|  1.0672e-05     	|  10             	|  0.00010672     	|  1.3542e-06     	|
|  [Callback]LearningRateMonitor.on_train_start                                                                                                                   	|  9.9033e-05     	|  1              	|  9.9033e-05     	|  1.2567e-06     	|
|  [LightningModule]Mask_RCNN.on_validation_start                                                                                                                 	|  8.8443e-06     	|  10             	|  8.8443e-05     	|  1.1223e-06     	|
|  [Callback]TQDMProgressBar.on_validation_epoch_start                                                                                                            	|  7.5008e-06     	|  10             	|  7.5008e-05     	|  9.5179e-07     	|
|  [Callback]LearningRateMonitor.on_validation_end                                                                                                                	|  7.2136e-06     	|  10             	|  7.2136e-05     	|  9.1535e-07     	|
|  [Callback]TQDMProgressBar.on_train_epoch_end                                                                                                                   	|  6.9907e-06     	|  10             	|  6.9907e-05     	|  8.8706e-07     	|
|  [Strategy]DDPStrategy.on_validation_start                                                                                                                      	|  6.6431e-06     	|  10             	|  6.6431e-05     	|  8.4296e-07     	|
|  [Callback]TQDMProgressBar.on_save_checkpoint                                                                                                                   	|  6.3146e-06     	|  10             	|  6.3146e-05     	|  8.0127e-07     	|
|  [LightningModule]Mask_RCNN.on_validation_epoch_end                                                                                                             	|  6.0633e-06     	|  10             	|  6.0633e-05     	|  7.6938e-07     	|
|  [LightningModule]Mask_RCNN.on_train_end                                                                                                                        	|  5.4025e-05     	|  1              	|  5.4025e-05     	|  6.8553e-07     	|
|  [LightningModule]Mask_RCNN.on_validation_end                                                                                                                   	|  4.5091e-06     	|  10             	|  4.5091e-05     	|  5.7217e-07     	|
|  [Callback]LearningRateMonitor.on_train_epoch_end                                                                                                               	|  4.4182e-06     	|  10             	|  4.4182e-05     	|  5.6063e-07     	|
|  [Strategy]DDPStrategy.on_validation_end                                                                                                                        	|  3.9448e-06     	|  10             	|  3.9448e-05     	|  5.0056e-07     	|
|  [Callback]ModelCheckpoint{'monitor': None, 'mode': 'min', 'every_n_train_steps': 0, 'every_n_epochs': 1, 'train_time_interval': None}.on_validation_start      	|  3.7485e-06     	|  10             	|  3.7485e-05     	|  4.7565e-07     	|
|  [Callback]COCOEvaluator.on_train_epoch_start                                                                                                                   	|  3.3094e-06     	|  10             	|  3.3094e-05     	|  4.1994e-07     	|
|  [Callback]ModelCheckpoint{'monitor': None, 'mode': 'min', 'every_n_train_steps': 0, 'every_n_epochs': 1, 'train_time_interval': None}.on_validation_epoch_end  	|  3.2886e-06     	|  10             	|  3.2886e-05     	|  4.173e-07      	|
|  [Callback]ModelCheckpoint{'monitor': None, 'mode': 'min', 'every_n_train_steps': 0, 'every_n_epochs': 1, 'train_time_interval': None}.on_validation_epoch_start	|  3.1876e-06     	|  10             	|  3.1876e-05     	|  4.0448e-07     	|
|  [Callback]LearningRateMonitor.on_save_checkpoint                                                                                                               	|  3.1195e-06     	|  10             	|  3.1195e-05     	|  3.9584e-07     	|
|  [Callback]TQDMProgressBar.on_train_end                                                                                                                         	|  3.1025e-05     	|  1              	|  3.1025e-05     	|  3.9368e-07     	|
|  [Callback]LearningRateMonitor.on_validation_epoch_end                                                                                                          	|  2.9564e-06     	|  10             	|  2.9564e-05     	|  3.7514e-07     	|
|  [Callback]ModelCheckpoint{'monitor': None, 'mode': 'min', 'every_n_train_steps': 0, 'every_n_epochs': 1, 'train_time_interval': None}.on_save_checkpoint       	|  2.5838e-06     	|  10             	|  2.5838e-05     	|  3.2786e-07     	|
|  [Callback]COCOEvaluator.on_save_checkpoint                                                                                                                     	|  2.5369e-06     	|  10             	|  2.5369e-05     	|  3.2191e-07     	|
|  [Callback]ModelCheckpoint{'monitor': None, 'mode': 'min', 'every_n_train_steps': 0, 'every_n_epochs': 1, 'train_time_interval': None}.on_train_epoch_start     	|  2.495e-06      	|  10             	|  2.495e-05      	|  3.166e-07      	|
|  [Callback]ModelSummary.on_validation_end                                                                                                                       	|  2.478e-06      	|  10             	|  2.478e-05      	|  3.1444e-07     	|
|  [Callback]ModelSummary.on_save_checkpoint                                                                                                                      	|  2.4333e-06     	|  10             	|  2.4333e-05     	|  3.0877e-07     	|
|  [Callback]ModelSummary.on_train_epoch_start                                                                                                                    	|  2.4123e-06     	|  10             	|  2.4123e-05     	|  3.061e-07      	|
|  [Callback]COCOEvaluator.on_validation_end                                                                                                                      	|  2.401e-06      	|  10             	|  2.401e-05      	|  3.0467e-07     	|
|  [Callback]LearningRateMonitor.on_validation_epoch_start                                                                                                        	|  2.3097e-06     	|  10             	|  2.3097e-05     	|  2.9308e-07     	|
|  [Callback]ModelSummary.on_train_epoch_end                                                                                                                      	|  2.2764e-06     	|  10             	|  2.2764e-05     	|  2.8886e-07     	|
|  [LightningModule]Mask_RCNN.on_save_checkpoint                                                                                                                  	|  2.2355e-06     	|  10             	|  2.2355e-05     	|  2.8367e-07     	|
|  [Callback]TQDMProgressBar.setup                                                                                                                                	|  2.2252e-05     	|  1              	|  2.2252e-05     	|  2.8236e-07     	|
|  [Callback]COCOEvaluator.on_train_epoch_end                                                                                                                     	|  2.1925e-06     	|  10             	|  2.1925e-05     	|  2.7821e-07     	|
|  [LightningModule]Mask_RCNN.on_train_start                                                                                                                      	|  1.3651e-05     	|  1              	|  1.3651e-05     	|  1.7322e-07     	|
|  [LightningModule]Mask_RCNN.configure_callbacks                                                                                                                 	|  1.3102e-05     	|  1              	|  1.3102e-05     	|  1.6625e-07     	|
|  [Callback]TQDMProgressBar.on_fit_end                                                                                                                           	|  1.0533e-05     	|  1              	|  1.0533e-05     	|  1.3366e-07     	|
|  [Callback]ModelCheckpoint{'monitor': None, 'mode': 'min', 'every_n_train_steps': 0, 'every_n_epochs': 1, 'train_time_interval': None}.on_fit_start             	|  9.824e-06      	|  1              	|  9.824e-06      	|  1.2466e-07     	|
|  [Callback]TQDMProgressBar.on_fit_start                                                                                                                         	|  8.21e-06       	|  1              	|  8.21e-06       	|  1.0418e-07     	|
|  [LightningModule]Mask_RCNN.on_fit_start                                                                                                                        	|  6.662e-06      	|  1              	|  6.662e-06      	|  8.4535e-08     	|
|  [Callback]ModelCheckpoint{'monitor': None, 'mode': 'min', 'every_n_train_steps': 0, 'every_n_epochs': 1, 'train_time_interval': None}.on_train_start           	|  5.81e-06       	|  1              	|  5.81e-06       	|  7.3724e-08     	|
|  [LightningModule]Mask_RCNN.configure_sharded_model                                                                                                             	|  5.614e-06      	|  1              	|  5.614e-06      	|  7.1237e-08     	|
|  [Callback]TQDMProgressBar.teardown                                                                                                                             	|  5.607e-06      	|  1              	|  5.607e-06      	|  7.1148e-08     	|
|  [Callback]COCOEvaluator.on_train_start                                                                                                                         	|  5.335e-06      	|  1              	|  5.335e-06      	|  6.7697e-08     	|
|  [Callback]LearningRateMonitor.setup                                                                                                                            	|  5.105e-06      	|  1              	|  5.105e-06      	|  6.4778e-08     	|
|  [LightningModule]Mask_RCNN.on_fit_end                                                                                                                          	|  4.428e-06      	|  1              	|  4.428e-06      	|  5.6188e-08     	|
|  [LightningModule]Mask_RCNN.prepare_data                                                                                                                        	|  4.419e-06      	|  1              	|  4.419e-06      	|  5.6074e-08     	|
|  [LightningDataModule]COCODataModule.teardown                                                                                                                   	|  4.175e-06      	|  1              	|  4.175e-06      	|  5.2977e-08     	|
|  [Strategy]DDPStrategy.on_train_start                                                                                                                           	|  3.938e-06      	|  1              	|  3.938e-06      	|  4.997e-08      	|
|  [LightningModule]Mask_RCNN.setup                                                                                                                               	|  3.846e-06      	|  1              	|  3.846e-06      	|  4.8803e-08     	|
|  [Callback]COCOEvaluator.setup                                                                                                                                  	|  3.274e-06      	|  1              	|  3.274e-06      	|  4.1544e-08     	|
|  [Callback]LearningRateMonitor.on_train_end                                                                                                                     	|  3.224e-06      	|  1              	|  3.224e-06      	|  4.091e-08      	|
|  [Callback]LearningRateMonitor.on_fit_end                                                                                                                       	|  2.643e-06      	|  1              	|  2.643e-06      	|  3.3538e-08     	|
|  [Callback]ModelCheckpoint{'monitor': None, 'mode': 'min', 'every_n_train_steps': 0, 'every_n_epochs': 1, 'train_time_interval': None}.on_fit_end               	|  2.521e-06      	|  1              	|  2.521e-06      	|  3.1989e-08     	|
|  [Callback]LearningRateMonitor.on_fit_start                                                                                                                     	|  2.445e-06      	|  1              	|  2.445e-06      	|  3.1025e-08     	|
|  [Callback]ModelSummary.on_train_start                                                                                                                          	|  2.378e-06      	|  1              	|  2.378e-06      	|  3.0175e-08     	|
|  [Callback]ModelCheckpoint{'monitor': None, 'mode': 'min', 'every_n_train_steps': 0, 'every_n_epochs': 1, 'train_time_interval': None}.on_train_end             	|  2.376e-06      	|  1              	|  2.376e-06      	|  3.015e-08      	|
|  [Callback]ModelCheckpoint{'monitor': None, 'mode': 'min', 'every_n_train_steps': 0, 'every_n_epochs': 1, 'train_time_interval': None}.teardown                 	|  2.36e-06       	|  1              	|  2.36e-06       	|  2.9947e-08     	|
|  [Callback]COCOEvaluator.on_train_end                                                                                                                           	|  2.317e-06      	|  1              	|  2.317e-06      	|  2.9401e-08     	|
|  [Strategy]DDPStrategy.on_train_end                                                                                                                             	|  2.279e-06      	|  1              	|  2.279e-06      	|  2.8919e-08     	|
|  [Callback]LearningRateMonitor.teardown                                                                                                                         	|  2.253e-06      	|  1              	|  2.253e-06      	|  2.8589e-08     	|
|  [Callback]COCOEvaluator.on_fit_end                                                                                                                             	|  2.197e-06      	|  1              	|  2.197e-06      	|  2.7878e-08     	|
|  [Callback]ModelSummary.on_train_end                                                                                                                            	|  2.172e-06      	|  1              	|  2.172e-06      	|  2.7561e-08     	|
|  [Callback]COCOEvaluator.teardown                                                                                                                               	|  2.164e-06      	|  1              	|  2.164e-06      	|  2.7459e-08     	|
|  [Callback]ModelSummary.on_fit_end                                                                                                                              	|  2.057e-06      	|  1              	|  2.057e-06      	|  2.6102e-08     	|
|  [Callback]COCOEvaluator.on_fit_start                                                                                                                           	|  2.027e-06      	|  1              	|  2.027e-06      	|  2.5721e-08     	|
|  [Callback]ModelSummary.setup                                                                                                                                   	|  1.987e-06      	|  1              	|  1.987e-06      	|  2.5213e-08     	|
|  [Callback]ModelSummary.teardown                                                                                                                                	|  1.975e-06      	|  1              	|  1.975e-06      	|  2.5061e-08     	|
|  [LightningModule]Mask_RCNN.teardown                                                                                                                            	|  1.872e-06      	|  1              	|  1.872e-06      	|  2.3754e-08     	|
--------------------------------------------------------------------------------------------------------------------------------------------------------------------------------------------------------------------------------------------------------------------------

wandb: Waiting for W&B process to finish... (success).
wandb: - 0.035 MB of 0.035 MB uploaded (0.000 MB deduped)wandb: \ 0.035 MB of 0.035 MB uploaded (0.000 MB deduped)wandb: | 0.035 MB of 0.035 MB uploaded (0.000 MB deduped)wandb: / 0.035 MB of 0.035 MB uploaded (0.000 MB deduped)wandb: - 0.035 MB of 0.035 MB uploaded (0.000 MB deduped)wandb: \ 0.035 MB of 0.035 MB uploaded (0.000 MB deduped)wandb: | 0.035 MB of 0.035 MB uploaded (0.000 MB deduped)wandb: 🚀 View run multi-p3.16xlarge-2 at: https://wandb.ai/ilhamsyahids/MaskRCNN/runs/fs8vwmtx
wandb: Synced 6 W&B file(s), 1 media file(s), 2 artifact file(s) and 0 other file(s)
wandb: Find logs at: logs/wandb/run-20230529_111857-fs8vwmtx/logs
