Building logger...
Building DataModule...
Building callback...
Building model...
Training model...
Loading dataset...
loading annotations into memory...
Done (t=17.91s)
creating index...
index created!
loading annotations into memory...
Done (t=0.59s)
creating index...
index created!
Building training dataloader...
Using [0, 0.5, 0.7071067811865476, 1.0, 1.4142135623730951, 2.0, inf] as bins for aspect ratio quantization
Count of instances per bin: [  104 12004 15546 45675 42779  1158]
Building logger...
Building DataModule...
Building callback...
Building model...
Training model...
Loading dataset...
loading annotations into memory...
Done (t=18.91s)
creating index...
index created!
loading annotations into memory...
Done (t=0.66s)
creating index...
index created!
Building training dataloader...
Using [0, 0.5, 0.7071067811865476, 1.0, 1.4142135623730951, 2.0, inf] as bins for aspect ratio quantization
Count of instances per bin: [  104 12004 15546 45675 42779  1158]
Building logger...
Building DataModule...
Building callback...
Building model...
Training model...
Loading dataset...
loading annotations into memory...
Done (t=17.71s)
creating index...
index created!
loading annotations into memory...
Done (t=0.59s)
creating index...
index created!
Building training dataloader...
Using [0, 0.5, 0.7071067811865476, 1.0, 1.4142135623730951, 2.0, inf] as bins for aspect ratio quantization
Count of instances per bin: [  104 12004 15546 45675 42779  1158]
Building logger...
Building DataModule...
Building callback...
Building model...
Training model...
Loading dataset...
loading annotations into memory...
Done (t=18.20s)
creating index...
index created!
loading annotations into memory...
Done (t=0.61s)
creating index...
index created!
Building training dataloader...
Using [0, 0.5, 0.7071067811865476, 1.0, 1.4142135623730951, 2.0, inf] as bins for aspect ratio quantization
Count of instances per bin: [  104 12004 15546 45675 42779  1158]
Building logger...
Building DataModule...
Building callback...
Building model...
Training model...
Loading dataset...
loading annotations into memory...
Done (t=18.74s)
creating index...
index created!
loading annotations into memory...
Done (t=0.62s)
creating index...
index created!
Building training dataloader...
Using [0, 0.5, 0.7071067811865476, 1.0, 1.4142135623730951, 2.0, inf] as bins for aspect ratio quantization
Count of instances per bin: [  104 12004 15546 45675 42779  1158]
Building logger...
Building DataModule...
Building callback...
Building model...
Training model...
Loading dataset...
loading annotations into memory...
Done (t=17.47s)
creating index...
index created!
loading annotations into memory...
Done (t=2.47s)
creating index...
index created!
Building training dataloader...
Using [0, 0.5, 0.7071067811865476, 1.0, 1.4142135623730951, 2.0, inf] as bins for aspect ratio quantization
Count of instances per bin: [  104 12004 15546 45675 42779  1158]
Building logger...
Building DataModule...
Building callback...
Building model...
Training model...
Loading dataset...
loading annotations into memory...
Done (t=17.91s)
creating index...
index created!
loading annotations into memory...
Done (t=0.65s)
creating index...
index created!
Building training dataloader...
Using [0, 0.5, 0.7071067811865476, 1.0, 1.4142135623730951, 2.0, inf] as bins for aspect ratio quantization
Count of instances per bin: [  104 12004 15546 45675 42779  1158]
Building logger...
Building DataModule...
Building callback...
Building model...
Training model...
Loading dataset...
loading annotations into memory...
Done (t=17.69s)
creating index...
index created!
loading annotations into memory...
Done (t=0.60s)
creating index...
index created!
Building training dataloader...
Using [0, 0.5, 0.7071067811865476, 1.0, 1.4142135623730951, 2.0, inf] as bins for aspect ratio quantization
Count of instances per bin: [  104 12004 15546 45675 42779  1158]
Building validation dataloader...
Building validation dataloader...
Building validation dataloader...
Building validation dataloader...
Building validation dataloader...
Building validation dataloader...
Building validation dataloader...
Building validation dataloader...
Accumulating evaluation results...
DONE (t=8.11s).
Accumulating evaluation results...
DONE (t=8.25s).
Accumulating evaluation results...
DONE (t=9.57s).
Accumulating evaluation results...
DONE (t=8.27s).
Accumulating evaluation results...
DONE (t=8.31s).
Accumulating evaluation results...
DONE (t=8.37s).
Accumulating evaluation results...
DONE (t=8.23s).
Accumulating evaluation results...
DONE (t=8.21s).
Accumulating evaluation results...
DONE (t=8.30s).
Accumulating evaluation results...
DONE (t=8.28s).
Accumulating evaluation results...
DONE (t=8.44s).
Accumulating evaluation results...
DONE (t=8.39s).
Accumulating evaluation results...
DONE (t=8.42s).
Accumulating evaluation results...
DONE (t=8.47s).
Accumulating evaluation results...
DONE (t=8.24s).
Accumulating evaluation results...
DONE (t=8.20s).
Accumulating evaluation results...
DONE (t=12.84s).
Accumulating evaluation results...
DONE (t=8.47s).
Accumulating evaluation results...
DONE (t=13.06s).
Accumulating evaluation results...
DONE (t=8.51s).
Accumulating evaluation results...
DONE (t=9.02s).
Accumulating evaluation results...
DONE (t=8.84s).
Accumulating evaluation results...
DONE (t=12.78s).
Accumulating evaluation results...
DONE (t=8.42s).
Accumulating evaluation results...
DONE (t=8.59s).
Accumulating evaluation results...
DONE (t=8.63s).
Accumulating evaluation results...
DONE (t=8.63s).
Accumulating evaluation results...
DONE (t=8.82s).
Accumulating evaluation results...
DONE (t=8.83s).
Accumulating evaluation results...
DONE (t=8.68s).
Accumulating evaluation results...
DONE (t=8.89s).
Accumulating evaluation results...
DONE (t=8.69s).
Accumulating evaluation results...
DONE (t=8.01s).
Accumulating evaluation results...
DONE (t=7.95s).
Accumulating evaluation results...
DONE (t=7.75s).
Accumulating evaluation results...
DONE (t=7.48s).
Accumulating evaluation results...
DONE (t=7.80s).
Accumulating evaluation results...
DONE (t=7.74s).
Accumulating evaluation results...
DONE (t=7.81s).
Accumulating evaluation results...
DONE (t=7.55s).
Accumulating evaluation results...
DONE (t=7.85s).
Accumulating evaluation results...
DONE (t=7.75s).
Accumulating evaluation results...
DONE (t=7.94s).
Accumulating evaluation results...
DONE (t=7.56s).
Accumulating evaluation results...
DONE (t=7.87s).
Accumulating evaluation results...
DONE (t=7.77s).
Accumulating evaluation results...
DONE (t=7.93s).
Accumulating evaluation results...
DONE (t=7.54s).
Accumulating evaluation results...
DONE (t=6.60s).
Accumulating evaluation results...
DONE (t=6.37s).
Accumulating evaluation results...
DONE (t=6.47s).
Accumulating evaluation results...
DONE (t=6.39s).
Accumulating evaluation results...
DONE (t=6.86s).
Accumulating evaluation results...
DONE (t=6.84s).
Accumulating evaluation results...
DONE (t=6.60s).
Accumulating evaluation results...
DONE (t=6.41s).
Accumulating evaluation results...
DONE (t=6.83s).
Accumulating evaluation results...
DONE (t=6.73s).
Accumulating evaluation results...
DONE (t=6.57s).
Accumulating evaluation results...
DONE (t=6.58s).
Accumulating evaluation results...
DONE (t=6.56s).
Accumulating evaluation results...
DONE (t=6.42s).
Accumulating evaluation results...
DONE (t=6.85s).
Accumulating evaluation results...
DONE (t=6.55s).
Accumulating evaluation results...
DONE (t=6.71s).
Accumulating evaluation results...
DONE (t=6.50s).
Accumulating evaluation results...
DONE (t=6.55s).
Accumulating evaluation results...
DONE (t=6.39s).
Accumulating evaluation results...
DONE (t=6.92s).
Accumulating evaluation results...
DONE (t=6.68s).
Accumulating evaluation results...
DONE (t=6.61s).
Accumulating evaluation results...
DONE (t=6.46s).
Accumulating evaluation results...
DONE (t=6.74s).
Accumulating evaluation results...
DONE (t=6.63s).
Accumulating evaluation results...
DONE (t=7.11s).
Accumulating evaluation results...
DONE (t=10.76s).
Accumulating evaluation results...
DONE (t=6.85s).
Accumulating evaluation results...
DONE (t=6.68s).
Accumulating evaluation results...
DONE (t=6.92s).
Accumulating evaluation results...
DONE (t=6.84s).
Accumulating evaluation results...
DONE (t=7.06s).
Accumulating evaluation results...
DONE (t=6.93s).
Accumulating evaluation results...
DONE (t=6.88s).
Accumulating evaluation results...
DONE (t=6.63s).
Accumulating evaluation results...
DONE (t=7.04s).
Accumulating evaluation results...
DONE (t=6.77s).
Accumulating evaluation results...
DONE (t=7.57s).
Accumulating evaluation results...
DONE (t=7.32s).
Accumulating evaluation results...
DONE (t=6.93s).
Accumulating evaluation results...
DONE (t=6.89s).
Accumulating evaluation results...
DONE (t=7.13s).
Accumulating evaluation results...
DONE (t=6.89s).
Accumulating evaluation results...
DONE (t=7.04s).
Accumulating evaluation results...
DONE (t=7.16s).
Accumulating evaluation results...
DONE (t=6.82s).
Accumulating evaluation results...
DONE (t=6.91s).
Accumulating evaluation results...
DONE (t=6.72s).
Accumulating evaluation results...
DONE (t=6.57s).
Accumulating evaluation results...
DONE (t=6.51s).
Accumulating evaluation results...
DONE (t=6.41s).
Accumulating evaluation results...
DONE (t=6.65s).
Accumulating evaluation results...
DONE (t=6.56s).
Accumulating evaluation results...
DONE (t=10.74s).
Accumulating evaluation results...
DONE (t=6.70s).
Accumulating evaluation results...
DONE (t=6.53s).
Accumulating evaluation results...
DONE (t=6.49s).
Accumulating evaluation results...
DONE (t=6.84s).
Accumulating evaluation results...
DONE (t=6.63s).
Accumulating evaluation results...
DONE (t=6.78s).
Accumulating evaluation results...
DONE (t=6.30s).
Accumulating evaluation results...
DONE (t=6.97s).
Accumulating evaluation results...
DONE (t=6.44s).
Accumulating evaluation results...
DONE (t=6.96s).
Accumulating evaluation results...
DONE (t=6.59s).
Accumulating evaluation results...
DONE (t=7.01s).
Accumulating evaluation results...
DONE (t=6.72s).
Accumulating evaluation results...
DONE (t=6.97s).
Accumulating evaluation results...
DONE (t=6.80s).
Accumulating evaluation results...
DONE (t=6.68s).
Accumulating evaluation results...
DONE (t=6.55s).
Accumulating evaluation results...
DONE (t=6.64s).
Accumulating evaluation results...
DONE (t=6.57s).
Accumulating evaluation results...
DONE (t=6.90s).
Accumulating evaluation results...
DONE (t=6.80s).
Accumulating evaluation results...
DONE (t=7.21s).
Accumulating evaluation results...
DONE (t=7.04s).
Accumulating evaluation results...
DONE (t=6.82s).
Accumulating evaluation results...
DONE (t=6.71s).
Accumulating evaluation results...
DONE (t=6.41s).
Accumulating evaluation results...
DONE (t=6.37s).
Accumulating evaluation results...
DONE (t=6.35s).
Accumulating evaluation results...
DONE (t=6.35s).
Accumulating evaluation results...
DONE (t=6.59s).
Accumulating evaluation results...
DONE (t=6.60s).
Accumulating evaluation results...
DONE (t=6.48s).
Accumulating evaluation results...
DONE (t=6.65s).
Accumulating evaluation results...
DONE (t=7.03s).
Accumulating evaluation results...
DONE (t=11.17s).
Accumulating evaluation results...
DONE (t=6.41s).
Accumulating evaluation results...
DONE (t=6.38s).
Accumulating evaluation results...
DONE (t=6.66s).
Accumulating evaluation results...
DONE (t=6.55s).
Accumulating evaluation results...
DONE (t=7.14s).
Accumulating evaluation results...
DONE (t=6.44s).
Accumulating evaluation results...
DONE (t=6.56s).
Accumulating evaluation results...
DONE (t=6.16s).
Accumulating evaluation results...
DONE (t=6.23s).
Accumulating evaluation results...
DONE (t=6.07s).
Accumulating evaluation results...
DONE (t=6.24s).
Accumulating evaluation results...
DONE (t=6.08s).
Accumulating evaluation results...
DONE (t=6.43s).
Accumulating evaluation results...
DONE (t=6.23s).
Accumulating evaluation results...
DONE (t=6.21s).
Accumulating evaluation results...
DONE (t=6.10s).
Accumulating evaluation results...
DONE (t=6.26s).
Accumulating evaluation results...
DONE (t=6.00s).
Accumulating evaluation results...
DONE (t=6.50s).
Accumulating evaluation results...
DONE (t=6.31s).
Accumulating evaluation results...
DONE (t=6.45s).
Accumulating evaluation results...
DONE (t=6.07s).
