wandb: Currently logged in as: ilhamsyahids. Use `wandb login --relogin` to force relogin
wandb: wandb version 0.15.0 is available!  To upgrade, please run:
wandb:  $ pip install wandb --upgrade
wandb: Tracking run with wandb version 0.14.0
wandb: Run data is saved locally in logs/wandb/run-20230420_114312-gj3uo8vr
wandb: Run `wandb offline` to turn off syncing.
wandb: Syncing run sgd-16-multistep-warm3-step1
wandb: ⭐️ View project at https://wandb.ai/ilhamsyahids/MaskRCNN
wandb: 🚀 View run at https://wandb.ai/ilhamsyahids/MaskRCNN/runs/gj3uo8vr
wandb: logging graph, to disable use `wandb.watch(log_graph=False)`
/home/m23522033/torch-mask-rcnn/.venv/lib/python3.8/site-packages/lightning_fabric/connector.py:562: UserWarning: 16 is supported for historical reasons but its usage is discouraged. Please set your precision to 16-mixed instead!
  rank_zero_warn(
/home/m23522033/torch-mask-rcnn/.venv/lib/python3.8/site-packages/lightning_fabric/plugins/environments/slurm.py:165: PossibleUserWarning: The `srun` command is available on your system but is not used. HINT: If your intention is to run Lightning on SLURM, prepend your python command with `srun` like so: srun python3 train.py --config-file config/gpu/multistep/gpu-sgd ...
  rank_zero_warn(
Using 16bit Automatic Mixed Precision (AMP)
GPU available: True (cuda), used: True
TPU available: False, using: 0 TPU cores
IPU available: False, using: 0 IPUs
HPU available: False, using: 0 HPUs
/home/m23522033/torch-mask-rcnn/.venv/lib/python3.8/site-packages/lightning_fabric/plugins/environments/slurm.py:165: PossibleUserWarning: The `srun` command is available on your system but is not used. HINT: If your intention is to run Lightning on SLURM, prepend your python command with `srun` like so: srun python3 train.py --config-file config/gpu/multistep/gpu-sgd ...
  rank_zero_warn(
Initializing distributed: GLOBAL_RANK: 0, MEMBER: 1/8
Initializing distributed: GLOBAL_RANK: 7, MEMBER: 8/8
Initializing distributed: GLOBAL_RANK: 1, MEMBER: 2/8
Initializing distributed: GLOBAL_RANK: 6, MEMBER: 7/8
Initializing distributed: GLOBAL_RANK: 4, MEMBER: 5/8
Initializing distributed: GLOBAL_RANK: 5, MEMBER: 6/8
Initializing distributed: GLOBAL_RANK: 3, MEMBER: 4/8
Initializing distributed: GLOBAL_RANK: 2, MEMBER: 3/8
----------------------------------------------------------------------------------------------------
distributed_backend=nccl
All distributed processes registered. Starting with 8 processes
----------------------------------------------------------------------------------------------------

LOCAL_RANK: 7 - CUDA_VISIBLE_DEVICES: [0,1,2,3,4,5,6,7]
LOCAL_RANK: 1 - CUDA_VISIBLE_DEVICES: [0,1,2,3,4,5,6,7]
LOCAL_RANK: 6 - CUDA_VISIBLE_DEVICES: [0,1,2,3,4,5,6,7]
LOCAL_RANK: 5 - CUDA_VISIBLE_DEVICES: [0,1,2,3,4,5,6,7]
LOCAL_RANK: 2 - CUDA_VISIBLE_DEVICES: [0,1,2,3,4,5,6,7]
LOCAL_RANK: 4 - CUDA_VISIBLE_DEVICES: [0,1,2,3,4,5,6,7]
LOCAL_RANK: 3 - CUDA_VISIBLE_DEVICES: [0,1,2,3,4,5,6,7]
LOCAL_RANK: 0 - CUDA_VISIBLE_DEVICES: [0,1,2,3,4,5,6,7]

  | Name  | Type     | Params
-----------------------------------
0 | model | MaskRCNN | 46.4 M
-----------------------------------
46.1 M    Trainable params
225 K     Non-trainable params
46.4 M    Total params
185.438   Total estimated model params size (MB)
/home/m23522033/torch-mask-rcnn/.venv/lib/python3.8/site-packages/lightning_fabric/loggers/csv_logs.py:188: UserWarning: Experiment logs directory logs/sgd-16-multistep-warm3-step1/version_1 exists and is not empty. Previous log files in this directory will be deleted when the new ones are saved!
  rank_zero_warn(
/home/m23522033/torch-mask-rcnn/.venv/lib/python3.8/site-packages/pytorch_lightning/trainer/connectors/logger_connector/result.py:432: PossibleUserWarning: It is recommended to use `self.log('model_time', ..., sync_dist=True)` when logging on epoch level in distributed setting to accumulate the metric across devices.
  warning_cache.warn(
/home/m23522033/torch-mask-rcnn/.venv/lib/python3.8/site-packages/pytorch_lightning/trainer/connectors/logger_connector/result.py:432: PossibleUserWarning: It is recommended to use `self.log('evaluator_time', ..., sync_dist=True)` when logging on epoch level in distributed setting to accumulate the metric across devices.
  warning_cache.warn(
/home/m23522033/torch-mask-rcnn/.venv/lib/python3.8/site-packages/pytorch_lightning/trainer/connectors/logger_connector/result.py:432: PossibleUserWarning: It is recommended to use `self.log('map_bbox', ..., sync_dist=True)` when logging on epoch level in distributed setting to accumulate the metric across devices.
  warning_cache.warn(
/home/m23522033/torch-mask-rcnn/.venv/lib/python3.8/site-packages/pytorch_lightning/trainer/connectors/logger_connector/result.py:432: PossibleUserWarning: It is recommended to use `self.log('map_50_bbox', ..., sync_dist=True)` when logging on epoch level in distributed setting to accumulate the metric across devices.
  warning_cache.warn(
/home/m23522033/torch-mask-rcnn/.venv/lib/python3.8/site-packages/pytorch_lightning/trainer/connectors/logger_connector/result.py:432: PossibleUserWarning: It is recommended to use `self.log('mar_bbox', ..., sync_dist=True)` when logging on epoch level in distributed setting to accumulate the metric across devices.
  warning_cache.warn(
/home/m23522033/torch-mask-rcnn/.venv/lib/python3.8/site-packages/pytorch_lightning/trainer/connectors/logger_connector/result.py:432: PossibleUserWarning: It is recommended to use `self.log('map_segm', ..., sync_dist=True)` when logging on epoch level in distributed setting to accumulate the metric across devices.
  warning_cache.warn(
/home/m23522033/torch-mask-rcnn/.venv/lib/python3.8/site-packages/pytorch_lightning/trainer/connectors/logger_connector/result.py:432: PossibleUserWarning: It is recommended to use `self.log('map_50_segm', ..., sync_dist=True)` when logging on epoch level in distributed setting to accumulate the metric across devices.
  warning_cache.warn(
/home/m23522033/torch-mask-rcnn/.venv/lib/python3.8/site-packages/pytorch_lightning/trainer/connectors/logger_connector/result.py:432: PossibleUserWarning: It is recommended to use `self.log('mar_segm', ..., sync_dist=True)` when logging on epoch level in distributed setting to accumulate the metric across devices.
  warning_cache.warn(
`Trainer.fit` stopped: `max_epochs=10` reached.
FIT Profiler Report

--------------------------------------------------------------------------------------------------------------------------------------------------------------------------------------------------------------------------------------------------------------------------
|  Action                                                                                                                                                         	|  Mean duration (s)	|  Num calls      	|  Total time (s) 	|  Percentage %   	|
--------------------------------------------------------------------------------------------------------------------------------------------------------------------------------------------------------------------------------------------------------------------------
|  Total                                                                                                                                                          	|  -              	|  454437         	|  1.2275e+04     	|  100 %          	|
--------------------------------------------------------------------------------------------------------------------------------------------------------------------------------------------------------------------------------------------------------------------------
|  run_training_epoch                                                                                                                                             	|  1218.5         	|  10             	|  1.2185e+04     	|  99.266         	|
|  run_training_batch                                                                                                                                             	|  1.0714         	|  9160           	|  9813.9         	|  79.948         	|
|  [LightningModule]Mask_RCNN.optimizer_step                                                                                                                      	|  1.0713         	|  9160           	|  9812.9         	|  79.941         	|
|  [Strategy]DDPStrategy.training_step                                                                                                                            	|  0.53512        	|  9160           	|  4901.7         	|  39.932         	|
|  [Strategy]DDPStrategy.backward                                                                                                                                 	|  0.19339        	|  9160           	|  1771.5         	|  14.431         	|
|  [Strategy]DDPStrategy.validation_step                                                                                                                          	|  0.6918         	|  790            	|  546.52         	|  4.4522         	|
|  [Callback]COCOEvaluator.on_validation_batch_end                                                                                                                	|  0.47914        	|  790            	|  378.52         	|  3.0836         	|
|  [_TrainingEpochLoop].train_dataloader_next                                                                                                                     	|  0.038662       	|  9160           	|  354.14         	|  2.885          	|
|  [Callback]COCOEvaluator.on_validation_epoch_end                                                                                                                	|  31.325         	|  10             	|  313.25         	|  2.5518         	|
|  [Strategy]DDPStrategy.batch_to_device                                                                                                                          	|  0.024554       	|  9950           	|  244.31         	|  1.9903         	|
|  [LightningModule]Mask_RCNN.transfer_batch_to_device                                                                                                            	|  0.024396       	|  9950           	|  242.74         	|  1.9775         	|
|  [Callback]COCOEvaluator.on_validation_start                                                                                                                    	|  4.8059         	|  10             	|  48.059         	|  0.39151        	|
|  [Callback]ModelCheckpoint{'monitor': None, 'mode': 'min', 'every_n_train_steps': 0, 'every_n_epochs': 1, 'train_time_interval': None}.on_train_epoch_end       	|  2.5821         	|  10             	|  25.821         	|  0.21035        	|
|  [LightningDataModule]COCODataModule.setup                                                                                                                      	|  20.674         	|  1              	|  20.674         	|  0.16842        	|
|  [Callback]COCOEvaluator.on_validation_epoch_start                                                                                                              	|  1.9796         	|  10             	|  19.796         	|  0.16127        	|
|  [_EvaluationLoop].val_next                                                                                                                                     	|  0.018204       	|  790            	|  14.381         	|  0.11715        	|
|  [LightningModule]Mask_RCNN.on_train_epoch_end                                                                                                                  	|  0.75764        	|  10             	|  7.5764         	|  0.061721       	|
|  [LightningModule]Mask_RCNN.optimizer_zero_grad                                                                                                                 	|  0.00060538     	|  9160           	|  5.5453         	|  0.045175       	|
|  [Callback]LearningRateMonitor.on_train_batch_start                                                                                                             	|  0.0002123      	|  9160           	|  1.9447         	|  0.015842       	|
|  [Callback]TQDMProgressBar.on_train_batch_end                                                                                                                   	|  0.00013153     	|  9160           	|  1.2048         	|  0.0098151      	|
|  [LightningModule]Mask_RCNN.configure_gradient_clipping                                                                                                         	|  3.1802e-05     	|  9160           	|  0.29131        	|  0.0023731      	|
|  [Callback]ModelCheckpoint{'monitor': None, 'mode': 'min', 'every_n_train_steps': 0, 'every_n_epochs': 1, 'train_time_interval': None}.on_train_batch_end       	|  2.6062e-05     	|  9160           	|  0.23873        	|  0.0019448      	|
|  [LightningDataModule]COCODataModule.train_dataloader                                                                                                           	|  0.17649        	|  1              	|  0.17649        	|  0.0014378      	|
|  [Callback]TQDMProgressBar.on_validation_start                                                                                                                  	|  0.007357       	|  10             	|  0.07357        	|  0.00059934     	|
|  [LightningModule]Mask_RCNN.on_validation_model_eval                                                                                                            	|  0.007214       	|  10             	|  0.07214        	|  0.00058769     	|
|  [Callback]TQDMProgressBar.on_validation_batch_end                                                                                                              	|  7.7712e-05     	|  790            	|  0.061392       	|  0.00050013     	|
|  [Callback]TQDMProgressBar.on_train_batch_start                                                                                                                 	|  6.3675e-06     	|  9160           	|  0.058327       	|  0.00047516     	|
|  [Callback]TQDMProgressBar.on_after_backward                                                                                                                    	|  4.3498e-06     	|  9160           	|  0.039845       	|  0.00032459     	|
|  [LightningModule]Mask_RCNN.on_before_batch_transfer                                                                                                            	|  3.4299e-06     	|  9950           	|  0.034128       	|  0.00027802     	|
|  [Callback]TQDMProgressBar.on_before_zero_grad                                                                                                                  	|  3.6388e-06     	|  9160           	|  0.033332       	|  0.00027154     	|
|  [Callback]TQDMProgressBar.on_before_optimizer_step                                                                                                             	|  3.5067e-06     	|  9160           	|  0.032122       	|  0.00026168     	|
|  [LightningModule]Mask_RCNN.on_after_batch_transfer                                                                                                             	|  2.9983e-06     	|  9950           	|  0.029833       	|  0.00024303     	|
|  [Callback]TQDMProgressBar.on_before_backward                                                                                                                   	|  3.21e-06       	|  9160           	|  0.029403       	|  0.00023953     	|
|  [Callback]TQDMProgressBar.on_validation_batch_start                                                                                                            	|  2.6127e-05     	|  790            	|  0.02064        	|  0.00016815     	|
|  [LightningModule]Mask_RCNN.on_train_batch_start                                                                                                                	|  2.1678e-06     	|  9160           	|  0.019858       	|  0.00016177     	|
|  [Callback]LearningRateMonitor.on_train_batch_end                                                                                                               	|  2.1292e-06     	|  9160           	|  0.019504       	|  0.00015889     	|
|  [LightningModule]Mask_RCNN.on_after_backward                                                                                                                   	|  2.0697e-06     	|  9160           	|  0.018958       	|  0.00015444     	|
|  [LightningModule]Mask_RCNN.on_before_zero_grad                                                                                                                 	|  1.8705e-06     	|  9160           	|  0.017134       	|  0.00013958     	|
|  [LightningModule]Mask_RCNN.on_before_optimizer_step                                                                                                            	|  1.7721e-06     	|  9160           	|  0.016233       	|  0.00013224     	|
|  [Callback]COCOEvaluator.on_train_batch_start                                                                                                                   	|  1.7253e-06     	|  9160           	|  0.015804       	|  0.00012875     	|
|  [LightningModule]Mask_RCNN.on_before_backward                                                                                                                  	|  1.6128e-06     	|  9160           	|  0.014773       	|  0.00012035     	|
|  [Callback]ModelCheckpoint{'monitor': None, 'mode': 'min', 'every_n_train_steps': 0, 'every_n_epochs': 1, 'train_time_interval': None}.on_train_batch_start     	|  1.6026e-06     	|  9160           	|  0.01468        	|  0.00011959     	|
|  [Callback]LearningRateMonitor.on_after_backward                                                                                                                	|  1.6006e-06     	|  9160           	|  0.014662       	|  0.00011944     	|
|  [Callback]ModelSummary.on_before_zero_grad                                                                                                                     	|  1.5871e-06     	|  9160           	|  0.014538       	|  0.00011844     	|
|  [LightningModule]Mask_RCNN.on_train_batch_end                                                                                                                  	|  1.5852e-06     	|  9160           	|  0.014521       	|  0.00011829     	|
|  [Callback]LearningRateMonitor.on_before_optimizer_step                                                                                                         	|  1.5077e-06     	|  9160           	|  0.01381        	|  0.0001125      	|
|  [Callback]LearningRateMonitor.on_before_zero_grad                                                                                                              	|  1.4896e-06     	|  9160           	|  0.013645       	|  0.00011116     	|
|  [Callback]TQDMProgressBar.on_validation_end                                                                                                                    	|  0.0013079      	|  10             	|  0.013079       	|  0.00010655     	|
|  [Callback]ModelCheckpoint{'monitor': None, 'mode': 'min', 'every_n_train_steps': 0, 'every_n_epochs': 1, 'train_time_interval': None}.on_after_backward        	|  1.4078e-06     	|  9160           	|  0.012896       	|  0.00010505     	|
|  [Callback]ModelSummary.on_train_batch_start                                                                                                                    	|  1.3955e-06     	|  9160           	|  0.012782       	|  0.00010413     	|
|  [Callback]ModelCheckpoint{'monitor': None, 'mode': 'min', 'every_n_train_steps': 0, 'every_n_epochs': 1, 'train_time_interval': None}.on_before_backward       	|  1.3757e-06     	|  9160           	|  0.012601       	|  0.00010266     	|
|  [Callback]ModelCheckpoint{'monitor': None, 'mode': 'min', 'every_n_train_steps': 0, 'every_n_epochs': 1, 'train_time_interval': None}.on_before_optimizer_step 	|  1.3617e-06     	|  9160           	|  0.012474       	|  0.00010162     	|
|  [Strategy]DDPStrategy.on_train_batch_start                                                                                                                     	|  1.3497e-06     	|  9160           	|  0.012363       	|  0.00010071     	|
|  [Callback]ModelCheckpoint{'monitor': None, 'mode': 'min', 'every_n_train_steps': 0, 'every_n_epochs': 1, 'train_time_interval': None}.on_before_zero_grad      	|  1.3331e-06     	|  9160           	|  0.012211       	|  9.9478e-05     	|
|  [Callback]COCOEvaluator.on_train_batch_end                                                                                                                     	|  1.3314e-06     	|  9160           	|  0.012195       	|  9.9349e-05     	|
|  [Callback]LearningRateMonitor.on_before_backward                                                                                                               	|  1.3265e-06     	|  9160           	|  0.012151       	|  9.8988e-05     	|
|  [Callback]COCOEvaluator.on_before_zero_grad                                                                                                                    	|  1.2635e-06     	|  9160           	|  0.011574       	|  9.4286e-05     	|
|  [Callback]COCOEvaluator.on_before_optimizer_step                                                                                                               	|  1.2487e-06     	|  9160           	|  0.011438       	|  9.3177e-05     	|
|  [Callback]COCOEvaluator.on_after_backward                                                                                                                      	|  1.2325e-06     	|  9160           	|  0.011289       	|  9.1969e-05     	|
|  [LightningModule]Mask_RCNN.on_validation_model_train                                                                                                           	|  0.0011214      	|  10             	|  0.011214       	|  9.1358e-05     	|
|  [Callback]TQDMProgressBar.on_train_epoch_start                                                                                                                 	|  0.0011175      	|  10             	|  0.011175       	|  9.1036e-05     	|
|  [Callback]ModelSummary.on_after_backward                                                                                                                       	|  1.2108e-06     	|  9160           	|  0.011091       	|  9.0353e-05     	|
|  [Callback]ModelSummary.on_before_backward                                                                                                                      	|  1.2101e-06     	|  9160           	|  0.011085       	|  9.0303e-05     	|
|  [Callback]ModelSummary.on_before_optimizer_step                                                                                                                	|  1.1891e-06     	|  9160           	|  0.010892       	|  8.8735e-05     	|
|  [Callback]ModelSummary.on_train_batch_end                                                                                                                      	|  1.1861e-06     	|  9160           	|  0.010865       	|  8.8509e-05     	|
|  [Callback]COCOEvaluator.on_before_backward                                                                                                                     	|  1.1519e-06     	|  9160           	|  0.010552       	|  8.5958e-05     	|
|  [Callback]ModelSummary.on_validation_batch_end                                                                                                                 	|  8.7802e-06     	|  790            	|  0.0069363      	|  5.6507e-05     	|
|  [Callback]ModelSummary.on_fit_start                                                                                                                            	|  0.0064766      	|  1              	|  0.0064766      	|  5.2762e-05     	|
|  [Callback]TQDMProgressBar.on_train_epoch_end                                                                                                                   	|  0.00038943     	|  10             	|  0.0038943      	|  3.1725e-05     	|
|  [Callback]LearningRateMonitor.on_validation_batch_end                                                                                                          	|  2.869e-06      	|  790            	|  0.0022665      	|  1.8464e-05     	|
|  [LightningModule]Mask_RCNN.on_validation_batch_end                                                                                                             	|  2.652e-06      	|  790            	|  0.0020951      	|  1.7067e-05     	|
|  [Callback]TQDMProgressBar.on_train_start                                                                                                                       	|  0.0020541      	|  1              	|  0.0020541      	|  1.6734e-05     	|
|  [Callback]LearningRateMonitor.on_validation_batch_start                                                                                                        	|  2.4991e-06     	|  790            	|  0.0019743      	|  1.6083e-05     	|
|  [Callback]ModelCheckpoint{'monitor': None, 'mode': 'min', 'every_n_train_steps': 0, 'every_n_epochs': 1, 'train_time_interval': None}.setup                    	|  0.0016477      	|  1              	|  0.0016477      	|  1.3423e-05     	|
|  [Callback]ModelCheckpoint{'monitor': None, 'mode': 'min', 'every_n_train_steps': 0, 'every_n_epochs': 1, 'train_time_interval': None}.on_validation_batch_end  	|  2.0621e-06     	|  790            	|  0.001629       	|  1.3271e-05     	|
|  [LightningModule]Mask_RCNN.on_validation_batch_start                                                                                                           	|  1.9619e-06     	|  790            	|  0.0015499      	|  1.2626e-05     	|
|  [Callback]ModelCheckpoint{'monitor': None, 'mode': 'min', 'every_n_train_steps': 0, 'every_n_epochs': 1, 'train_time_interval': None}.on_validation_batch_start	|  1.599e-06      	|  790            	|  0.0012632      	|  1.0291e-05     	|
|  [Callback]COCOEvaluator.on_validation_batch_start                                                                                                              	|  1.4307e-06     	|  790            	|  0.0011302      	|  9.2075e-06     	|
|  [LightningModule]Mask_RCNN.lr_scheduler_step                                                                                                                   	|  0.00010585     	|  10             	|  0.0010585      	|  8.6234e-06     	|
|  [Callback]ModelSummary.on_validation_batch_start                                                                                                               	|  1.3067e-06     	|  790            	|  0.0010323      	|  8.4097e-06     	|
|  [LightningModule]Mask_RCNN.configure_optimizers                                                                                                                	|  0.00093853     	|  1              	|  0.00093853     	|  7.6457e-06     	|
|  [LightningDataModule]COCODataModule.val_dataloader                                                                                                             	|  0.00090686     	|  1              	|  0.00090686     	|  7.3877e-06     	|
|  [LightningModule]Mask_RCNN.on_validation_epoch_start                                                                                                           	|  8.4832e-05     	|  10             	|  0.00084832     	|  6.9108e-06     	|
|  [Callback]ModelCheckpoint{'monitor': None, 'mode': 'min', 'every_n_train_steps': 0, 'every_n_epochs': 1, 'train_time_interval': None}.on_validation_end        	|  7.7725e-05     	|  10             	|  0.00077725     	|  6.3318e-06     	|
|  [Callback]TQDMProgressBar.on_train_end                                                                                                                         	|  0.00052783     	|  1              	|  0.00052783     	|  4.2999e-06     	|
|  [Callback]ModelSummary.on_validation_start                                                                                                                     	|  3.6484e-05     	|  10             	|  0.00036484     	|  2.9721e-06     	|
|  [Callback]ModelSummary.on_validation_epoch_start                                                                                                               	|  2.6332e-05     	|  10             	|  0.00026332     	|  2.1451e-06     	|
|  [Callback]LearningRateMonitor.on_train_epoch_start                                                                                                             	|  2.6176e-05     	|  10             	|  0.00026176     	|  2.1324e-06     	|
|  [Callback]LearningRateMonitor.on_train_start                                                                                                                   	|  0.00022912     	|  1              	|  0.00022912     	|  1.8666e-06     	|
|  [Callback]LearningRateMonitor.on_validation_start                                                                                                              	|  1.9447e-05     	|  10             	|  0.00019447     	|  1.5843e-06     	|
|  [LightningModule]Mask_RCNN.on_train_end                                                                                                                        	|  0.00014099     	|  1              	|  0.00014099     	|  1.1485e-06     	|
|  [LightningModule]Mask_RCNN.on_train_epoch_start                                                                                                                	|  1.3338e-05     	|  10             	|  0.00013338     	|  1.0866e-06     	|
|  [LightningDataModule]COCODataModule.state_dict                                                                                                                 	|  8.8969e-06     	|  10             	|  8.8969e-05     	|  7.2478e-07     	|
|  [Callback]ModelSummary.on_validation_epoch_end                                                                                                                 	|  8.7759e-06     	|  10             	|  8.7759e-05     	|  7.1493e-07     	|
|  [LightningModule]Mask_RCNN.on_validation_end                                                                                                                   	|  8.5992e-06     	|  10             	|  8.5992e-05     	|  7.0053e-07     	|
|  [Strategy]DDPStrategy.on_validation_start                                                                                                                      	|  8.4307e-06     	|  10             	|  8.4307e-05     	|  6.868e-07      	|
|  [Callback]COCOEvaluator.on_train_epoch_start                                                                                                                   	|  6.6643e-06     	|  10             	|  6.6643e-05     	|  5.429e-07      	|
|  [Callback]LearningRateMonitor.on_validation_end                                                                                                                	|  5.0946e-06     	|  10             	|  5.0946e-05     	|  4.1503e-07     	|
|  [Callback]TQDMProgressBar.setup                                                                                                                                	|  4.6175e-05     	|  1              	|  4.6175e-05     	|  3.7616e-07     	|
|  [LightningModule]Mask_RCNN.on_validation_start                                                                                                                 	|  4.6156e-06     	|  10             	|  4.6156e-05     	|  3.7601e-07     	|
|  [Callback]TQDMProgressBar.on_validation_epoch_end                                                                                                              	|  4.606e-06      	|  10             	|  4.606e-05      	|  3.7523e-07     	|
|  [Callback]LearningRateMonitor.on_train_epoch_end                                                                                                               	|  4.4271e-06     	|  10             	|  4.4271e-05     	|  3.6065e-07     	|
|  [Callback]TQDMProgressBar.on_save_checkpoint                                                                                                                   	|  4.165e-06      	|  10             	|  4.165e-05      	|  3.393e-07      	|
|  [Callback]ModelCheckpoint{'monitor': None, 'mode': 'min', 'every_n_train_steps': 0, 'every_n_epochs': 1, 'train_time_interval': None}.on_validation_start      	|  3.3974e-06     	|  10             	|  3.3974e-05     	|  2.7677e-07     	|
|  [LightningModule]Mask_RCNN.on_train_start                                                                                                                      	|  3.3651e-05     	|  1              	|  3.3651e-05     	|  2.7414e-07     	|
|  [LightningModule]Mask_RCNN.on_validation_epoch_end                                                                                                             	|  3.3359e-06     	|  10             	|  3.3359e-05     	|  2.7175e-07     	|
|  [Callback]TQDMProgressBar.on_validation_epoch_start                                                                                                            	|  3.1723e-06     	|  10             	|  3.1723e-05     	|  2.5843e-07     	|
|  [Callback]ModelCheckpoint{'monitor': None, 'mode': 'min', 'every_n_train_steps': 0, 'every_n_epochs': 1, 'train_time_interval': None}.on_train_epoch_start     	|  2.7817e-06     	|  10             	|  2.7817e-05     	|  2.2661e-07     	|
|  [Callback]ModelSummary.on_train_epoch_start                                                                                                                    	|  2.4591e-06     	|  10             	|  2.4591e-05     	|  2.0033e-07     	|
|  [Strategy]DDPStrategy.on_train_start                                                                                                                           	|  2.2087e-05     	|  1              	|  2.2087e-05     	|  1.7993e-07     	|
|  [Strategy]DDPStrategy.on_validation_end                                                                                                                        	|  2.1233e-06     	|  10             	|  2.1233e-05     	|  1.7298e-07     	|
|  [Callback]ModelCheckpoint{'monitor': None, 'mode': 'min', 'every_n_train_steps': 0, 'every_n_epochs': 1, 'train_time_interval': None}.on_validation_epoch_end  	|  2.0226e-06     	|  10             	|  2.0226e-05     	|  1.6477e-07     	|
|  [Callback]ModelCheckpoint{'monitor': None, 'mode': 'min', 'every_n_train_steps': 0, 'every_n_epochs': 1, 'train_time_interval': None}.on_validation_epoch_start	|  1.9633e-06     	|  10             	|  1.9633e-05     	|  1.5994e-07     	|
|  [Callback]LearningRateMonitor.on_save_checkpoint                                                                                                               	|  1.9079e-06     	|  10             	|  1.9079e-05     	|  1.5542e-07     	|
|  [Callback]LearningRateMonitor.on_validation_epoch_end                                                                                                          	|  1.8415e-06     	|  10             	|  1.8415e-05     	|  1.5002e-07     	|
|  [Callback]ModelCheckpoint{'monitor': None, 'mode': 'min', 'every_n_train_steps': 0, 'every_n_epochs': 1, 'train_time_interval': None}.on_save_checkpoint       	|  1.5765e-06     	|  10             	|  1.5765e-05     	|  1.2843e-07     	|
|  [Callback]COCOEvaluator.on_validation_end                                                                                                                      	|  1.5496e-06     	|  10             	|  1.5496e-05     	|  1.2624e-07     	|
|  [Callback]ModelSummary.on_validation_end                                                                                                                       	|  1.4676e-06     	|  10             	|  1.4676e-05     	|  1.1955e-07     	|
|  [Callback]ModelSummary.on_save_checkpoint                                                                                                                      	|  1.398e-06      	|  10             	|  1.398e-05      	|  1.1389e-07     	|
|  [Callback]COCOEvaluator.on_save_checkpoint                                                                                                                     	|  1.3905e-06     	|  10             	|  1.3905e-05     	|  1.1328e-07     	|
|  [Callback]COCOEvaluator.on_train_epoch_end                                                                                                                     	|  1.3088e-06     	|  10             	|  1.3088e-05     	|  1.0662e-07     	|
|  [Callback]LearningRateMonitor.on_validation_epoch_start                                                                                                        	|  1.2772e-06     	|  10             	|  1.2772e-05     	|  1.0405e-07     	|
|  [Callback]ModelSummary.on_train_epoch_end                                                                                                                      	|  1.2751e-06     	|  10             	|  1.2751e-05     	|  1.0388e-07     	|
|  [LightningModule]Mask_RCNN.on_save_checkpoint                                                                                                                  	|  1.1616e-06     	|  10             	|  1.1616e-05     	|  9.4629e-08     	|
|  [Callback]COCOEvaluator.on_train_start                                                                                                                         	|  8.5609e-06     	|  1              	|  8.5609e-06     	|  6.9742e-08     	|
|  [LightningModule]Mask_RCNN.configure_sharded_model                                                                                                             	|  8.065e-06      	|  1              	|  8.065e-06      	|  6.5701e-08     	|
|  [LightningModule]Mask_RCNN.configure_callbacks                                                                                                                 	|  7.9139e-06     	|  1              	|  7.9139e-06     	|  6.447e-08      	|
|  [Callback]LearningRateMonitor.setup                                                                                                                            	|  6.9351e-06     	|  1              	|  6.9351e-06     	|  5.6497e-08     	|
|  [Callback]TQDMProgressBar.on_fit_end                                                                                                                           	|  5.8759e-06     	|  1              	|  5.8759e-06     	|  4.7868e-08     	|
|  [LightningDataModule]COCODataModule.prepare_data                                                                                                               	|  5.509e-06      	|  1              	|  5.509e-06      	|  4.4879e-08     	|
|  [LightningModule]Mask_RCNN.setup                                                                                                                               	|  5.2101e-06     	|  1              	|  5.2101e-06     	|  4.2444e-08     	|
|  [Callback]ModelCheckpoint{'monitor': None, 'mode': 'min', 'every_n_train_steps': 0, 'every_n_epochs': 1, 'train_time_interval': None}.on_train_start           	|  4.4969e-06     	|  1              	|  4.4969e-06     	|  3.6634e-08     	|
|  [Callback]LearningRateMonitor.on_train_end                                                                                                                     	|  4.393e-06      	|  1              	|  4.393e-06      	|  3.5788e-08     	|
|  [Callback]TQDMProgressBar.on_fit_start                                                                                                                         	|  4.1709e-06     	|  1              	|  4.1709e-06     	|  3.3978e-08     	|
|  [LightningModule]Mask_RCNN.on_fit_start                                                                                                                        	|  4.0189e-06     	|  1              	|  4.0189e-06     	|  3.274e-08      	|
|  [LightningModule]Mask_RCNN.prepare_data                                                                                                                        	|  3.831e-06      	|  1              	|  3.831e-06      	|  3.1209e-08     	|
|  [Callback]ModelCheckpoint{'monitor': None, 'mode': 'min', 'every_n_train_steps': 0, 'every_n_epochs': 1, 'train_time_interval': None}.on_fit_start             	|  3.6019e-06     	|  1              	|  3.6019e-06     	|  2.9343e-08     	|
|  [Strategy]DDPStrategy.on_train_end                                                                                                                             	|  1.9011e-06     	|  1              	|  1.9011e-06     	|  1.5487e-08     	|
|  [Callback]TQDMProgressBar.teardown                                                                                                                             	|  1.895e-06      	|  1              	|  1.895e-06      	|  1.5438e-08     	|
|  [LightningDataModule]COCODataModule.teardown                                                                                                                   	|  1.837e-06      	|  1              	|  1.837e-06      	|  1.4965e-08     	|
|  [Callback]LearningRateMonitor.on_fit_start                                                                                                                     	|  1.746e-06      	|  1              	|  1.746e-06      	|  1.4224e-08     	|
|  [Callback]ModelSummary.on_train_start                                                                                                                          	|  1.6869e-06     	|  1              	|  1.6869e-06     	|  1.3742e-08     	|
|  [Callback]LearningRateMonitor.on_fit_end                                                                                                                       	|  1.641e-06      	|  1              	|  1.641e-06      	|  1.3368e-08     	|
|  [Callback]COCOEvaluator.on_train_end                                                                                                                           	|  1.637e-06      	|  1              	|  1.637e-06      	|  1.3336e-08     	|
|  [Callback]ModelCheckpoint{'monitor': None, 'mode': 'min', 'every_n_train_steps': 0, 'every_n_epochs': 1, 'train_time_interval': None}.on_train_end             	|  1.5809e-06     	|  1              	|  1.5809e-06     	|  1.2879e-08     	|
|  [Callback]ModelSummary.on_train_end                                                                                                                            	|  1.5181e-06     	|  1              	|  1.5181e-06     	|  1.2367e-08     	|
|  [Callback]COCOEvaluator.setup                                                                                                                                  	|  1.5039e-06     	|  1              	|  1.5039e-06     	|  1.2251e-08     	|
|  [LightningModule]Mask_RCNN.on_fit_end                                                                                                                          	|  1.4331e-06     	|  1              	|  1.4331e-06     	|  1.1674e-08     	|
|  [Callback]ModelCheckpoint{'monitor': None, 'mode': 'min', 'every_n_train_steps': 0, 'every_n_epochs': 1, 'train_time_interval': None}.teardown                 	|  1.3381e-06     	|  1              	|  1.3381e-06     	|  1.0901e-08     	|
|  [Callback]COCOEvaluator.on_fit_start                                                                                                                           	|  1.336e-06      	|  1              	|  1.336e-06      	|  1.0884e-08     	|
|  [Callback]ModelCheckpoint{'monitor': None, 'mode': 'min', 'every_n_train_steps': 0, 'every_n_epochs': 1, 'train_time_interval': None}.on_fit_end               	|  1.2701e-06     	|  1              	|  1.2701e-06     	|  1.0347e-08     	|
|  [Callback]LearningRateMonitor.teardown                                                                                                                         	|  1.2531e-06     	|  1              	|  1.2531e-06     	|  1.0208e-08     	|
|  [Callback]ModelSummary.setup                                                                                                                                   	|  1.2431e-06     	|  1              	|  1.2431e-06     	|  1.0127e-08     	|
|  [Callback]COCOEvaluator.on_fit_end                                                                                                                             	|  1.183e-06      	|  1              	|  1.183e-06      	|  9.6374e-09     	|
|  [Callback]ModelSummary.teardown                                                                                                                                	|  1.156e-06      	|  1              	|  1.156e-06      	|  9.4174e-09     	|
|  [Callback]COCOEvaluator.teardown                                                                                                                               	|  1.1248e-06     	|  1              	|  1.1248e-06     	|  9.1632e-09     	|
|  [Callback]ModelSummary.on_fit_end                                                                                                                              	|  1.0852e-06     	|  1              	|  1.0852e-06     	|  8.8407e-09     	|
|  [LightningModule]Mask_RCNN.teardown                                                                                                                            	|  8.5705e-07     	|  1              	|  8.5705e-07     	|  6.9819e-09     	|
--------------------------------------------------------------------------------------------------------------------------------------------------------------------------------------------------------------------------------------------------------------------------

wandb: Waiting for W&B process to finish... (success).
wandb: 
wandb: Run history:
wandb:               epoch ▁▁▁▁▂▂▂▂▃▃▃▃▃▃▃▃▄▄▄▄▅▅▅▅▆▆▆▆▆▆▆▆▇▇▇▇████
wandb:      evaluator_time ▁▄▄▆▆▆█▆▆▄
wandb:        loss_box_reg ▁▃▄▆▅▇█▇▆▆█▅▅▄▅▄▄▅▅▆▇▃▄▅▆▄▅▄▁▅▃▅▄▃▃▅▂▂▄▃
wandb:     loss_classifier █▇▇▇▆█▇▇▆▆▇▅▅▄▄▄▄▄▄▄▅▂▃▃▄▃▃▃▁▃▂▃▂▂▂▂▂▁▃▂
wandb:           loss_mask █▆▅▄▄▃▄▄▃▃▃▃▃▃▃▂▃▃▂▂▂▂▂▂▂▂▂▂▂▂▂▂▁▂▁▂▁▁▂▁
wandb:     loss_objectness █▄▃▂▃▃▃▂▂▂▂▂▂▂▂▂▂▂▂▂▂▁▂▂▂▁▂▂▁▂▁▂▁▂▂▂▁▁▂▁
wandb:    loss_rpn_box_reg █▇▅▄▄▅▆▄▃▄▄▄▅▃▃▂▂▄▂▅▆▂▃▄▅▃▃▃▂▄▂▅▃▃▃▂▂▁▃▄
wandb:              lr-SGD ████▁▁▁▁▂▂▂▂▂▂▂▂▂▂▂▂▂▂▂▂▂▂▂▂▂▂▂▂▂▂▂▂▂▂▂▂
wandb:     lr-SGD-momentum ▁▁▁▁▁▁▁▁▁▁▁▁▁▁▁▁▁▁▁▁▁▁▁▁▁▁▁▁▁▁▁▁▁▁▁▁▁▁▁▁
wandb:         map_50_bbox ▁▂▃▄▅▆▇▇██
wandb:         map_50_segm ▁▂▃▄▅▆▇▇██
wandb:            map_bbox ▁▁▂▃▅▅▆▇▇█
wandb:            map_segm ▁▂▂▄▅▆▆▇██
wandb:            mar_bbox ▁▂▃▅▆▆▇▇██
wandb:            mar_segm ▁▂▃▅▆▇▇▇██
wandb:          model_time ▁▄▅█▄▅▆▄▃▄
wandb: trainer/global_step ▁▁▁▂▂▂▂▂▂▃▃▃▃▃▄▄▄▄▄▄▅▅▅▅▅▅▆▆▆▆▆▇▇▇▇▇▇███
wandb:       training_loss █▆▅▄▃▃▂▂▁▁
wandb:  training_step_loss █▆▅▅▅▆▆▅▄▅▅▄▄▃▃▃▃▄▃▄▄▂▃▃▄▃▃▃▂▃▂▃▂▂▂▂▁▁▂▂
wandb: 
wandb: Run summary:
wandb:               epoch 9
wandb:      evaluator_time 0.4529
wandb:        loss_box_reg 0.30994
wandb:     loss_classifier 0.30486
wandb:           loss_mask 0.37507
wandb:     loss_objectness 0.07609
wandb:    loss_rpn_box_reg 0.07772
wandb:              lr-SGD 0.002
wandb:     lr-SGD-momentum 0.9
wandb:         map_50_bbox 0.37233
wandb:         map_50_segm 0.33778
wandb:            map_bbox 0.18236
wandb:            map_segm 0.16811
wandb:            mar_bbox 0.34414
wandb:            mar_segm 0.30637
wandb:          model_time 0.67365
wandb: trainer/global_step 9159
wandb:       training_loss 1.14719
wandb:  training_step_loss 1.14367
wandb: 
wandb: 🚀 View run sgd-16-multistep-warm3-step1 at: https://wandb.ai/ilhamsyahids/MaskRCNN/runs/gj3uo8vr
wandb: Synced 5 W&B file(s), 1 media file(s), 3 artifact file(s) and 0 other file(s)
wandb: Find logs at: logs/wandb/run-20230420_114312-gj3uo8vr/logs
