wandb: Currently logged in as: ilhamsyahids. Use `wandb login --relogin` to force relogin
wandb: - Waiting for wandb.init()...
wandb: \ Waiting for wandb.init()...
wandb: | Waiting for wandb.init()...
wandb: / Waiting for wandb.init()...
wandb: wandb version 0.14.2 is available!  To upgrade, please run:
wandb:  $ pip install wandb --upgrade
wandb: Tracking run with wandb version 0.14.0
wandb: Run data is saved locally in logs/wandb/run-20230418_084532-1kahofzh
wandb: Run `wandb offline` to turn off syncing.
wandb: Resuming run sgd-16-aspect-ratio-epoch-10
wandb: ⭐️ View project at https://wandb.ai/ilhamsyahids/MaskRCNN
wandb: 🚀 View run at https://wandb.ai/ilhamsyahids/MaskRCNN/runs/1kahofzh
wandb: logging graph, to disable use `wandb.watch(log_graph=False)`
/home/m23522033/torch-mask-rcnn/.venv/lib/python3.8/site-packages/lightning_fabric/connector.py:562: UserWarning: 16 is supported for historical reasons but its usage is discouraged. Please set your precision to 16-mixed instead!
  rank_zero_warn(
/home/m23522033/torch-mask-rcnn/.venv/lib/python3.8/site-packages/lightning_fabric/plugins/environments/slurm.py:165: PossibleUserWarning: The `srun` command is available on your system but is not used. HINT: If your intention is to run Lightning on SLURM, prepend your python command with `srun` like so: srun python3 train.py --config-file config/gpu/gpu-baseline-aspe ...
  rank_zero_warn(
Using 16bit Automatic Mixed Precision (AMP)
GPU available: True (cuda), used: True
TPU available: False, using: 0 TPU cores
IPU available: False, using: 0 IPUs
HPU available: False, using: 0 HPUs
Initializing distributed: GLOBAL_RANK: 0, MEMBER: 1/8
Initializing distributed: GLOBAL_RANK: 6, MEMBER: 7/8
Initializing distributed: GLOBAL_RANK: 5, MEMBER: 6/8
Initializing distributed: GLOBAL_RANK: 2, MEMBER: 3/8
Initializing distributed: GLOBAL_RANK: 3, MEMBER: 4/8
Initializing distributed: GLOBAL_RANK: 4, MEMBER: 5/8
Initializing distributed: GLOBAL_RANK: 7, MEMBER: 8/8
Initializing distributed: GLOBAL_RANK: 1, MEMBER: 2/8
----------------------------------------------------------------------------------------------------
distributed_backend=nccl
All distributed processes registered. Starting with 8 processes
----------------------------------------------------------------------------------------------------

/home/m23522033/torch-mask-rcnn/.venv/lib/python3.8/site-packages/pytorch_lightning/callbacks/model_checkpoint.py:612: UserWarning: Checkpoint directory logs/MaskRCNN/1kahofzh/checkpoints exists and is not empty.
  rank_zero_warn(f"Checkpoint directory {dirpath} exists and is not empty.")
Restoring states from the checkpoint path at logs/MaskRCNN/1kahofzh/checkpoints/epoch=11-step=10992.ckpt
LOCAL_RANK: 1 - CUDA_VISIBLE_DEVICES: [0,1,2,3,4,5,6,7]
LOCAL_RANK: 0 - CUDA_VISIBLE_DEVICES: [0,1,2,3,4,5,6,7]
LOCAL_RANK: 6 - CUDA_VISIBLE_DEVICES: [0,1,2,3,4,5,6,7]
LOCAL_RANK: 4 - CUDA_VISIBLE_DEVICES: [0,1,2,3,4,5,6,7]
LOCAL_RANK: 5 - CUDA_VISIBLE_DEVICES: [0,1,2,3,4,5,6,7]
LOCAL_RANK: 3 - CUDA_VISIBLE_DEVICES: [0,1,2,3,4,5,6,7]
LOCAL_RANK: 2 - CUDA_VISIBLE_DEVICES: [0,1,2,3,4,5,6,7]
LOCAL_RANK: 7 - CUDA_VISIBLE_DEVICES: [0,1,2,3,4,5,6,7]

  | Name  | Type     | Params
-----------------------------------
0 | model | MaskRCNN | 46.4 M
-----------------------------------
46.1 M    Trainable params
225 K     Non-trainable params
46.4 M    Total params
185.438   Total estimated model params size (MB)
Restored all states from the checkpoint at logs/MaskRCNN/1kahofzh/checkpoints/epoch=11-step=10992.ckpt
wandb: Network error (ReadTimeout), entering retry loop.
/home/m23522033/torch-mask-rcnn/.venv/lib/python3.8/site-packages/pytorch_lightning/trainer/connectors/logger_connector/result.py:432: PossibleUserWarning: It is recommended to use `self.log('model_time', ..., sync_dist=True)` when logging on epoch level in distributed setting to accumulate the metric across devices.
  warning_cache.warn(
/home/m23522033/torch-mask-rcnn/.venv/lib/python3.8/site-packages/pytorch_lightning/trainer/connectors/logger_connector/result.py:432: PossibleUserWarning: It is recommended to use `self.log('evaluator_time', ..., sync_dist=True)` when logging on epoch level in distributed setting to accumulate the metric across devices.
  warning_cache.warn(
/home/m23522033/torch-mask-rcnn/.venv/lib/python3.8/site-packages/pytorch_lightning/trainer/connectors/logger_connector/result.py:432: PossibleUserWarning: It is recommended to use `self.log('map_bbox', ..., sync_dist=True)` when logging on epoch level in distributed setting to accumulate the metric across devices.
  warning_cache.warn(
/home/m23522033/torch-mask-rcnn/.venv/lib/python3.8/site-packages/pytorch_lightning/trainer/connectors/logger_connector/result.py:432: PossibleUserWarning: It is recommended to use `self.log('map_50_bbox', ..., sync_dist=True)` when logging on epoch level in distributed setting to accumulate the metric across devices.
  warning_cache.warn(
/home/m23522033/torch-mask-rcnn/.venv/lib/python3.8/site-packages/pytorch_lightning/trainer/connectors/logger_connector/result.py:432: PossibleUserWarning: It is recommended to use `self.log('mar_bbox', ..., sync_dist=True)` when logging on epoch level in distributed setting to accumulate the metric across devices.
  warning_cache.warn(
/home/m23522033/torch-mask-rcnn/.venv/lib/python3.8/site-packages/pytorch_lightning/trainer/connectors/logger_connector/result.py:432: PossibleUserWarning: It is recommended to use `self.log('map_segm', ..., sync_dist=True)` when logging on epoch level in distributed setting to accumulate the metric across devices.
  warning_cache.warn(
/home/m23522033/torch-mask-rcnn/.venv/lib/python3.8/site-packages/pytorch_lightning/trainer/connectors/logger_connector/result.py:432: PossibleUserWarning: It is recommended to use `self.log('map_50_segm', ..., sync_dist=True)` when logging on epoch level in distributed setting to accumulate the metric across devices.
  warning_cache.warn(
/home/m23522033/torch-mask-rcnn/.venv/lib/python3.8/site-packages/pytorch_lightning/trainer/connectors/logger_connector/result.py:432: PossibleUserWarning: It is recommended to use `self.log('mar_segm', ..., sync_dist=True)` when logging on epoch level in distributed setting to accumulate the metric across devices.
  warning_cache.warn(
`Trainer.fit` stopped: `max_epochs=20` reached.
FIT Profiler Report

--------------------------------------------------------------------------------------------------------------------------------------------------------------------------------------------------------------------------------------------------------------------------
|  Action                                                                                                                                                         	|  Mean duration (s)	|  Num calls      	|  Total time (s) 	|  Percentage %   	|
--------------------------------------------------------------------------------------------------------------------------------------------------------------------------------------------------------------------------------------------------------------------------
|  Total                                                                                                                                                          	|  -              	|  363557         	|  9618.7         	|  100 %          	|
--------------------------------------------------------------------------------------------------------------------------------------------------------------------------------------------------------------------------------------------------------------------------
|  run_training_epoch                                                                                                                                             	|  1191.3         	|  8              	|  9530.3         	|  99.081         	|
|  run_training_batch                                                                                                                                             	|  1.0669         	|  7328           	|  7818.0         	|  81.279         	|
|  [LightningModule]Mask_RCNN.optimizer_step                                                                                                                      	|  1.0668         	|  7328           	|  7817.2         	|  81.271         	|
|  [Strategy]DDPStrategy.training_step                                                                                                                            	|  0.53333        	|  7328           	|  3908.2         	|  40.631         	|
|  [Strategy]DDPStrategy.backward                                                                                                                                 	|  0.20649        	|  7328           	|  1513.2         	|  15.732         	|
|  [Strategy]DDPStrategy.validation_step                                                                                                                          	|  0.54396        	|  632            	|  343.78         	|  3.5741         	|
|  [_TrainingEpochLoop].train_dataloader_next                                                                                                                     	|  0.038284       	|  7328           	|  280.55         	|  2.9167         	|
|  [Strategy]DDPStrategy.batch_to_device                                                                                                                          	|  0.02864        	|  7960           	|  227.97         	|  2.3701         	|
|  [LightningModule]Mask_RCNN.transfer_batch_to_device                                                                                                            	|  0.028476       	|  7960           	|  226.67         	|  2.3565         	|
|  [Callback]COCOEvaluator.on_validation_epoch_end                                                                                                                	|  28.322         	|  8              	|  226.57         	|  2.3555         	|
|  [Callback]COCOEvaluator.on_validation_batch_end                                                                                                                	|  0.34311        	|  632            	|  216.85         	|  2.2545         	|
|  [Callback]COCOEvaluator.on_validation_start                                                                                                                    	|  5.3572         	|  8              	|  42.858         	|  0.44557        	|
|  [Callback]ModelCheckpoint{'monitor': None, 'mode': 'min', 'every_n_train_steps': 0, 'every_n_epochs': 1, 'train_time_interval': None}.on_train_epoch_end       	|  3.1989         	|  8              	|  25.591         	|  0.26606        	|
|  [LightningDataModule]COCODataModule.setup                                                                                                                      	|  21.477         	|  1              	|  21.477         	|  0.22328        	|
|  [Callback]COCOEvaluator.on_validation_epoch_start                                                                                                              	|  2.3099         	|  8              	|  18.479         	|  0.19212        	|
|  [_EvaluationLoop].val_next                                                                                                                                     	|  0.018149       	|  632            	|  11.47          	|  0.11925        	|
|  [LightningModule]Mask_RCNN.on_train_epoch_end                                                                                                                  	|  0.74838        	|  8              	|  5.9871         	|  0.062244       	|
|  [LightningModule]Mask_RCNN.optimizer_zero_grad                                                                                                                 	|  0.00059599     	|  7328           	|  4.3674         	|  0.045406       	|
|  [Callback]LearningRateMonitor.on_train_batch_start                                                                                                             	|  0.00021054     	|  7328           	|  1.5429         	|  0.01604        	|
|  [Callback]TQDMProgressBar.on_train_batch_end                                                                                                                   	|  0.00013587     	|  7328           	|  0.99567        	|  0.010351       	|
|  [LightningModule]Mask_RCNN.configure_gradient_clipping                                                                                                         	|  3.1455e-05     	|  7328           	|  0.2305         	|  0.0023964      	|
|  [Callback]ModelCheckpoint{'monitor': None, 'mode': 'min', 'every_n_train_steps': 0, 'every_n_epochs': 1, 'train_time_interval': None}.on_train_batch_end       	|  2.9875e-05     	|  7328           	|  0.21892        	|  0.002276       	|
|  [LightningDataModule]COCODataModule.train_dataloader                                                                                                           	|  0.17506        	|  1              	|  0.17506        	|  0.00182        	|
|  [Callback]TQDMProgressBar.on_train_batch_start                                                                                                                 	|  7.1139e-06     	|  7328           	|  0.052131       	|  0.00054197     	|
|  [Callback]TQDMProgressBar.on_validation_start                                                                                                                  	|  0.0057461      	|  8              	|  0.045969       	|  0.00047791     	|
|  [Callback]TQDMProgressBar.on_validation_batch_end                                                                                                              	|  6.6029e-05     	|  632            	|  0.04173        	|  0.00043385     	|
|  [Callback]TQDMProgressBar.on_after_backward                                                                                                                    	|  4.6953e-06     	|  7328           	|  0.034407       	|  0.00035771     	|
|  [LightningModule]Mask_RCNN.on_validation_model_eval                                                                                                            	|  0.0040066      	|  8              	|  0.032053       	|  0.00033324     	|
|  [Callback]TQDMProgressBar.on_before_zero_grad                                                                                                                  	|  4.0381e-06     	|  7328           	|  0.029591       	|  0.00030764     	|
|  [LightningModule]Mask_RCNN.on_before_batch_transfer                                                                                                            	|  3.3185e-06     	|  7960           	|  0.026415       	|  0.00027462     	|
|  [Callback]TQDMProgressBar.on_before_optimizer_step                                                                                                             	|  3.5338e-06     	|  7328           	|  0.025896       	|  0.00026922     	|
|  [Callback]TQDMProgressBar.on_before_backward                                                                                                                   	|  3.2878e-06     	|  7328           	|  0.024093       	|  0.00025048     	|
|  [LightningModule]Mask_RCNN.on_after_batch_transfer                                                                                                             	|  2.6277e-06     	|  7960           	|  0.020917       	|  0.00021746     	|
|  [Callback]LearningRateMonitor.on_train_batch_end                                                                                                               	|  2.6539e-06     	|  7328           	|  0.019448       	|  0.00020219     	|
|  [LightningModule]Mask_RCNN.on_train_batch_start                                                                                                                	|  2.3963e-06     	|  7328           	|  0.01756        	|  0.00018256     	|
|  [Callback]LearningRateMonitor.on_after_backward                                                                                                                	|  2.2484e-06     	|  7328           	|  0.016476       	|  0.0001713      	|
|  [Callback]TQDMProgressBar.on_validation_batch_start                                                                                                            	|  2.545e-05      	|  632            	|  0.016084       	|  0.00016722     	|
|  [LightningModule]Mask_RCNN.on_after_backward                                                                                                                   	|  2.1178e-06     	|  7328           	|  0.015519       	|  0.00016134     	|
|  [Callback]LearningRateMonitor.on_before_optimizer_step                                                                                                         	|  1.9625e-06     	|  7328           	|  0.014381       	|  0.00014951     	|
|  [LightningModule]Mask_RCNN.on_before_zero_grad                                                                                                                 	|  1.9031e-06     	|  7328           	|  0.013946       	|  0.00014499     	|
|  [Callback]LearningRateMonitor.on_before_zero_grad                                                                                                              	|  1.8118e-06     	|  7328           	|  0.013277       	|  0.00013803     	|
|  [LightningModule]Mask_RCNN.on_before_optimizer_step                                                                                                            	|  1.7891e-06     	|  7328           	|  0.013111       	|  0.0001363      	|
|  [LightningModule]Mask_RCNN.on_before_backward                                                                                                                  	|  1.7628e-06     	|  7328           	|  0.012918       	|  0.0001343      	|
|  [Callback]COCOEvaluator.on_train_batch_start                                                                                                                   	|  1.7413e-06     	|  7328           	|  0.01276        	|  0.00013266     	|
|  [LightningModule]Mask_RCNN.on_train_batch_end                                                                                                                  	|  1.7051e-06     	|  7328           	|  0.012495       	|  0.0001299      	|
|  [Callback]LearningRateMonitor.on_before_backward                                                                                                               	|  1.7042e-06     	|  7328           	|  0.012488       	|  0.00012984     	|
|  [Callback]ModelCheckpoint{'monitor': None, 'mode': 'min', 'every_n_train_steps': 0, 'every_n_epochs': 1, 'train_time_interval': None}.on_train_batch_start     	|  1.6178e-06     	|  7328           	|  0.011856       	|  0.00012326     	|
|  [Callback]TQDMProgressBar.on_validation_end                                                                                                                    	|  0.0013894      	|  8              	|  0.011115       	|  0.00011556     	|
|  [Callback]ModelCheckpoint{'monitor': None, 'mode': 'min', 'every_n_train_steps': 0, 'every_n_epochs': 1, 'train_time_interval': None}.on_after_backward        	|  1.4463e-06     	|  7328           	|  0.010598       	|  0.00011019     	|
|  [Callback]ModelSummary.on_fit_start                                                                                                                            	|  0.010441       	|  1              	|  0.010441       	|  0.00010855     	|
|  [Callback]ModelSummary.on_train_batch_start                                                                                                                    	|  1.4142e-06     	|  7328           	|  0.010363       	|  0.00010774     	|
|  [Callback]COCOEvaluator.on_after_backward                                                                                                                      	|  1.3974e-06     	|  7328           	|  0.01024        	|  0.00010646     	|
|  [Callback]COCOEvaluator.on_before_zero_grad                                                                                                                    	|  1.3729e-06     	|  7328           	|  0.01006        	|  0.00010459     	|
|  [Callback]ModelCheckpoint{'monitor': None, 'mode': 'min', 'every_n_train_steps': 0, 'every_n_epochs': 1, 'train_time_interval': None}.on_before_zero_grad      	|  1.3593e-06     	|  7328           	|  0.0099612      	|  0.00010356     	|
|  [Callback]ModelCheckpoint{'monitor': None, 'mode': 'min', 'every_n_train_steps': 0, 'every_n_epochs': 1, 'train_time_interval': None}.on_before_optimizer_step 	|  1.3386e-06     	|  7328           	|  0.0098096      	|  0.00010199     	|
|  [LightningModule]Mask_RCNN.on_validation_model_train                                                                                                           	|  0.0012247      	|  8              	|  0.0097973      	|  0.00010186     	|
|  [Callback]COCOEvaluator.on_train_batch_end                                                                                                                     	|  1.3267e-06     	|  7328           	|  0.0097223      	|  0.00010108     	|
|  [Callback]ModelCheckpoint{'monitor': None, 'mode': 'min', 'every_n_train_steps': 0, 'every_n_epochs': 1, 'train_time_interval': None}.on_before_backward       	|  1.3052e-06     	|  7328           	|  0.0095649      	|  9.944e-05      	|
|  [Callback]ModelSummary.on_train_batch_end                                                                                                                      	|  1.2554e-06     	|  7328           	|  0.0091994      	|  9.5641e-05     	|
|  [Callback]COCOEvaluator.on_before_optimizer_step                                                                                                               	|  1.2552e-06     	|  7328           	|  0.0091984      	|  9.5631e-05     	|
|  [Callback]ModelSummary.on_after_backward                                                                                                                       	|  1.2503e-06     	|  7328           	|  0.0091625      	|  9.5257e-05     	|
|  [Strategy]DDPStrategy.on_train_batch_start                                                                                                                     	|  1.2398e-06     	|  7328           	|  0.0090851      	|  9.4452e-05     	|
|  [Callback]ModelSummary.on_before_zero_grad                                                                                                                     	|  1.231e-06      	|  7328           	|  0.0090209      	|  9.3785e-05     	|
|  [Callback]COCOEvaluator.on_before_backward                                                                                                                     	|  1.2037e-06     	|  7328           	|  0.0088209      	|  9.1705e-05     	|
|  [Callback]ModelSummary.on_before_backward                                                                                                                      	|  1.1794e-06     	|  7328           	|  0.0086428      	|  8.9855e-05     	|
|  [Callback]ModelSummary.on_before_optimizer_step                                                                                                                	|  1.1286e-06     	|  7328           	|  0.0082701      	|  8.598e-05      	|
|  [Callback]TQDMProgressBar.on_train_epoch_start                                                                                                                 	|  0.0010198      	|  8              	|  0.0081583      	|  8.4817e-05     	|
|  [Callback]ModelSummary.on_validation_batch_end                                                                                                                 	|  7.5165e-06     	|  632            	|  0.0047504      	|  4.9387e-05     	|
|  [Callback]ModelCheckpoint{'monitor': None, 'mode': 'min', 'every_n_train_steps': 0, 'every_n_epochs': 1, 'train_time_interval': None}.setup                    	|  0.0032475      	|  1              	|  0.0032475      	|  3.3763e-05     	|
|  [Callback]TQDMProgressBar.on_train_epoch_end                                                                                                                   	|  0.00039819     	|  8              	|  0.0031856      	|  3.3118e-05     	|
|  [Callback]LearningRateMonitor.on_validation_batch_end                                                                                                          	|  3.4188e-06     	|  632            	|  0.0021607      	|  2.2463e-05     	|
|  [Callback]LearningRateMonitor.on_validation_batch_start                                                                                                        	|  3.2432e-06     	|  632            	|  0.0020497      	|  2.131e-05      	|
|  [LightningModule]Mask_RCNN.on_validation_batch_end                                                                                                             	|  2.786e-06      	|  632            	|  0.0017608      	|  1.8306e-05     	|
|  [Callback]TQDMProgressBar.on_train_start                                                                                                                       	|  0.0013663      	|  1              	|  0.0013663      	|  1.4205e-05     	|
|  [Callback]ModelCheckpoint{'monitor': None, 'mode': 'min', 'every_n_train_steps': 0, 'every_n_epochs': 1, 'train_time_interval': None}.on_validation_batch_end  	|  2.1608e-06     	|  632            	|  0.0013656      	|  1.4198e-05     	|
|  [LightningModule]Mask_RCNN.on_validation_batch_start                                                                                                           	|  1.9819e-06     	|  632            	|  0.0012526      	|  1.3022e-05     	|
|  [Callback]ModelCheckpoint{'monitor': None, 'mode': 'min', 'every_n_train_steps': 0, 'every_n_epochs': 1, 'train_time_interval': None}.on_validation_batch_start	|  1.6222e-06     	|  632            	|  0.0010252      	|  1.0659e-05     	|
|  [Callback]COCOEvaluator.on_validation_batch_start                                                                                                              	|  1.5492e-06     	|  632            	|  0.00097909     	|  1.0179e-05     	|
|  [LightningModule]Mask_RCNN.configure_optimizers                                                                                                                	|  0.00087736     	|  1              	|  0.00087736     	|  9.1214e-06     	|
|  [Callback]ModelSummary.on_validation_batch_start                                                                                                               	|  1.3197e-06     	|  632            	|  0.00083404     	|  8.6711e-06     	|
|  [LightningDataModule]COCODataModule.val_dataloader                                                                                                             	|  0.00083021     	|  1              	|  0.00083021     	|  8.6312e-06     	|
|  [Callback]TQDMProgressBar.on_train_end                                                                                                                         	|  0.00063282     	|  1              	|  0.00063282     	|  6.579e-06      	|
|  [Callback]LearningRateMonitor.on_train_epoch_start                                                                                                             	|  7.2774e-05     	|  8              	|  0.00058219     	|  6.0527e-06     	|
|  [Callback]ModelCheckpoint{'monitor': None, 'mode': 'min', 'every_n_train_steps': 0, 'every_n_epochs': 1, 'train_time_interval': None}.on_validation_end        	|  6.605e-05      	|  8              	|  0.0005284      	|  5.4935e-06     	|
|  [LightningModule]Mask_RCNN.on_validation_epoch_start                                                                                                           	|  5.5717e-05     	|  8              	|  0.00044573     	|  4.634e-06      	|
|  [Callback]ModelSummary.on_validation_start                                                                                                                     	|  4.9856e-05     	|  8              	|  0.00039885     	|  4.1466e-06     	|
|  [Callback]LearningRateMonitor.on_validation_start                                                                                                              	|  2.7327e-05     	|  8              	|  0.00021862     	|  2.2728e-06     	|
|  [Callback]ModelSummary.on_validation_epoch_start                                                                                                               	|  2.3069e-05     	|  8              	|  0.00018455     	|  1.9187e-06     	|
|  [LightningModule]Mask_RCNN.on_train_end                                                                                                                        	|  0.00015396     	|  1              	|  0.00015396     	|  1.6006e-06     	|
|  [Callback]LearningRateMonitor.on_train_start                                                                                                                   	|  0.00013851     	|  1              	|  0.00013851     	|  1.44e-06       	|
|  [LightningModule]Mask_RCNN.on_train_epoch_start                                                                                                                	|  1.4806e-05     	|  8              	|  0.00011845     	|  1.2314e-06     	|
|  [LightningModule]Mask_RCNN.on_validation_start                                                                                                                 	|  1.1947e-05     	|  8              	|  9.5576e-05     	|  9.9365e-07     	|
|  [LightningDataModule]COCODataModule.state_dict                                                                                                                 	|  1.0253e-05     	|  8              	|  8.2025e-05     	|  8.5277e-07     	|
|  [Callback]ModelSummary.on_validation_epoch_end                                                                                                                 	|  9.3241e-06     	|  8              	|  7.4593e-05     	|  7.755e-07      	|
|  [Callback]TQDMProgressBar.setup                                                                                                                                	|  5.6964e-05     	|  1              	|  5.6964e-05     	|  5.9222e-07     	|
|  [Callback]TQDMProgressBar.on_validation_epoch_end                                                                                                              	|  6.0035e-06     	|  8              	|  4.8028e-05     	|  4.9932e-07     	|
|  [Strategy]DDPStrategy.on_validation_start                                                                                                                      	|  5.9626e-06     	|  8              	|  4.7701e-05     	|  4.9592e-07     	|
|  [Callback]LearningRateMonitor.on_validation_end                                                                                                                	|  5.5069e-06     	|  8              	|  4.4055e-05     	|  4.5802e-07     	|
|  [Callback]TQDMProgressBar.on_save_checkpoint                                                                                                                   	|  4.9616e-06     	|  8              	|  3.9693e-05     	|  4.1267e-07     	|
|  [Callback]ModelSummary.on_train_epoch_start                                                                                                                    	|  4.6793e-06     	|  8              	|  3.7435e-05     	|  3.8919e-07     	|
|  [Callback]COCOEvaluator.on_train_epoch_start                                                                                                                   	|  4.4747e-06     	|  8              	|  3.5798e-05     	|  3.7217e-07     	|
|  [Callback]LearningRateMonitor.on_train_epoch_end                                                                                                               	|  4.3717e-06     	|  8              	|  3.4973e-05     	|  3.636e-07      	|
|  [LightningModule]Mask_RCNN.on_validation_epoch_end                                                                                                             	|  3.8067e-06     	|  8              	|  3.0453e-05     	|  3.1661e-07     	|
|  [Callback]TQDMProgressBar.on_validation_epoch_start                                                                                                            	|  2.9488e-06     	|  8              	|  2.359e-05      	|  2.4525e-07     	|
|  [LightningModule]Mask_RCNN.on_validation_end                                                                                                                   	|  2.8892e-06     	|  8              	|  2.3114e-05     	|  2.403e-07      	|
|  [Callback]ModelCheckpoint{'monitor': None, 'mode': 'min', 'every_n_train_steps': 0, 'every_n_epochs': 1, 'train_time_interval': None}.on_validation_start      	|  2.5317e-06     	|  8              	|  2.0254e-05     	|  2.1057e-07     	|
|  [Callback]TQDMProgressBar.on_load_checkpoint                                                                                                                   	|  1.862e-05      	|  1              	|  1.862e-05      	|  1.9358e-07     	|
|  [Callback]LearningRateMonitor.on_save_checkpoint                                                                                                               	|  2.2472e-06     	|  8              	|  1.7977e-05     	|  1.869e-07      	|
|  [Callback]ModelCheckpoint{'monitor': None, 'mode': 'min', 'every_n_train_steps': 0, 'every_n_epochs': 1, 'train_time_interval': None}.on_train_epoch_start     	|  2.2425e-06     	|  8              	|  1.794e-05      	|  1.8651e-07     	|
|  [Strategy]DDPStrategy.on_validation_end                                                                                                                        	|  2.2065e-06     	|  8              	|  1.7652e-05     	|  1.8352e-07     	|
|  [Callback]LearningRateMonitor.on_validation_epoch_end                                                                                                          	|  2.1955e-06     	|  8              	|  1.7564e-05     	|  1.8261e-07     	|
|  [Callback]ModelCheckpoint{'monitor': None, 'mode': 'min', 'every_n_train_steps': 0, 'every_n_epochs': 1, 'train_time_interval': None}.on_validation_epoch_end  	|  1.9375e-06     	|  8              	|  1.55e-05       	|  1.6114e-07     	|
|  [Callback]ModelCheckpoint{'monitor': None, 'mode': 'min', 'every_n_train_steps': 0, 'every_n_epochs': 1, 'train_time_interval': None}.on_save_checkpoint       	|  1.8976e-06     	|  8              	|  1.5181e-05     	|  1.5782e-07     	|
|  [Callback]LearningRateMonitor.on_validation_epoch_start                                                                                                        	|  1.8783e-06     	|  8              	|  1.5027e-05     	|  1.5622e-07     	|
|  [Callback]ModelCheckpoint{'monitor': None, 'mode': 'min', 'every_n_train_steps': 0, 'every_n_epochs': 1, 'train_time_interval': None}.on_validation_epoch_start	|  1.8392e-06     	|  8              	|  1.4713e-05     	|  1.5297e-07     	|
|  [Callback]COCOEvaluator.on_save_checkpoint                                                                                                                     	|  1.7066e-06     	|  8              	|  1.3653e-05     	|  1.4194e-07     	|
|  [Callback]COCOEvaluator.on_validation_end                                                                                                                      	|  1.7002e-06     	|  8              	|  1.3602e-05     	|  1.4141e-07     	|
|  [Callback]ModelSummary.on_save_checkpoint                                                                                                                      	|  1.6111e-06     	|  8              	|  1.2889e-05     	|  1.34e-07       	|
|  [Callback]COCOEvaluator.on_train_epoch_end                                                                                                                     	|  1.4735e-06     	|  8              	|  1.1788e-05     	|  1.2255e-07     	|
|  [Callback]ModelSummary.on_validation_end                                                                                                                       	|  1.4303e-06     	|  8              	|  1.1443e-05     	|  1.1896e-07     	|
|  [LightningModule]Mask_RCNN.on_train_start                                                                                                                      	|  1.1421e-05     	|  1              	|  1.1421e-05     	|  1.1874e-07     	|
|  [LightningModule]Mask_RCNN.configure_callbacks                                                                                                                 	|  1.0561e-05     	|  1              	|  1.0561e-05     	|  1.098e-07      	|
|  [Callback]ModelSummary.on_train_epoch_end                                                                                                                      	|  1.2929e-06     	|  8              	|  1.0343e-05     	|  1.0753e-07     	|
|  [LightningModule]Mask_RCNN.configure_sharded_model                                                                                                             	|  8.5479e-06     	|  1              	|  8.5479e-06     	|  8.8868e-08     	|
|  [LightningModule]Mask_RCNN.on_save_checkpoint                                                                                                                  	|  9.8537e-07     	|  8              	|  7.8829e-06     	|  8.1955e-08     	|
|  [LightningModule]Mask_RCNN.on_load_checkpoint                                                                                                                  	|  7.7258e-06     	|  1              	|  7.7258e-06     	|  8.0321e-08     	|
|  [LightningModule]Mask_RCNN.on_fit_start                                                                                                                        	|  7.0089e-06     	|  1              	|  7.0089e-06     	|  7.2868e-08     	|
|  [LightningModule]Mask_RCNN.setup                                                                                                                               	|  6.7989e-06     	|  1              	|  6.7989e-06     	|  7.0684e-08     	|
|  [Callback]TQDMProgressBar.on_fit_end                                                                                                                           	|  6.2131e-06     	|  1              	|  6.2131e-06     	|  6.4594e-08     	|
|  [Callback]LearningRateMonitor.setup                                                                                                                            	|  5.8201e-06     	|  1              	|  5.8201e-06     	|  6.0508e-08     	|
|  [LightningDataModule]COCODataModule.prepare_data                                                                                                               	|  5.3889e-06     	|  1              	|  5.3889e-06     	|  5.6025e-08     	|
|  [Callback]ModelCheckpoint{'monitor': None, 'mode': 'min', 'every_n_train_steps': 0, 'every_n_epochs': 1, 'train_time_interval': None}.on_fit_start             	|  5.374e-06      	|  1              	|  5.374e-06      	|  5.587e-08      	|
|  [Callback]LearningRateMonitor.on_train_end                                                                                                                     	|  5.01e-06       	|  1              	|  5.01e-06       	|  5.2087e-08     	|
|  [Callback]ModelCheckpoint{'monitor': None, 'mode': 'min', 'every_n_train_steps': 0, 'every_n_epochs': 1, 'train_time_interval': None}.on_train_start           	|  4.8669e-06     	|  1              	|  4.8669e-06     	|  5.0598e-08     	|
|  [Callback]COCOEvaluator.on_train_start                                                                                                                         	|  4.55e-06       	|  1              	|  4.55e-06       	|  4.7304e-08     	|
|  [Callback]LearningRateMonitor.on_load_checkpoint                                                                                                               	|  3.8929e-06     	|  1              	|  3.8929e-06     	|  4.0473e-08     	|
|  [Callback]TQDMProgressBar.on_fit_start                                                                                                                         	|  3.7001e-06     	|  1              	|  3.7001e-06     	|  3.8468e-08     	|
|  [LightningModule]Mask_RCNN.prepare_data                                                                                                                        	|  3.417e-06      	|  1              	|  3.417e-06      	|  3.5525e-08     	|
|  [Callback]COCOEvaluator.on_load_checkpoint                                                                                                                     	|  2.9951e-06     	|  1              	|  2.9951e-06     	|  3.1139e-08     	|
|  [Strategy]DDPStrategy.on_train_start                                                                                                                           	|  2.9411e-06     	|  1              	|  2.9411e-06     	|  3.0577e-08     	|
|  [Callback]ModelCheckpoint{'monitor': None, 'mode': 'min', 'every_n_train_steps': 0, 'every_n_epochs': 1, 'train_time_interval': None}.on_load_checkpoint       	|  2.634e-06      	|  1              	|  2.634e-06      	|  2.7384e-08     	|
|  [Callback]ModelSummary.on_load_checkpoint                                                                                                                      	|  2.4219e-06     	|  1              	|  2.4219e-06     	|  2.5179e-08     	|
|  [Callback]TQDMProgressBar.teardown                                                                                                                             	|  2.39e-06       	|  1              	|  2.39e-06       	|  2.4848e-08     	|
|  [Callback]LearningRateMonitor.on_fit_end                                                                                                                       	|  2.3469e-06     	|  1              	|  2.3469e-06     	|  2.44e-08       	|
|  [Callback]LearningRateMonitor.on_fit_start                                                                                                                     	|  2.264e-06      	|  1              	|  2.264e-06      	|  2.3538e-08     	|
|  [LightningModule]Mask_RCNN.on_fit_end                                                                                                                          	|  1.9951e-06     	|  1              	|  1.9951e-06     	|  2.0742e-08     	|
|  [Strategy]DDPStrategy.on_train_end                                                                                                                             	|  1.983e-06      	|  1              	|  1.983e-06      	|  2.0616e-08     	|
|  [Callback]ModelCheckpoint{'monitor': None, 'mode': 'min', 'every_n_train_steps': 0, 'every_n_epochs': 1, 'train_time_interval': None}.on_train_end             	|  1.925e-06      	|  1              	|  1.925e-06      	|  2.0014e-08     	|
|  [Callback]COCOEvaluator.on_train_end                                                                                                                           	|  1.8419e-06     	|  1              	|  1.8419e-06     	|  1.9149e-08     	|
|  [LightningDataModule]COCODataModule.teardown                                                                                                                   	|  1.8121e-06     	|  1              	|  1.8121e-06     	|  1.884e-08      	|
|  [Callback]COCOEvaluator.setup                                                                                                                                  	|  1.638e-06      	|  1              	|  1.638e-06      	|  1.7029e-08     	|
|  [Callback]LearningRateMonitor.teardown                                                                                                                         	|  1.5609e-06     	|  1              	|  1.5609e-06     	|  1.6228e-08     	|
|  [Callback]ModelCheckpoint{'monitor': None, 'mode': 'min', 'every_n_train_steps': 0, 'every_n_epochs': 1, 'train_time_interval': None}.on_fit_end               	|  1.559e-06      	|  1              	|  1.559e-06      	|  1.6208e-08     	|
|  [Callback]ModelSummary.on_train_end                                                                                                                            	|  1.4631e-06     	|  1              	|  1.4631e-06     	|  1.5211e-08     	|
|  [Callback]ModelSummary.setup                                                                                                                                   	|  1.4461e-06     	|  1              	|  1.4461e-06     	|  1.5034e-08     	|
|  [Callback]ModelSummary.on_train_start                                                                                                                          	|  1.428e-06      	|  1              	|  1.428e-06      	|  1.4846e-08     	|
|  [Callback]COCOEvaluator.on_fit_start                                                                                                                           	|  1.4019e-06     	|  1              	|  1.4019e-06     	|  1.4574e-08     	|
|  [Callback]COCOEvaluator.teardown                                                                                                                               	|  1.3632e-06     	|  1              	|  1.3632e-06     	|  1.4173e-08     	|
|  [Callback]COCOEvaluator.on_fit_end                                                                                                                             	|  1.326e-06      	|  1              	|  1.326e-06      	|  1.3785e-08     	|
|  [Callback]ModelSummary.on_fit_end                                                                                                                              	|  1.2598e-06     	|  1              	|  1.2598e-06     	|  1.3098e-08     	|
|  [Callback]ModelCheckpoint{'monitor': None, 'mode': 'min', 'every_n_train_steps': 0, 'every_n_epochs': 1, 'train_time_interval': None}.teardown                 	|  1.2019e-06     	|  1              	|  1.2019e-06     	|  1.2495e-08     	|
|  [Callback]ModelSummary.teardown                                                                                                                                	|  1.1669e-06     	|  1              	|  1.1669e-06     	|  1.2132e-08     	|
|  [LightningModule]Mask_RCNN.teardown                                                                                                                            	|  8.8289e-07     	|  1              	|  8.8289e-07     	|  9.1789e-09     	|
--------------------------------------------------------------------------------------------------------------------------------------------------------------------------------------------------------------------------------------------------------------------------

wandb: Waiting for W&B process to finish... (success).
wandb: 
wandb: Run history:
wandb:               epoch ▁▁▁▁▁▂▂▂▂▂▃▃▃▃▃▄▄▄▄▄▅▅▅▅▅▆▆▆▆▆▇▇▇▇▇█████
wandb:      evaluator_time ▁▇█▁▂▄▆▇
wandb:        loss_box_reg ▃▆▆▃▅▆▆▆▆▆█▅▅▃▃▅▄▃▆▅▄▅▅▄▃▁▃▅▆▃▄▄▃▆▂▁▃▃▃▄
wandb:     loss_classifier ▅▇▆▅▄█▃▅▅▆█▆▆▄▅▅▄▃▇▇▄▅▄▄▄▂▃▃▄▂▄▃▃▆▂▁▂▂▃▂
wandb:           loss_mask ▄▆▆▅▅▅█▆▆▄▆▃▆▆▁▇▄▂▅▆▃▅▅▄▆▂▃▆▃▂▅▃▄▆▄▁▂▁▃▃
wandb:     loss_objectness ▅▅▄▃▅▆▂▅▂▄█▃▄▆▃▃▂▃▆▅▃▂▄▃▃▃▃▃▄▃▁▃▃▄▃▃▂▃▂▃
wandb:    loss_rpn_box_reg ▃▅▃▆▂▄▃▅▃▄█▃▄▅▃▆▃▃▆▄▆▂▄▃▂▅▁▇▇▄▂▂▃▃▂▂▃▃▃▃
wandb:              lr-SGD ▁▁▁▁▁▁▁▁▁▁▁▁▁▁▁▁▁▁▁▁▁▁▁▁▁▁▁▁▁▁▁▁▁▁▁▁▁▁▁▁
wandb:     lr-SGD-momentum ▁▁▁▁▁▁▁▁▁▁▁▁▁▁▁▁▁▁▁▁▁▁▁▁▁▁▁▁▁▁▁▁▁▁▁▁▁▁▁▁
wandb:         map_50_bbox ▁▁▂▅▅▅██
wandb:         map_50_segm ▁▂▄▇▄▅██
wandb:            map_bbox ▂▁▂▆▅▆▇█
wandb:            map_segm ▁▂▃▅▃▅▇█
wandb:            mar_bbox ▁▂▃▅▄▆▆█
wandb:            mar_segm ▁▃▄▄▄▅▆█
wandb:          model_time ▁▃▇▂▂▄▆█
wandb: trainer/global_step ▁▁▁▁▂▂▂▂▂▃▃▃▃▃▄▄▄▄▄▄▄▅▅▅▅▅▆▆▆▆▆▇▇▇▇▇▇███
wandb:       training_loss █▇▆▅▄▃▂▁
wandb:  training_step_loss ▄▆▅▄▄▆▅▅▅▅█▄▅▄▃▅▃▃▆▆▄▄▅▄▃▂▃▅▅▃▃▃▃▅▂▁▂▂▃▃
wandb: 
wandb: Run summary:
wandb:               epoch 19
wandb:      evaluator_time 0.36332
wandb:        loss_box_reg 0.21717
wandb:     loss_classifier 0.18119
wandb:           loss_mask 0.27209
wandb:     loss_objectness 0.03202
wandb:    loss_rpn_box_reg 0.05053
wandb:              lr-SGD 0.02
wandb:     lr-SGD-momentum 0.9
wandb:         map_50_bbox 0.5637
wandb:         map_50_segm 0.52947
wandb:            map_bbox 0.35422
wandb:            map_segm 0.31903
wandb:            mar_bbox 0.50754
wandb:            mar_segm 0.4568
wandb:          model_time 0.59837
wandb: trainer/global_step 18319
wandb:       training_loss 0.75381
wandb:  training_step_loss 0.75301
wandb: 
wandb: 🚀 View run sgd-16-aspect-ratio-epoch-10 at: https://wandb.ai/ilhamsyahids/MaskRCNN/runs/1kahofzh
wandb: Synced 3 W&B file(s), 1 media file(s), 1 artifact file(s) and 0 other file(s)
wandb: Find logs at: logs/wandb/run-20230418_084532-1kahofzh/logs
