wandb: Currently logged in as: ilhamsyahids. Use `wandb login --relogin` to force relogin
wandb: wandb version 0.14.2 is available!  To upgrade, please run:
wandb:  $ pip install wandb --upgrade
wandb: Tracking run with wandb version 0.14.0
wandb: Run data is saved locally in logs/wandb/run-20230418_204954-jn8j5kow
wandb: Run `wandb offline` to turn off syncing.
wandb: Syncing run sgd-16-precision-32-epoch-20
wandb: ⭐️ View project at https://wandb.ai/ilhamsyahids/MaskRCNN
wandb: 🚀 View run at https://wandb.ai/ilhamsyahids/MaskRCNN/runs/jn8j5kow
wandb: logging graph, to disable use `wandb.watch(log_graph=False)`
/home/m23522033/torch-mask-rcnn/.venv/lib/python3.8/site-packages/lightning_fabric/plugins/environments/slurm.py:165: PossibleUserWarning: The `srun` command is available on your system but is not used. HINT: If your intention is to run Lightning on SLURM, prepend your python command with `srun` like so: srun python3 train.py --config-file config/gpu/gpu-baseline-prec ...
  rank_zero_warn(
GPU available: True (cuda), used: True
TPU available: False, using: 0 TPU cores
IPU available: False, using: 0 IPUs
HPU available: False, using: 0 HPUs
/home/m23522033/torch-mask-rcnn/.venv/lib/python3.8/site-packages/lightning_fabric/plugins/environments/slurm.py:165: PossibleUserWarning: The `srun` command is available on your system but is not used. HINT: If your intention is to run Lightning on SLURM, prepend your python command with `srun` like so: srun python3 train.py --config-file config/gpu/gpu-baseline-prec ...
  rank_zero_warn(
Initializing distributed: GLOBAL_RANK: 0, MEMBER: 1/8
Initializing distributed: GLOBAL_RANK: 2, MEMBER: 3/8
Initializing distributed: GLOBAL_RANK: 1, MEMBER: 2/8
Initializing distributed: GLOBAL_RANK: 4, MEMBER: 5/8
Initializing distributed: GLOBAL_RANK: 3, MEMBER: 4/8
Initializing distributed: GLOBAL_RANK: 6, MEMBER: 7/8
Initializing distributed: GLOBAL_RANK: 5, MEMBER: 6/8
Initializing distributed: GLOBAL_RANK: 7, MEMBER: 8/8
----------------------------------------------------------------------------------------------------
distributed_backend=nccl
All distributed processes registered. Starting with 8 processes
----------------------------------------------------------------------------------------------------

LOCAL_RANK: 7 - CUDA_VISIBLE_DEVICES: [0,1,2,3,4,5,6,7]
LOCAL_RANK: 6 - CUDA_VISIBLE_DEVICES: [0,1,2,3,4,5,6,7]
LOCAL_RANK: 4 - CUDA_VISIBLE_DEVICES: [0,1,2,3,4,5,6,7]
LOCAL_RANK: 3 - CUDA_VISIBLE_DEVICES: [0,1,2,3,4,5,6,7]
LOCAL_RANK: 5 - CUDA_VISIBLE_DEVICES: [0,1,2,3,4,5,6,7]
LOCAL_RANK: 1 - CUDA_VISIBLE_DEVICES: [0,1,2,3,4,5,6,7]
LOCAL_RANK: 0 - CUDA_VISIBLE_DEVICES: [0,1,2,3,4,5,6,7]
LOCAL_RANK: 2 - CUDA_VISIBLE_DEVICES: [0,1,2,3,4,5,6,7]

  | Name  | Type     | Params
-----------------------------------
0 | model | MaskRCNN | 46.4 M
-----------------------------------
46.1 M    Trainable params
225 K     Non-trainable params
46.4 M    Total params
185.438   Total estimated model params size (MB)
/home/m23522033/torch-mask-rcnn/.venv/lib/python3.8/site-packages/lightning_fabric/loggers/csv_logs.py:188: UserWarning: Experiment logs directory logs/sgd-16-precision-32-epoch-20/version_1 exists and is not empty. Previous log files in this directory will be deleted when the new ones are saved!
  rank_zero_warn(
Traceback (most recent call last):
  File "train.py", line 145, in <module>
    main(cfg)
  File "train.py", line 136, in main
    trainer.fit(**fit_params)
  File "/home/m23522033/torch-mask-rcnn/.venv/lib/python3.8/site-packages/pytorch_lightning/trainer/trainer.py", line 520, in fit
    call._call_and_handle_interrupt(
  File "/home/m23522033/torch-mask-rcnn/.venv/lib/python3.8/site-packages/pytorch_lightning/trainer/call.py", line 42, in _call_and_handle_interrupt
    return trainer.strategy.launcher.launch(trainer_fn, *args, trainer=trainer, **kwargs)
  File "/home/m23522033/torch-mask-rcnn/.venv/lib/python3.8/site-packages/pytorch_lightning/strategies/launchers/subprocess_script.py", line 92, in launch
    return function(*args, **kwargs)
  File "/home/m23522033/torch-mask-rcnn/.venv/lib/python3.8/site-packages/pytorch_lightning/trainer/trainer.py", line 559, in _fit_impl
    self._run(model, ckpt_path=ckpt_path)
  File "/home/m23522033/torch-mask-rcnn/.venv/lib/python3.8/site-packages/pytorch_lightning/trainer/trainer.py", line 935, in _run
    results = self._run_stage()
  File "/home/m23522033/torch-mask-rcnn/.venv/lib/python3.8/site-packages/pytorch_lightning/trainer/trainer.py", line 978, in _run_stage
    self.fit_loop.run()
  File "/home/m23522033/torch-mask-rcnn/.venv/lib/python3.8/site-packages/pytorch_lightning/loops/fit_loop.py", line 201, in run
    self.advance()
  File "/home/m23522033/torch-mask-rcnn/.venv/lib/python3.8/site-packages/pytorch_lightning/loops/fit_loop.py", line 354, in advance
    self.epoch_loop.run(self._data_fetcher)
  File "/home/m23522033/torch-mask-rcnn/.venv/lib/python3.8/site-packages/pytorch_lightning/loops/training_epoch_loop.py", line 133, in run
    self.advance(data_fetcher)
  File "/home/m23522033/torch-mask-rcnn/.venv/lib/python3.8/site-packages/pytorch_lightning/loops/training_epoch_loop.py", line 218, in advance
    batch_output = self.automatic_optimization.run(trainer.optimizers[0], kwargs)
  File "/home/m23522033/torch-mask-rcnn/.venv/lib/python3.8/site-packages/pytorch_lightning/loops/optimization/automatic.py", line 185, in run
    self._optimizer_step(kwargs.get("batch_idx", 0), closure)
  File "/home/m23522033/torch-mask-rcnn/.venv/lib/python3.8/site-packages/pytorch_lightning/loops/optimization/automatic.py", line 261, in _optimizer_step
    call._call_lightning_module_hook(
  File "/home/m23522033/torch-mask-rcnn/.venv/lib/python3.8/site-packages/pytorch_lightning/trainer/call.py", line 142, in _call_lightning_module_hook
    output = fn(*args, **kwargs)
  File "/home/m23522033/torch-mask-rcnn/.venv/lib/python3.8/site-packages/pytorch_lightning/core/module.py", line 1266, in optimizer_step
    optimizer.step(closure=optimizer_closure)
  File "/home/m23522033/torch-mask-rcnn/.venv/lib/python3.8/site-packages/pytorch_lightning/core/optimizer.py", line 158, in step
    step_output = self._strategy.optimizer_step(self._optimizer, closure, **kwargs)
  File "/home/m23522033/torch-mask-rcnn/.venv/lib/python3.8/site-packages/pytorch_lightning/strategies/ddp.py", line 257, in optimizer_step
    optimizer_output = super().optimizer_step(optimizer, closure, model, **kwargs)
  File "/home/m23522033/torch-mask-rcnn/.venv/lib/python3.8/site-packages/pytorch_lightning/strategies/strategy.py", line 224, in optimizer_step
    return self.precision_plugin.optimizer_step(optimizer, model=model, closure=closure, **kwargs)
  File "/home/m23522033/torch-mask-rcnn/.venv/lib/python3.8/site-packages/pytorch_lightning/plugins/precision/precision_plugin.py", line 114, in optimizer_step
    return optimizer.step(closure=closure, **kwargs)
  File "/home/m23522033/torch-mask-rcnn/.venv/lib/python3.8/site-packages/torch/optim/optimizer.py", line 280, in wrapper
    out = func(*args, **kwargs)
  File "/home/m23522033/torch-mask-rcnn/.venv/lib/python3.8/site-packages/torch/optim/optimizer.py", line 33, in _use_grad
    ret = func(self, *args, **kwargs)
  File "/home/m23522033/torch-mask-rcnn/.venv/lib/python3.8/site-packages/torch/optim/sgd.py", line 67, in step
    loss = closure()
  File "/home/m23522033/torch-mask-rcnn/.venv/lib/python3.8/site-packages/pytorch_lightning/plugins/precision/precision_plugin.py", line 101, in _wrap_closure
    closure_result = closure()
  File "/home/m23522033/torch-mask-rcnn/.venv/lib/python3.8/site-packages/pytorch_lightning/loops/optimization/automatic.py", line 140, in __call__
    self._result = self.closure(*args, **kwargs)
  File "/home/m23522033/torch-mask-rcnn/.venv/lib/python3.8/site-packages/pytorch_lightning/loops/optimization/automatic.py", line 126, in closure
    step_output = self._step_fn()
  File "/home/m23522033/torch-mask-rcnn/.venv/lib/python3.8/site-packages/pytorch_lightning/loops/optimization/automatic.py", line 308, in _training_step
    training_step_output = call._call_strategy_hook(trainer, "training_step", *kwargs.values())
  File "/home/m23522033/torch-mask-rcnn/.venv/lib/python3.8/site-packages/pytorch_lightning/trainer/call.py", line 288, in _call_strategy_hook
    output = fn(*args, **kwargs)
  File "/home/m23522033/torch-mask-rcnn/.venv/lib/python3.8/site-packages/pytorch_lightning/strategies/ddp.py", line 329, in training_step
    return self.model(*args, **kwargs)
  File "/home/m23522033/torch-mask-rcnn/.venv/lib/python3.8/site-packages/torch/nn/modules/module.py", line 1501, in _call_impl
    return forward_call(*args, **kwargs)
  File "/home/m23522033/torch-mask-rcnn/.venv/lib/python3.8/site-packages/torch/nn/parallel/distributed.py", line 1156, in forward
    output = self._run_ddp_forward(*inputs, **kwargs)
  File "/home/m23522033/torch-mask-rcnn/.venv/lib/python3.8/site-packages/torch/nn/parallel/distributed.py", line 1110, in _run_ddp_forward
    return module_to_run(*inputs[0], **kwargs[0])  # type: ignore[index]
  File "/home/m23522033/torch-mask-rcnn/.venv/lib/python3.8/site-packages/torch/nn/modules/module.py", line 1501, in _call_impl
    return forward_call(*args, **kwargs)
  File "/home/m23522033/torch-mask-rcnn/.venv/lib/python3.8/site-packages/pytorch_lightning/overrides/base.py", line 90, in forward
    output = self._forward_module.training_step(*inputs, **kwargs)
  File "/home/m23522033/torch-mask-rcnn/models/mask_rcnn.py", line 153, in training_step
    loss_dict = self.model(images, targets)
  File "/home/m23522033/torch-mask-rcnn/.venv/lib/python3.8/site-packages/torch/nn/modules/module.py", line 1538, in _call_impl
    result = forward_call(*args, **kwargs)
  File "/home/m23522033/torch-mask-rcnn/.venv/lib/python3.8/site-packages/torchvision/models/detection/generalized_rcnn.py", line 101, in forward
    features = self.backbone(images.tensors)
  File "/home/m23522033/torch-mask-rcnn/.venv/lib/python3.8/site-packages/torch/nn/modules/module.py", line 1538, in _call_impl
    result = forward_call(*args, **kwargs)
  File "/home/m23522033/torch-mask-rcnn/.venv/lib/python3.8/site-packages/torchvision/models/detection/backbone_utils.py", line 58, in forward
    x = self.fpn(x)
  File "/home/m23522033/torch-mask-rcnn/.venv/lib/python3.8/site-packages/torch/nn/modules/module.py", line 1501, in _call_impl
    return forward_call(*args, **kwargs)
  File "/home/m23522033/torch-mask-rcnn/.venv/lib/python3.8/site-packages/torchvision/ops/feature_pyramid_network.py", line 192, in forward
    inner_lateral = self.get_result_from_inner_blocks(x[idx], idx)
  File "/home/m23522033/torch-mask-rcnn/.venv/lib/python3.8/site-packages/torchvision/ops/feature_pyramid_network.py", line 155, in get_result_from_inner_blocks
    out = module(x)
  File "/home/m23522033/torch-mask-rcnn/.venv/lib/python3.8/site-packages/torch/nn/modules/module.py", line 1501, in _call_impl
    return forward_call(*args, **kwargs)
  File "/home/m23522033/torch-mask-rcnn/.venv/lib/python3.8/site-packages/torch/nn/modules/container.py", line 217, in forward
    input = module(input)
  File "/home/m23522033/torch-mask-rcnn/.venv/lib/python3.8/site-packages/torch/nn/modules/module.py", line 1501, in _call_impl
    return forward_call(*args, **kwargs)
wandb: Waiting for W&B process to finish... (failed 1). Press Control-C to abort syncing.
Traceback (most recent call last):
  File "/home/m23522033/torch-mask-rcnn/train.py", line 145, in <module>
    main(cfg)
  File "/home/m23522033/torch-mask-rcnn/train.py", line 136, in main
    trainer.fit(**fit_params)
  File "/home/m23522033/torch-mask-rcnn/.venv/lib/python3.8/site-packages/pytorch_lightning/trainer/trainer.py", line 520, in fit
    call._call_and_handle_interrupt(
  File "/home/m23522033/torch-mask-rcnn/.venv/lib/python3.8/site-packages/pytorch_lightning/trainer/call.py", line 42, in _call_and_handle_interrupt
    return trainer.strategy.launcher.launch(trainer_fn, *args, trainer=trainer, **kwargs)
  File "/home/m23522033/torch-mask-rcnn/.venv/lib/python3.8/site-packages/pytorch_lightning/strategies/launchers/subprocess_script.py", line 92, in launch
    return function(*args, **kwargs)
  File "/home/m23522033/torch-mask-rcnn/.venv/lib/python3.8/site-packages/pytorch_lightning/trainer/trainer.py", line 559, in _fit_impl
    self._run(model, ckpt_path=ckpt_path)
  File "/home/m23522033/torch-mask-rcnn/.venv/lib/python3.8/site-packages/pytorch_lightning/trainer/trainer.py", line 935, in _run
    results = self._run_stage()
  File "/home/m23522033/torch-mask-rcnn/.venv/lib/python3.8/site-packages/pytorch_lightning/trainer/trainer.py", line 978, in _run_stage
    self.fit_loop.run()
  File "/home/m23522033/torch-mask-rcnn/.venv/lib/python3.8/site-packages/pytorch_lightning/loops/fit_loop.py", line 201, in run
    self.advance()
  File "/home/m23522033/torch-mask-rcnn/.venv/lib/python3.8/site-packages/pytorch_lightning/loops/fit_loop.py", line 354, in advance
    self.epoch_loop.run(self._data_fetcher)
  File "/home/m23522033/torch-mask-rcnn/.venv/lib/python3.8/site-packages/pytorch_lightning/loops/training_epoch_loop.py", line 133, in run
    self.advance(data_fetcher)
  File "/home/m23522033/torch-mask-rcnn/.venv/lib/python3.8/site-packages/pytorch_lightning/loops/training_epoch_loop.py", line 218, in advance
    batch_output = self.automatic_optimization.run(trainer.optimizers[0], kwargs)
  File "/home/m23522033/torch-mask-rcnn/.venv/lib/python3.8/site-packages/pytorch_lightning/loops/optimization/automatic.py", line 185, in run
    self._optimizer_step(kwargs.get("batch_idx", 0), closure)
  File "/home/m23522033/torch-mask-rcnn/.venv/lib/python3.8/site-packages/pytorch_lightning/loops/optimization/automatic.py", line 261, in _optimizer_step
    call._call_lightning_module_hook(
  File "/home/m23522033/torch-mask-rcnn/.venv/lib/python3.8/site-packages/pytorch_lightning/trainer/call.py", line 142, in _call_lightning_module_hook
    output = fn(*args, **kwargs)
  File "/home/m23522033/torch-mask-rcnn/.venv/lib/python3.8/site-packages/pytorch_lightning/core/module.py", line 1266, in optimizer_step
    optimizer.step(closure=optimizer_closure)
  File "/home/m23522033/torch-mask-rcnn/.venv/lib/python3.8/site-packages/pytorch_lightning/core/optimizer.py", line 158, in step
    step_output = self._strategy.optimizer_step(self._optimizer, closure, **kwargs)
  File "/home/m23522033/torch-mask-rcnn/.venv/lib/python3.8/site-packages/pytorch_lightning/strategies/ddp.py", line 257, in optimizer_step
    optimizer_output = super().optimizer_step(optimizer, closure, model, **kwargs)
  File "/home/m23522033/torch-mask-rcnn/.venv/lib/python3.8/site-packages/pytorch_lightning/strategies/strategy.py", line 224, in optimizer_step
    return self.precision_plugin.optimizer_step(optimizer, model=model, closure=closure, **kwargs)
  File "/home/m23522033/torch-mask-rcnn/.venv/lib/python3.8/site-packages/pytorch_lightning/plugins/precision/precision_plugin.py", line 114, in optimizer_step
    return optimizer.step(closure=closure, **kwargs)
  File "/home/m23522033/torch-mask-rcnn/.venv/lib/python3.8/site-packages/torch/optim/optimizer.py", line 280, in wrapper
    out = func(*args, **kwargs)
  File "/home/m23522033/torch-mask-rcnn/.venv/lib/python3.8/site-packages/torch/optim/optimizer.py", line 33, in _use_grad
    ret = func(self, *args, **kwargs)
  File "/home/m23522033/torch-mask-rcnn/.venv/lib/python3.8/site-packages/torch/optim/sgd.py", line 67, in step
    loss = closure()
  File "/home/m23522033/torch-mask-rcnn/.venv/lib/python3.8/site-packages/pytorch_lightning/plugins/precision/precision_plugin.py", line 101, in _wrap_closure
    closure_result = closure()
  File "/home/m23522033/torch-mask-rcnn/.venv/lib/python3.8/site-packages/pytorch_lightning/loops/optimization/automatic.py", line 140, in __call__
    self._result = self.closure(*args, **kwargs)
  File "/home/m23522033/torch-mask-rcnn/.venv/lib/python3.8/site-packages/pytorch_lightning/loops/optimization/automatic.py", line 126, in closure
    step_output = self._step_fn()
  File "/home/m23522033/torch-mask-rcnn/.venv/lib/python3.8/site-packages/pytorch_lightning/loops/optimization/automatic.py", line 308, in _training_step
    training_step_output = call._call_strategy_hook(trainer, "training_step", *kwargs.values())
  File "/home/m23522033/torch-mask-rcnn/.venv/lib/python3.8/site-packages/pytorch_lightning/trainer/call.py", line 288, in _call_strategy_hook
    output = fn(*args, **kwargs)
  File "/home/m23522033/torch-mask-rcnn/.venv/lib/python3.8/site-packages/pytorch_lightning/strategies/ddp.py", line 329, in training_step
    return self.model(*args, **kwargs)
  File "/home/m23522033/torch-mask-rcnn/.venv/lib/python3.8/site-packages/torch/nn/modules/module.py", line 1501, in _call_impl
    return forward_call(*args, **kwargs)
  File "/home/m23522033/torch-mask-rcnn/.venv/lib/python3.8/site-packages/torch/nn/parallel/distributed.py", line 1156, in forward
    output = self._run_ddp_forward(*inputs, **kwargs)
  File "/home/m23522033/torch-mask-rcnn/.venv/lib/python3.8/site-packages/torch/nn/parallel/distributed.py", line 1110, in _run_ddp_forward
    return module_to_run(*inputs[0], **kwargs[0])  # type: ignore[index]
  File "/home/m23522033/torch-mask-rcnn/.venv/lib/python3.8/site-packages/torch/nn/modules/module.py", line 1501, in _call_impl
    return forward_call(*args, **kwargs)
  File "/home/m23522033/torch-mask-rcnn/.venv/lib/python3.8/site-packages/pytorch_lightning/overrides/base.py", line 90, in forward
    output = self._forward_module.training_step(*inputs, **kwargs)
  File "/home/m23522033/torch-mask-rcnn/models/mask_rcnn.py", line 153, in training_step
    loss_dict = self.model(images, targets)
  File "/home/m23522033/torch-mask-rcnn/.venv/lib/python3.8/site-packages/torch/nn/modules/module.py", line 1501, in _call_impl
    return forward_call(*args, **kwargs)
  File "/home/m23522033/torch-mask-rcnn/.venv/lib/python3.8/site-packages/torchvision/models/detection/generalized_rcnn.py", line 101, in forward
    features = self.backbone(images.tensors)
  File "/home/m23522033/torch-mask-rcnn/.venv/lib/python3.8/site-packages/torch/nn/modules/module.py", line 1501, in _call_impl
    return forward_call(*args, **kwargs)
  File "/home/m23522033/torch-mask-rcnn/.venv/lib/python3.8/site-packages/torchvision/models/detection/backbone_utils.py", line 58, in forward
    x = self.fpn(x)
  File "/home/m23522033/torch-mask-rcnn/.venv/lib/python3.8/site-packages/torch/nn/modules/module.py", line 1501, in _call_impl
    return forward_call(*args, **kwargs)
  File "/home/m23522033/torch-mask-rcnn/.venv/lib/python3.8/site-packages/torchvision/ops/feature_pyramid_network.py", line 195, in forward
    last_inner = inner_lateral + inner_top_down
torch.cuda.OutOfMemoryError: CUDA out of memory. Tried to allocate 1.39 GiB (GPU 4; 31.75 GiB total capacity; 27.45 GiB already allocated; 995.75 MiB free; 29.22 GiB reserved in total by PyTorch) If reserved memory is >> allocated memory try setting max_split_size_mb to avoid fragmentation.  See documentation for Memory Management and PYTORCH_CUDA_ALLOC_CONF
Traceback (most recent call last):
  File "/home/m23522033/torch-mask-rcnn/train.py", line 145, in <module>
    main(cfg)
  File "/home/m23522033/torch-mask-rcnn/train.py", line 136, in main
    trainer.fit(**fit_params)
  File "/home/m23522033/torch-mask-rcnn/.venv/lib/python3.8/site-packages/pytorch_lightning/trainer/trainer.py", line 520, in fit
    call._call_and_handle_interrupt(
  File "/home/m23522033/torch-mask-rcnn/.venv/lib/python3.8/site-packages/pytorch_lightning/trainer/call.py", line 42, in _call_and_handle_interrupt
    return trainer.strategy.launcher.launch(trainer_fn, *args, trainer=trainer, **kwargs)
  File "/home/m23522033/torch-mask-rcnn/.venv/lib/python3.8/site-packages/pytorch_lightning/strategies/launchers/subprocess_script.py", line 92, in launch
    return function(*args, **kwargs)
  File "/home/m23522033/torch-mask-rcnn/.venv/lib/python3.8/site-packages/pytorch_lightning/trainer/trainer.py", line 559, in _fit_impl
    self._run(model, ckpt_path=ckpt_path)
  File "/home/m23522033/torch-mask-rcnn/.venv/lib/python3.8/site-packages/pytorch_lightning/trainer/trainer.py", line 935, in _run
    results = self._run_stage()
  File "/home/m23522033/torch-mask-rcnn/.venv/lib/python3.8/site-packages/pytorch_lightning/trainer/trainer.py", line 978, in _run_stage
    self.fit_loop.run()
  File "/home/m23522033/torch-mask-rcnn/.venv/lib/python3.8/site-packages/pytorch_lightning/loops/fit_loop.py", line 201, in run
    self.advance()
  File "/home/m23522033/torch-mask-rcnn/.venv/lib/python3.8/site-packages/pytorch_lightning/loops/fit_loop.py", line 354, in advance
    self.epoch_loop.run(self._data_fetcher)
  File "/home/m23522033/torch-mask-rcnn/.venv/lib/python3.8/site-packages/pytorch_lightning/loops/training_epoch_loop.py", line 133, in run
    self.advance(data_fetcher)
  File "/home/m23522033/torch-mask-rcnn/.venv/lib/python3.8/site-packages/pytorch_lightning/loops/training_epoch_loop.py", line 218, in advance
    batch_output = self.automatic_optimization.run(trainer.optimizers[0], kwargs)
  File "/home/m23522033/torch-mask-rcnn/.venv/lib/python3.8/site-packages/pytorch_lightning/loops/optimization/automatic.py", line 185, in run
    self._optimizer_step(kwargs.get("batch_idx", 0), closure)
  File "/home/m23522033/torch-mask-rcnn/.venv/lib/python3.8/site-packages/pytorch_lightning/loops/optimization/automatic.py", line 261, in _optimizer_step
    call._call_lightning_module_hook(
  File "/home/m23522033/torch-mask-rcnn/.venv/lib/python3.8/site-packages/pytorch_lightning/trainer/call.py", line 142, in _call_lightning_module_hook
    output = fn(*args, **kwargs)
  File "/home/m23522033/torch-mask-rcnn/.venv/lib/python3.8/site-packages/pytorch_lightning/core/module.py", line 1266, in optimizer_step
    optimizer.step(closure=optimizer_closure)
  File "/home/m23522033/torch-mask-rcnn/.venv/lib/python3.8/site-packages/pytorch_lightning/core/optimizer.py", line 158, in step
    step_output = self._strategy.optimizer_step(self._optimizer, closure, **kwargs)
  File "/home/m23522033/torch-mask-rcnn/.venv/lib/python3.8/site-packages/pytorch_lightning/strategies/ddp.py", line 257, in optimizer_step
    optimizer_output = super().optimizer_step(optimizer, closure, model, **kwargs)
  File "/home/m23522033/torch-mask-rcnn/.venv/lib/python3.8/site-packages/pytorch_lightning/strategies/strategy.py", line 224, in optimizer_step
    return self.precision_plugin.optimizer_step(optimizer, model=model, closure=closure, **kwargs)
  File "/home/m23522033/torch-mask-rcnn/.venv/lib/python3.8/site-packages/pytorch_lightning/plugins/precision/precision_plugin.py", line 114, in optimizer_step
    return optimizer.step(closure=closure, **kwargs)
  File "/home/m23522033/torch-mask-rcnn/.venv/lib/python3.8/site-packages/torch/optim/optimizer.py", line 280, in wrapper
    out = func(*args, **kwargs)
  File "/home/m23522033/torch-mask-rcnn/.venv/lib/python3.8/site-packages/torch/optim/optimizer.py", line 33, in _use_grad
    ret = func(self, *args, **kwargs)
  File "/home/m23522033/torch-mask-rcnn/.venv/lib/python3.8/site-packages/torch/optim/sgd.py", line 67, in step
    loss = closure()
  File "/home/m23522033/torch-mask-rcnn/.venv/lib/python3.8/site-packages/pytorch_lightning/plugins/precision/precision_plugin.py", line 101, in _wrap_closure
    closure_result = closure()
  File "/home/m23522033/torch-mask-rcnn/.venv/lib/python3.8/site-packages/pytorch_lightning/loops/optimization/automatic.py", line 140, in __call__
    self._result = self.closure(*args, **kwargs)
  File "/home/m23522033/torch-mask-rcnn/.venv/lib/python3.8/site-packages/pytorch_lightning/loops/optimization/automatic.py", line 126, in closure
    step_output = self._step_fn()
  File "/home/m23522033/torch-mask-rcnn/.venv/lib/python3.8/site-packages/pytorch_lightning/loops/optimization/automatic.py", line 308, in _training_step
    training_step_output = call._call_strategy_hook(trainer, "training_step", *kwargs.values())
  File "/home/m23522033/torch-mask-rcnn/.venv/lib/python3.8/site-packages/pytorch_lightning/trainer/call.py", line 288, in _call_strategy_hook
    output = fn(*args, **kwargs)
  File "/home/m23522033/torch-mask-rcnn/.venv/lib/python3.8/site-packages/pytorch_lightning/strategies/ddp.py", line 329, in training_step
    return self.model(*args, **kwargs)
  File "/home/m23522033/torch-mask-rcnn/.venv/lib/python3.8/site-packages/torch/nn/modules/module.py", line 1501, in _call_impl
    return forward_call(*args, **kwargs)
  File "/home/m23522033/torch-mask-rcnn/.venv/lib/python3.8/site-packages/torch/nn/parallel/distributed.py", line 1156, in forward
    output = self._run_ddp_forward(*inputs, **kwargs)
  File "/home/m23522033/torch-mask-rcnn/.venv/lib/python3.8/site-packages/torch/nn/parallel/distributed.py", line 1110, in _run_ddp_forward
    return module_to_run(*inputs[0], **kwargs[0])  # type: ignore[index]
  File "/home/m23522033/torch-mask-rcnn/.venv/lib/python3.8/site-packages/torch/nn/modules/module.py", line 1501, in _call_impl
    return forward_call(*args, **kwargs)
  File "/home/m23522033/torch-mask-rcnn/.venv/lib/python3.8/site-packages/pytorch_lightning/overrides/base.py", line 90, in forward
    output = self._forward_module.training_step(*inputs, **kwargs)
  File "/home/m23522033/torch-mask-rcnn/models/mask_rcnn.py", line 153, in training_step
    loss_dict = self.model(images, targets)
  File "/home/m23522033/torch-mask-rcnn/.venv/lib/python3.8/site-packages/torch/nn/modules/module.py", line 1501, in _call_impl
    return forward_call(*args, **kwargs)
  File "/home/m23522033/torch-mask-rcnn/.venv/lib/python3.8/site-packages/torchvision/models/detection/generalized_rcnn.py", line 101, in forward
    features = self.backbone(images.tensors)
  File "/home/m23522033/torch-mask-rcnn/.venv/lib/python3.8/site-packages/torch/nn/modules/module.py", line 1501, in _call_impl
    return forward_call(*args, **kwargs)
  File "/home/m23522033/torch-mask-rcnn/.venv/lib/python3.8/site-packages/torchvision/models/detection/backbone_utils.py", line 58, in forward
    x = self.fpn(x)
  File "/home/m23522033/torch-mask-rcnn/.venv/lib/python3.8/site-packages/torch/nn/modules/module.py", line 1501, in _call_impl
    return forward_call(*args, **kwargs)
  File "/home/m23522033/torch-mask-rcnn/.venv/lib/python3.8/site-packages/torchvision/ops/feature_pyramid_network.py", line 195, in forward
    last_inner = inner_lateral + inner_top_down
torch.cuda.OutOfMemoryError: CUDA out of memory. Tried to allocate 1.39 GiB (GPU 6; 31.75 GiB total capacity; 27.46 GiB already allocated; 1023.75 MiB free; 29.23 GiB reserved in total by PyTorch) If reserved memory is >> allocated memory try setting max_split_size_mb to avoid fragmentation.  See documentation for Memory Management and PYTORCH_CUDA_ALLOC_CONF
Traceback (most recent call last):
  File "/home/m23522033/torch-mask-rcnn/train.py", line 145, in <module>
    main(cfg)
  File "/home/m23522033/torch-mask-rcnn/train.py", line 136, in main
    trainer.fit(**fit_params)
  File "/home/m23522033/torch-mask-rcnn/.venv/lib/python3.8/site-packages/pytorch_lightning/trainer/trainer.py", line 520, in fit
    call._call_and_handle_interrupt(
  File "/home/m23522033/torch-mask-rcnn/.venv/lib/python3.8/site-packages/pytorch_lightning/trainer/call.py", line 42, in _call_and_handle_interrupt
    return trainer.strategy.launcher.launch(trainer_fn, *args, trainer=trainer, **kwargs)
  File "/home/m23522033/torch-mask-rcnn/.venv/lib/python3.8/site-packages/pytorch_lightning/strategies/launchers/subprocess_script.py", line 92, in launch
    return function(*args, **kwargs)
  File "/home/m23522033/torch-mask-rcnn/.venv/lib/python3.8/site-packages/pytorch_lightning/trainer/trainer.py", line 559, in _fit_impl
    self._run(model, ckpt_path=ckpt_path)
  File "/home/m23522033/torch-mask-rcnn/.venv/lib/python3.8/site-packages/pytorch_lightning/trainer/trainer.py", line 935, in _run
    results = self._run_stage()
  File "/home/m23522033/torch-mask-rcnn/.venv/lib/python3.8/site-packages/pytorch_lightning/trainer/trainer.py", line 978, in _run_stage
    self.fit_loop.run()
  File "/home/m23522033/torch-mask-rcnn/.venv/lib/python3.8/site-packages/pytorch_lightning/loops/fit_loop.py", line 201, in run
    self.advance()
  File "/home/m23522033/torch-mask-rcnn/.venv/lib/python3.8/site-packages/pytorch_lightning/loops/fit_loop.py", line 354, in advance
    self.epoch_loop.run(self._data_fetcher)
  File "/home/m23522033/torch-mask-rcnn/.venv/lib/python3.8/site-packages/pytorch_lightning/loops/training_epoch_loop.py", line 133, in run
    self.advance(data_fetcher)
  File "/home/m23522033/torch-mask-rcnn/.venv/lib/python3.8/site-packages/pytorch_lightning/loops/training_epoch_loop.py", line 218, in advance
    batch_output = self.automatic_optimization.run(trainer.optimizers[0], kwargs)
  File "/home/m23522033/torch-mask-rcnn/.venv/lib/python3.8/site-packages/pytorch_lightning/loops/optimization/automatic.py", line 185, in run
    self._optimizer_step(kwargs.get("batch_idx", 0), closure)
  File "/home/m23522033/torch-mask-rcnn/.venv/lib/python3.8/site-packages/pytorch_lightning/loops/optimization/automatic.py", line 261, in _optimizer_step
    call._call_lightning_module_hook(
  File "/home/m23522033/torch-mask-rcnn/.venv/lib/python3.8/site-packages/pytorch_lightning/trainer/call.py", line 142, in _call_lightning_module_hook
    output = fn(*args, **kwargs)
  File "/home/m23522033/torch-mask-rcnn/.venv/lib/python3.8/site-packages/pytorch_lightning/core/module.py", line 1266, in optimizer_step
    optimizer.step(closure=optimizer_closure)
  File "/home/m23522033/torch-mask-rcnn/.venv/lib/python3.8/site-packages/pytorch_lightning/core/optimizer.py", line 158, in step
    step_output = self._strategy.optimizer_step(self._optimizer, closure, **kwargs)
  File "/home/m23522033/torch-mask-rcnn/.venv/lib/python3.8/site-packages/pytorch_lightning/strategies/ddp.py", line 257, in optimizer_step
    optimizer_output = super().optimizer_step(optimizer, closure, model, **kwargs)
  File "/home/m23522033/torch-mask-rcnn/.venv/lib/python3.8/site-packages/pytorch_lightning/strategies/strategy.py", line 224, in optimizer_step
    return self.precision_plugin.optimizer_step(optimizer, model=model, closure=closure, **kwargs)
  File "/home/m23522033/torch-mask-rcnn/.venv/lib/python3.8/site-packages/pytorch_lightning/plugins/precision/precision_plugin.py", line 114, in optimizer_step
    return optimizer.step(closure=closure, **kwargs)
  File "/home/m23522033/torch-mask-rcnn/.venv/lib/python3.8/site-packages/torch/optim/optimizer.py", line 280, in wrapper
    out = func(*args, **kwargs)
  File "/home/m23522033/torch-mask-rcnn/.venv/lib/python3.8/site-packages/torch/optim/optimizer.py", line 33, in _use_grad
    ret = func(self, *args, **kwargs)
  File "/home/m23522033/torch-mask-rcnn/.venv/lib/python3.8/site-packages/torch/optim/sgd.py", line 67, in step
    loss = closure()
  File "/home/m23522033/torch-mask-rcnn/.venv/lib/python3.8/site-packages/pytorch_lightning/plugins/precision/precision_plugin.py", line 101, in _wrap_closure
    closure_result = closure()
  File "/home/m23522033/torch-mask-rcnn/.venv/lib/python3.8/site-packages/pytorch_lightning/loops/optimization/automatic.py", line 140, in __call__
    self._result = self.closure(*args, **kwargs)
  File "/home/m23522033/torch-mask-rcnn/.venv/lib/python3.8/site-packages/pytorch_lightning/loops/optimization/automatic.py", line 126, in closure
    step_output = self._step_fn()
  File "/home/m23522033/torch-mask-rcnn/.venv/lib/python3.8/site-packages/pytorch_lightning/loops/optimization/automatic.py", line 308, in _training_step
    training_step_output = call._call_strategy_hook(trainer, "training_step", *kwargs.values())
  File "/home/m23522033/torch-mask-rcnn/.venv/lib/python3.8/site-packages/pytorch_lightning/trainer/call.py", line 288, in _call_strategy_hook
    output = fn(*args, **kwargs)
  File "/home/m23522033/torch-mask-rcnn/.venv/lib/python3.8/site-packages/pytorch_lightning/strategies/ddp.py", line 329, in training_step
    return self.model(*args, **kwargs)
  File "/home/m23522033/torch-mask-rcnn/.venv/lib/python3.8/site-packages/torch/nn/modules/module.py", line 1501, in _call_impl
    return forward_call(*args, **kwargs)
  File "/home/m23522033/torch-mask-rcnn/.venv/lib/python3.8/site-packages/torch/nn/parallel/distributed.py", line 1156, in forward
    output = self._run_ddp_forward(*inputs, **kwargs)
  File "/home/m23522033/torch-mask-rcnn/.venv/lib/python3.8/site-packages/torch/nn/parallel/distributed.py", line 1110, in _run_ddp_forward
    return module_to_run(*inputs[0], **kwargs[0])  # type: ignore[index]
  File "/home/m23522033/torch-mask-rcnn/.venv/lib/python3.8/site-packages/torch/nn/modules/module.py", line 1501, in _call_impl
    return forward_call(*args, **kwargs)
  File "/home/m23522033/torch-mask-rcnn/.venv/lib/python3.8/site-packages/pytorch_lightning/overrides/base.py", line 90, in forward
    output = self._forward_module.training_step(*inputs, **kwargs)
  File "/home/m23522033/torch-mask-rcnn/models/mask_rcnn.py", line 153, in training_step
    loss_dict = self.model(images, targets)
  File "/home/m23522033/torch-mask-rcnn/.venv/lib/python3.8/site-packages/torch/nn/modules/module.py", line 1501, in _call_impl
    return forward_call(*args, **kwargs)
  File "/home/m23522033/torch-mask-rcnn/.venv/lib/python3.8/site-packages/torchvision/models/detection/generalized_rcnn.py", line 101, in forward
    features = self.backbone(images.tensors)
  File "/home/m23522033/torch-mask-rcnn/.venv/lib/python3.8/site-packages/torch/nn/modules/module.py", line 1501, in _call_impl
    return forward_call(*args, **kwargs)
  File "/home/m23522033/torch-mask-rcnn/.venv/lib/python3.8/site-packages/torchvision/models/detection/backbone_utils.py", line 58, in forward
    x = self.fpn(x)
  File "/home/m23522033/torch-mask-rcnn/.venv/lib/python3.8/site-packages/torch/nn/modules/module.py", line 1501, in _call_impl
    return forward_call(*args, **kwargs)
  File "/home/m23522033/torch-mask-rcnn/.venv/lib/python3.8/site-packages/torchvision/ops/feature_pyramid_network.py", line 194, in forward
    inner_top_down = F.interpolate(last_inner, size=feat_shape, mode="nearest")
  File "/home/m23522033/torch-mask-rcnn/.venv/lib/python3.8/site-packages/torch/nn/functional.py", line 3931, in interpolate
    return torch._C._nn.upsample_nearest2d(input, output_size, scale_factors)
torch.cuda.OutOfMemoryError: CUDA out of memory. Tried to allocate 1.45 GiB (GPU 2; 31.75 GiB total capacity; 27.43 GiB already allocated; 907.75 MiB free; 29.38 GiB reserved in total by PyTorch) If reserved memory is >> allocated memory try setting max_split_size_mb to avoid fragmentation.  See documentation for Memory Management and PYTORCH_CUDA_ALLOC_CONF
Traceback (most recent call last):
  File "/home/m23522033/torch-mask-rcnn/train.py", line 145, in <module>
    main(cfg)
  File "/home/m23522033/torch-mask-rcnn/train.py", line 136, in main
    trainer.fit(**fit_params)
  File "/home/m23522033/torch-mask-rcnn/.venv/lib/python3.8/site-packages/pytorch_lightning/trainer/trainer.py", line 520, in fit
    call._call_and_handle_interrupt(
  File "/home/m23522033/torch-mask-rcnn/.venv/lib/python3.8/site-packages/pytorch_lightning/trainer/call.py", line 42, in _call_and_handle_interrupt
    return trainer.strategy.launcher.launch(trainer_fn, *args, trainer=trainer, **kwargs)
  File "/home/m23522033/torch-mask-rcnn/.venv/lib/python3.8/site-packages/pytorch_lightning/strategies/launchers/subprocess_script.py", line 92, in launch
    return function(*args, **kwargs)
  File "/home/m23522033/torch-mask-rcnn/.venv/lib/python3.8/site-packages/pytorch_lightning/trainer/trainer.py", line 559, in _fit_impl
    self._run(model, ckpt_path=ckpt_path)
  File "/home/m23522033/torch-mask-rcnn/.venv/lib/python3.8/site-packages/pytorch_lightning/trainer/trainer.py", line 935, in _run
    results = self._run_stage()
  File "/home/m23522033/torch-mask-rcnn/.venv/lib/python3.8/site-packages/pytorch_lightning/trainer/trainer.py", line 978, in _run_stage
    self.fit_loop.run()
  File "/home/m23522033/torch-mask-rcnn/.venv/lib/python3.8/site-packages/pytorch_lightning/loops/fit_loop.py", line 201, in run
    self.advance()
  File "/home/m23522033/torch-mask-rcnn/.venv/lib/python3.8/site-packages/pytorch_lightning/loops/fit_loop.py", line 354, in advance
    self.epoch_loop.run(self._data_fetcher)
  File "/home/m23522033/torch-mask-rcnn/.venv/lib/python3.8/site-packages/pytorch_lightning/loops/training_epoch_loop.py", line 133, in run
    self.advance(data_fetcher)
  File "/home/m23522033/torch-mask-rcnn/.venv/lib/python3.8/site-packages/pytorch_lightning/loops/training_epoch_loop.py", line 218, in advance
    batch_output = self.automatic_optimization.run(trainer.optimizers[0], kwargs)
  File "/home/m23522033/torch-mask-rcnn/.venv/lib/python3.8/site-packages/pytorch_lightning/loops/optimization/automatic.py", line 185, in run
    self._optimizer_step(kwargs.get("batch_idx", 0), closure)
  File "/home/m23522033/torch-mask-rcnn/.venv/lib/python3.8/site-packages/pytorch_lightning/loops/optimization/automatic.py", line 261, in _optimizer_step
    call._call_lightning_module_hook(
  File "/home/m23522033/torch-mask-rcnn/.venv/lib/python3.8/site-packages/pytorch_lightning/trainer/call.py", line 142, in _call_lightning_module_hook
    output = fn(*args, **kwargs)
  File "/home/m23522033/torch-mask-rcnn/.venv/lib/python3.8/site-packages/pytorch_lightning/core/module.py", line 1266, in optimizer_step
    optimizer.step(closure=optimizer_closure)
  File "/home/m23522033/torch-mask-rcnn/.venv/lib/python3.8/site-packages/pytorch_lightning/core/optimizer.py", line 158, in step
    step_output = self._strategy.optimizer_step(self._optimizer, closure, **kwargs)
  File "/home/m23522033/torch-mask-rcnn/.venv/lib/python3.8/site-packages/pytorch_lightning/strategies/ddp.py", line 257, in optimizer_step
    optimizer_output = super().optimizer_step(optimizer, closure, model, **kwargs)
  File "/home/m23522033/torch-mask-rcnn/.venv/lib/python3.8/site-packages/pytorch_lightning/strategies/strategy.py", line 224, in optimizer_step
    return self.precision_plugin.optimizer_step(optimizer, model=model, closure=closure, **kwargs)
  File "/home/m23522033/torch-mask-rcnn/.venv/lib/python3.8/site-packages/pytorch_lightning/plugins/precision/precision_plugin.py", line 114, in optimizer_step
    return optimizer.step(closure=closure, **kwargs)
  File "/home/m23522033/torch-mask-rcnn/.venv/lib/python3.8/site-packages/torch/optim/optimizer.py", line 280, in wrapper
    out = func(*args, **kwargs)
  File "/home/m23522033/torch-mask-rcnn/.venv/lib/python3.8/site-packages/torch/optim/optimizer.py", line 33, in _use_grad
    ret = func(self, *args, **kwargs)
  File "/home/m23522033/torch-mask-rcnn/.venv/lib/python3.8/site-packages/torch/optim/sgd.py", line 67, in step
    loss = closure()
  File "/home/m23522033/torch-mask-rcnn/.venv/lib/python3.8/site-packages/pytorch_lightning/plugins/precision/precision_plugin.py", line 101, in _wrap_closure
    closure_result = closure()
  File "/home/m23522033/torch-mask-rcnn/.venv/lib/python3.8/site-packages/pytorch_lightning/loops/optimization/automatic.py", line 140, in __call__
    self._result = self.closure(*args, **kwargs)
  File "/home/m23522033/torch-mask-rcnn/.venv/lib/python3.8/site-packages/pytorch_lightning/loops/optimization/automatic.py", line 126, in closure
    step_output = self._step_fn()
  File "/home/m23522033/torch-mask-rcnn/.venv/lib/python3.8/site-packages/pytorch_lightning/loops/optimization/automatic.py", line 308, in _training_step
    training_step_output = call._call_strategy_hook(trainer, "training_step", *kwargs.values())
  File "/home/m23522033/torch-mask-rcnn/.venv/lib/python3.8/site-packages/pytorch_lightning/trainer/call.py", line 288, in _call_strategy_hook
    output = fn(*args, **kwargs)
  File "/home/m23522033/torch-mask-rcnn/.venv/lib/python3.8/site-packages/pytorch_lightning/strategies/ddp.py", line 329, in training_step
    return self.model(*args, **kwargs)
  File "/home/m23522033/torch-mask-rcnn/.venv/lib/python3.8/site-packages/torch/nn/modules/module.py", line 1501, in _call_impl
    return forward_call(*args, **kwargs)
  File "/home/m23522033/torch-mask-rcnn/.venv/lib/python3.8/site-packages/torch/nn/parallel/distributed.py", line 1156, in forward
    output = self._run_ddp_forward(*inputs, **kwargs)
  File "/home/m23522033/torch-mask-rcnn/.venv/lib/python3.8/site-packages/torch/nn/parallel/distributed.py", line 1110, in _run_ddp_forward
    return module_to_run(*inputs[0], **kwargs[0])  # type: ignore[index]
  File "/home/m23522033/torch-mask-rcnn/.venv/lib/python3.8/site-packages/torch/nn/modules/module.py", line 1501, in _call_impl
    return forward_call(*args, **kwargs)
  File "/home/m23522033/torch-mask-rcnn/.venv/lib/python3.8/site-packages/pytorch_lightning/overrides/base.py", line 90, in forward
    output = self._forward_module.training_step(*inputs, **kwargs)
  File "/home/m23522033/torch-mask-rcnn/models/mask_rcnn.py", line 153, in training_step
    loss_dict = self.model(images, targets)
  File "/home/m23522033/torch-mask-rcnn/.venv/lib/python3.8/site-packages/torch/nn/modules/module.py", line 1501, in _call_impl
    return forward_call(*args, **kwargs)
  File "/home/m23522033/torch-mask-rcnn/.venv/lib/python3.8/site-packages/torchvision/models/detection/generalized_rcnn.py", line 101, in forward
    features = self.backbone(images.tensors)
  File "/home/m23522033/torch-mask-rcnn/.venv/lib/python3.8/site-packages/torch/nn/modules/module.py", line 1501, in _call_impl
    return forward_call(*args, **kwargs)
  File "/home/m23522033/torch-mask-rcnn/.venv/lib/python3.8/site-packages/torchvision/models/detection/backbone_utils.py", line 58, in forward
    x = self.fpn(x)
  File "/home/m23522033/torch-mask-rcnn/.venv/lib/python3.8/site-packages/torch/nn/modules/module.py", line 1501, in _call_impl
    return forward_call(*args, **kwargs)
  File "/home/m23522033/torch-mask-rcnn/.venv/lib/python3.8/site-packages/torchvision/ops/feature_pyramid_network.py", line 192, in forward
    inner_lateral = self.get_result_from_inner_blocks(x[idx], idx)
  File "/home/m23522033/torch-mask-rcnn/.venv/lib/python3.8/site-packages/torchvision/ops/feature_pyramid_network.py", line 155, in get_result_from_inner_blocks
    out = module(x)
  File "/home/m23522033/torch-mask-rcnn/.venv/lib/python3.8/site-packages/torch/nn/modules/module.py", line 1501, in _call_impl
    return forward_call(*args, **kwargs)
  File "/home/m23522033/torch-mask-rcnn/.venv/lib/python3.8/site-packages/torch/nn/modules/container.py", line 217, in forward
    input = module(input)
  File "/home/m23522033/torch-mask-rcnn/.venv/lib/python3.8/site-packages/torch/nn/modules/module.py", line 1501, in _call_impl
    return forward_call(*args, **kwargs)
  File "/home/m23522033/torch-mask-rcnn/.venv/lib/python3.8/site-packages/torch/nn/modules/batchnorm.py", line 171, in forward
    return F.batch_norm(
  File "/home/m23522033/torch-mask-rcnn/.venv/lib/python3.8/site-packages/torch/nn/functional.py", line 2450, in batch_norm
    return torch.batch_norm(
torch.cuda.OutOfMemoryError: CUDA out of memory. Tried to allocate 1.56 GiB (GPU 7; 31.75 GiB total capacity; 28.31 GiB already allocated; 19.75 MiB free; 30.23 GiB reserved in total by PyTorch) If reserved memory is >> allocated memory try setting max_split_size_mb to avoid fragmentation.  See documentation for Memory Management and PYTORCH_CUDA_ALLOC_CONF
Traceback (most recent call last):
  File "/home/m23522033/torch-mask-rcnn/train.py", line 145, in <module>
    main(cfg)
  File "/home/m23522033/torch-mask-rcnn/train.py", line 136, in main
    trainer.fit(**fit_params)
  File "/home/m23522033/torch-mask-rcnn/.venv/lib/python3.8/site-packages/pytorch_lightning/trainer/trainer.py", line 520, in fit
    call._call_and_handle_interrupt(
  File "/home/m23522033/torch-mask-rcnn/.venv/lib/python3.8/site-packages/pytorch_lightning/trainer/call.py", line 42, in _call_and_handle_interrupt
    return trainer.strategy.launcher.launch(trainer_fn, *args, trainer=trainer, **kwargs)
  File "/home/m23522033/torch-mask-rcnn/.venv/lib/python3.8/site-packages/pytorch_lightning/strategies/launchers/subprocess_script.py", line 92, in launch
    return function(*args, **kwargs)
  File "/home/m23522033/torch-mask-rcnn/.venv/lib/python3.8/site-packages/pytorch_lightning/trainer/trainer.py", line 559, in _fit_impl
    self._run(model, ckpt_path=ckpt_path)
  File "/home/m23522033/torch-mask-rcnn/.venv/lib/python3.8/site-packages/pytorch_lightning/trainer/trainer.py", line 935, in _run
    results = self._run_stage()
  File "/home/m23522033/torch-mask-rcnn/.venv/lib/python3.8/site-packages/pytorch_lightning/trainer/trainer.py", line 978, in _run_stage
    self.fit_loop.run()
  File "/home/m23522033/torch-mask-rcnn/.venv/lib/python3.8/site-packages/pytorch_lightning/loops/fit_loop.py", line 201, in run
    self.advance()
  File "/home/m23522033/torch-mask-rcnn/.venv/lib/python3.8/site-packages/pytorch_lightning/loops/fit_loop.py", line 354, in advance
    self.epoch_loop.run(self._data_fetcher)
  File "/home/m23522033/torch-mask-rcnn/.venv/lib/python3.8/site-packages/pytorch_lightning/loops/training_epoch_loop.py", line 133, in run
    self.advance(data_fetcher)
  File "/home/m23522033/torch-mask-rcnn/.venv/lib/python3.8/site-packages/pytorch_lightning/loops/training_epoch_loop.py", line 218, in advance
    batch_output = self.automatic_optimization.run(trainer.optimizers[0], kwargs)
  File "/home/m23522033/torch-mask-rcnn/.venv/lib/python3.8/site-packages/pytorch_lightning/loops/optimization/automatic.py", line 185, in run
    self._optimizer_step(kwargs.get("batch_idx", 0), closure)
  File "/home/m23522033/torch-mask-rcnn/.venv/lib/python3.8/site-packages/pytorch_lightning/loops/optimization/automatic.py", line 261, in _optimizer_step
    call._call_lightning_module_hook(
  File "/home/m23522033/torch-mask-rcnn/.venv/lib/python3.8/site-packages/pytorch_lightning/trainer/call.py", line 142, in _call_lightning_module_hook
    output = fn(*args, **kwargs)
  File "/home/m23522033/torch-mask-rcnn/.venv/lib/python3.8/site-packages/pytorch_lightning/core/module.py", line 1266, in optimizer_step
    optimizer.step(closure=optimizer_closure)
  File "/home/m23522033/torch-mask-rcnn/.venv/lib/python3.8/site-packages/pytorch_lightning/core/optimizer.py", line 158, in step
    step_output = self._strategy.optimizer_step(self._optimizer, closure, **kwargs)
  File "/home/m23522033/torch-mask-rcnn/.venv/lib/python3.8/site-packages/pytorch_lightning/strategies/ddp.py", line 257, in optimizer_step
    optimizer_output = super().optimizer_step(optimizer, closure, model, **kwargs)
  File "/home/m23522033/torch-mask-rcnn/.venv/lib/python3.8/site-packages/pytorch_lightning/strategies/strategy.py", line 224, in optimizer_step
    return self.precision_plugin.optimizer_step(optimizer, model=model, closure=closure, **kwargs)
  File "/home/m23522033/torch-mask-rcnn/.venv/lib/python3.8/site-packages/pytorch_lightning/plugins/precision/precision_plugin.py", line 114, in optimizer_step
    return optimizer.step(closure=closure, **kwargs)
  File "/home/m23522033/torch-mask-rcnn/.venv/lib/python3.8/site-packages/torch/optim/optimizer.py", line 280, in wrapper
    out = func(*args, **kwargs)
  File "/home/m23522033/torch-mask-rcnn/.venv/lib/python3.8/site-packages/torch/optim/optimizer.py", line 33, in _use_grad
    ret = func(self, *args, **kwargs)
  File "/home/m23522033/torch-mask-rcnn/.venv/lib/python3.8/site-packages/torch/optim/sgd.py", line 67, in step
    loss = closure()
  File "/home/m23522033/torch-mask-rcnn/.venv/lib/python3.8/site-packages/pytorch_lightning/plugins/precision/precision_plugin.py", line 101, in _wrap_closure
    closure_result = closure()
  File "/home/m23522033/torch-mask-rcnn/.venv/lib/python3.8/site-packages/pytorch_lightning/loops/optimization/automatic.py", line 140, in __call__
    self._result = self.closure(*args, **kwargs)
  File "/home/m23522033/torch-mask-rcnn/.venv/lib/python3.8/site-packages/pytorch_lightning/loops/optimization/automatic.py", line 126, in closure
    step_output = self._step_fn()
  File "/home/m23522033/torch-mask-rcnn/.venv/lib/python3.8/site-packages/pytorch_lightning/loops/optimization/automatic.py", line 308, in _training_step
    training_step_output = call._call_strategy_hook(trainer, "training_step", *kwargs.values())
  File "/home/m23522033/torch-mask-rcnn/.venv/lib/python3.8/site-packages/pytorch_lightning/trainer/call.py", line 288, in _call_strategy_hook
    output = fn(*args, **kwargs)
  File "/home/m23522033/torch-mask-rcnn/.venv/lib/python3.8/site-packages/pytorch_lightning/strategies/ddp.py", line 329, in training_step
    return self.model(*args, **kwargs)
  File "/home/m23522033/torch-mask-rcnn/.venv/lib/python3.8/site-packages/torch/nn/modules/module.py", line 1501, in _call_impl
    return forward_call(*args, **kwargs)
  File "/home/m23522033/torch-mask-rcnn/.venv/lib/python3.8/site-packages/torch/nn/parallel/distributed.py", line 1156, in forward
    output = self._run_ddp_forward(*inputs, **kwargs)
  File "/home/m23522033/torch-mask-rcnn/.venv/lib/python3.8/site-packages/torch/nn/parallel/distributed.py", line 1110, in _run_ddp_forward
    return module_to_run(*inputs[0], **kwargs[0])  # type: ignore[index]
  File "/home/m23522033/torch-mask-rcnn/.venv/lib/python3.8/site-packages/torch/nn/modules/module.py", line 1501, in _call_impl
    return forward_call(*args, **kwargs)
  File "/home/m23522033/torch-mask-rcnn/.venv/lib/python3.8/site-packages/pytorch_lightning/overrides/base.py", line 90, in forward
    output = self._forward_module.training_step(*inputs, **kwargs)
  File "/home/m23522033/torch-mask-rcnn/models/mask_rcnn.py", line 153, in training_step
    loss_dict = self.model(images, targets)
  File "/home/m23522033/torch-mask-rcnn/.venv/lib/python3.8/site-packages/torch/nn/modules/module.py", line 1501, in _call_impl
    return forward_call(*args, **kwargs)
  File "/home/m23522033/torch-mask-rcnn/.venv/lib/python3.8/site-packages/torchvision/models/detection/generalized_rcnn.py", line 101, in forward
    features = self.backbone(images.tensors)
  File "/home/m23522033/torch-mask-rcnn/.venv/lib/python3.8/site-packages/torch/nn/modules/module.py", line 1501, in _call_impl
    return forward_call(*args, **kwargs)
  File "/home/m23522033/torch-mask-rcnn/.venv/lib/python3.8/site-packages/torchvision/models/detection/backbone_utils.py", line 58, in forward
    x = self.fpn(x)
  File "/home/m23522033/torch-mask-rcnn/.venv/lib/python3.8/site-packages/torch/nn/modules/module.py", line 1501, in _call_impl
    return forward_call(*args, **kwargs)
  File "/home/m23522033/torch-mask-rcnn/.venv/lib/python3.8/site-packages/torchvision/ops/feature_pyramid_network.py", line 192, in forward
    inner_lateral = self.get_result_from_inner_blocks(x[idx], idx)
  File "/home/m23522033/torch-mask-rcnn/.venv/lib/python3.8/site-packages/torchvision/ops/feature_pyramid_network.py", line 155, in get_result_from_inner_blocks
    out = module(x)
  File "/home/m23522033/torch-mask-rcnn/.venv/lib/python3.8/site-packages/torch/nn/modules/module.py", line 1501, in _call_impl
    return forward_call(*args, **kwargs)
  File "/home/m23522033/torch-mask-rcnn/.venv/lib/python3.8/site-packages/torch/nn/modules/container.py", line 217, in forward
    input = module(input)
  File "/home/m23522033/torch-mask-rcnn/.venv/lib/python3.8/site-packages/torch/nn/modules/module.py", line 1501, in _call_impl
    return forward_call(*args, **kwargs)
  File "/home/m23522033/torch-mask-rcnn/.venv/lib/python3.8/site-packages/torch/nn/modules/conv.py", line 463, in forward
    return self._conv_forward(input, self.weight, self.bias)
  File "/home/m23522033/torch-mask-rcnn/.venv/lib/python3.8/site-packages/torch/nn/modules/conv.py", line 459, in _conv_forward
    return F.conv2d(input, weight, bias, self.stride,
torch.cuda.OutOfMemoryError: CUDA out of memory. Tried to allocate 1.56 GiB (GPU 1; 31.75 GiB total capacity; 26.76 GiB already allocated; 1.43 GiB free; 28.74 GiB reserved in total by PyTorch) If reserved memory is >> allocated memory try setting max_split_size_mb to avoid fragmentation.  See documentation for Memory Management and PYTORCH_CUDA_ALLOC_CONF
Traceback (most recent call last):
  File "/home/m23522033/torch-mask-rcnn/train.py", line 145, in <module>
    main(cfg)
  File "/home/m23522033/torch-mask-rcnn/train.py", line 136, in main
    trainer.fit(**fit_params)
  File "/home/m23522033/torch-mask-rcnn/.venv/lib/python3.8/site-packages/pytorch_lightning/trainer/trainer.py", line 520, in fit
    call._call_and_handle_interrupt(
  File "/home/m23522033/torch-mask-rcnn/.venv/lib/python3.8/site-packages/pytorch_lightning/trainer/call.py", line 42, in _call_and_handle_interrupt
    return trainer.strategy.launcher.launch(trainer_fn, *args, trainer=trainer, **kwargs)
  File "/home/m23522033/torch-mask-rcnn/.venv/lib/python3.8/site-packages/pytorch_lightning/strategies/launchers/subprocess_script.py", line 92, in launch
    return function(*args, **kwargs)
  File "/home/m23522033/torch-mask-rcnn/.venv/lib/python3.8/site-packages/pytorch_lightning/trainer/trainer.py", line 559, in _fit_impl
    self._run(model, ckpt_path=ckpt_path)
  File "/home/m23522033/torch-mask-rcnn/.venv/lib/python3.8/site-packages/pytorch_lightning/trainer/trainer.py", line 935, in _run
    results = self._run_stage()
  File "/home/m23522033/torch-mask-rcnn/.venv/lib/python3.8/site-packages/pytorch_lightning/trainer/trainer.py", line 978, in _run_stage
    self.fit_loop.run()
  File "/home/m23522033/torch-mask-rcnn/.venv/lib/python3.8/site-packages/pytorch_lightning/loops/fit_loop.py", line 201, in run
    self.advance()
  File "/home/m23522033/torch-mask-rcnn/.venv/lib/python3.8/site-packages/pytorch_lightning/loops/fit_loop.py", line 354, in advance
    self.epoch_loop.run(self._data_fetcher)
  File "/home/m23522033/torch-mask-rcnn/.venv/lib/python3.8/site-packages/pytorch_lightning/loops/training_epoch_loop.py", line 133, in run
    self.advance(data_fetcher)
  File "/home/m23522033/torch-mask-rcnn/.venv/lib/python3.8/site-packages/pytorch_lightning/loops/training_epoch_loop.py", line 218, in advance
    batch_output = self.automatic_optimization.run(trainer.optimizers[0], kwargs)
  File "/home/m23522033/torch-mask-rcnn/.venv/lib/python3.8/site-packages/pytorch_lightning/loops/optimization/automatic.py", line 185, in run
    self._optimizer_step(kwargs.get("batch_idx", 0), closure)
  File "/home/m23522033/torch-mask-rcnn/.venv/lib/python3.8/site-packages/pytorch_lightning/loops/optimization/automatic.py", line 261, in _optimizer_step
    call._call_lightning_module_hook(
  File "/home/m23522033/torch-mask-rcnn/.venv/lib/python3.8/site-packages/pytorch_lightning/trainer/call.py", line 142, in _call_lightning_module_hook
    output = fn(*args, **kwargs)
  File "/home/m23522033/torch-mask-rcnn/.venv/lib/python3.8/site-packages/pytorch_lightning/core/module.py", line 1266, in optimizer_step
    optimizer.step(closure=optimizer_closure)
  File "/home/m23522033/torch-mask-rcnn/.venv/lib/python3.8/site-packages/pytorch_lightning/core/optimizer.py", line 158, in step
    step_output = self._strategy.optimizer_step(self._optimizer, closure, **kwargs)
  File "/home/m23522033/torch-mask-rcnn/.venv/lib/python3.8/site-packages/pytorch_lightning/strategies/ddp.py", line 257, in optimizer_step
    optimizer_output = super().optimizer_step(optimizer, closure, model, **kwargs)
  File "/home/m23522033/torch-mask-rcnn/.venv/lib/python3.8/site-packages/pytorch_lightning/strategies/strategy.py", line 224, in optimizer_step
    return self.precision_plugin.optimizer_step(optimizer, model=model, closure=closure, **kwargs)
  File "/home/m23522033/torch-mask-rcnn/.venv/lib/python3.8/site-packages/pytorch_lightning/plugins/precision/precision_plugin.py", line 114, in optimizer_step
    return optimizer.step(closure=closure, **kwargs)
  File "/home/m23522033/torch-mask-rcnn/.venv/lib/python3.8/site-packages/torch/optim/optimizer.py", line 280, in wrapper
    out = func(*args, **kwargs)
  File "/home/m23522033/torch-mask-rcnn/.venv/lib/python3.8/site-packages/torch/optim/optimizer.py", line 33, in _use_grad
    ret = func(self, *args, **kwargs)
  File "/home/m23522033/torch-mask-rcnn/.venv/lib/python3.8/site-packages/torch/optim/sgd.py", line 67, in step
    loss = closure()
  File "/home/m23522033/torch-mask-rcnn/.venv/lib/python3.8/site-packages/pytorch_lightning/plugins/precision/precision_plugin.py", line 101, in _wrap_closure
    closure_result = closure()
  File "/home/m23522033/torch-mask-rcnn/.venv/lib/python3.8/site-packages/pytorch_lightning/loops/optimization/automatic.py", line 140, in __call__
    self._result = self.closure(*args, **kwargs)
  File "/home/m23522033/torch-mask-rcnn/.venv/lib/python3.8/site-packages/pytorch_lightning/loops/optimization/automatic.py", line 126, in closure
    step_output = self._step_fn()
  File "/home/m23522033/torch-mask-rcnn/.venv/lib/python3.8/site-packages/pytorch_lightning/loops/optimization/automatic.py", line 308, in _training_step
    training_step_output = call._call_strategy_hook(trainer, "training_step", *kwargs.values())
  File "/home/m23522033/torch-mask-rcnn/.venv/lib/python3.8/site-packages/pytorch_lightning/trainer/call.py", line 288, in _call_strategy_hook
    output = fn(*args, **kwargs)
  File "/home/m23522033/torch-mask-rcnn/.venv/lib/python3.8/site-packages/pytorch_lightning/strategies/ddp.py", line 329, in training_step
    return self.model(*args, **kwargs)
  File "/home/m23522033/torch-mask-rcnn/.venv/lib/python3.8/site-packages/torch/nn/modules/module.py", line 1501, in _call_impl
    return forward_call(*args, **kwargs)
  File "/home/m23522033/torch-mask-rcnn/.venv/lib/python3.8/site-packages/torch/nn/parallel/distributed.py", line 1156, in forward
    output = self._run_ddp_forward(*inputs, **kwargs)
  File "/home/m23522033/torch-mask-rcnn/.venv/lib/python3.8/site-packages/torch/nn/parallel/distributed.py", line 1110, in _run_ddp_forward
    return module_to_run(*inputs[0], **kwargs[0])  # type: ignore[index]
  File "/home/m23522033/torch-mask-rcnn/.venv/lib/python3.8/site-packages/torch/nn/modules/module.py", line 1501, in _call_impl
    return forward_call(*args, **kwargs)
  File "/home/m23522033/torch-mask-rcnn/.venv/lib/python3.8/site-packages/pytorch_lightning/overrides/base.py", line 90, in forward
    output = self._forward_module.training_step(*inputs, **kwargs)
  File "/home/m23522033/torch-mask-rcnn/models/mask_rcnn.py", line 153, in training_step
    loss_dict = self.model(images, targets)
  File "/home/m23522033/torch-mask-rcnn/.venv/lib/python3.8/site-packages/torch/nn/modules/module.py", line 1501, in _call_impl
    return forward_call(*args, **kwargs)
  File "/home/m23522033/torch-mask-rcnn/.venv/lib/python3.8/site-packages/torchvision/models/detection/generalized_rcnn.py", line 101, in forward
    features = self.backbone(images.tensors)
  File "/home/m23522033/torch-mask-rcnn/.venv/lib/python3.8/site-packages/torch/nn/modules/module.py", line 1501, in _call_impl
    return forward_call(*args, **kwargs)
  File "/home/m23522033/torch-mask-rcnn/.venv/lib/python3.8/site-packages/torchvision/models/detection/backbone_utils.py", line 58, in forward
    x = self.fpn(x)
  File "/home/m23522033/torch-mask-rcnn/.venv/lib/python3.8/site-packages/torch/nn/modules/module.py", line 1501, in _call_impl
    return forward_call(*args, **kwargs)
  File "/home/m23522033/torch-mask-rcnn/.venv/lib/python3.8/site-packages/torchvision/ops/feature_pyramid_network.py", line 192, in forward
    inner_lateral = self.get_result_from_inner_blocks(x[idx], idx)
  File "/home/m23522033/torch-mask-rcnn/.venv/lib/python3.8/site-packages/torchvision/ops/feature_pyramid_network.py", line 155, in get_result_from_inner_blocks
    out = module(x)
  File "/home/m23522033/torch-mask-rcnn/.venv/lib/python3.8/site-packages/torch/nn/modules/module.py", line 1501, in _call_impl
    return forward_call(*args, **kwargs)
  File "/home/m23522033/torch-mask-rcnn/.venv/lib/python3.8/site-packages/torch/nn/modules/container.py", line 217, in forward
    input = module(input)
  File "/home/m23522033/torch-mask-rcnn/.venv/lib/python3.8/site-packages/torch/nn/modules/module.py", line 1501, in _call_impl
    return forward_call(*args, **kwargs)
  File "/home/m23522033/torch-mask-rcnn/.venv/lib/python3.8/site-packages/torch/nn/modules/batchnorm.py", line 171, in forward
    return F.batch_norm(
  File "/home/m23522033/torch-mask-rcnn/.venv/lib/python3.8/site-packages/torch/nn/functional.py", line 2450, in batch_norm
    return torch.batch_norm(
torch.cuda.OutOfMemoryError: CUDA out of memory. Tried to allocate 1.48 GiB (GPU 5; 31.75 GiB total capacity; 26.91 GiB already allocated; 1.48 GiB free; 28.70 GiB reserved in total by PyTorch) If reserved memory is >> allocated memory try setting max_split_size_mb to avoid fragmentation.  See documentation for Memory Management and PYTORCH_CUDA_ALLOC_CONF
Traceback (most recent call last):
  File "/home/m23522033/torch-mask-rcnn/train.py", line 145, in <module>
    main(cfg)
  File "/home/m23522033/torch-mask-rcnn/train.py", line 136, in main
    trainer.fit(**fit_params)
  File "/home/m23522033/torch-mask-rcnn/.venv/lib/python3.8/site-packages/pytorch_lightning/trainer/trainer.py", line 520, in fit
    call._call_and_handle_interrupt(
  File "/home/m23522033/torch-mask-rcnn/.venv/lib/python3.8/site-packages/pytorch_lightning/trainer/call.py", line 42, in _call_and_handle_interrupt
    return trainer.strategy.launcher.launch(trainer_fn, *args, trainer=trainer, **kwargs)
  File "/home/m23522033/torch-mask-rcnn/.venv/lib/python3.8/site-packages/pytorch_lightning/strategies/launchers/subprocess_script.py", line 92, in launch
    return function(*args, **kwargs)
  File "/home/m23522033/torch-mask-rcnn/.venv/lib/python3.8/site-packages/pytorch_lightning/trainer/trainer.py", line 559, in _fit_impl
    self._run(model, ckpt_path=ckpt_path)
  File "/home/m23522033/torch-mask-rcnn/.venv/lib/python3.8/site-packages/pytorch_lightning/trainer/trainer.py", line 935, in _run
    results = self._run_stage()
  File "/home/m23522033/torch-mask-rcnn/.venv/lib/python3.8/site-packages/pytorch_lightning/trainer/trainer.py", line 978, in _run_stage
    self.fit_loop.run()
  File "/home/m23522033/torch-mask-rcnn/.venv/lib/python3.8/site-packages/pytorch_lightning/loops/fit_loop.py", line 201, in run
    self.advance()
  File "/home/m23522033/torch-mask-rcnn/.venv/lib/python3.8/site-packages/pytorch_lightning/loops/fit_loop.py", line 354, in advance
    self.epoch_loop.run(self._data_fetcher)
  File "/home/m23522033/torch-mask-rcnn/.venv/lib/python3.8/site-packages/pytorch_lightning/loops/training_epoch_loop.py", line 133, in run
    self.advance(data_fetcher)
  File "/home/m23522033/torch-mask-rcnn/.venv/lib/python3.8/site-packages/pytorch_lightning/loops/training_epoch_loop.py", line 218, in advance
    batch_output = self.automatic_optimization.run(trainer.optimizers[0], kwargs)
  File "/home/m23522033/torch-mask-rcnn/.venv/lib/python3.8/site-packages/pytorch_lightning/loops/optimization/automatic.py", line 185, in run
    self._optimizer_step(kwargs.get("batch_idx", 0), closure)
  File "/home/m23522033/torch-mask-rcnn/.venv/lib/python3.8/site-packages/pytorch_lightning/loops/optimization/automatic.py", line 261, in _optimizer_step
    call._call_lightning_module_hook(
  File "/home/m23522033/torch-mask-rcnn/.venv/lib/python3.8/site-packages/pytorch_lightning/trainer/call.py", line 142, in _call_lightning_module_hook
    output = fn(*args, **kwargs)
  File "/home/m23522033/torch-mask-rcnn/.venv/lib/python3.8/site-packages/pytorch_lightning/core/module.py", line 1266, in optimizer_step
    optimizer.step(closure=optimizer_closure)
  File "/home/m23522033/torch-mask-rcnn/.venv/lib/python3.8/site-packages/pytorch_lightning/core/optimizer.py", line 158, in step
    step_output = self._strategy.optimizer_step(self._optimizer, closure, **kwargs)
  File "/home/m23522033/torch-mask-rcnn/.venv/lib/python3.8/site-packages/pytorch_lightning/strategies/ddp.py", line 257, in optimizer_step
    optimizer_output = super().optimizer_step(optimizer, closure, model, **kwargs)
  File "/home/m23522033/torch-mask-rcnn/.venv/lib/python3.8/site-packages/pytorch_lightning/strategies/strategy.py", line 224, in optimizer_step
    return self.precision_plugin.optimizer_step(optimizer, model=model, closure=closure, **kwargs)
  File "/home/m23522033/torch-mask-rcnn/.venv/lib/python3.8/site-packages/pytorch_lightning/plugins/precision/precision_plugin.py", line 114, in optimizer_step
    return optimizer.step(closure=closure, **kwargs)
  File "/home/m23522033/torch-mask-rcnn/.venv/lib/python3.8/site-packages/torch/optim/optimizer.py", line 280, in wrapper
    out = func(*args, **kwargs)
  File "/home/m23522033/torch-mask-rcnn/.venv/lib/python3.8/site-packages/torch/optim/optimizer.py", line 33, in _use_grad
    ret = func(self, *args, **kwargs)
  File "/home/m23522033/torch-mask-rcnn/.venv/lib/python3.8/site-packages/torch/optim/sgd.py", line 67, in step
    loss = closure()
  File "/home/m23522033/torch-mask-rcnn/.venv/lib/python3.8/site-packages/pytorch_lightning/plugins/precision/precision_plugin.py", line 101, in _wrap_closure
    closure_result = closure()
  File "/home/m23522033/torch-mask-rcnn/.venv/lib/python3.8/site-packages/pytorch_lightning/loops/optimization/automatic.py", line 140, in __call__
    self._result = self.closure(*args, **kwargs)
  File "/home/m23522033/torch-mask-rcnn/.venv/lib/python3.8/site-packages/pytorch_lightning/loops/optimization/automatic.py", line 126, in closure
    step_output = self._step_fn()
  File "/home/m23522033/torch-mask-rcnn/.venv/lib/python3.8/site-packages/pytorch_lightning/loops/optimization/automatic.py", line 308, in _training_step
    training_step_output = call._call_strategy_hook(trainer, "training_step", *kwargs.values())
  File "/home/m23522033/torch-mask-rcnn/.venv/lib/python3.8/site-packages/pytorch_lightning/trainer/call.py", line 288, in _call_strategy_hook
    output = fn(*args, **kwargs)
  File "/home/m23522033/torch-mask-rcnn/.venv/lib/python3.8/site-packages/pytorch_lightning/strategies/ddp.py", line 329, in training_step
    return self.model(*args, **kwargs)
  File "/home/m23522033/torch-mask-rcnn/.venv/lib/python3.8/site-packages/torch/nn/modules/module.py", line 1501, in _call_impl
    return forward_call(*args, **kwargs)
  File "/home/m23522033/torch-mask-rcnn/.venv/lib/python3.8/site-packages/torch/nn/parallel/distributed.py", line 1156, in forward
    output = self._run_ddp_forward(*inputs, **kwargs)
  File "/home/m23522033/torch-mask-rcnn/.venv/lib/python3.8/site-packages/torch/nn/parallel/distributed.py", line 1110, in _run_ddp_forward
    return module_to_run(*inputs[0], **kwargs[0])  # type: ignore[index]
  File "/home/m23522033/torch-mask-rcnn/.venv/lib/python3.8/site-packages/torch/nn/modules/module.py", line 1501, in _call_impl
    return forward_call(*args, **kwargs)
  File "/home/m23522033/torch-mask-rcnn/.venv/lib/python3.8/site-packages/pytorch_lightning/overrides/base.py", line 90, in forward
    output = self._forward_module.training_step(*inputs, **kwargs)
  File "/home/m23522033/torch-mask-rcnn/models/mask_rcnn.py", line 153, in training_step
    loss_dict = self.model(images, targets)
  File "/home/m23522033/torch-mask-rcnn/.venv/lib/python3.8/site-packages/torch/nn/modules/module.py", line 1501, in _call_impl
    return forward_call(*args, **kwargs)
  File "/home/m23522033/torch-mask-rcnn/.venv/lib/python3.8/site-packages/torchvision/models/detection/generalized_rcnn.py", line 101, in forward
    features = self.backbone(images.tensors)
  File "/home/m23522033/torch-mask-rcnn/.venv/lib/python3.8/site-packages/torch/nn/modules/module.py", line 1501, in _call_impl
    return forward_call(*args, **kwargs)
  File "/home/m23522033/torch-mask-rcnn/.venv/lib/python3.8/site-packages/torchvision/models/detection/backbone_utils.py", line 58, in forward
    x = self.fpn(x)
  File "/home/m23522033/torch-mask-rcnn/.venv/lib/python3.8/site-packages/torch/nn/modules/module.py", line 1501, in _call_impl
    return forward_call(*args, **kwargs)
  File "/home/m23522033/torch-mask-rcnn/.venv/lib/python3.8/site-packages/torchvision/ops/feature_pyramid_network.py", line 192, in forward
    inner_lateral = self.get_result_from_inner_blocks(x[idx], idx)
  File "/home/m23522033/torch-mask-rcnn/.venv/lib/python3.8/site-packages/torchvision/ops/feature_pyramid_network.py", line 155, in get_result_from_inner_blocks
    out = module(x)
  File "/home/m23522033/torch-mask-rcnn/.venv/lib/python3.8/site-packages/torch/nn/modules/module.py", line 1501, in _call_impl
    return forward_call(*args, **kwargs)
  File "/home/m23522033/torch-mask-rcnn/.venv/lib/python3.8/site-packages/torch/nn/modules/container.py", line 217, in forward
    input = module(input)
  File "/home/m23522033/torch-mask-rcnn/.venv/lib/python3.8/site-packages/torch/nn/modules/module.py", line 1501, in _call_impl
    return forward_call(*args, **kwargs)
  File "/home/m23522033/torch-mask-rcnn/.venv/lib/python3.8/site-packages/torch/nn/modules/batchnorm.py", line 171, in forward
    return F.batch_norm(
  File "/home/m23522033/torch-mask-rcnn/.venv/lib/python3.8/site-packages/torch/nn/functional.py", line 2450, in batch_norm
    return torch.batch_norm(
torch.cuda.OutOfMemoryError: CUDA out of memory. Tried to allocate 1.56 GiB (GPU 3; 31.75 GiB total capacity; 28.30 GiB already allocated; 75.75 MiB free; 30.19 GiB reserved in total by PyTorch) If reserved memory is >> allocated memory try setting max_split_size_mb to avoid fragmentation.  See documentation for Memory Management and PYTORCH_CUDA_ALLOC_CONF
wandb: - 0.010 MB of 0.010 MB uploaded (0.000 MB deduped)wandb: \ 0.010 MB of 0.010 MB uploaded (0.000 MB deduped)wandb: | 0.010 MB of 0.010 MB uploaded (0.000 MB deduped)wandb: / 0.010 MB of 0.010 MB uploaded (0.000 MB deduped)wandb: - 0.010 MB of 0.010 MB uploaded (0.000 MB deduped)wandb: \ 0.010 MB of 0.010 MB uploaded (0.000 MB deduped)wandb: | 0.010 MB of 0.010 MB uploaded (0.000 MB deduped)wandb: / 0.010 MB of 0.010 MB uploaded (0.000 MB deduped)wandb: - 0.010 MB of 0.010 MB uploaded (0.000 MB deduped)wandb: 🚀 View run sgd-16-precision-32-epoch-20 at: https://wandb.ai/ilhamsyahids/MaskRCNN/runs/jn8j5kow
wandb: Synced 5 W&B file(s), 0 media file(s), 2 artifact file(s) and 0 other file(s)
wandb: Find logs at: logs/wandb/run-20230418_204954-jn8j5kow/logs
  File "/home/m23522033/torch-mask-rcnn/.venv/lib/python3.8/site-packages/torch/nn/modules/batchnorm.py", line 171, in forward
    return F.batch_norm(
  File "/home/m23522033/torch-mask-rcnn/.venv/lib/python3.8/site-packages/torch/nn/functional.py", line 2450, in batch_norm
    return torch.batch_norm(
torch.cuda.OutOfMemoryError: CUDA out of memory. Tried to allocate 1.52 GiB (GPU 0; 31.75 GiB total capacity; 27.64 GiB already allocated; 575.75 MiB free; 29.64 GiB reserved in total by PyTorch) If reserved memory is >> allocated memory try setting max_split_size_mb to avoid fragmentation.  See documentation for Memory Management and PYTORCH_CUDA_ALLOC_CONF
