Building logger...
Building DataModule...
Building callback...
Building model...
Training model...
Loading dataset...
loading annotations into memory...
Done (t=18.15s)
creating index...
index created!
loading annotations into memory...
Done (t=0.53s)
creating index...
index created!
Building training dataloader...
Building logger...
Building DataModule...
Building callback...
Building model...
Training model...
Loading dataset...
loading annotations into memory...
Done (t=17.52s)
creating index...
index created!
loading annotations into memory...
Done (t=0.48s)
creating index...
index created!
Building training dataloader...
Building logger...
Building DataModule...
Building callback...
Building model...
Training model...
Loading dataset...
loading annotations into memory...
Done (t=17.39s)
creating index...
index created!
loading annotations into memory...
Done (t=0.52s)
creating index...
index created!
Building training dataloader...
Building logger...
Building DataModule...
Building callback...
Building model...
Training model...
Loading dataset...
loading annotations into memory...
Done (t=17.42s)
creating index...
index created!
loading annotations into memory...
Done (t=0.48s)
creating index...
index created!
Building training dataloader...
Building logger...
Building DataModule...
Building callback...
Building model...
Training model...
Loading dataset...
loading annotations into memory...
Done (t=17.44s)
creating index...
index created!
loading annotations into memory...
Done (t=0.51s)
creating index...
index created!
Building training dataloader...
Building logger...
Building DataModule...
Building callback...
Building model...
Training model...
Loading dataset...
loading annotations into memory...
Done (t=17.87s)
creating index...
index created!
loading annotations into memory...
Done (t=0.49s)
creating index...
index created!
Building training dataloader...
Building logger...
Building DataModule...
Building callback...
Building model...
Training model...
Loading dataset...
loading annotations into memory...
Done (t=18.10s)
creating index...
index created!
loading annotations into memory...
Done (t=0.48s)
creating index...
index created!
Building training dataloader...
Building logger...
Building DataModule...
Building callback...
Building model...
Training model...
Loading dataset...
loading annotations into memory...
Done (t=18.35s)
creating index...
index created!
loading annotations into memory...
Done (t=0.52s)
creating index...
index created!
Building training dataloader...
Building validation dataloader...
Building validation dataloader...
Building validation dataloader...
Building validation dataloader...
Building validation dataloader...
Building validation dataloader...
Building validation dataloader...
Building validation dataloader...
Training: 0it [00:00, ?it/s]Training:   0%|          | 0/917 [00:00<?, ?it/s]Epoch 0:   0%|          | 0/917 [00:00<?, ?it/s] 