wandb: Currently logged in as: ilhamsyahids. Use `wandb login --relogin` to force relogin
wandb: - Waiting for wandb.init()...wandb: \ Waiting for wandb.init()...wandb: | Waiting for wandb.init()...wandb: / Waiting for wandb.init()...wandb: - Waiting for wandb.init()...wandb: \ Waiting for wandb.init()...wandb: | Waiting for wandb.init()...wandb: Tracking run with wandb version 0.14.0
wandb: Run data is saved locally in /raid/data/m23522033/logs/wandb/run-20230512_014511-7srcssqb
wandb: Run `wandb offline` to turn off syncing.
wandb: Syncing run sgd-16-cosineannealinglrwarmup-2e-2
wandb: ⭐️ View project at https://wandb.ai/ilhamsyahids/MaskRCNN
wandb: 🚀 View run at https://wandb.ai/ilhamsyahids/MaskRCNN/runs/7srcssqb
wandb: logging graph, to disable use `wandb.watch(log_graph=False)`
/raid/data/m23522033/torch-mask-rcnn/.venv/lib/python3.8/site-packages/lightning_fabric/connector.py:562: UserWarning: 16 is supported for historical reasons but its usage is discouraged. Please set your precision to 16-mixed instead!
  rank_zero_warn(
/raid/data/m23522033/torch-mask-rcnn/.venv/lib/python3.8/site-packages/lightning_fabric/plugins/environments/slurm.py:165: PossibleUserWarning: The `srun` command is available on your system but is not used. HINT: If your intention is to run Lightning on SLURM, prepend your python command with `srun` like so: srun python3 train.py --config-file neww/gpu-sgd-cosineannealing ...
  rank_zero_warn(
Using 16bit Automatic Mixed Precision (AMP)
GPU available: True (cuda), used: True
TPU available: False, using: 0 TPU cores
IPU available: False, using: 0 IPUs
HPU available: False, using: 0 HPUs
/raid/data/m23522033/torch-mask-rcnn/.venv/lib/python3.8/site-packages/lightning_fabric/plugins/environments/slurm.py:165: PossibleUserWarning: The `srun` command is available on your system but is not used. HINT: If your intention is to run Lightning on SLURM, prepend your python command with `srun` like so: srun python3 train.py --config-file neww/gpu-sgd-cosineannealing ...
  rank_zero_warn(
Initializing distributed: GLOBAL_RANK: 0, MEMBER: 1/8
wandb: Network error (ProxyError), entering retry loop.
Initializing distributed: GLOBAL_RANK: 3, MEMBER: 4/8
Initializing distributed: GLOBAL_RANK: 2, MEMBER: 3/8
Initializing distributed: GLOBAL_RANK: 1, MEMBER: 2/8
Initializing distributed: GLOBAL_RANK: 5, MEMBER: 6/8
Initializing distributed: GLOBAL_RANK: 6, MEMBER: 7/8
Initializing distributed: GLOBAL_RANK: 4, MEMBER: 5/8
Initializing distributed: GLOBAL_RANK: 7, MEMBER: 8/8
----------------------------------------------------------------------------------------------------
distributed_backend=nccl
All distributed processes registered. Starting with 8 processes
----------------------------------------------------------------------------------------------------

LOCAL_RANK: 6 - CUDA_VISIBLE_DEVICES: [0,1,2,3,4,5,6,7]
LOCAL_RANK: 2 - CUDA_VISIBLE_DEVICES: [0,1,2,3,4,5,6,7]
LOCAL_RANK: 4 - CUDA_VISIBLE_DEVICES: [0,1,2,3,4,5,6,7]
LOCAL_RANK: 0 - CUDA_VISIBLE_DEVICES: [0,1,2,3,4,5,6,7]
LOCAL_RANK: 3 - CUDA_VISIBLE_DEVICES: [0,1,2,3,4,5,6,7]
LOCAL_RANK: 5 - CUDA_VISIBLE_DEVICES: [0,1,2,3,4,5,6,7]
LOCAL_RANK: 1 - CUDA_VISIBLE_DEVICES: [0,1,2,3,4,5,6,7]
LOCAL_RANK: 7 - CUDA_VISIBLE_DEVICES: [0,1,2,3,4,5,6,7]

  | Name  | Type     | Params
-----------------------------------
0 | model | MaskRCNN | 46.4 M
-----------------------------------
46.1 M    Trainable params
225 K     Non-trainable params
46.4 M    Total params
185.438   Total estimated model params size (MB)
/raid/data/m23522033/torch-mask-rcnn/.venv/lib/python3.8/site-packages/lightning_fabric/loggers/csv_logs.py:188: UserWarning: Experiment logs directory /raid/data/m23522033/logs/sgd-16-cosineannealinglrwarmup-2e-2/version_1 exists and is not empty. Previous log files in this directory will be deleted when the new ones are saved!
  rank_zero_warn(
wandb: Network error (ProxyError), entering retry loop.
/raid/data/m23522033/torch-mask-rcnn/.venv/lib/python3.8/site-packages/pytorch_lightning/trainer/connectors/logger_connector/result.py:432: PossibleUserWarning: It is recommended to use `self.log('model_time', ..., sync_dist=True)` when logging on epoch level in distributed setting to accumulate the metric across devices.
  warning_cache.warn(
/raid/data/m23522033/torch-mask-rcnn/.venv/lib/python3.8/site-packages/pytorch_lightning/trainer/connectors/logger_connector/result.py:432: PossibleUserWarning: It is recommended to use `self.log('evaluator_time', ..., sync_dist=True)` when logging on epoch level in distributed setting to accumulate the metric across devices.
  warning_cache.warn(
/raid/data/m23522033/torch-mask-rcnn/.venv/lib/python3.8/site-packages/pytorch_lightning/trainer/connectors/logger_connector/result.py:432: PossibleUserWarning: It is recommended to use `self.log('map_bbox', ..., sync_dist=True)` when logging on epoch level in distributed setting to accumulate the metric across devices.
  warning_cache.warn(
/raid/data/m23522033/torch-mask-rcnn/.venv/lib/python3.8/site-packages/pytorch_lightning/trainer/connectors/logger_connector/result.py:432: PossibleUserWarning: It is recommended to use `self.log('map_50_bbox', ..., sync_dist=True)` when logging on epoch level in distributed setting to accumulate the metric across devices.
  warning_cache.warn(
/raid/data/m23522033/torch-mask-rcnn/.venv/lib/python3.8/site-packages/pytorch_lightning/trainer/connectors/logger_connector/result.py:432: PossibleUserWarning: It is recommended to use `self.log('mar_bbox', ..., sync_dist=True)` when logging on epoch level in distributed setting to accumulate the metric across devices.
  warning_cache.warn(
/raid/data/m23522033/torch-mask-rcnn/.venv/lib/python3.8/site-packages/pytorch_lightning/trainer/connectors/logger_connector/result.py:432: PossibleUserWarning: It is recommended to use `self.log('map_segm', ..., sync_dist=True)` when logging on epoch level in distributed setting to accumulate the metric across devices.
  warning_cache.warn(
/raid/data/m23522033/torch-mask-rcnn/.venv/lib/python3.8/site-packages/pytorch_lightning/trainer/connectors/logger_connector/result.py:432: PossibleUserWarning: It is recommended to use `self.log('map_50_segm', ..., sync_dist=True)` when logging on epoch level in distributed setting to accumulate the metric across devices.
  warning_cache.warn(
/raid/data/m23522033/torch-mask-rcnn/.venv/lib/python3.8/site-packages/pytorch_lightning/trainer/connectors/logger_connector/result.py:432: PossibleUserWarning: It is recommended to use `self.log('mar_segm', ..., sync_dist=True)` when logging on epoch level in distributed setting to accumulate the metric across devices.
  warning_cache.warn(
`Trainer.fit` stopped: `max_epochs=10` reached.
FIT Profiler Report

--------------------------------------------------------------------------------------------------------------------------------------------------------------------------------------------------------------------------------------------------------------------------
|  Action                                                                                                                                                         	|  Mean duration (s)	|  Num calls      	|  Total time (s) 	|  Percentage %   	|
--------------------------------------------------------------------------------------------------------------------------------------------------------------------------------------------------------------------------------------------------------------------------
|  Total                                                                                                                                                          	|  -              	|  454437         	|  1.2965e+04     	|  100 %          	|
--------------------------------------------------------------------------------------------------------------------------------------------------------------------------------------------------------------------------------------------------------------------------
|  run_training_epoch                                                                                                                                             	|  1287.5         	|  10             	|  1.2875e+04     	|  99.312         	|
|  run_training_batch                                                                                                                                             	|  1.158          	|  9160           	|  1.0607e+04     	|  81.817         	|
|  [LightningModule]Mask_RCNN.optimizer_step                                                                                                                      	|  1.1579         	|  9160           	|  1.0606e+04     	|  81.809         	|
|  [Strategy]DDPStrategy.training_step                                                                                                                            	|  0.57426        	|  9160           	|  5260.3         	|  40.574         	|
|  [Strategy]DDPStrategy.backward                                                                                                                                 	|  0.20062        	|  9160           	|  1837.7         	|  14.175         	|
|  [Strategy]DDPStrategy.validation_step                                                                                                                          	|  0.63427        	|  790            	|  501.07         	|  3.8649         	|
|  [_TrainingEpochLoop].train_dataloader_next                                                                                                                     	|  0.039184       	|  9160           	|  358.93         	|  2.7685         	|
|  [Callback]COCOEvaluator.on_validation_batch_end                                                                                                                	|  0.41946        	|  790            	|  331.38         	|  2.556          	|
|  [Callback]COCOEvaluator.on_validation_epoch_end                                                                                                                	|  30.59          	|  10             	|  305.9          	|  2.3595         	|
|  [Strategy]DDPStrategy.batch_to_device                                                                                                                          	|  0.024872       	|  9950           	|  247.47         	|  1.9088         	|
|  [LightningModule]Mask_RCNN.transfer_batch_to_device                                                                                                            	|  0.024709       	|  9950           	|  245.85         	|  1.8963         	|
|  [Callback]COCOEvaluator.on_validation_start                                                                                                                    	|  5.0349         	|  10             	|  50.349         	|  0.38835        	|
|  [Callback]ModelCheckpoint{'monitor': None, 'mode': 'min', 'every_n_train_steps': 0, 'every_n_epochs': 1, 'train_time_interval': None}.on_train_epoch_end       	|  2.8558         	|  10             	|  28.558         	|  0.22027        	|
|  [LightningDataModule]COCODataModule.setup                                                                                                                      	|  21.005         	|  1              	|  21.005         	|  0.16202        	|
|  [Callback]COCOEvaluator.on_validation_epoch_start                                                                                                              	|  2.0005         	|  10             	|  20.005         	|  0.1543         	|
|  [_EvaluationLoop].val_next                                                                                                                                     	|  0.018053       	|  790            	|  14.262         	|  0.11001        	|
|  [LightningModule]Mask_RCNN.on_train_epoch_end                                                                                                                  	|  0.75775        	|  10             	|  7.5775         	|  0.058447       	|
|  [LightningModule]Mask_RCNN.optimizer_zero_grad                                                                                                                 	|  0.0006081      	|  9160           	|  5.5702         	|  0.042964       	|
|  [Callback]LearningRateMonitor.on_train_batch_start                                                                                                             	|  0.00021032     	|  9160           	|  1.9265         	|  0.01486        	|
|  [Callback]TQDMProgressBar.on_train_batch_end                                                                                                                   	|  0.0001287      	|  9160           	|  1.1789         	|  0.0090933      	|
|  [LightningModule]Mask_RCNN.configure_gradient_clipping                                                                                                         	|  3.2155e-05     	|  9160           	|  0.29454        	|  0.0022719      	|
|  [Callback]ModelCheckpoint{'monitor': None, 'mode': 'min', 'every_n_train_steps': 0, 'every_n_epochs': 1, 'train_time_interval': None}.on_train_batch_end       	|  2.7413e-05     	|  9160           	|  0.2511         	|  0.0019368      	|
|  [LightningDataModule]COCODataModule.train_dataloader                                                                                                           	|  0.16551        	|  1              	|  0.16551        	|  0.0012766      	|
|  [LightningModule]Mask_RCNN.on_before_optimizer_step                                                                                                            	|  1.0138e-05     	|  9160           	|  0.092866       	|  0.0007163      	|
|  [Callback]TQDMProgressBar.on_validation_batch_end                                                                                                              	|  7.4996e-05     	|  790            	|  0.059247       	|  0.00045699     	|
|  [Callback]TQDMProgressBar.on_train_batch_start                                                                                                                 	|  6.0893e-06     	|  9160           	|  0.055778       	|  0.00043023     	|
|  [Callback]TQDMProgressBar.on_validation_start                                                                                                                  	|  0.0044359      	|  10             	|  0.044359       	|  0.00034215     	|
|  [Callback]TQDMProgressBar.on_after_backward                                                                                                                    	|  4.5674e-06     	|  9160           	|  0.041837       	|  0.0003227      	|
|  [LightningModule]Mask_RCNN.on_validation_model_eval                                                                                                            	|  0.0040596      	|  10             	|  0.040596       	|  0.00031313     	|
|  [Callback]TQDMProgressBar.on_before_zero_grad                                                                                                                  	|  3.785e-06      	|  9160           	|  0.03467        	|  0.00026742     	|
|  [LightningModule]Mask_RCNN.on_before_batch_transfer                                                                                                            	|  3.2343e-06     	|  9950           	|  0.032182       	|  0.00024822     	|
|  [Callback]TQDMProgressBar.on_before_optimizer_step                                                                                                             	|  3.4897e-06     	|  9160           	|  0.031965       	|  0.00024656     	|
|  [Callback]TQDMProgressBar.on_before_backward                                                                                                                   	|  3.4179e-06     	|  9160           	|  0.031308       	|  0.00024149     	|
|  [LightningModule]Mask_RCNN.on_after_batch_transfer                                                                                                             	|  3.0244e-06     	|  9950           	|  0.030093       	|  0.00023212     	|
|  [Callback]TQDMProgressBar.on_validation_batch_start                                                                                                            	|  3.0244e-05     	|  790            	|  0.023893       	|  0.00018429     	|
|  [LightningModule]Mask_RCNN.on_train_batch_start                                                                                                                	|  2.39e-06       	|  9160           	|  0.021893       	|  0.00016886     	|
|  [Callback]LearningRateMonitor.on_train_batch_end                                                                                                               	|  2.1606e-06     	|  9160           	|  0.019791       	|  0.00015265     	|
|  [LightningModule]Mask_RCNN.on_before_zero_grad                                                                                                                 	|  1.9805e-06     	|  9160           	|  0.018141       	|  0.00013993     	|
|  [LightningModule]Mask_RCNN.on_after_backward                                                                                                                   	|  1.8968e-06     	|  9160           	|  0.017375       	|  0.00013402     	|
|  [Callback]COCOEvaluator.on_train_batch_start                                                                                                                   	|  1.8245e-06     	|  9160           	|  0.016713       	|  0.00012891     	|
|  [LightningModule]Mask_RCNN.on_before_backward                                                                                                                  	|  1.7342e-06     	|  9160           	|  0.015885       	|  0.00012253     	|
|  [LightningModule]Mask_RCNN.on_train_batch_end                                                                                                                  	|  1.7331e-06     	|  9160           	|  0.015876       	|  0.00012245     	|
|  [Callback]LearningRateMonitor.on_after_backward                                                                                                                	|  1.694e-06      	|  9160           	|  0.015517       	|  0.00011969     	|
|  [Callback]ModelCheckpoint{'monitor': None, 'mode': 'min', 'every_n_train_steps': 0, 'every_n_epochs': 1, 'train_time_interval': None}.on_train_batch_start     	|  1.6604e-06     	|  9160           	|  0.01521        	|  0.00011732     	|
|  [Callback]LearningRateMonitor.on_before_optimizer_step                                                                                                         	|  1.6086e-06     	|  9160           	|  0.014735       	|  0.00011365     	|
|  [Callback]LearningRateMonitor.on_before_zero_grad                                                                                                              	|  1.5876e-06     	|  9160           	|  0.014542       	|  0.00011217     	|
|  [Callback]TQDMProgressBar.on_validation_end                                                                                                                    	|  0.0014468      	|  10             	|  0.014468       	|  0.0001116      	|
|  [Callback]ModelSummary.on_train_batch_start                                                                                                                    	|  1.4621e-06     	|  9160           	|  0.013393       	|  0.0001033      	|
|  [Callback]ModelCheckpoint{'monitor': None, 'mode': 'min', 'every_n_train_steps': 0, 'every_n_epochs': 1, 'train_time_interval': None}.on_after_backward        	|  1.4505e-06     	|  9160           	|  0.013286       	|  0.00010248     	|
|  [Callback]ModelCheckpoint{'monitor': None, 'mode': 'min', 'every_n_train_steps': 0, 'every_n_epochs': 1, 'train_time_interval': None}.on_before_optimizer_step 	|  1.4406e-06     	|  9160           	|  0.013196       	|  0.00010178     	|
|  [Callback]LearningRateMonitor.on_before_backward                                                                                                               	|  1.4332e-06     	|  9160           	|  0.013128       	|  0.00010126     	|
|  [Callback]ModelCheckpoint{'monitor': None, 'mode': 'min', 'every_n_train_steps': 0, 'every_n_epochs': 1, 'train_time_interval': None}.on_before_zero_grad      	|  1.4166e-06     	|  9160           	|  0.012976       	|  0.00010009     	|
|  [Callback]COCOEvaluator.on_after_backward                                                                                                                      	|  1.3687e-06     	|  9160           	|  0.012538       	|  9.6705e-05     	|
|  [Callback]ModelCheckpoint{'monitor': None, 'mode': 'min', 'every_n_train_steps': 0, 'every_n_epochs': 1, 'train_time_interval': None}.on_before_backward       	|  1.3686e-06     	|  9160           	|  0.012537       	|  9.6699e-05     	|
|  [LightningModule]Mask_RCNN.on_validation_model_train                                                                                                           	|  0.0012332      	|  10             	|  0.012332       	|  9.5124e-05     	|
|  [Callback]ModelSummary.on_before_backward                                                                                                                      	|  1.3006e-06     	|  9160           	|  0.011914       	|  9.1892e-05     	|
|  [Callback]COCOEvaluator.on_train_batch_end                                                                                                                     	|  1.2735e-06     	|  9160           	|  0.011665       	|  8.9975e-05     	|
|  [Callback]COCOEvaluator.on_before_zero_grad                                                                                                                    	|  1.2671e-06     	|  9160           	|  0.011606       	|  8.9523e-05     	|
|  [Callback]ModelSummary.on_before_zero_grad                                                                                                                     	|  1.2588e-06     	|  9160           	|  0.01153        	|  8.8935e-05     	|
|  [Strategy]DDPStrategy.on_train_batch_start                                                                                                                     	|  1.2253e-06     	|  9160           	|  0.011224       	|  8.6572e-05     	|
|  [Callback]ModelSummary.on_train_batch_end                                                                                                                      	|  1.2156e-06     	|  9160           	|  0.011135       	|  8.5887e-05     	|
|  [Callback]ModelSummary.on_after_backward                                                                                                                       	|  1.2083e-06     	|  9160           	|  0.011068       	|  8.5369e-05     	|
|  [Callback]COCOEvaluator.on_before_optimizer_step                                                                                                               	|  1.2047e-06     	|  9160           	|  0.011035       	|  8.5115e-05     	|
|  [Callback]COCOEvaluator.on_before_backward                                                                                                                     	|  1.2017e-06     	|  9160           	|  0.011008       	|  8.4907e-05     	|
|  [Callback]TQDMProgressBar.on_train_epoch_start                                                                                                                 	|  0.0010923      	|  10             	|  0.010923       	|  8.425e-05      	|
|  [Callback]ModelSummary.on_before_optimizer_step                                                                                                                	|  1.1436e-06     	|  9160           	|  0.010475       	|  8.08e-05       	|
|  [Callback]ModelSummary.on_fit_start                                                                                                                            	|  0.0065231      	|  1              	|  0.0065231      	|  5.0315e-05     	|
|  [Callback]ModelSummary.on_validation_batch_end                                                                                                                 	|  7.4497e-06     	|  790            	|  0.0058853      	|  4.5395e-05     	|
|  [Callback]TQDMProgressBar.on_train_epoch_end                                                                                                                   	|  0.00041141     	|  10             	|  0.0041141      	|  3.1733e-05     	|
|  [Callback]LearningRateMonitor.on_validation_batch_end                                                                                                          	|  2.9711e-06     	|  790            	|  0.0023472      	|  1.8104e-05     	|
|  [LightningModule]Mask_RCNN.on_validation_batch_end                                                                                                             	|  2.8202e-06     	|  790            	|  0.002228       	|  1.7185e-05     	|
|  [Callback]LearningRateMonitor.on_validation_batch_start                                                                                                        	|  2.5957e-06     	|  790            	|  0.0020506      	|  1.5817e-05     	|
|  [Callback]ModelCheckpoint{'monitor': None, 'mode': 'min', 'every_n_train_steps': 0, 'every_n_epochs': 1, 'train_time_interval': None}.on_validation_batch_end  	|  2.1507e-06     	|  790            	|  0.001699       	|  1.3105e-05     	|
|  [Callback]TQDMProgressBar.on_train_start                                                                                                                       	|  0.001362       	|  1              	|  0.001362       	|  1.0505e-05     	|
|  [Callback]ModelCheckpoint{'monitor': None, 'mode': 'min', 'every_n_train_steps': 0, 'every_n_epochs': 1, 'train_time_interval': None}.setup                    	|  0.0013357      	|  1              	|  0.0013357      	|  1.0303e-05     	|
|  [Callback]ModelCheckpoint{'monitor': None, 'mode': 'min', 'every_n_train_steps': 0, 'every_n_epochs': 1, 'train_time_interval': None}.on_validation_batch_start	|  1.6068e-06     	|  790            	|  0.0012693      	|  9.7908e-06     	|
|  [LightningModule]Mask_RCNN.on_validation_batch_start                                                                                                           	|  1.506e-06      	|  790            	|  0.0011897      	|  9.1766e-06     	|
|  [Callback]COCOEvaluator.on_validation_batch_start                                                                                                              	|  1.4948e-06     	|  790            	|  0.0011809      	|  9.1086e-06     	|
|  [LightningModule]Mask_RCNN.on_validation_epoch_start                                                                                                           	|  0.00011671     	|  10             	|  0.0011671      	|  9.0019e-06     	|
|  [LightningDataModule]COCODataModule.val_dataloader                                                                                                             	|  0.001119       	|  1              	|  0.001119       	|  8.6311e-06     	|
|  [Callback]ModelSummary.on_validation_batch_start                                                                                                               	|  1.3173e-06     	|  790            	|  0.0010407      	|  8.0272e-06     	|
|  [LightningModule]Mask_RCNN.lr_scheduler_step                                                                                                                   	|  0.00010065     	|  10             	|  0.0010065      	|  7.7631e-06     	|
|  [Callback]ModelCheckpoint{'monitor': None, 'mode': 'min', 'every_n_train_steps': 0, 'every_n_epochs': 1, 'train_time_interval': None}.on_validation_end        	|  9.5316e-05     	|  10             	|  0.00095316     	|  7.352e-06      	|
|  [LightningModule]Mask_RCNN.configure_optimizers                                                                                                                	|  0.00088437     	|  1              	|  0.00088437     	|  6.8214e-06     	|
|  [Callback]TQDMProgressBar.on_train_end                                                                                                                         	|  0.00057769     	|  1              	|  0.00057769     	|  4.4559e-06     	|
|  [Callback]LearningRateMonitor.on_train_epoch_start                                                                                                             	|  5.7279e-05     	|  10             	|  0.00057279     	|  4.4181e-06     	|
|  [LightningModule]Mask_RCNN.on_validation_start                                                                                                                 	|  2.973e-05      	|  10             	|  0.0002973      	|  2.2931e-06     	|
|  [Callback]ModelSummary.on_validation_epoch_start                                                                                                               	|  2.8922e-05     	|  10             	|  0.00028922     	|  2.2308e-06     	|
|  [Callback]LearningRateMonitor.on_validation_start                                                                                                              	|  2.8683e-05     	|  10             	|  0.00028683     	|  2.2124e-06     	|
|  [Callback]ModelSummary.on_validation_start                                                                                                                     	|  2.4883e-05     	|  10             	|  0.00024883     	|  1.9193e-06     	|
|  [LightningModule]Mask_RCNN.on_train_epoch_start                                                                                                                	|  2.3874e-05     	|  10             	|  0.00023874     	|  1.8415e-06     	|
|  [Callback]ModelSummary.on_validation_epoch_end                                                                                                                 	|  1.6019e-05     	|  10             	|  0.00016019     	|  1.2356e-06     	|
|  [LightningModule]Mask_RCNN.on_train_end                                                                                                                        	|  0.00015542     	|  1              	|  0.00015542     	|  1.1988e-06     	|
|  [Callback]LearningRateMonitor.on_train_start                                                                                                                   	|  0.00014295     	|  1              	|  0.00014295     	|  1.1026e-06     	|
|  [LightningDataModule]COCODataModule.state_dict                                                                                                                 	|  8.6954e-06     	|  10             	|  8.6954e-05     	|  6.707e-07      	|
|  [Callback]TQDMProgressBar.on_save_checkpoint                                                                                                                   	|  8.1775e-06     	|  10             	|  8.1775e-05     	|  6.3075e-07     	|
|  [LightningModule]Mask_RCNN.on_validation_end                                                                                                                   	|  7.6108e-06     	|  10             	|  7.6108e-05     	|  5.8704e-07     	|
|  [Strategy]DDPStrategy.on_validation_start                                                                                                                      	|  7.0209e-06     	|  10             	|  7.0209e-05     	|  5.4154e-07     	|
|  [LightningModule]Mask_RCNN.on_validation_epoch_end                                                                                                             	|  6.8879e-06     	|  10             	|  6.8879e-05     	|  5.3128e-07     	|
|  [Callback]TQDMProgressBar.on_validation_epoch_start                                                                                                            	|  6.6635e-06     	|  10             	|  6.6635e-05     	|  5.1397e-07     	|
|  [Strategy]DDPStrategy.on_validation_end                                                                                                                        	|  4.8883e-06     	|  10             	|  4.8883e-05     	|  3.7705e-07     	|
|  [Callback]LearningRateMonitor.on_validation_end                                                                                                                	|  4.6999e-06     	|  10             	|  4.6999e-05     	|  3.6252e-07     	|
|  [Callback]TQDMProgressBar.on_validation_epoch_end                                                                                                              	|  4.573e-06      	|  10             	|  4.573e-05      	|  3.5273e-07     	|
|  [Callback]LearningRateMonitor.on_train_epoch_end                                                                                                               	|  4.4097e-06     	|  10             	|  4.4097e-05     	|  3.4013e-07     	|
|  [Callback]COCOEvaluator.on_train_epoch_start                                                                                                                   	|  3.8145e-06     	|  10             	|  3.8145e-05     	|  2.9422e-07     	|
|  [Callback]LearningRateMonitor.on_save_checkpoint                                                                                                               	|  2.6477e-06     	|  10             	|  2.6477e-05     	|  2.0422e-07     	|
|  [Callback]ModelCheckpoint{'monitor': None, 'mode': 'min', 'every_n_train_steps': 0, 'every_n_epochs': 1, 'train_time_interval': None}.on_validation_start      	|  2.4738e-06     	|  10             	|  2.4738e-05     	|  1.9081e-07     	|
|  [Callback]COCOEvaluator.on_train_start                                                                                                                         	|  2.2648e-05     	|  1              	|  2.2648e-05     	|  1.7469e-07     	|
|  [Callback]ModelCheckpoint{'monitor': None, 'mode': 'min', 'every_n_train_steps': 0, 'every_n_epochs': 1, 'train_time_interval': None}.on_train_epoch_start     	|  2.127e-06      	|  10             	|  2.127e-05      	|  1.6406e-07     	|
|  [Callback]ModelSummary.on_train_epoch_start                                                                                                                    	|  2.1108e-06     	|  10             	|  2.1108e-05     	|  1.6281e-07     	|
|  [Callback]ModelCheckpoint{'monitor': None, 'mode': 'min', 'every_n_train_steps': 0, 'every_n_epochs': 1, 'train_time_interval': None}.on_validation_epoch_end  	|  2.07e-06       	|  10             	|  2.07e-05       	|  1.5966e-07     	|
|  [Callback]ModelSummary.on_save_checkpoint                                                                                                                      	|  1.9601e-06     	|  10             	|  1.9601e-05     	|  1.5119e-07     	|
|  [Callback]COCOEvaluator.on_save_checkpoint                                                                                                                     	|  1.8877e-06     	|  10             	|  1.8877e-05     	|  1.456e-07      	|
|  [Callback]LearningRateMonitor.on_validation_epoch_end                                                                                                          	|  1.7954e-06     	|  10             	|  1.7954e-05     	|  1.3848e-07     	|
|  [Callback]ModelCheckpoint{'monitor': None, 'mode': 'min', 'every_n_train_steps': 0, 'every_n_epochs': 1, 'train_time_interval': None}.on_validation_epoch_start	|  1.779e-06      	|  10             	|  1.779e-05      	|  1.3722e-07     	|
|  [Callback]TQDMProgressBar.setup                                                                                                                                	|  1.7071e-05     	|  1              	|  1.7071e-05     	|  1.3167e-07     	|
|  [Callback]ModelSummary.teardown                                                                                                                                	|  1.6603e-05     	|  1              	|  1.6603e-05     	|  1.2806e-07     	|
|  [Callback]ModelCheckpoint{'monitor': None, 'mode': 'min', 'every_n_train_steps': 0, 'every_n_epochs': 1, 'train_time_interval': None}.on_save_checkpoint       	|  1.6056e-06     	|  10             	|  1.6056e-05     	|  1.2385e-07     	|
|  [Callback]ModelSummary.on_validation_end                                                                                                                       	|  1.4815e-06     	|  10             	|  1.4815e-05     	|  1.1427e-07     	|
|  [Callback]COCOEvaluator.on_validation_end                                                                                                                      	|  1.4803e-06     	|  10             	|  1.4803e-05     	|  1.1418e-07     	|
|  [Callback]COCOEvaluator.on_train_epoch_end                                                                                                                     	|  1.3468e-06     	|  10             	|  1.3468e-05     	|  1.0388e-07     	|
|  [Callback]ModelSummary.on_train_epoch_end                                                                                                                      	|  1.3194e-06     	|  10             	|  1.3194e-05     	|  1.0177e-07     	|
|  [Callback]LearningRateMonitor.on_validation_epoch_start                                                                                                        	|  1.3027e-06     	|  10             	|  1.3027e-05     	|  1.0048e-07     	|
|  [LightningModule]Mask_RCNN.on_save_checkpoint                                                                                                                  	|  1.2839e-06     	|  10             	|  1.2839e-05     	|  9.9029e-08     	|
|  [LightningModule]Mask_RCNN.configure_callbacks                                                                                                                 	|  1.1557e-05     	|  1              	|  1.1557e-05     	|  8.9144e-08     	|
|  [LightningModule]Mask_RCNN.on_train_start                                                                                                                      	|  1.0855e-05     	|  1              	|  1.0855e-05     	|  8.3728e-08     	|
|  [Callback]TQDMProgressBar.on_fit_end                                                                                                                           	|  6.191e-06      	|  1              	|  6.191e-06      	|  4.7753e-08     	|
|  [Callback]ModelCheckpoint{'monitor': None, 'mode': 'min', 'every_n_train_steps': 0, 'every_n_epochs': 1, 'train_time_interval': None}.on_train_start           	|  4.6678e-06     	|  1              	|  4.6678e-06     	|  3.6004e-08     	|
|  [LightningModule]Mask_RCNN.configure_sharded_model                                                                                                             	|  4.6664e-06     	|  1              	|  4.6664e-06     	|  3.5993e-08     	|
|  [Callback]LearningRateMonitor.on_train_end                                                                                                                     	|  4.475e-06      	|  1              	|  4.475e-06      	|  3.4517e-08     	|
|  [LightningModule]Mask_RCNN.on_fit_start                                                                                                                        	|  4.4401e-06     	|  1              	|  4.4401e-06     	|  3.4247e-08     	|
|  [LightningDataModule]COCODataModule.prepare_data                                                                                                               	|  4.0582e-06     	|  1              	|  4.0582e-06     	|  3.1302e-08     	|
|  [Callback]TQDMProgressBar.on_fit_start                                                                                                                         	|  3.5162e-06     	|  1              	|  3.5162e-06     	|  2.7121e-08     	|
|  [Callback]ModelCheckpoint{'monitor': None, 'mode': 'min', 'every_n_train_steps': 0, 'every_n_epochs': 1, 'train_time_interval': None}.on_fit_start             	|  3.1483e-06     	|  1              	|  3.1483e-06     	|  2.4284e-08     	|
|  [Strategy]DDPStrategy.on_train_start                                                                                                                           	|  3.1022e-06     	|  1              	|  3.1022e-06     	|  2.3928e-08     	|
|  [Callback]LearningRateMonitor.setup                                                                                                                            	|  2.7162e-06     	|  1              	|  2.7162e-06     	|  2.0951e-08     	|
|  [Callback]TQDMProgressBar.teardown                                                                                                                             	|  2.3968e-06     	|  1              	|  2.3968e-06     	|  1.8487e-08     	|
|  [LightningModule]Mask_RCNN.setup                                                                                                                               	|  2.3399e-06     	|  1              	|  2.3399e-06     	|  1.8049e-08     	|
|  [LightningDataModule]COCODataModule.teardown                                                                                                                   	|  2.2389e-06     	|  1              	|  2.2389e-06     	|  1.7269e-08     	|
|  [Strategy]DDPStrategy.on_train_end                                                                                                                             	|  2.048e-06      	|  1              	|  2.048e-06      	|  1.5797e-08     	|
|  [Callback]LearningRateMonitor.on_fit_end                                                                                                                       	|  1.8873e-06     	|  1              	|  1.8873e-06     	|  1.4557e-08     	|
|  [LightningModule]Mask_RCNN.on_fit_end                                                                                                                          	|  1.8063e-06     	|  1              	|  1.8063e-06     	|  1.3932e-08     	|
|  [Callback]COCOEvaluator.on_train_end                                                                                                                           	|  1.7299e-06     	|  1              	|  1.7299e-06     	|  1.3343e-08     	|
|  [LightningModule]Mask_RCNN.prepare_data                                                                                                                        	|  1.7206e-06     	|  1              	|  1.7206e-06     	|  1.3272e-08     	|
|  [Callback]ModelSummary.on_train_start                                                                                                                          	|  1.6391e-06     	|  1              	|  1.6391e-06     	|  1.2643e-08     	|
|  [Callback]LearningRateMonitor.on_fit_start                                                                                                                     	|  1.5898e-06     	|  1              	|  1.5898e-06     	|  1.2262e-08     	|
|  [Callback]ModelCheckpoint{'monitor': None, 'mode': 'min', 'every_n_train_steps': 0, 'every_n_epochs': 1, 'train_time_interval': None}.on_train_end             	|  1.58e-06       	|  1              	|  1.58e-06       	|  1.2187e-08     	|
|  [Callback]ModelSummary.on_train_end                                                                                                                            	|  1.5791e-06     	|  1              	|  1.5791e-06     	|  1.218e-08      	|
|  [Callback]ModelCheckpoint{'monitor': None, 'mode': 'min', 'every_n_train_steps': 0, 'every_n_epochs': 1, 'train_time_interval': None}.on_fit_end               	|  1.431e-06      	|  1              	|  1.431e-06      	|  1.1037e-08     	|
|  [Callback]ModelCheckpoint{'monitor': None, 'mode': 'min', 'every_n_train_steps': 0, 'every_n_epochs': 1, 'train_time_interval': None}.teardown                 	|  1.4128e-06     	|  1              	|  1.4128e-06     	|  1.0897e-08     	|
|  [Callback]ModelSummary.setup                                                                                                                                   	|  1.3798e-06     	|  1              	|  1.3798e-06     	|  1.0642e-08     	|
|  [Callback]COCOEvaluator.setup                                                                                                                                  	|  1.329e-06      	|  1              	|  1.329e-06      	|  1.0251e-08     	|
|  [Callback]LearningRateMonitor.teardown                                                                                                                         	|  1.3271e-06     	|  1              	|  1.3271e-06     	|  1.0237e-08     	|
|  [Callback]COCOEvaluator.on_fit_end                                                                                                                             	|  1.289e-06      	|  1              	|  1.289e-06      	|  9.942e-09      	|
|  [Callback]COCOEvaluator.teardown                                                                                                                               	|  1.247e-06      	|  1              	|  1.247e-06      	|  9.6187e-09     	|
|  [Callback]ModelSummary.on_fit_end                                                                                                                              	|  1.2466e-06     	|  1              	|  1.2466e-06     	|  9.6152e-09     	|
|  [Callback]COCOEvaluator.on_fit_start                                                                                                                           	|  1.2e-06        	|  1              	|  1.2e-06        	|  9.256e-09      	|
|  [LightningModule]Mask_RCNN.teardown                                                                                                                            	|  1.0049e-06     	|  1              	|  1.0049e-06     	|  7.751e-09      	|
--------------------------------------------------------------------------------------------------------------------------------------------------------------------------------------------------------------------------------------------------------------------------

wandb: Waiting for W&B process to finish... (success).
wandb: - 0.037 MB of 0.037 MB uploaded (0.000 MB deduped)wandb: \ 0.037 MB of 0.037 MB uploaded (0.000 MB deduped)wandb: | 0.037 MB of 0.037 MB uploaded (0.000 MB deduped)wandb: / 0.037 MB of 0.037 MB uploaded (0.000 MB deduped)wandb: - 0.037 MB of 0.037 MB uploaded (0.000 MB deduped)wandb: \ 0.037 MB of 0.037 MB uploaded (0.000 MB deduped)wandb: | 0.037 MB of 0.037 MB uploaded (0.000 MB deduped)wandb: / 0.037 MB of 0.037 MB uploaded (0.000 MB deduped)wandb: - 0.037 MB of 0.037 MB uploaded (0.000 MB deduped)wandb: \ 0.037 MB of 0.037 MB uploaded (0.000 MB deduped)wandb: | 0.037 MB of 0.037 MB uploaded (0.000 MB deduped)wandb: / 0.037 MB of 0.037 MB uploaded (0.000 MB deduped)wandb: Network error (ProxyError), entering retry loop.
wandb: - 0.037 MB of 0.037 MB uploaded (0.000 MB deduped)wandb: \ 0.037 MB of 0.037 MB uploaded (0.000 MB deduped)wandb: | 0.037 MB of 0.037 MB uploaded (0.000 MB deduped)wandb: / 0.037 MB of 0.037 MB uploaded (0.000 MB deduped)wandb: - 0.037 MB of 0.037 MB uploaded (0.000 MB deduped)wandb: \ 0.037 MB of 0.037 MB uploaded (0.000 MB deduped)wandb: | 0.037 MB of 0.037 MB uploaded (0.000 MB deduped)wandb: / 0.037 MB of 0.037 MB uploaded (0.000 MB deduped)wandb: - 0.037 MB of 0.037 MB uploaded (0.000 MB deduped)wandb: \ 0.037 MB of 0.037 MB uploaded (0.000 MB deduped)wandb: | 0.037 MB of 0.037 MB uploaded (0.000 MB deduped)wandb: / 0.037 MB of 0.037 MB uploaded (0.000 MB deduped)wandb: - 0.037 MB of 0.037 MB uploaded (0.000 MB deduped)wandb: \ 0.037 MB of 0.037 MB uploaded (0.000 MB deduped)wandb: | 0.037 MB of 0.037 MB uploaded (0.000 MB deduped)wandb: / 0.037 MB of 0.037 MB uploaded (0.000 MB deduped)wandb: - 0.037 MB of 0.037 MB uploaded (0.000 MB deduped)wandb: \ 0.037 MB of 0.037 MB uploaded (0.000 MB deduped)wandb: | 0.037 MB of 0.037 MB uploaded (0.000 MB deduped)wandb: / 0.037 MB of 0.037 MB uploaded (0.000 MB deduped)wandb: - 0.037 MB of 0.037 MB uploaded (0.000 MB deduped)wandb: \ 0.037 MB of 0.037 MB uploaded (0.000 MB deduped)wandb: | 0.037 MB of 0.037 MB uploaded (0.000 MB deduped)wandb: / 0.037 MB of 0.037 MB uploaded (0.000 MB deduped)wandb: - 0.037 MB of 0.037 MB uploaded (0.000 MB deduped)wandb: \ 0.037 MB of 0.037 MB uploaded (0.000 MB deduped)wandb: | 0.037 MB of 0.037 MB uploaded (0.000 MB deduped)wandb: / 0.037 MB of 0.037 MB uploaded (0.000 MB deduped)wandb: - 0.037 MB of 0.037 MB uploaded (0.000 MB deduped)wandb: \ 0.037 MB of 0.037 MB uploaded (0.000 MB deduped)wandb: | 0.037 MB of 0.037 MB uploaded (0.000 MB deduped)wandb: / 0.037 MB of 0.037 MB uploaded (0.000 MB deduped)wandb: - 0.037 MB of 0.037 MB uploaded (0.000 MB deduped)wandb: \ 0.037 MB of 0.037 MB uploaded (0.000 MB deduped)wandb: | 0.037 MB of 0.037 MB uploaded (0.000 MB deduped)wandb: / 0.037 MB of 0.037 MB uploaded (0.000 MB deduped)wandb: - 0.037 MB of 0.037 MB uploaded (0.000 MB deduped)wandb: \ 0.037 MB of 0.037 MB uploaded (0.000 MB deduped)wandb: | 0.037 MB of 0.037 MB uploaded (0.000 MB deduped)wandb: / 0.037 MB of 0.037 MB uploaded (0.000 MB deduped)wandb: - 0.037 MB of 0.037 MB uploaded (0.000 MB deduped)wandb: \ 0.037 MB of 0.037 MB uploaded (0.000 MB deduped)wandb: | 0.037 MB of 0.037 MB uploaded (0.000 MB deduped)wandb: / 0.037 MB of 0.037 MB uploaded (0.000 MB deduped)wandb: - 0.037 MB of 0.037 MB uploaded (0.000 MB deduped)wandb: \ 0.037 MB of 0.037 MB uploaded (0.000 MB deduped)wandb: | 0.037 MB of 0.037 MB uploaded (0.000 MB deduped)wandb: / 0.037 MB of 0.037 MB uploaded (0.000 MB deduped)wandb: - 0.037 MB of 0.037 MB uploaded (0.000 MB deduped)wandb: \ 0.037 MB of 0.037 MB uploaded (0.000 MB deduped)wandb: | 0.037 MB of 0.037 MB uploaded (0.000 MB deduped)wandb: / 0.037 MB of 0.037 MB uploaded (0.000 MB deduped)wandb: - 0.037 MB of 0.037 MB uploaded (0.000 MB deduped)wandb: \ 0.037 MB of 0.037 MB uploaded (0.000 MB deduped)wandb: | 0.037 MB of 0.037 MB uploaded (0.000 MB deduped)wandb: / 0.037 MB of 0.037 MB uploaded (0.000 MB deduped)wandb: - 0.037 MB of 0.037 MB uploaded (0.000 MB deduped)wandb: \ 0.037 MB of 0.037 MB uploaded (0.000 MB deduped)wandb: | 0.037 MB of 0.037 MB uploaded (0.000 MB deduped)wandb: / 0.037 MB of 0.037 MB uploaded (0.000 MB deduped)wandb: - 0.037 MB of 0.037 MB uploaded (0.000 MB deduped)wandb: \ 0.037 MB of 0.037 MB uploaded (0.000 MB deduped)wandb: | 0.037 MB of 0.037 MB uploaded (0.000 MB deduped)wandb: / 0.037 MB of 0.037 MB uploaded (0.000 MB deduped)wandb: - 0.037 MB of 0.037 MB uploaded (0.000 MB deduped)wandb: \ 0.037 MB of 0.037 MB uploaded (0.000 MB deduped)wandb: | 0.037 MB of 0.037 MB uploaded (0.000 MB deduped)wandb: / 0.037 MB of 0.037 MB uploaded (0.000 MB deduped)wandb: - 0.037 MB of 0.037 MB uploaded (0.000 MB deduped)wandb: \ 0.037 MB of 0.037 MB uploaded (0.000 MB deduped)wandb: | 0.037 MB of 0.037 MB uploaded (0.000 MB deduped)wandb: / 0.037 MB of 0.037 MB uploaded (0.000 MB deduped)wandb: - 0.037 MB of 0.037 MB uploaded (0.000 MB deduped)wandb: Network error (ProxyError), entering retry loop.
wandb: \ 0.037 MB of 0.037 MB uploaded (0.000 MB deduped)wandb: | 0.037 MB of 0.037 MB uploaded (0.000 MB deduped)wandb: / 0.037 MB of 0.037 MB uploaded (0.000 MB deduped)wandb: - 0.037 MB of 0.037 MB uploaded (0.000 MB deduped)wandb: \ 0.037 MB of 0.037 MB uploaded (0.000 MB deduped)wandb: | 0.037 MB of 0.037 MB uploaded (0.000 MB deduped)wandb: / 0.037 MB of 0.037 MB uploaded (0.000 MB deduped)wandb: - 0.037 MB of 0.037 MB uploaded (0.000 MB deduped)wandb: \ 0.037 MB of 0.037 MB uploaded (0.000 MB deduped)wandb: | 0.037 MB of 0.037 MB uploaded (0.000 MB deduped)wandb: / 0.037 MB of 0.037 MB uploaded (0.000 MB deduped)wandb: - 0.037 MB of 0.037 MB uploaded (0.000 MB deduped)wandb: \ 0.037 MB of 0.037 MB uploaded (0.000 MB deduped)wandb: | 0.037 MB of 0.037 MB uploaded (0.000 MB deduped)wandb: / 0.037 MB of 0.037 MB uploaded (0.000 MB deduped)wandb: - 0.037 MB of 0.037 MB uploaded (0.000 MB deduped)wandb: \ 0.037 MB of 0.037 MB uploaded (0.000 MB deduped)wandb: | 0.037 MB of 0.037 MB uploaded (0.000 MB deduped)wandb: / 0.037 MB of 0.037 MB uploaded (0.000 MB deduped)wandb: - 0.037 MB of 0.037 MB uploaded (0.000 MB deduped)wandb: \ 0.037 MB of 0.037 MB uploaded (0.000 MB deduped)wandb: | 0.037 MB of 0.037 MB uploaded (0.000 MB deduped)wandb: / 0.037 MB of 0.037 MB uploaded (0.000 MB deduped)wandb: - 0.037 MB of 0.037 MB uploaded (0.000 MB deduped)wandb: \ 0.037 MB of 0.037 MB uploaded (0.000 MB deduped)wandb: | 0.037 MB of 0.037 MB uploaded (0.000 MB deduped)wandb: / 0.037 MB of 0.037 MB uploaded (0.000 MB deduped)wandb: - 0.037 MB of 0.037 MB uploaded (0.000 MB deduped)wandb: \ 0.037 MB of 0.037 MB uploaded (0.000 MB deduped)wandb: | 0.037 MB of 0.037 MB uploaded (0.000 MB deduped)wandb: / 0.037 MB of 0.037 MB uploaded (0.000 MB deduped)wandb: - 0.037 MB of 0.037 MB uploaded (0.000 MB deduped)wandb: \ 0.037 MB of 0.037 MB uploaded (0.000 MB deduped)wandb: | 0.037 MB of 0.037 MB uploaded (0.000 MB deduped)wandb: / 0.037 MB of 0.037 MB uploaded (0.000 MB deduped)wandb: - 0.037 MB of 0.037 MB uploaded (0.000 MB deduped)wandb: \ 0.037 MB of 0.037 MB uploaded (0.000 MB deduped)wandb: | 0.037 MB of 0.037 MB uploaded (0.000 MB deduped)wandb: / 0.037 MB of 0.037 MB uploaded (0.000 MB deduped)wandb: - 0.037 MB of 0.037 MB uploaded (0.000 MB deduped)wandb: \ 0.037 MB of 0.037 MB uploaded (0.000 MB deduped)wandb: | 0.037 MB of 0.037 MB uploaded (0.000 MB deduped)wandb: / 0.037 MB of 0.037 MB uploaded (0.000 MB deduped)wandb: - 0.037 MB of 0.037 MB uploaded (0.000 MB deduped)wandb: \ 0.037 MB of 0.037 MB uploaded (0.000 MB deduped)wandb: | 0.037 MB of 0.037 MB uploaded (0.000 MB deduped)wandb: / 0.037 MB of 0.037 MB uploaded (0.000 MB deduped)wandb: - 0.037 MB of 0.037 MB uploaded (0.000 MB deduped)wandb: \ 0.037 MB of 0.037 MB uploaded (0.000 MB deduped)wandb: | 0.037 MB of 0.037 MB uploaded (0.000 MB deduped)wandb: / 0.037 MB of 0.037 MB uploaded (0.000 MB deduped)wandb: - 0.037 MB of 0.037 MB uploaded (0.000 MB deduped)wandb: \ 0.037 MB of 0.037 MB uploaded (0.000 MB deduped)wandb: | 0.037 MB of 0.037 MB uploaded (0.000 MB deduped)wandb: / 0.037 MB of 0.037 MB uploaded (0.000 MB deduped)wandb: - 0.037 MB of 0.037 MB uploaded (0.000 MB deduped)wandb: \ 0.037 MB of 0.037 MB uploaded (0.000 MB deduped)wandb: | 0.037 MB of 0.037 MB uploaded (0.000 MB deduped)wandb: / 0.037 MB of 0.037 MB uploaded (0.000 MB deduped)wandb: - 0.037 MB of 0.037 MB uploaded (0.000 MB deduped)wandb: \ 0.037 MB of 0.037 MB uploaded (0.000 MB deduped)wandb: | 0.037 MB of 0.037 MB uploaded (0.000 MB deduped)wandb: / 0.037 MB of 0.037 MB uploaded (0.000 MB deduped)wandb: - 0.037 MB of 0.037 MB uploaded (0.000 MB deduped)wandb: \ 0.037 MB of 0.037 MB uploaded (0.000 MB deduped)wandb: | 0.037 MB of 0.037 MB uploaded (0.000 MB deduped)wandb: / 0.037 MB of 0.037 MB uploaded (0.000 MB deduped)wandb: - 0.037 MB of 0.037 MB uploaded (0.000 MB deduped)wandb: \ 0.037 MB of 0.037 MB uploaded (0.000 MB deduped)wandb: | 0.037 MB of 0.037 MB uploaded (0.000 MB deduped)wandb: / 0.037 MB of 0.037 MB uploaded (0.000 MB deduped)wandb: - 0.037 MB of 0.037 MB uploaded (0.000 MB deduped)wandb: \ 0.037 MB of 0.037 MB uploaded (0.000 MB deduped)wandb: | 0.037 MB of 0.037 MB uploaded (0.000 MB deduped)wandb: / 0.037 MB of 0.037 MB uploaded (0.000 MB deduped)wandb: - 0.037 MB of 0.037 MB uploaded (0.000 MB deduped)wandb: \ 0.037 MB of 0.037 MB uploaded (0.000 MB deduped)wandb: | 0.037 MB of 0.037 MB uploaded (0.000 MB deduped)wandb: / 0.037 MB of 0.037 MB uploaded (0.000 MB deduped)wandb: - 0.037 MB of 0.037 MB uploaded (0.000 MB deduped)wandb: \ 0.037 MB of 0.037 MB uploaded (0.000 MB deduped)wandb: | 0.037 MB of 0.037 MB uploaded (0.000 MB deduped)wandb: / 0.037 MB of 0.037 MB uploaded (0.000 MB deduped)wandb: - 0.037 MB of 0.037 MB uploaded (0.000 MB deduped)wandb: \ 0.037 MB of 0.037 MB uploaded (0.000 MB deduped)wandb: | 0.037 MB of 0.037 MB uploaded (0.000 MB deduped)wandb: / 0.037 MB of 0.037 MB uploaded (0.000 MB deduped)wandb: - 0.037 MB of 0.037 MB uploaded (0.000 MB deduped)wandb: \ 0.037 MB of 0.037 MB uploaded (0.000 MB deduped)wandb: | 0.037 MB of 0.037 MB uploaded (0.000 MB deduped)wandb: / 0.037 MB of 0.037 MB uploaded (0.000 MB deduped)wandb: - 0.037 MB of 0.037 MB uploaded (0.000 MB deduped)wandb: \ 0.037 MB of 0.037 MB uploaded (0.000 MB deduped)wandb: | 0.037 MB of 0.037 MB uploaded (0.000 MB deduped)wandb: / 0.037 MB of 0.037 MB uploaded (0.000 MB deduped)wandb: - 0.037 MB of 0.037 MB uploaded (0.000 MB deduped)wandb: \ 0.037 MB of 0.037 MB uploaded (0.000 MB deduped)wandb: | 0.037 MB of 0.037 MB uploaded (0.000 MB deduped)wandb: / 0.037 MB of 0.037 MB uploaded (0.000 MB deduped)wandb: - 0.037 MB of 0.037 MB uploaded (0.000 MB deduped)wandb: \ 0.037 MB of 0.037 MB uploaded (0.000 MB deduped)wandb: | 0.037 MB of 0.037 MB uploaded (0.000 MB deduped)wandb: / 0.037 MB of 0.037 MB uploaded (0.000 MB deduped)wandb: - 0.037 MB of 0.037 MB uploaded (0.000 MB deduped)wandb: \ 0.037 MB of 0.037 MB uploaded (0.000 MB deduped)wandb: | 0.037 MB of 0.037 MB uploaded (0.000 MB deduped)wandb: / 0.037 MB of 0.037 MB uploaded (0.000 MB deduped)wandb: - 0.037 MB of 0.037 MB uploaded (0.000 MB deduped)wandb: \ 0.037 MB of 0.037 MB uploaded (0.000 MB deduped)wandb: | 0.037 MB of 0.037 MB uploaded (0.000 MB deduped)wandb: / 0.037 MB of 0.037 MB uploaded (0.000 MB deduped)wandb: - 0.037 MB of 0.037 MB uploaded (0.000 MB deduped)wandb: \ 0.037 MB of 0.037 MB uploaded (0.000 MB deduped)wandb: | 0.037 MB of 0.037 MB uploaded (0.000 MB deduped)wandb: / 0.037 MB of 0.037 MB uploaded (0.000 MB deduped)wandb: - 0.037 MB of 0.037 MB uploaded (0.000 MB deduped)wandb: \ 0.037 MB of 0.037 MB uploaded (0.000 MB deduped)wandb: | 0.037 MB of 0.037 MB uploaded (0.000 MB deduped)wandb: / 0.037 MB of 0.037 MB uploaded (0.000 MB deduped)wandb: - 0.037 MB of 0.037 MB uploaded (0.000 MB deduped)wandb: \ 0.037 MB of 0.037 MB uploaded (0.000 MB deduped)wandb: | 0.037 MB of 0.037 MB uploaded (0.000 MB deduped)wandb: / 0.037 MB of 0.037 MB uploaded (0.000 MB deduped)wandb: - 0.037 MB of 0.037 MB uploaded (0.000 MB deduped)wandb: \ 0.037 MB of 0.037 MB uploaded (0.000 MB deduped)wandb: | 0.037 MB of 0.037 MB uploaded (0.000 MB deduped)wandb: / 0.037 MB of 0.037 MB uploaded (0.000 MB deduped)wandb: - 0.037 MB of 0.037 MB uploaded (0.000 MB deduped)wandb: \ 0.037 MB of 0.037 MB uploaded (0.000 MB deduped)wandb: | 0.037 MB of 0.037 MB uploaded (0.000 MB deduped)wandb: / 0.037 MB of 0.037 MB uploaded (0.000 MB deduped)wandb: Network error (ProxyError), entering retry loop.
wandb: - 0.037 MB of 0.037 MB uploaded (0.000 MB deduped)wandb: \ 0.037 MB of 0.037 MB uploaded (0.000 MB deduped)wandb: | 0.037 MB of 0.037 MB uploaded (0.000 MB deduped)wandb: / 0.037 MB of 0.037 MB uploaded (0.000 MB deduped)wandb: - 0.037 MB of 0.037 MB uploaded (0.000 MB deduped)wandb: \ 0.037 MB of 0.037 MB uploaded (0.000 MB deduped)wandb: | 0.037 MB of 0.037 MB uploaded (0.000 MB deduped)wandb: / 0.037 MB of 0.037 MB uploaded (0.000 MB deduped)wandb: - 0.037 MB of 0.037 MB uploaded (0.000 MB deduped)wandb: \ 0.037 MB of 0.037 MB uploaded (0.000 MB deduped)wandb: | 0.037 MB of 0.037 MB uploaded (0.000 MB deduped)wandb: / 0.037 MB of 0.037 MB uploaded (0.000 MB deduped)wandb: Network error (ProxyError), entering retry loop.
wandb: Network error (ProxyError), entering retry loop.
wandb: - 0.037 MB of 0.037 MB uploaded (0.000 MB deduped)wandb: \ 0.037 MB of 0.037 MB uploaded (0.000 MB deduped)wandb: | 0.037 MB of 0.037 MB uploaded (0.000 MB deduped)wandb: / 0.037 MB of 0.037 MB uploaded (0.000 MB deduped)wandb: - 0.037 MB of 0.037 MB uploaded (0.000 MB deduped)wandb: \ 0.037 MB of 0.037 MB uploaded (0.000 MB deduped)wandb: | 0.037 MB of 0.037 MB uploaded (0.000 MB deduped)wandb: / 0.037 MB of 0.037 MB uploaded (0.000 MB deduped)wandb: - 0.037 MB of 0.037 MB uploaded (0.000 MB deduped)wandb: \ 0.037 MB of 0.037 MB uploaded (0.000 MB deduped)wandb: | 0.037 MB of 0.037 MB uploaded (0.000 MB deduped)wandb: / 0.037 MB of 0.037 MB uploaded (0.000 MB deduped)wandb: - 0.037 MB of 0.037 MB uploaded (0.000 MB deduped)wandb: \ 0.037 MB of 0.037 MB uploaded (0.000 MB deduped)wandb: | 0.037 MB of 0.037 MB uploaded (0.000 MB deduped)wandb: / 0.037 MB of 0.037 MB uploaded (0.000 MB deduped)wandb: - 0.037 MB of 0.037 MB uploaded (0.000 MB deduped)wandb: \ 0.037 MB of 0.037 MB uploaded (0.000 MB deduped)wandb: | 0.037 MB of 0.037 MB uploaded (0.000 MB deduped)wandb: / 0.037 MB of 0.037 MB uploaded (0.000 MB deduped)wandb: - 0.037 MB of 0.037 MB uploaded (0.000 MB deduped)wandb: \ 0.037 MB of 0.037 MB uploaded (0.000 MB deduped)wandb: | 0.037 MB of 0.037 MB uploaded (0.000 MB deduped)wandb: / 0.037 MB of 0.037 MB uploaded (0.000 MB deduped)wandb: - 0.037 MB of 0.037 MB uploaded (0.000 MB deduped)wandb: \ 0.037 MB of 0.037 MB uploaded (0.000 MB deduped)wandb: | 0.037 MB of 0.037 MB uploaded (0.000 MB deduped)wandb: / 0.037 MB of 0.037 MB uploaded (0.000 MB deduped)wandb: - 0.037 MB of 0.037 MB uploaded (0.000 MB deduped)wandb: \ 0.037 MB of 0.037 MB uploaded (0.000 MB deduped)wandb: | 0.037 MB of 0.037 MB uploaded (0.000 MB deduped)wandb: / 0.037 MB of 0.037 MB uploaded (0.000 MB deduped)wandb: - 0.037 MB of 0.037 MB uploaded (0.000 MB deduped)wandb: \ 0.037 MB of 0.037 MB uploaded (0.000 MB deduped)wandb: | 0.037 MB of 0.037 MB uploaded (0.000 MB deduped)wandb: / 0.037 MB of 0.037 MB uploaded (0.000 MB deduped)wandb: - 0.037 MB of 0.037 MB uploaded (0.000 MB deduped)wandb: \ 0.037 MB of 0.037 MB uploaded (0.000 MB deduped)wandb: | 0.037 MB of 0.037 MB uploaded (0.000 MB deduped)wandb: / 0.037 MB of 0.037 MB uploaded (0.000 MB deduped)wandb: - 0.037 MB of 0.037 MB uploaded (0.000 MB deduped)wandb: \ 0.037 MB of 0.037 MB uploaded (0.000 MB deduped)wandb: | 0.037 MB of 0.037 MB uploaded (0.000 MB deduped)wandb: / 0.037 MB of 0.037 MB uploaded (0.000 MB deduped)wandb: - 0.037 MB of 0.037 MB uploaded (0.000 MB deduped)wandb: \ 0.037 MB of 0.037 MB uploaded (0.000 MB deduped)wandb: | 0.037 MB of 0.037 MB uploaded (0.000 MB deduped)wandb: / 0.037 MB of 0.037 MB uploaded (0.000 MB deduped)wandb: - 0.037 MB of 0.037 MB uploaded (0.000 MB deduped)wandb: \ 0.037 MB of 0.037 MB uploaded (0.000 MB deduped)wandb: | 0.037 MB of 0.037 MB uploaded (0.000 MB deduped)wandb: / 0.037 MB of 0.037 MB uploaded (0.000 MB deduped)wandb: - 0.037 MB of 0.037 MB uploaded (0.000 MB deduped)wandb: \ 0.037 MB of 0.037 MB uploaded (0.000 MB deduped)wandb: | 0.037 MB of 0.037 MB uploaded (0.000 MB deduped)wandb: / 0.037 MB of 0.037 MB uploaded (0.000 MB deduped)wandb: - 0.037 MB of 0.037 MB uploaded (0.000 MB deduped)wandb: \ 0.037 MB of 0.037 MB uploaded (0.000 MB deduped)wandb: | 0.037 MB of 0.037 MB uploaded (0.000 MB deduped)wandb: / 0.037 MB of 0.037 MB uploaded (0.000 MB deduped)wandb: - 0.037 MB of 0.037 MB uploaded (0.000 MB deduped)wandb: \ 0.037 MB of 0.037 MB uploaded (0.000 MB deduped)wandb: | 0.037 MB of 0.037 MB uploaded (0.000 MB deduped)wandb: / 0.037 MB of 0.037 MB uploaded (0.000 MB deduped)wandb: - 0.037 MB of 0.037 MB uploaded (0.000 MB deduped)wandb: \ 0.037 MB of 0.037 MB uploaded (0.000 MB deduped)wandb: | 0.037 MB of 0.037 MB uploaded (0.000 MB deduped)wandb: / 0.037 MB of 0.037 MB uploaded (0.000 MB deduped)wandb: - 0.037 MB of 0.037 MB uploaded (0.000 MB deduped)wandb: \ 0.037 MB of 0.037 MB uploaded (0.000 MB deduped)wandb: | 0.037 MB of 0.037 MB uploaded (0.000 MB deduped)wandb: / 0.037 MB of 0.037 MB uploaded (0.000 MB deduped)wandb: - 0.037 MB of 0.037 MB uploaded (0.000 MB deduped)wandb: \ 0.037 MB of 0.037 MB uploaded (0.000 MB deduped)wandb: | 0.037 MB of 0.037 MB uploaded (0.000 MB deduped)wandb: / 0.037 MB of 0.037 MB uploaded (0.000 MB deduped)wandb: - 0.037 MB of 0.037 MB uploaded (0.000 MB deduped)wandb: \ 0.037 MB of 0.037 MB uploaded (0.000 MB deduped)wandb: | 0.037 MB of 0.037 MB uploaded (0.000 MB deduped)wandb: / 0.037 MB of 0.037 MB uploaded (0.000 MB deduped)wandb: - 0.037 MB of 0.037 MB uploaded (0.000 MB deduped)wandb: \ 0.037 MB of 0.037 MB uploaded (0.000 MB deduped)wandb: | 0.037 MB of 0.037 MB uploaded (0.000 MB deduped)wandb: / 0.037 MB of 0.037 MB uploaded (0.000 MB deduped)wandb: - 0.037 MB of 0.037 MB uploaded (0.000 MB deduped)wandb: \ 0.037 MB of 0.037 MB uploaded (0.000 MB deduped)wandb: | 0.037 MB of 0.037 MB uploaded (0.000 MB deduped)wandb: / 0.037 MB of 0.037 MB uploaded (0.000 MB deduped)wandb: - 0.037 MB of 0.037 MB uploaded (0.000 MB deduped)wandb: \ 0.037 MB of 0.037 MB uploaded (0.000 MB deduped)wandb: | 0.037 MB of 0.037 MB uploaded (0.000 MB deduped)wandb: / 0.037 MB of 0.037 MB uploaded (0.000 MB deduped)wandb: - 0.037 MB of 0.037 MB uploaded (0.000 MB deduped)wandb: \ 0.037 MB of 0.037 MB uploaded (0.000 MB deduped)wandb: | 0.037 MB of 0.037 MB uploaded (0.000 MB deduped)wandb: / 0.037 MB of 0.037 MB uploaded (0.000 MB deduped)wandb: - 0.037 MB of 0.037 MB uploaded (0.000 MB deduped)wandb: \ 0.037 MB of 0.037 MB uploaded (0.000 MB deduped)wandb: | 0.037 MB of 0.037 MB uploaded (0.000 MB deduped)wandb: / 0.037 MB of 0.037 MB uploaded (0.000 MB deduped)wandb: - 0.037 MB of 0.037 MB uploaded (0.000 MB deduped)wandb: \ 0.037 MB of 0.037 MB uploaded (0.000 MB deduped)wandb: | 0.037 MB of 0.037 MB uploaded (0.000 MB deduped)wandb: / 0.037 MB of 0.037 MB uploaded (0.000 MB deduped)wandb: - 0.037 MB of 0.037 MB uploaded (0.000 MB deduped)wandb: \ 0.037 MB of 0.037 MB uploaded (0.000 MB deduped)wandb: | 0.037 MB of 0.037 MB uploaded (0.000 MB deduped)wandb: / 0.037 MB of 0.037 MB uploaded (0.000 MB deduped)wandb: - 0.037 MB of 0.037 MB uploaded (0.000 MB deduped)wandb: \ 0.037 MB of 0.037 MB uploaded (0.000 MB deduped)wandb: | 0.037 MB of 0.037 MB uploaded (0.000 MB deduped)wandb: / 0.037 MB of 0.037 MB uploaded (0.000 MB deduped)wandb: - 0.037 MB of 0.037 MB uploaded (0.000 MB deduped)wandb: \ 0.037 MB of 0.037 MB uploaded (0.000 MB deduped)wandb: | 0.037 MB of 0.037 MB uploaded (0.000 MB deduped)wandb: / 0.037 MB of 0.037 MB uploaded (0.000 MB deduped)wandb: - 0.037 MB of 0.037 MB uploaded (0.000 MB deduped)wandb: \ 0.037 MB of 0.037 MB uploaded (0.000 MB deduped)wandb: | 0.037 MB of 0.037 MB uploaded (0.000 MB deduped)wandb: / 0.037 MB of 0.037 MB uploaded (0.000 MB deduped)wandb: - 0.037 MB of 0.037 MB uploaded (0.000 MB deduped)wandb: \ 0.037 MB of 0.037 MB uploaded (0.000 MB deduped)wandb: | 0.037 MB of 0.037 MB uploaded (0.000 MB deduped)wandb: / 0.037 MB of 0.037 MB uploaded (0.000 MB deduped)wandb: - 0.037 MB of 0.037 MB uploaded (0.000 MB deduped)wandb: \ 0.037 MB of 0.037 MB uploaded (0.000 MB deduped)wandb: | 0.037 MB of 0.037 MB uploaded (0.000 MB deduped)wandb: / 0.037 MB of 0.037 MB uploaded (0.000 MB deduped)wandb: - 0.037 MB of 0.037 MB uploaded (0.000 MB deduped)wandb: \ 0.037 MB of 0.037 MB uploaded (0.000 MB deduped)wandb: | 0.037 MB of 0.037 MB uploaded (0.000 MB deduped)wandb: / 0.037 MB of 0.037 MB uploaded (0.000 MB deduped)wandb: - 0.037 MB of 0.037 MB uploaded (0.000 MB deduped)wandb: \ 0.037 MB of 0.037 MB uploaded (0.000 MB deduped)wandb: | 0.037 MB of 0.037 MB uploaded (0.000 MB deduped)wandb: / 0.037 MB of 0.037 MB uploaded (0.000 MB deduped)wandb: - 0.037 MB of 0.037 MB uploaded (0.000 MB deduped)wandb: \ 0.037 MB of 0.037 MB uploaded (0.000 MB deduped)wandb: 
wandb: Run history:
wandb:               epoch ▁▁▁▁▂▂▂▂▃▃▃▃▃▃▃▃▄▄▄▄▅▅▅▅▆▆▆▆▆▆▆▆▇▇▇▇████
wandb:      evaluator_time ▁▁█▆▂▅▅▂▂▃
wandb:        loss_box_reg ▃▄▅▇▇██▆▄▅▅▄▄▃▃▃▃▄▄▄▄▂▃▃▄▃▃▃▁▃▂▄▂▃▂▃▁▁▃▃
wandb:     loss_classifier ██▇█▆▆▆▄▃▃▄▃▃▂▂▂▂▃▂▂▃▁▂▂▃▂▂▂▁▂▁▂▂▁▂▂▁▁▂▂
wandb:           loss_mask █▆▅▅▄▃▃▃▂▃▂▂▂▂▂▁▂▂▂▂▂▂▁▂▁▂▁▁▁▂▁▂▁▂▁▁▁▁▁▁
wandb:     loss_objectness █▄▃▃▃▃▂▂▂▂▂▂▂▂▂▂▁▁▁▂▁▁▂▁▁▁▁▂▁▂▁▁▁▁▁▁▁▁▁▁
wandb:    loss_rpn_box_reg █▇▅▄▄▅▅▄▃▃▃▃▄▂▃▂▂▃▂▄▄▁▂▃▄▂▂▂▁▃▂▄▂▂▂▂▂▁▃▃
wandb:              lr-SGD ▃▃▃▃████▇▇▇▇▇▇▇▇▆▆▆▆▄▄▄▄▃▃▃▃▂▂▂▂▂▂▂▂▁▁▁▁
wandb:     lr-SGD-momentum ▁▁▁▁▁▁▁▁▁▁▁▁▁▁▁▁▁▁▁▁▁▁▁▁▁▁▁▁▁▁▁▁▁▁▁▁▁▁▁▁
wandb:         map_50_bbox ▁▆▇▇██████
wandb:         map_50_segm ▁▆▇▇██████
wandb:            map_bbox ▁▅▆▇▇█████
wandb:            map_segm ▁▅▆▇▇█████
wandb:            mar_bbox ▁▆▇▇▇█████
wandb:            mar_segm ▁▆▇▇██████
wandb:          model_time ▂▂█▁▃▁▂▂▅▄
wandb: trainer/global_step ▁▁▁▂▂▂▂▂▂▃▃▃▃▃▄▄▄▄▄▄▅▅▅▅▅▅▆▆▆▆▆▇▇▇▇▇▇███
wandb:       training_loss █▅▃▂▂▁▁▁▁▁
wandb:  training_step_loss █▇▆▆▅▅▅▄▃▃▃▂▃▂▂▂▂▂▂▂▂▁▂▂▂▂▂▂▁▂▁▂▁▂▂▂▁▁▂▂
wandb: 
wandb: Run summary:
wandb:               epoch 9
wandb:      evaluator_time 0.41204
wandb:        loss_box_reg 0.25887
wandb:     loss_classifier 0.23146
wandb:           loss_mask 0.30041
wandb:     loss_objectness 0.05361
wandb:    loss_rpn_box_reg 0.05958
wandb:              lr-SGD 0.00049
wandb:     lr-SGD-momentum 0.9
wandb:         map_50_bbox 0.52156
wandb:         map_50_segm 0.48273
wandb:            map_bbox 0.3083
wandb:            map_segm 0.27525
wandb:            mar_bbox 0.46387
wandb:            mar_segm 0.41386
wandb:          model_time 0.64132
wandb: trainer/global_step 9159
wandb:       training_loss 0.91105
wandb:  training_step_loss 0.90394
wandb: 
wandb: 🚀 View run sgd-16-cosineannealinglrwarmup-2e-2 at: https://wandb.ai/ilhamsyahids/MaskRCNN/runs/7srcssqb
wandb: Synced 5 W&B file(s), 1 media file(s), 2 artifact file(s) and 0 other file(s)
wandb: Find logs at: /raid/data/m23522033/logs/wandb/run-20230512_014511-7srcssqb/logs
