wandb: Currently logged in as: ilhamsyahids. Use `wandb login --relogin` to force relogin
wandb: - Waiting for wandb.init()...wandb: \ Waiting for wandb.init()...wandb: wandb version 0.15.2 is available!  To upgrade, please run:
wandb:  $ pip install wandb --upgrade
wandb: Tracking run with wandb version 0.14.0
wandb: Run data is saved locally in /raid/data/m23522033/logs/wandb/run-20230510_115429-swivcr2e
wandb: Run `wandb offline` to turn off syncing.
wandb: Syncing run lars-16-polynomial-1e-3-validate
wandb: ⭐️ View project at https://wandb.ai/ilhamsyahids/MaskRCNN
wandb: 🚀 View run at https://wandb.ai/ilhamsyahids/MaskRCNN/runs/swivcr2e
wandb: logging graph, to disable use `wandb.watch(log_graph=False)`
/raid/data/m23522033/torch-mask-rcnn/.venv/lib/python3.8/site-packages/lightning_fabric/connector.py:562: UserWarning: 16 is supported for historical reasons but its usage is discouraged. Please set your precision to 16-mixed instead!
  rank_zero_warn(
/raid/data/m23522033/torch-mask-rcnn/.venv/lib/python3.8/site-packages/lightning_fabric/plugins/environments/slurm.py:165: PossibleUserWarning: The `srun` command is available on your system but is not used. HINT: If your intention is to run Lightning on SLURM, prepend your python command with `srun` like so: srun python3 train.py --config-file validate/gpu-lars-16-polynom ...
  rank_zero_warn(
Using 16bit Automatic Mixed Precision (AMP)
GPU available: True (cuda), used: True
TPU available: False, using: 0 TPU cores
IPU available: False, using: 0 IPUs
HPU available: False, using: 0 HPUs
/raid/data/m23522033/torch-mask-rcnn/.venv/lib/python3.8/site-packages/lightning_fabric/plugins/environments/slurm.py:165: PossibleUserWarning: The `srun` command is available on your system but is not used. HINT: If your intention is to run Lightning on SLURM, prepend your python command with `srun` like so: srun python3 train.py --config-file validate/gpu-lars-16-polynom ...
  rank_zero_warn(
Initializing distributed: GLOBAL_RANK: 0, MEMBER: 1/6
Initializing distributed: GLOBAL_RANK: 5, MEMBER: 6/6
Initializing distributed: GLOBAL_RANK: 4, MEMBER: 5/6
Initializing distributed: GLOBAL_RANK: 1, MEMBER: 2/6
Initializing distributed: GLOBAL_RANK: 3, MEMBER: 4/6
Initializing distributed: GLOBAL_RANK: 2, MEMBER: 3/6
----------------------------------------------------------------------------------------------------
distributed_backend=nccl
All distributed processes registered. Starting with 6 processes
----------------------------------------------------------------------------------------------------

LOCAL_RANK: 1 - CUDA_VISIBLE_DEVICES: [0,1,2,3,4,5,6,7]
LOCAL_RANK: 4 - CUDA_VISIBLE_DEVICES: [0,1,2,3,4,5,6,7]
LOCAL_RANK: 2 - CUDA_VISIBLE_DEVICES: [0,1,2,3,4,5,6,7]
LOCAL_RANK: 3 - CUDA_VISIBLE_DEVICES: [0,1,2,3,4,5,6,7]
LOCAL_RANK: 5 - CUDA_VISIBLE_DEVICES: [0,1,2,3,4,5,6,7]
LOCAL_RANK: 0 - CUDA_VISIBLE_DEVICES: [0,1,2,3,4,5,6,7]

  | Name  | Type     | Params
-----------------------------------
0 | model | MaskRCNN | 46.4 M
-----------------------------------
46.1 M    Trainable params
225 K     Non-trainable params
46.4 M    Total params
185.438   Total estimated model params size (MB)
/raid/data/m23522033/torch-mask-rcnn/.venv/lib/python3.8/site-packages/pytorch_lightning/trainer/connectors/logger_connector/result.py:212: UserWarning: You called `self.log('local_lr/rpn.head.conv.0.0.bias', ...)` in your `on_before_optimizer_step` but the value needs to be floating point. Converting it to torch.float32.
  warning_cache.warn(
/raid/data/m23522033/torch-mask-rcnn/.venv/lib/python3.8/site-packages/pytorch_lightning/trainer/connectors/logger_connector/result.py:212: UserWarning: You called `self.log('local_lr/rpn.head.conv.1.0.bias', ...)` in your `on_before_optimizer_step` but the value needs to be floating point. Converting it to torch.float32.
  warning_cache.warn(
/raid/data/m23522033/torch-mask-rcnn/.venv/lib/python3.8/site-packages/pytorch_lightning/trainer/connectors/logger_connector/result.py:212: UserWarning: You called `self.log('local_lr/rpn.head.cls_logits.bias', ...)` in your `on_before_optimizer_step` but the value needs to be floating point. Converting it to torch.float32.
  warning_cache.warn(
/raid/data/m23522033/torch-mask-rcnn/.venv/lib/python3.8/site-packages/pytorch_lightning/trainer/connectors/logger_connector/result.py:212: UserWarning: You called `self.log('local_lr/rpn.head.bbox_pred.bias', ...)` in your `on_before_optimizer_step` but the value needs to be floating point. Converting it to torch.float32.
  warning_cache.warn(
/raid/data/m23522033/torch-mask-rcnn/.venv/lib/python3.8/site-packages/pytorch_lightning/trainer/connectors/logger_connector/result.py:212: UserWarning: You called `self.log('local_lr/roi_heads.box_head.0.1.bias', ...)` in your `on_before_optimizer_step` but the value needs to be floating point. Converting it to torch.float32.
  warning_cache.warn(
/raid/data/m23522033/torch-mask-rcnn/.venv/lib/python3.8/site-packages/pytorch_lightning/trainer/connectors/logger_connector/result.py:212: UserWarning: You called `self.log('local_lr/roi_heads.box_head.1.1.bias', ...)` in your `on_before_optimizer_step` but the value needs to be floating point. Converting it to torch.float32.
  warning_cache.warn(
/raid/data/m23522033/torch-mask-rcnn/.venv/lib/python3.8/site-packages/pytorch_lightning/trainer/connectors/logger_connector/result.py:212: UserWarning: You called `self.log('local_lr/roi_heads.box_head.2.1.bias', ...)` in your `on_before_optimizer_step` but the value needs to be floating point. Converting it to torch.float32.
  warning_cache.warn(
/raid/data/m23522033/torch-mask-rcnn/.venv/lib/python3.8/site-packages/pytorch_lightning/trainer/connectors/logger_connector/result.py:212: UserWarning: You called `self.log('local_lr/roi_heads.box_head.3.1.bias', ...)` in your `on_before_optimizer_step` but the value needs to be floating point. Converting it to torch.float32.
  warning_cache.warn(
/raid/data/m23522033/torch-mask-rcnn/.venv/lib/python3.8/site-packages/pytorch_lightning/trainer/connectors/logger_connector/result.py:212: UserWarning: You called `self.log('local_lr/roi_heads.mask_head.0.1.bias', ...)` in your `on_before_optimizer_step` but the value needs to be floating point. Converting it to torch.float32.
  warning_cache.warn(
/raid/data/m23522033/torch-mask-rcnn/.venv/lib/python3.8/site-packages/pytorch_lightning/trainer/connectors/logger_connector/result.py:212: UserWarning: You called `self.log('local_lr/roi_heads.mask_head.1.1.bias', ...)` in your `on_before_optimizer_step` but the value needs to be floating point. Converting it to torch.float32.
  warning_cache.warn(
/raid/data/m23522033/torch-mask-rcnn/.venv/lib/python3.8/site-packages/pytorch_lightning/trainer/connectors/logger_connector/result.py:212: UserWarning: You called `self.log('local_lr/roi_heads.mask_head.2.1.bias', ...)` in your `on_before_optimizer_step` but the value needs to be floating point. Converting it to torch.float32.
  warning_cache.warn(
/raid/data/m23522033/torch-mask-rcnn/.venv/lib/python3.8/site-packages/pytorch_lightning/trainer/connectors/logger_connector/result.py:212: UserWarning: You called `self.log('local_lr/roi_heads.mask_head.3.1.bias', ...)` in your `on_before_optimizer_step` but the value needs to be floating point. Converting it to torch.float32.
  warning_cache.warn(
/raid/data/m23522033/torch-mask-rcnn/.venv/lib/python3.8/site-packages/pytorch_lightning/trainer/connectors/logger_connector/result.py:212: UserWarning: You called `self.log('local_lr', ...)` in your `optimizer_step` but the value needs to be floating point. Converting it to torch.float32.
  warning_cache.warn(
/raid/data/m23522033/torch-mask-rcnn/.venv/lib/python3.8/site-packages/pytorch_lightning/trainer/connectors/logger_connector/result.py:432: PossibleUserWarning: It is recommended to use `self.log('model_time', ..., sync_dist=True)` when logging on epoch level in distributed setting to accumulate the metric across devices.
  warning_cache.warn(
/raid/data/m23522033/torch-mask-rcnn/.venv/lib/python3.8/site-packages/pytorch_lightning/trainer/connectors/logger_connector/result.py:432: PossibleUserWarning: It is recommended to use `self.log('evaluator_time', ..., sync_dist=True)` when logging on epoch level in distributed setting to accumulate the metric across devices.
  warning_cache.warn(
/raid/data/m23522033/torch-mask-rcnn/.venv/lib/python3.8/site-packages/pytorch_lightning/trainer/connectors/logger_connector/result.py:432: PossibleUserWarning: It is recommended to use `self.log('map_bbox', ..., sync_dist=True)` when logging on epoch level in distributed setting to accumulate the metric across devices.
  warning_cache.warn(
/raid/data/m23522033/torch-mask-rcnn/.venv/lib/python3.8/site-packages/pytorch_lightning/trainer/connectors/logger_connector/result.py:432: PossibleUserWarning: It is recommended to use `self.log('map_50_bbox', ..., sync_dist=True)` when logging on epoch level in distributed setting to accumulate the metric across devices.
  warning_cache.warn(
/raid/data/m23522033/torch-mask-rcnn/.venv/lib/python3.8/site-packages/pytorch_lightning/trainer/connectors/logger_connector/result.py:432: PossibleUserWarning: It is recommended to use `self.log('mar_bbox', ..., sync_dist=True)` when logging on epoch level in distributed setting to accumulate the metric across devices.
  warning_cache.warn(
/raid/data/m23522033/torch-mask-rcnn/.venv/lib/python3.8/site-packages/pytorch_lightning/trainer/connectors/logger_connector/result.py:432: PossibleUserWarning: It is recommended to use `self.log('map_segm', ..., sync_dist=True)` when logging on epoch level in distributed setting to accumulate the metric across devices.
  warning_cache.warn(
/raid/data/m23522033/torch-mask-rcnn/.venv/lib/python3.8/site-packages/pytorch_lightning/trainer/connectors/logger_connector/result.py:432: PossibleUserWarning: It is recommended to use `self.log('map_50_segm', ..., sync_dist=True)` when logging on epoch level in distributed setting to accumulate the metric across devices.
  warning_cache.warn(
/raid/data/m23522033/torch-mask-rcnn/.venv/lib/python3.8/site-packages/pytorch_lightning/trainer/connectors/logger_connector/result.py:432: PossibleUserWarning: It is recommended to use `self.log('mar_segm', ..., sync_dist=True)` when logging on epoch level in distributed setting to accumulate the metric across devices.
  warning_cache.warn(
`Trainer.fit` stopped: `max_epochs=10` reached.
FIT Profiler Report

--------------------------------------------------------------------------------------------------------------------------------------------------------------------------------------------------------------------------------------------------------------------------
|  Action                                                                                                                                                         	|  Mean duration (s)	|  Num calls      	|  Total time (s) 	|  Percentage %   	|
--------------------------------------------------------------------------------------------------------------------------------------------------------------------------------------------------------------------------------------------------------------------------
|  Total                                                                                                                                                          	|  -              	|  605517         	|  1.8116e+04     	|  100 %          	|
--------------------------------------------------------------------------------------------------------------------------------------------------------------------------------------------------------------------------------------------------------------------------
|  run_training_epoch                                                                                                                                             	|  1802.4         	|  10             	|  1.8024e+04     	|  99.493         	|
|  run_training_batch                                                                                                                                             	|  1.2081         	|  12210          	|  1.4751e+04     	|  81.427         	|
|  [LightningModule]Mask_RCNN.optimizer_step                                                                                                                      	|  1.208          	|  12210          	|  1.4749e+04     	|  81.418         	|
|  [Strategy]DDPStrategy.training_step                                                                                                                            	|  0.55724        	|  12210          	|  6803.8         	|  37.558         	|
|  [Strategy]DDPStrategy.backward                                                                                                                                 	|  0.19866        	|  12210          	|  2425.7         	|  13.39          	|
|  [Strategy]DDPStrategy.validation_step                                                                                                                          	|  0.66837        	|  1050           	|  701.78         	|  3.8739         	|
|  [_TrainingEpochLoop].train_dataloader_next                                                                                                                     	|  0.044773       	|  12210          	|  546.68         	|  3.0177         	|
|  [Callback]COCOEvaluator.on_validation_batch_end                                                                                                                	|  0.48293        	|  1050           	|  507.08         	|  2.7991         	|
|  [Callback]COCOEvaluator.on_validation_epoch_end                                                                                                                	|  43.716         	|  10             	|  437.16         	|  2.4132         	|
|  [Strategy]DDPStrategy.batch_to_device                                                                                                                          	|  0.02791        	|  13260          	|  370.09         	|  2.0429         	|
|  [LightningModule]Mask_RCNN.transfer_batch_to_device                                                                                                            	|  0.027726       	|  13260          	|  367.65         	|  2.0295         	|
|  [LightningModule]Mask_RCNN.on_before_optimizer_step                                                                                                            	|  0.014486       	|  12210          	|  176.87         	|  0.97637        	|
|  [Callback]COCOEvaluator.on_validation_start                                                                                                                    	|  6.6234         	|  10             	|  66.234         	|  0.36562        	|
|  [LightningDataModule]COCODataModule.setup                                                                                                                      	|  25.252         	|  1              	|  25.252         	|  0.13939        	|
|  [_EvaluationLoop].val_next                                                                                                                                     	|  0.020974       	|  1050           	|  22.023         	|  0.12157        	|
|  [Callback]COCOEvaluator.on_validation_epoch_start                                                                                                              	|  2.0564         	|  10             	|  20.564         	|  0.11352        	|
|  [Callback]ModelCheckpoint{'monitor': None, 'mode': 'min', 'every_n_train_steps': 0, 'every_n_epochs': 1, 'train_time_interval': None}.on_train_epoch_end       	|  1.7913         	|  10             	|  17.913         	|  0.098881       	|
|  [LightningModule]Mask_RCNN.on_train_epoch_end                                                                                                                  	|  1.233          	|  10             	|  12.33          	|  0.068062       	|
|  [LightningModule]Mask_RCNN.optimizer_zero_grad                                                                                                                 	|  0.00074296     	|  12210          	|  9.0716         	|  0.050076       	|
|  [Callback]LearningRateMonitor.on_train_batch_start                                                                                                             	|  0.00037697     	|  12210          	|  4.6028         	|  0.025408       	|
|  [Callback]TQDMProgressBar.on_train_batch_end                                                                                                                   	|  0.00012408     	|  12210          	|  1.5151         	|  0.0083634      	|
|  [LightningModule]Mask_RCNN.configure_gradient_clipping                                                                                                         	|  4.2589e-05     	|  12210          	|  0.52002        	|  0.0028705      	|
|  [Callback]ModelCheckpoint{'monitor': None, 'mode': 'min', 'every_n_train_steps': 0, 'every_n_epochs': 1, 'train_time_interval': None}.on_train_batch_end       	|  3.0709e-05     	|  12210          	|  0.37495        	|  0.0020698      	|
|  [LightningDataModule]COCODataModule.train_dataloader                                                                                                           	|  0.21816        	|  1              	|  0.21816        	|  0.0012043      	|
|  [Callback]TQDMProgressBar.on_validation_batch_end                                                                                                              	|  9.267e-05      	|  1050           	|  0.097304       	|  0.00053713     	|
|  [Callback]TQDMProgressBar.on_train_batch_start                                                                                                                 	|  7.1922e-06     	|  12210          	|  0.087817       	|  0.00048476     	|
|  [Callback]TQDMProgressBar.on_after_backward                                                                                                                    	|  6.6255e-06     	|  12210          	|  0.080898       	|  0.00044657     	|
|  [LightningModule]Mask_RCNN.on_validation_model_eval                                                                                                            	|  0.0068534      	|  10             	|  0.068534       	|  0.00037831     	|
|  [Callback]TQDMProgressBar.on_validation_start                                                                                                                  	|  0.005832       	|  10             	|  0.05832        	|  0.00032193     	|
|  [LightningModule]Mask_RCNN.on_before_batch_transfer                                                                                                            	|  4.0091e-06     	|  13260          	|  0.05316        	|  0.00029345     	|
|  [Callback]TQDMProgressBar.on_before_zero_grad                                                                                                                  	|  4.2789e-06     	|  12210          	|  0.052246       	|  0.0002884      	|
|  [Callback]TQDMProgressBar.on_before_optimizer_step                                                                                                             	|  4.2208e-06     	|  12210          	|  0.051536       	|  0.00028448     	|
|  [Callback]TQDMProgressBar.on_before_backward                                                                                                                   	|  3.8321e-06     	|  12210          	|  0.04679        	|  0.00025829     	|
|  [LightningModule]Mask_RCNN.on_after_batch_transfer                                                                                                             	|  3.5268e-06     	|  13260          	|  0.046765       	|  0.00025815     	|
|  [LightningModule]Mask_RCNN.on_after_backward                                                                                                                   	|  3.062e-06      	|  12210          	|  0.037387       	|  0.00020638     	|
|  [LightningModule]Mask_RCNN.on_train_batch_start                                                                                                                	|  2.9224e-06     	|  12210          	|  0.035683       	|  0.00019697     	|
|  [Callback]LearningRateMonitor.on_train_batch_end                                                                                                               	|  2.9174e-06     	|  12210          	|  0.035621       	|  0.00019663     	|
|  [LightningModule]Mask_RCNN.on_train_batch_end                                                                                                                  	|  2.5489e-06     	|  12210          	|  0.031122       	|  0.0001718      	|
|  [LightningModule]Mask_RCNN.on_before_zero_grad                                                                                                                 	|  2.4343e-06     	|  12210          	|  0.029722       	|  0.00016407     	|
|  [Callback]TQDMProgressBar.on_validation_batch_start                                                                                                            	|  2.7228e-05     	|  1050           	|  0.02859        	|  0.00015782     	|
|  [LightningModule]Mask_RCNN.on_before_backward                                                                                                                  	|  2.0253e-06     	|  12210          	|  0.024729       	|  0.00013651     	|
|  [Callback]COCOEvaluator.on_train_batch_start                                                                                                                   	|  2.0066e-06     	|  12210          	|  0.024501       	|  0.00013525     	|
|  [Callback]LearningRateMonitor.on_after_backward                                                                                                                	|  1.9917e-06     	|  12210          	|  0.024318       	|  0.00013424     	|
|  [Callback]ModelCheckpoint{'monitor': None, 'mode': 'min', 'every_n_train_steps': 0, 'every_n_epochs': 1, 'train_time_interval': None}.on_train_batch_start     	|  1.9489e-06     	|  12210          	|  0.023796       	|  0.00013136     	|
|  [Callback]ModelCheckpoint{'monitor': None, 'mode': 'min', 'every_n_train_steps': 0, 'every_n_epochs': 1, 'train_time_interval': None}.on_after_backward        	|  1.9311e-06     	|  12210          	|  0.023578       	|  0.00013015     	|
|  [Callback]ModelCheckpoint{'monitor': None, 'mode': 'min', 'every_n_train_steps': 0, 'every_n_epochs': 1, 'train_time_interval': None}.on_before_zero_grad      	|  1.814e-06      	|  12210          	|  0.022148       	|  0.00012226     	|
|  [Callback]LearningRateMonitor.on_before_optimizer_step                                                                                                         	|  1.8099e-06     	|  12210          	|  0.022099       	|  0.00012199     	|
|  [Callback]LearningRateMonitor.on_before_zero_grad                                                                                                              	|  1.8025e-06     	|  12210          	|  0.022009       	|  0.00012149     	|
|  [Callback]ModelCheckpoint{'monitor': None, 'mode': 'min', 'every_n_train_steps': 0, 'every_n_epochs': 1, 'train_time_interval': None}.on_before_backward       	|  1.7269e-06     	|  12210          	|  0.021086       	|  0.0001164      	|
|  [Callback]ModelCheckpoint{'monitor': None, 'mode': 'min', 'every_n_train_steps': 0, 'every_n_epochs': 1, 'train_time_interval': None}.on_before_optimizer_step 	|  1.7092e-06     	|  12210          	|  0.020869       	|  0.0001152      	|
|  [Callback]ModelSummary.on_train_batch_start                                                                                                                    	|  1.7013e-06     	|  12210          	|  0.020772       	|  0.00011467     	|
|  [Callback]COCOEvaluator.on_after_backward                                                                                                                      	|  1.6944e-06     	|  12210          	|  0.020689       	|  0.00011421     	|
|  [Callback]COCOEvaluator.on_train_batch_end                                                                                                                     	|  1.6426e-06     	|  12210          	|  0.020057       	|  0.00011071     	|
|  [Callback]LearningRateMonitor.on_before_backward                                                                                                               	|  1.6349e-06     	|  12210          	|  0.019963       	|  0.0001102      	|
|  [Callback]ModelSummary.on_train_batch_end                                                                                                                      	|  1.6333e-06     	|  12210          	|  0.019942       	|  0.00011008     	|
|  [Strategy]DDPStrategy.on_train_batch_start                                                                                                                     	|  1.5637e-06     	|  12210          	|  0.019093       	|  0.0001054      	|
|  [Callback]COCOEvaluator.on_before_optimizer_step                                                                                                               	|  1.5349e-06     	|  12210          	|  0.018741       	|  0.00010345     	|
|  [Callback]ModelSummary.on_after_backward                                                                                                                       	|  1.5087e-06     	|  12210          	|  0.018421       	|  0.00010169     	|
|  [Callback]COCOEvaluator.on_before_zero_grad                                                                                                                    	|  1.4915e-06     	|  12210          	|  0.018211       	|  0.00010053     	|
|  [Callback]ModelSummary.on_before_zero_grad                                                                                                                     	|  1.4239e-06     	|  12210          	|  0.017386       	|  9.5973e-05     	|
|  [Callback]ModelSummary.on_before_optimizer_step                                                                                                                	|  1.4099e-06     	|  12210          	|  0.017215       	|  9.5027e-05     	|
|  [Callback]COCOEvaluator.on_before_backward                                                                                                                     	|  1.4007e-06     	|  12210          	|  0.017102       	|  9.4406e-05     	|
|  [Callback]ModelSummary.on_before_backward                                                                                                                      	|  1.3382e-06     	|  12210          	|  0.01634        	|  9.0199e-05     	|
|  [Callback]TQDMProgressBar.on_validation_end                                                                                                                    	|  0.001536       	|  10             	|  0.01536        	|  8.4787e-05     	|
|  [LightningModule]Mask_RCNN.on_validation_model_train                                                                                                           	|  0.0013034      	|  10             	|  0.013034       	|  7.1947e-05     	|
|  [Callback]ModelSummary.on_validation_batch_end                                                                                                                 	|  9.698e-06      	|  1050           	|  0.010183       	|  5.6211e-05     	|
|  [Callback]TQDMProgressBar.on_train_epoch_start                                                                                                                 	|  0.00097455     	|  10             	|  0.0097455      	|  5.3796e-05     	|
|  [Callback]ModelSummary.on_fit_start                                                                                                                            	|  0.0082954      	|  1              	|  0.0082954      	|  4.5792e-05     	|
|  [Callback]TQDMProgressBar.on_train_epoch_end                                                                                                                   	|  0.00054791     	|  10             	|  0.0054791      	|  3.0245e-05     	|
|  [Callback]LearningRateMonitor.on_validation_batch_end                                                                                                          	|  3.3392e-06     	|  1050           	|  0.0035062      	|  1.9354e-05     	|
|  [LightningModule]Mask_RCNN.on_validation_batch_end                                                                                                             	|  3.069e-06      	|  1050           	|  0.0032224      	|  1.7788e-05     	|
|  [Callback]LearningRateMonitor.on_validation_batch_start                                                                                                        	|  2.957e-06      	|  1050           	|  0.0031048      	|  1.7139e-05     	|
|  [Callback]ModelCheckpoint{'monitor': None, 'mode': 'min', 'every_n_train_steps': 0, 'every_n_epochs': 1, 'train_time_interval': None}.setup                    	|  0.0027         	|  1              	|  0.0027         	|  1.4904e-05     	|
|  [Callback]ModelCheckpoint{'monitor': None, 'mode': 'min', 'every_n_train_steps': 0, 'every_n_epochs': 1, 'train_time_interval': None}.on_validation_batch_end  	|  2.2499e-06     	|  1050           	|  0.0023624      	|  1.3041e-05     	|
|  [Callback]ModelCheckpoint{'monitor': None, 'mode': 'min', 'every_n_train_steps': 0, 'every_n_epochs': 1, 'train_time_interval': None}.on_validation_batch_start	|  1.9143e-06     	|  1050           	|  0.00201        	|  1.1095e-05     	|
|  [LightningModule]Mask_RCNN.on_validation_batch_start                                                                                                           	|  1.8281e-06     	|  1050           	|  0.0019195      	|  1.0596e-05     	|
|  [Callback]COCOEvaluator.on_validation_batch_start                                                                                                              	|  1.7001e-06     	|  1050           	|  0.0017851      	|  9.8541e-06     	|
|  [LightningModule]Mask_RCNN.on_validation_epoch_start                                                                                                           	|  0.00015581     	|  10             	|  0.0015581      	|  8.6008e-06     	|
|  [Callback]ModelSummary.on_validation_batch_start                                                                                                               	|  1.4618e-06     	|  1050           	|  0.0015349      	|  8.4727e-06     	|
|  [Callback]TQDMProgressBar.on_train_start                                                                                                                       	|  0.0015253      	|  1              	|  0.0015253      	|  8.4197e-06     	|
|  [LightningDataModule]COCODataModule.val_dataloader                                                                                                             	|  0.0012851      	|  1              	|  0.0012851      	|  7.0937e-06     	|
|  [LightningModule]Mask_RCNN.lr_scheduler_step                                                                                                                   	|  0.00011777     	|  10             	|  0.0011777      	|  6.5012e-06     	|
|  [LightningModule]Mask_RCNN.configure_optimizers                                                                                                                	|  0.00096866     	|  1              	|  0.00096866     	|  5.3472e-06     	|
|  [Callback]TQDMProgressBar.on_train_end                                                                                                                         	|  0.0009059      	|  1              	|  0.0009059      	|  5.0007e-06     	|
|  [Callback]ModelCheckpoint{'monitor': None, 'mode': 'min', 'every_n_train_steps': 0, 'every_n_epochs': 1, 'train_time_interval': None}.on_validation_end        	|  6.7399e-05     	|  10             	|  0.00067399     	|  3.7205e-06     	|
|  [Callback]ModelSummary.on_validation_start                                                                                                                     	|  4.3598e-05     	|  10             	|  0.00043598     	|  2.4067e-06     	|
|  [LightningModule]Mask_RCNN.on_validation_start                                                                                                                 	|  2.9756e-05     	|  10             	|  0.00029756     	|  1.6426e-06     	|
|  [Callback]ModelSummary.on_validation_epoch_start                                                                                                               	|  2.299e-05      	|  10             	|  0.0002299      	|  1.2691e-06     	|
|  [LightningModule]Mask_RCNN.on_train_end                                                                                                                        	|  0.00022531     	|  1              	|  0.00022531     	|  1.2438e-06     	|
|  [Callback]TQDMProgressBar.on_validation_epoch_start                                                                                                            	|  2.0726e-05     	|  10             	|  0.00020726     	|  1.1441e-06     	|
|  [Callback]LearningRateMonitor.on_validation_start                                                                                                              	|  1.8138e-05     	|  10             	|  0.00018138     	|  1.0012e-06     	|
|  [Callback]TQDMProgressBar.on_validation_epoch_end                                                                                                              	|  1.6923e-05     	|  10             	|  0.00016923     	|  9.3417e-07     	|
|  [Callback]LearningRateMonitor.on_train_epoch_start                                                                                                             	|  1.5861e-05     	|  10             	|  0.00015861     	|  8.7555e-07     	|
|  [Strategy]DDPStrategy.on_validation_start                                                                                                                      	|  1.3134e-05     	|  10             	|  0.00013134     	|  7.2503e-07     	|
|  [Strategy]DDPStrategy.on_validation_end                                                                                                                        	|  1.2303e-05     	|  10             	|  0.00012303     	|  6.7913e-07     	|
|  [Callback]LearningRateMonitor.on_train_start                                                                                                                   	|  0.00011848     	|  1              	|  0.00011848     	|  6.5404e-07     	|
|  [LightningModule]Mask_RCNN.on_train_epoch_start                                                                                                                	|  1.1189e-05     	|  10             	|  0.00011189     	|  6.1763e-07     	|
|  [Callback]TQDMProgressBar.setup                                                                                                                                	|  9.4197e-05     	|  1              	|  9.4197e-05     	|  5.1998e-07     	|
|  [Callback]ModelSummary.on_validation_epoch_end                                                                                                                 	|  8.9454e-06     	|  10             	|  8.9454e-05     	|  4.9379e-07     	|
|  [LightningDataModule]COCODataModule.state_dict                                                                                                                 	|  7.5923e-06     	|  10             	|  7.5923e-05     	|  4.191e-07      	|
|  [Callback]COCOEvaluator.on_train_epoch_start                                                                                                                   	|  4.8264e-06     	|  10             	|  4.8264e-05     	|  2.6642e-07     	|
|  [Callback]TQDMProgressBar.on_save_checkpoint                                                                                                                   	|  4.6972e-06     	|  10             	|  4.6972e-05     	|  2.5929e-07     	|
|  [Callback]LearningRateMonitor.on_validation_end                                                                                                                	|  4.4368e-06     	|  10             	|  4.4368e-05     	|  2.4492e-07     	|
|  [Callback]ModelCheckpoint{'monitor': None, 'mode': 'min', 'every_n_train_steps': 0, 'every_n_epochs': 1, 'train_time_interval': None}.on_validation_start      	|  4.2875e-06     	|  10             	|  4.2875e-05     	|  2.3667e-07     	|
|  [Callback]LearningRateMonitor.on_train_epoch_end                                                                                                               	|  4.0725e-06     	|  10             	|  4.0725e-05     	|  2.2481e-07     	|
|  [Callback]ModelCheckpoint{'monitor': None, 'mode': 'min', 'every_n_train_steps': 0, 'every_n_epochs': 1, 'train_time_interval': None}.on_train_epoch_start     	|  3.5517e-06     	|  10             	|  3.5517e-05     	|  1.9606e-07     	|
|  [LightningModule]Mask_RCNN.on_validation_end                                                                                                                   	|  2.8308e-06     	|  10             	|  2.8308e-05     	|  1.5626e-07     	|
|  [LightningModule]Mask_RCNN.on_validation_epoch_end                                                                                                             	|  2.8105e-06     	|  10             	|  2.8105e-05     	|  1.5514e-07     	|
|  [Callback]ModelCheckpoint{'monitor': None, 'mode': 'min', 'every_n_train_steps': 0, 'every_n_epochs': 1, 'train_time_interval': None}.on_save_checkpoint       	|  2.6507e-06     	|  10             	|  2.6507e-05     	|  1.4632e-07     	|
|  [Callback]ModelCheckpoint{'monitor': None, 'mode': 'min', 'every_n_train_steps': 0, 'every_n_epochs': 1, 'train_time_interval': None}.on_validation_epoch_start	|  2.367e-06      	|  10             	|  2.367e-05      	|  1.3066e-07     	|
|  [Callback]ModelCheckpoint{'monitor': None, 'mode': 'min', 'every_n_train_steps': 0, 'every_n_epochs': 1, 'train_time_interval': None}.on_validation_epoch_end  	|  2.2314e-06     	|  10             	|  2.2314e-05     	|  1.2318e-07     	|
|  [Callback]LearningRateMonitor.on_save_checkpoint                                                                                                               	|  1.9901e-06     	|  10             	|  1.9901e-05     	|  1.0986e-07     	|
|  [Callback]COCOEvaluator.on_train_epoch_end                                                                                                                     	|  1.9218e-06     	|  10             	|  1.9218e-05     	|  1.0608e-07     	|
|  [Callback]COCOEvaluator.on_validation_end                                                                                                                      	|  1.8893e-06     	|  10             	|  1.8893e-05     	|  1.0429e-07     	|
|  [Callback]LearningRateMonitor.on_validation_epoch_end                                                                                                          	|  1.8577e-06     	|  10             	|  1.8577e-05     	|  1.0255e-07     	|
|  [Callback]ModelSummary.on_save_checkpoint                                                                                                                      	|  1.7946e-06     	|  10             	|  1.7946e-05     	|  9.9065e-08     	|
|  [Callback]COCOEvaluator.on_save_checkpoint                                                                                                                     	|  1.7862e-06     	|  10             	|  1.7862e-05     	|  9.8602e-08     	|
|  [Callback]LearningRateMonitor.on_validation_epoch_start                                                                                                        	|  1.6666e-06     	|  10             	|  1.6666e-05     	|  9.1996e-08     	|
|  [Callback]ModelSummary.on_train_epoch_start                                                                                                                    	|  1.6053e-06     	|  10             	|  1.6053e-05     	|  8.8616e-08     	|
|  [Callback]ModelSummary.on_train_epoch_end                                                                                                                      	|  1.5098e-06     	|  10             	|  1.5098e-05     	|  8.3344e-08     	|
|  [Callback]ModelSummary.on_validation_end                                                                                                                       	|  1.4288e-06     	|  10             	|  1.4288e-05     	|  7.8873e-08     	|
|  [LightningModule]Mask_RCNN.on_save_checkpoint                                                                                                                  	|  1.3417e-06     	|  10             	|  1.3417e-05     	|  7.4061e-08     	|
|  [LightningModule]Mask_RCNN.configure_callbacks                                                                                                                 	|  1.3367e-05     	|  1              	|  1.3367e-05     	|  7.3786e-08     	|
|  [Callback]LearningRateMonitor.setup                                                                                                                            	|  9.1121e-06     	|  1              	|  9.1121e-06     	|  5.03e-08       	|
|  [Callback]ModelSummary.setup                                                                                                                                   	|  9.0892e-06     	|  1              	|  9.0892e-06     	|  5.0174e-08     	|
|  [LightningModule]Mask_RCNN.setup                                                                                                                               	|  8.6711e-06     	|  1              	|  8.6711e-06     	|  4.7865e-08     	|
|  [Callback]COCOEvaluator.on_train_start                                                                                                                         	|  7.2108e-06     	|  1              	|  7.2108e-06     	|  3.9804e-08     	|
|  [LightningModule]Mask_RCNN.on_train_start                                                                                                                      	|  6.6999e-06     	|  1              	|  6.6999e-06     	|  3.6984e-08     	|
|  [Callback]LearningRateMonitor.on_train_end                                                                                                                     	|  6.5919e-06     	|  1              	|  6.5919e-06     	|  3.6388e-08     	|
|  [Callback]TQDMProgressBar.on_fit_end                                                                                                                           	|  5.8808e-06     	|  1              	|  5.8808e-06     	|  3.2463e-08     	|
|  [LightningModule]Mask_RCNN.on_fit_start                                                                                                                        	|  5.818e-06      	|  1              	|  5.818e-06      	|  3.2116e-08     	|
|  [Callback]TQDMProgressBar.on_fit_start                                                                                                                         	|  5.7044e-06     	|  1              	|  5.7044e-06     	|  3.1489e-08     	|
|  [Callback]ModelCheckpoint{'monitor': None, 'mode': 'min', 'every_n_train_steps': 0, 'every_n_epochs': 1, 'train_time_interval': None}.on_train_start           	|  5.2107e-06     	|  1              	|  5.2107e-06     	|  2.8764e-08     	|
|  [LightningDataModule]COCODataModule.prepare_data                                                                                                               	|  5.147e-06      	|  1              	|  5.147e-06      	|  2.8412e-08     	|
|  [Callback]ModelCheckpoint{'monitor': None, 'mode': 'min', 'every_n_train_steps': 0, 'every_n_epochs': 1, 'train_time_interval': None}.on_fit_start             	|  3.9749e-06     	|  1              	|  3.9749e-06     	|  2.1942e-08     	|
|  [LightningModule]Mask_RCNN.configure_sharded_model                                                                                                             	|  3.906e-06      	|  1              	|  3.906e-06      	|  2.1561e-08     	|
|  [Strategy]DDPStrategy.on_train_end                                                                                                                             	|  3.7923e-06     	|  1              	|  3.7923e-06     	|  2.0934e-08     	|
|  [Callback]COCOEvaluator.setup                                                                                                                                  	|  3.5292e-06     	|  1              	|  3.5292e-06     	|  1.9482e-08     	|
|  [Callback]COCOEvaluator.on_train_end                                                                                                                           	|  3.1823e-06     	|  1              	|  3.1823e-06     	|  1.7567e-08     	|
|  [Strategy]DDPStrategy.on_train_start                                                                                                                           	|  2.916e-06      	|  1              	|  2.916e-06      	|  1.6097e-08     	|
|  [LightningModule]Mask_RCNN.prepare_data                                                                                                                        	|  2.7171e-06     	|  1              	|  2.7171e-06     	|  1.4999e-08     	|
|  [Callback]ModelCheckpoint{'monitor': None, 'mode': 'min', 'every_n_train_steps': 0, 'every_n_epochs': 1, 'train_time_interval': None}.on_train_end             	|  2.4037e-06     	|  1              	|  2.4037e-06     	|  1.3269e-08     	|
|  [Callback]TQDMProgressBar.teardown                                                                                                                             	|  2.2929e-06     	|  1              	|  2.2929e-06     	|  1.2657e-08     	|
|  [Callback]ModelSummary.on_train_end                                                                                                                            	|  2.1369e-06     	|  1              	|  2.1369e-06     	|  1.1796e-08     	|
|  [LightningDataModule]COCODataModule.teardown                                                                                                                   	|  2.0559e-06     	|  1              	|  2.0559e-06     	|  1.1349e-08     	|
|  [LightningModule]Mask_RCNN.on_fit_end                                                                                                                          	|  1.6382e-06     	|  1              	|  1.6382e-06     	|  9.043e-09      	|
|  [Callback]ModelSummary.on_train_start                                                                                                                          	|  1.6312e-06     	|  1              	|  1.6312e-06     	|  9.0045e-09     	|
|  [Callback]LearningRateMonitor.on_fit_start                                                                                                                     	|  1.6242e-06     	|  1              	|  1.6242e-06     	|  8.9659e-09     	|
|  [Callback]LearningRateMonitor.on_fit_end                                                                                                                       	|  1.5516e-06     	|  1              	|  1.5516e-06     	|  8.5649e-09     	|
|  [Callback]ModelCheckpoint{'monitor': None, 'mode': 'min', 'every_n_train_steps': 0, 'every_n_epochs': 1, 'train_time_interval': None}.on_fit_end               	|  1.3751e-06     	|  1              	|  1.3751e-06     	|  7.5907e-09     	|
|  [Callback]LearningRateMonitor.teardown                                                                                                                         	|  1.3239e-06     	|  1              	|  1.3239e-06     	|  7.308e-09      	|
|  [Callback]ModelCheckpoint{'monitor': None, 'mode': 'min', 'every_n_train_steps': 0, 'every_n_epochs': 1, 'train_time_interval': None}.teardown                 	|  1.295e-06      	|  1              	|  1.295e-06      	|  7.1486e-09     	|
|  [Callback]ModelSummary.teardown                                                                                                                                	|  1.2498e-06     	|  1              	|  1.2498e-06     	|  6.8992e-09     	|
|  [Callback]COCOEvaluator.on_fit_start                                                                                                                           	|  1.2401e-06     	|  1              	|  1.2401e-06     	|  6.8453e-09     	|
|  [Callback]COCOEvaluator.teardown                                                                                                                               	|  1.2061e-06     	|  1              	|  1.2061e-06     	|  6.6576e-09     	|
|  [Callback]COCOEvaluator.on_fit_end                                                                                                                             	|  1.1879e-06     	|  1              	|  1.1879e-06     	|  6.5574e-09     	|
|  [Callback]ModelSummary.on_fit_end                                                                                                                              	|  1.1539e-06     	|  1              	|  1.1539e-06     	|  6.3697e-09     	|
|  [LightningModule]Mask_RCNN.teardown                                                                                                                            	|  9.127e-07      	|  1              	|  9.127e-07      	|  5.0382e-09     	|
--------------------------------------------------------------------------------------------------------------------------------------------------------------------------------------------------------------------------------------------------------------------------

wandb: Waiting for W&B process to finish... (success).
wandb: - 0.037 MB of 0.037 MB uploaded (0.000 MB deduped)wandb: \ 0.037 MB of 0.037 MB uploaded (0.000 MB deduped)wandb: | 0.037 MB of 0.037 MB uploaded (0.000 MB deduped)wandb: / 0.037 MB of 0.037 MB uploaded (0.000 MB deduped)wandb: - 0.037 MB of 0.037 MB uploaded (0.000 MB deduped)wandb: \ 0.037 MB of 0.037 MB uploaded (0.000 MB deduped)wandb: | 0.037 MB of 0.037 MB uploaded (0.000 MB deduped)wandb: / 0.037 MB of 0.037 MB uploaded (0.000 MB deduped)wandb: - 0.037 MB of 0.037 MB uploaded (0.000 MB deduped)wandb: \ 0.037 MB of 0.037 MB uploaded (0.000 MB deduped)wandb: | 0.037 MB of 0.037 MB uploaded (0.000 MB deduped)wandb: / 0.037 MB of 0.037 MB uploaded (0.000 MB deduped)wandb: 
wandb: Run history:
wandb:                                                    epoch ▁▁▁▁▂▂▂▂▃▃▃▃▃▃▃▃▄▄▄▄▅▅▅▅▆▆▆▆▆▆▆▆▇▇▇▇████
wandb:                                           evaluator_time █▇▆▇▅▁▄▆▃▅
wandb:                                                 local_lr ▁▃▃▄▄▄▄▄▆▅▅▅▆▃▅▅▅▅▆▆▄▇▄█▅▅█▆▆▆▅▆▅▆▅▅▅▅▇▆
wandb:                   local_lr/roi_heads.box_head.0.0.weight ▂█▅▃▂▂▂▂▂▂▂▂▂▁▁▁▁▁▁▁▂▂▂▁▁▁▁▁▁▁▁▁▁▁▁▁▁▁▁▁
wandb:                     local_lr/roi_heads.box_head.0.1.bias ▁▄▆▆▄▆▃▄▄▄▅▄▄▄▃▄▄▄▄▄▇▇▆▅▆▇▇▆▆▇▅▆▆▆▇▆▇▇▆█
wandb:                   local_lr/roi_heads.box_head.0.1.weight ▃█▆▃▂▃▂▂▂▂▂▂▁▁▁▁▁▁▁▁▁▂▁▁▁▁▁▁▁▁▁▁▁▁▁▁▁▁▁▁
wandb:                   local_lr/roi_heads.box_head.1.0.weight █▇▃▂▁▁▁▁▁▁▁▁▁▁▁▁▁▁▁▁▁▁▁▁▁▁▁▁▁▁▁▁▁▁▁▁▁▁▁▁
wandb:                     local_lr/roi_heads.box_head.1.1.bias ▁▃▄▅▃▄▃▃▃▄▄▃▃▅▃▄▃▄▄▄▅▆▅▅▆▅▆▅▄▅▄▅▆▅▆▅█▇▆▇
wandb:                   local_lr/roi_heads.box_head.1.1.weight ▆█▆▃▂▂▂▂▁▂▂▂▁▁▁▁▁▁▁▁▁▁▁▁▁▁▁▁▁▁▁▁▁▁▁▁▂▁▁▁
wandb:                   local_lr/roi_heads.box_head.2.0.weight ▄█▄▂▁▂▁▁▁▁▂▁▁▁▁▁▁▁▁▁▁▁▁▁▁▁▁▁▁▁▁▁▁▁▁▁▁▁▁▁
wandb:                     local_lr/roi_heads.box_head.2.1.bias ▁▁▂▃▂▂▂▃▂▂▃▂▃▃▂▃▃▃▃▃▃▅▅▄▆▇▆▄▄▆▄▄▆▅▆▅█▆▅▆
wandb:                   local_lr/roi_heads.box_head.2.1.weight ▄█▅▃▁▁▁▁▂▁▁▁▁▁▁▁▁▁▁▁▁▁▁▁▁▁▁▁▁▁▁▁▁▁▁▁▁▁▁▁
wandb:                   local_lr/roi_heads.box_head.3.0.weight ▆█▄▄▂▂▂▂▂▂▂▂▂▂▁▁▁▁▁▁▁▂▁▁▁▁▁▁▁▁▁▁▁▁▁▁▁▁▁▁
wandb:                     local_lr/roi_heads.box_head.3.1.bias ▁▁▁▂▁▁▁▂▂▂▃▂▂▂▁▂▂▂▂▂▃▃▃▂▄▅▄▂▃▆▃▃▅▃█▆▇▅▅▇
wandb:                   local_lr/roi_heads.box_head.3.1.weight ▂▁▁▇▂▃▃▄▄▄▆▄▄▄▂▃▃▃▃▃▄▅▄▄▆▆▅▃▄▇▃▄▆▅█▆█▆▆█
wandb:                       local_lr/roi_heads.box_head.5.bias ▂▁▂▄▂▄▄▅▅▄▇▅▅▄▂▄▄▄▄▄▆▅▅▅▆▇▅▄▄▆▄▄▆▅▇▆▇▆▆█
wandb:                     local_lr/roi_heads.box_head.5.weight █▄▄▅▂▃▃▄▄▄▅▅▄▃▁▂▃▂▃▃▄▄▄▃▅▅▄▃▃▄▂▃▄▃▄▃▄▄▄▅
wandb:          local_lr/roi_heads.box_predictor.bbox_pred.bias █▆▅▂▁▃▆▄▆▆▄█▃▂▃▃▄▄▅▃▅█▄▆▄▅▄▆▇▆▄▆▅▆▄▅▆▇▅▆
wandb:        local_lr/roi_heads.box_predictor.bbox_pred.weight ▂█▇▂▁▂▃▂▃▃▃▄▂▂▃▃▃▂▃▃▄▄▃▄▃▃▃▄▃▃▃▃▃▃▃▃▃▃▃▃
wandb:          local_lr/roi_heads.box_predictor.cls_score.bias ▁▁▁▅▂▃▃▅▃▃▅▅▄▄▁▃▃▃▃▃▅▄▃▃▆█▅▄▃▅▅▃▆▄▇▆▆▄▅▆
wandb:        local_lr/roi_heads.box_predictor.cls_score.weight ▁▁▁▅▁▂▂▄▃▃▄▅▄▄▁▃▃▃▃▃▆▅▄▃██▆▅▄▇▅▄▇▆█▇▇▆▇▇
wandb:                  local_lr/roi_heads.mask_head.0.0.weight ▁▅█▆▅▄▄▄▃▃▃▃▃▂▂▃▂▂▂▂▂▂▁▁▁▁▁▁▁▁▁▁▁▁▁▁▁▁▁▁
wandb:                    local_lr/roi_heads.mask_head.0.1.bias ▁▆▅▃▃▃▂▃▂▃▃▄▄▃▄▅▄▄▄▅▆▅▃▄▄▅▆▆▆▆██▆▆▆▆▆▇▇▇
wandb:                  local_lr/roi_heads.mask_head.0.1.weight ▇█▅▃▃▂▂▂▁▂▁▂▁▁▁▁▁▁▁▁▁▁▁▁▁▁▁▁▁▁▁▁▁▁▁▁▁▁▁▁
wandb:                  local_lr/roi_heads.mask_head.1.0.weight ▂██▆▅▅▄▃▃▃▃▃▃▂▂▃▂▂▂▂▂▂▁▁▁▁▁▁▁▁▁▁▁▁▁▁▁▁▁▁
wandb:                    local_lr/roi_heads.mask_head.1.1.bias ▁▂▁▁▁▁▁▁▁▂▂▂▂▂▂▃▃▃▃▄▄▄▃▄▄▅▅▅▅▆▇█▆▆▆▆▆▇▇▇
wandb:                  local_lr/roi_heads.mask_head.1.1.weight ██▄▃▂▂▂▂▁▁▁▁▁▁▁▁▁▁▁▁▁▁▁▁▁▁▁▁▁▁▁▁▁▁▁▁▁▁▁▁
wandb:                  local_lr/roi_heads.mask_head.2.0.weight ▄█▇▅▅▄▃▃▃▃▃▃▃▂▂▃▂▂▂▂▂▂▁▁▁▁▁▁▁▁▂▁▁▁▁▁▁▁▁▁
wandb:                    local_lr/roi_heads.mask_head.2.1.bias ▁▁▁▁▁▁▁▁▁▁▁▂▂▂▂▃▂▃▃▄▃▄▃▄▄▅▅▅▅▅██▅▆▆▆▆▆█▇
wandb:                  local_lr/roi_heads.mask_head.2.1.weight █▆▃▂▂▂▁▂▁▁▁▁▁▁▁▁▁▁▁▁▁▁▁▁▁▁▁▁▁▁▁▁▁▁▁▁▁▁▁▁
wandb:                  local_lr/roi_heads.mask_head.3.0.weight ▆█▆▄▄▃▃▃▂▂▂▂▂▂▂▂▂▂▂▂▁▁▁▁▁▁▁▁▁▁▁▁▁▁▁▁▁▁▁▁
wandb:                    local_lr/roi_heads.mask_head.3.1.bias ▁▁▁▁▁▁▁▁▁▁▁▁▁▁▁▁▁▁▂▁▂▂▂▂▂▂▃▃▂▄▆█▄▆▅▆▆▇▇█
wandb:                  local_lr/roi_heads.mask_head.3.1.weight █▁▄▃▃▃▁▂▂▂▃▅▃▄▃▄▂▃▆▄▃█▃▃▂▄▄▅▂▅▇█▄▅▄▄▄▅▅▅
wandb:        local_lr/roi_heads.mask_predictor.conv5_mask.bias ▁▁▁▁▂▁▁▁▁▁▂▂▁▂▁▃▁▂▄▂▃▃▂▂▂▃▃▃▂▄▄█▃▃▃▄▄▄▃▅
wandb:      local_lr/roi_heads.mask_predictor.conv5_mask.weight ▂▄█▅▅▄▁▃▂▂▂▄▂▃▃▄▂▄▇▃▅▅▃▃▂▃▃▅▂▆▇█▄▄▄▅▄▅▄▅
wandb:   local_lr/roi_heads.mask_predictor.mask_fcn_logits.bias ▁▁▄▃▄▂▁▃▂▂▃▄▂▄▃▆▂▅▇▄▆▅▂▃▃▄▃▆▃▄▆▇▅▄▄▇▄▅▄█
wandb: local_lr/roi_heads.mask_predictor.mask_fcn_logits.weight ▅▄█▅▆▃▁▃▁▁▂▃▂▂▂▃▁▃▄▃▄▅▁▂▁▂▁▃▂▂▄▄▂▂▂▄▂▃▂▄
wandb:                         local_lr/rpn.head.bbox_pred.bias ▁▂▂▂▂▃▂▂▃▂▃▄▃▄▄▃▄▄▄▃▆▅▅▄▆▅▄▄█▅▄█▅▆▆▆█▅▆▇
wandb:                       local_lr/rpn.head.bbox_pred.weight ▃▁▁▁▁▂▁▁▂▂▂▃▃▃▃▃▃▄▃▃▅▄▅▄▆▅▅▃▇▅▄█▄▆▆▆█▅▆█
wandb:                        local_lr/rpn.head.cls_logits.bias ▁▁▁▁▁▁▁▁▃▁▂▂▁▁▂▂▃▂▃▂▂▂▂▄▄▂▂▃▃▄▃▄▄▆▆▅▃█▃█
wandb:                      local_lr/rpn.head.cls_logits.weight ▁▁▁▁▁▁▁▁▂▁▁▂▁▂▂▂▂▂▂▂▂▂▂▄▃▂▂▃▃▄▃▄▄▆▅▄▃▆▄█
wandb:                          local_lr/rpn.head.conv.0.0.bias ▁▁▁▂▁▁▁▂▂▁▂▃▁▂▃▃▃▂▃▃▂▃▂▅▅▂▃▄▅▅▄▆▄▆▇▇▄▆▄█
wandb:                        local_lr/rpn.head.conv.0.0.weight ▅▁▄▇▄▆▆▆█▆▆█▃▇▇▆▇▅▆▆▇▅▅▅▅▅▆▅▇▇▅▆▃▇▆▆▅▆▆█
wandb:                          local_lr/rpn.head.conv.1.0.bias ▁▁▁▁▁▁▁▂▂▁▂▃▁▂▃▃▄▃▃▂▂▃▂▄▅▃▃▄▅▅▄▇▄▆▆▆▄▅▄█
wandb:                        local_lr/rpn.head.conv.1.0.weight █▁▁▂▁▂▂▂▃▂▂▄▁▃▃▂▃▃▃▂▂▂▂▂▃▂▂▂▃▂▂▃▂▃▃▂▂▂▂▄
wandb:                                             loss_box_reg ▃▅█▅▅▆▄▄▄▅▃▃▄▃▃▃▃▃▂▃▃▂▃▃▂▂▂▂▃▁▂▁▁▂▂▃▂▁▂▂
wandb:                                          loss_classifier █▅▅▄▄▄▃▃▃▃▂▂▂▂▂▂▂▂▂▂▂▁▂▂▁▁▁▁▂▁▁▁▁▁▁▁▁▁▁▁
wandb:                                                loss_mask █▅▄▃▃▃▃▃▂▃▂▂▂▂▂▂▂▂▂▂▂▁▂▂▁▁▁▁▁▁▁▁▁▁▁▂▁▁▁▁
wandb:                                          loss_objectness █▃▄▂▂▂▂▂▂▂▂▂▂▂▂▂▁▂▁▂▁▁▁▂▁▁▁▁▁▁▁▁▁▁▁▂▁▁▁▁
wandb:                                         loss_rpn_box_reg █▅▅▄▃▃▃▃▄▃▂▃▄▃▄▄▄▅▃▃▂▁▂▄▂▁▂▄▃▂▂▁▂▃▁▃▁▂▃▂
wandb:                                                  lr-LARS ████▇▇▇▇▆▆▆▆▆▆▆▆▅▅▅▅▄▄▄▄▃▃▃▃▃▃▃▃▂▂▂▂▁▁▁▁
wandb:                                         lr-LARS-momentum ▁▁▁▁▁▁▁▁▁▁▁▁▁▁▁▁▁▁▁▁▁▁▁▁▁▁▁▁▁▁▁▁▁▁▁▁▁▁▁▁
wandb:                                              map_50_bbox ▁▄▅▆▆▇▇███
wandb:                                              map_50_segm ▁▄▅▆▆▇▇███
wandb:                                                 map_bbox ▁▃▅▅▆▇▇▇██
wandb:                                                 map_segm ▁▄▅▆▆▇▇▇██
wandb:                                                 mar_bbox ▁▄▆▆▇▇▇███
wandb:                                                 mar_segm ▁▅▆▇▇▇████
wandb:                                               model_time █▇▄▅▄▁▄▄▄▄
wandb:                                      trainer/global_step ▁▁▁▂▂▂▂▂▂▃▃▃▃▃▄▄▄▄▄▄▅▅▅▅▅▅▆▆▆▆▆▇▇▇▇▇▇███
wandb:                                            training_loss █▄▃▃▂▂▂▁▁▁
wandb:                                       training_step_loss █▅▅▄▄▄▃▃▃▃▂▂▂▂▂▂▂▂▂▂▂▁▂▂▁▁▂▁▂▁▁▁▁▁▁▂▁▁▁▁
wandb: 
wandb: Run summary:
wandb:                                                    epoch 9
wandb:                                           evaluator_time 0.4748
wandb:                                                 local_lr 90.92349
wandb:                   local_lr/roi_heads.box_head.0.0.weight 71.38425
wandb:                     local_lr/roi_heads.box_head.0.1.bias 0.0432
wandb:                   local_lr/roi_heads.box_head.0.1.weight 111.61093
wandb:                   local_lr/roi_heads.box_head.1.0.weight 84.58974
wandb:                     local_lr/roi_heads.box_head.1.1.bias 0.02125
wandb:                   local_lr/roi_heads.box_head.1.1.weight 107.57528
wandb:                   local_lr/roi_heads.box_head.2.0.weight 98.04063
wandb:                     local_lr/roi_heads.box_head.2.1.bias 0.10713
wandb:                   local_lr/roi_heads.box_head.2.1.weight 115.88425
wandb:                   local_lr/roi_heads.box_head.3.0.weight 124.44547
wandb:                     local_lr/roi_heads.box_head.3.1.bias 0.08047
wandb:                   local_lr/roi_heads.box_head.3.1.weight 1082.54968
wandb:                       local_lr/roi_heads.box_head.5.bias 109.55403
wandb:                     local_lr/roi_heads.box_head.5.weight 124.20676
wandb:          local_lr/roi_heads.box_predictor.bbox_pred.bias 30.50117
wandb:        local_lr/roi_heads.box_predictor.bbox_pred.weight 34.17797
wandb:          local_lr/roi_heads.box_predictor.cls_score.bias 273.59341
wandb:        local_lr/roi_heads.box_predictor.cls_score.weight 64.3068
wandb:                  local_lr/roi_heads.mask_head.0.0.weight 85.4093
wandb:                    local_lr/roi_heads.mask_head.0.1.bias 0.00079
wandb:                  local_lr/roi_heads.mask_head.0.1.weight 97.63299
wandb:                  local_lr/roi_heads.mask_head.1.0.weight 90.15971
wandb:                    local_lr/roi_heads.mask_head.1.1.bias 0.00565
wandb:                  local_lr/roi_heads.mask_head.1.1.weight 105.14483
wandb:                  local_lr/roi_heads.mask_head.2.0.weight 97.0362
wandb:                    local_lr/roi_heads.mask_head.2.1.bias 0.01074
wandb:                  local_lr/roi_heads.mask_head.2.1.weight 125.31712
wandb:                  local_lr/roi_heads.mask_head.3.0.weight 121.24541
wandb:                    local_lr/roi_heads.mask_head.3.1.bias 1.28317
wandb:                  local_lr/roi_heads.mask_head.3.1.weight 2564.78345
wandb:        local_lr/roi_heads.mask_predictor.conv5_mask.bias 341.72009
wandb:      local_lr/roi_heads.mask_predictor.conv5_mask.weight 1164.72278
wandb:   local_lr/roi_heads.mask_predictor.mask_fcn_logits.bias 96.10934
wandb: local_lr/roi_heads.mask_predictor.mask_fcn_logits.weight 428.73392
wandb:                         local_lr/rpn.head.bbox_pred.bias 0.07107
wandb:                       local_lr/rpn.head.bbox_pred.weight 10.39163
wandb:                        local_lr/rpn.head.cls_logits.bias 3.18557
wandb:                      local_lr/rpn.head.cls_logits.weight 230.86621
wandb:                          local_lr/rpn.head.conv.0.0.bias 0.01659
wandb:                        local_lr/rpn.head.conv.0.0.weight 168.7446
wandb:                          local_lr/rpn.head.conv.1.0.bias 0.07935
wandb:                        local_lr/rpn.head.conv.1.0.weight 191.48175
wandb:                                             loss_box_reg 0.23408
wandb:                                          loss_classifier 0.20517
wandb:                                                loss_mask 0.26507
wandb:                                          loss_objectness 0.02639
wandb:                                         loss_rpn_box_reg 0.04433
wandb:                                                  lr-LARS 0.0001
wandb:                                         lr-LARS-momentum 0.9
wandb:                                              map_50_bbox 0.5276
wandb:                                              map_50_segm 0.50285
wandb:                                                 map_bbox 0.33222
wandb:                                                 map_segm 0.3077
wandb:                                                 mar_bbox 0.49514
wandb:                                                 mar_segm 0.46044
wandb:                                               model_time 0.65687
wandb:                                      trainer/global_step 12209
wandb:                                            training_loss 0.75715
wandb:                                       training_step_loss 0.77504
wandb: 
wandb: 🚀 View run lars-16-polynomial-1e-3-validate at: https://wandb.ai/ilhamsyahids/MaskRCNN/runs/swivcr2e
wandb: Synced 5 W&B file(s), 1 media file(s), 0 artifact file(s) and 0 other file(s)
wandb: Find logs at: /raid/data/m23522033/logs/wandb/run-20230510_115429-swivcr2e/logs
