Building logger...
Building DataModule...
Building callback...
Building model...
Training model...
Loading dataset...
loading annotations into memory...
Done (t=17.80s)
creating index...
index created!
loading annotations into memory...
Done (t=0.48s)
creating index...
index created!
Building training dataloader...
Using [0, 0.5, 0.7071067811865476, 1.0, 1.4142135623730951, 2.0, inf] as bins for aspect ratio quantization
Count of instances per bin: [  104 12004 15546 45675 42779  1158]
Building logger...
Building DataModule...
Building callback...
Building model...
Training model...
Loading dataset...
loading annotations into memory...
Done (t=18.43s)
creating index...
index created!
loading annotations into memory...
Done (t=0.52s)
creating index...
index created!
Building training dataloader...
Using [0, 0.5, 0.7071067811865476, 1.0, 1.4142135623730951, 2.0, inf] as bins for aspect ratio quantization
Count of instances per bin: [  104 12004 15546 45675 42779  1158]
Building logger...
Building DataModule...
Building callback...
Building model...
Training model...
Loading dataset...
loading annotations into memory...
Done (t=19.32s)
creating index...
index created!
loading annotations into memory...
Done (t=0.54s)
creating index...
index created!
Building training dataloader...
Using [0, 0.5, 0.7071067811865476, 1.0, 1.4142135623730951, 2.0, inf] as bins for aspect ratio quantization
Count of instances per bin: [  104 12004 15546 45675 42779  1158]
Building logger...
Building DataModule...
Building callback...
Building model...
Training model...
Loading dataset...
loading annotations into memory...
Done (t=18.21s)
creating index...
index created!
loading annotations into memory...
Done (t=0.50s)
creating index...
index created!
Building training dataloader...
Using [0, 0.5, 0.7071067811865476, 1.0, 1.4142135623730951, 2.0, inf] as bins for aspect ratio quantization
Count of instances per bin: [  104 12004 15546 45675 42779  1158]
Building logger...
Building DataModule...
Building callback...
Building model...
Training model...
Loading dataset...
loading annotations into memory...
Done (t=17.74s)
creating index...
index created!
loading annotations into memory...
Done (t=0.48s)
creating index...
index created!
Building training dataloader...
Using [0, 0.5, 0.7071067811865476, 1.0, 1.4142135623730951, 2.0, inf] as bins for aspect ratio quantization
Count of instances per bin: [  104 12004 15546 45675 42779  1158]
Building logger...
Building DataModule...
Building callback...
Building model...
Training model...
Loading dataset...
loading annotations into memory...
Done (t=19.48s)
creating index...
index created!
loading annotations into memory...
Done (t=0.46s)
creating index...
index created!
Building training dataloader...
Using [0, 0.5, 0.7071067811865476, 1.0, 1.4142135623730951, 2.0, inf] as bins for aspect ratio quantization
Count of instances per bin: [  104 12004 15546 45675 42779  1158]
Building logger...
Building DataModule...
Building callback...
Building model...
Training model...
Loading dataset...
loading annotations into memory...
Done (t=18.89s)
creating index...
index created!
loading annotations into memory...
Done (t=0.51s)
creating index...
index created!
Building training dataloader...
Using [0, 0.5, 0.7071067811865476, 1.0, 1.4142135623730951, 2.0, inf] as bins for aspect ratio quantization
Count of instances per bin: [  104 12004 15546 45675 42779  1158]
Building logger...
Building DataModule...
Building callback...
Building model...
Training model...
Loading dataset...
loading annotations into memory...
Done (t=17.54s)
creating index...
index created!
loading annotations into memory...
Done (t=0.46s)
creating index...
index created!
Building training dataloader...
Using [0, 0.5, 0.7071067811865476, 1.0, 1.4142135623730951, 2.0, inf] as bins for aspect ratio quantization
Count of instances per bin: [  104 12004 15546 45675 42779  1158]
Building validation dataloader...
Building validation dataloader...
Building validation dataloader...
Building validation dataloader...
Building validation dataloader...
Building validation dataloader...
Building validation dataloader...
Building validation dataloader...
Training: 0it [00:00, ?it/s]Training:   0%|          | 0/916 [00:00<?, ?it/s]Epoch 0:   0%|          | 0/916 [00:00<?, ?it/s] Epoch 0:   2%|▏         | 20/916 [00:26<19:59,  1.34s/it]Epoch 0:   2%|▏         | 20/916 [00:26<19:59,  1.34s/it, v_num=vk_1, training_step_loss=3.240, loss_box_reg=0.217, loss_classifier=1.690, loss_mask=0.633, loss_objectness=0.575, loss_rpn_box_reg=0.123]Epoch 0:   4%|▍         | 40/916 [00:49<18:10,  1.24s/it, v_num=vk_1, training_step_loss=3.240, loss_box_reg=0.217, loss_classifier=1.690, loss_mask=0.633, loss_objectness=0.575, loss_rpn_box_reg=0.123]Epoch 0:   4%|▍         | 40/916 [00:49<18:10,  1.24s/it, v_num=vk_1, training_step_loss=2.090, loss_box_reg=0.301, loss_classifier=0.769, loss_mask=0.573, loss_objectness=0.297, loss_rpn_box_reg=0.150]Epoch 0:   7%|▋         | 60/916 [01:12<17:18,  1.21s/it, v_num=vk_1, training_step_loss=2.090, loss_box_reg=0.301, loss_classifier=0.769, loss_mask=0.573, loss_objectness=0.297, loss_rpn_box_reg=0.150]Epoch 0:   7%|▋         | 60/916 [01:12<17:18,  1.21s/it, v_num=vk_1, training_step_loss=6.160, loss_box_reg=0.289, loss_classifier=4.950, loss_mask=0.545, loss_objectness=0.241, loss_rpn_box_reg=0.127]Epoch 0:   9%|▊         | 80/916 [01:35<16:40,  1.20s/it, v_num=vk_1, training_step_loss=6.160, loss_box_reg=0.289, loss_classifier=4.950, loss_mask=0.545, loss_objectness=0.241, loss_rpn_box_reg=0.127]Epoch 0:   9%|▊         | 80/916 [01:35<16:40,  1.20s/it, v_num=vk_1, training_step_loss=5.830, loss_box_reg=0.196, loss_classifier=4.530, loss_mask=0.607, loss_objectness=0.365, loss_rpn_box_reg=0.132]
Loss is nan, stopping training
Epoch 0:   9%|▊         | 80/916 [01:45<18:27,  1.32s/it, v_num=vk_1, training_step_loss=nan.0, loss_box_reg=nan.0, loss_classifier=nan.0, loss_mask=nan.0, loss_objectness=nan.0, loss_rpn_box_reg=nan.0]Total time on epoch 0: 0:01:45
Total time on 0 epoch: 0:01:45
Epoch 0:   9%|▊         | 80/916 [01:47<18:39,  1.34s/it, v_num=vk_1, training_step_loss=nan.0, loss_box_reg=nan.0, loss_classifier=nan.0, loss_mask=nan.0, loss_objectness=nan.0, loss_rpn_box_reg=nan.0]
Training time 0:01:47
