wandb: Currently logged in as: ilhamsyahids. Use `wandb login --relogin` to force relogin
wandb: wandb version 0.15.0 is available!  To upgrade, please run:
wandb:  $ pip install wandb --upgrade
wandb: Tracking run with wandb version 0.14.0
wandb: Run data is saved locally in /raid/data/m23522033/logs/wandb/run-20230426_212139-d4dsnrb6
wandb: Run `wandb offline` to turn off syncing.
wandb: Syncing run lars-16-cosineannealinglr-1e-3
wandb: ⭐️ View project at https://wandb.ai/ilhamsyahids/MaskRCNN
wandb: 🚀 View run at https://wandb.ai/ilhamsyahids/MaskRCNN/runs/d4dsnrb6
wandb: logging graph, to disable use `wandb.watch(log_graph=False)`
/raid/data/m23522033/torch-mask-rcnn/.venv/lib/python3.8/site-packages/lightning_fabric/connector.py:562: UserWarning: 16 is supported for historical reasons but its usage is discouraged. Please set your precision to 16-mixed instead!
  rank_zero_warn(
/raid/data/m23522033/torch-mask-rcnn/.venv/lib/python3.8/site-packages/lightning_fabric/plugins/environments/slurm.py:165: PossibleUserWarning: The `srun` command is available on your system but is not used. HINT: If your intention is to run Lightning on SLURM, prepend your python command with `srun` like so: srun python3 train.py --config-file config/gpu/new/gpu-lars-cosi ...
  rank_zero_warn(
Using 16bit Automatic Mixed Precision (AMP)
GPU available: True (cuda), used: True
TPU available: False, using: 0 TPU cores
IPU available: False, using: 0 IPUs
HPU available: False, using: 0 HPUs
/raid/data/m23522033/torch-mask-rcnn/.venv/lib/python3.8/site-packages/lightning_fabric/plugins/environments/slurm.py:165: PossibleUserWarning: The `srun` command is available on your system but is not used. HINT: If your intention is to run Lightning on SLURM, prepend your python command with `srun` like so: srun python3 train.py --config-file config/gpu/new/gpu-lars-cosi ...
  rank_zero_warn(
Initializing distributed: GLOBAL_RANK: 0, MEMBER: 1/8
Initializing distributed: GLOBAL_RANK: 2, MEMBER: 3/8
Initializing distributed: GLOBAL_RANK: 1, MEMBER: 2/8
Initializing distributed: GLOBAL_RANK: 6, MEMBER: 7/8
Initializing distributed: GLOBAL_RANK: 5, MEMBER: 6/8
Initializing distributed: GLOBAL_RANK: 4, MEMBER: 5/8
Initializing distributed: GLOBAL_RANK: 7, MEMBER: 8/8
Initializing distributed: GLOBAL_RANK: 3, MEMBER: 4/8
----------------------------------------------------------------------------------------------------
distributed_backend=nccl
All distributed processes registered. Starting with 8 processes
----------------------------------------------------------------------------------------------------

LOCAL_RANK: 2 - CUDA_VISIBLE_DEVICES: [0,1,2,3,4,5,6,7]
LOCAL_RANK: 4 - CUDA_VISIBLE_DEVICES: [0,1,2,3,4,5,6,7]
LOCAL_RANK: 1 - CUDA_VISIBLE_DEVICES: [0,1,2,3,4,5,6,7]
LOCAL_RANK: 7 - CUDA_VISIBLE_DEVICES: [0,1,2,3,4,5,6,7]
LOCAL_RANK: 5 - CUDA_VISIBLE_DEVICES: [0,1,2,3,4,5,6,7]
LOCAL_RANK: 6 - CUDA_VISIBLE_DEVICES: [0,1,2,3,4,5,6,7]
LOCAL_RANK: 3 - CUDA_VISIBLE_DEVICES: [0,1,2,3,4,5,6,7]
LOCAL_RANK: 0 - CUDA_VISIBLE_DEVICES: [0,1,2,3,4,5,6,7]

  | Name  | Type     | Params
-----------------------------------
0 | model | MaskRCNN | 46.4 M
-----------------------------------
46.1 M    Trainable params
225 K     Non-trainable params
46.4 M    Total params
185.438   Total estimated model params size (MB)
FIT Profiler Report

--------------------------------------------------------------------------------------------------------------------------------------------------------------------------------------------------------------------------------------------------------------------------
|  Action                                                                                                                                                        	|  Mean duration (s)	|  Num calls      	|  Total time (s) 	|  Percentage %   	|
--------------------------------------------------------------------------------------------------------------------------------------------------------------------------------------------------------------------------------------------------------------------------
|  Total                                                                                                                                                         	|  -              	|  3091           	|  136.88         	|  100 %          	|
--------------------------------------------------------------------------------------------------------------------------------------------------------------------------------------------------------------------------------------------------------------------------
|  run_training_epoch                                                                                                                                            	|  78.471         	|  1              	|  78.471         	|  57.327         	|
|  run_training_batch                                                                                                                                            	|  1.1332         	|  63             	|  71.39          	|  52.154         	|
|  [LightningModule]Mask_RCNN.optimizer_step                                                                                                                     	|  1.133          	|  63             	|  71.382         	|  52.148         	|
|  [Strategy]DDPStrategy.training_step                                                                                                                           	|  0.57566        	|  63             	|  36.267         	|  26.495         	|
|  [LightningDataModule]COCODataModule.setup                                                                                                                     	|  23.02          	|  1              	|  23.02          	|  16.817         	|
|  [Strategy]DDPStrategy.backward                                                                                                                                	|  0.16884        	|  63             	|  10.637         	|  7.771          	|
|  [_TrainingEpochLoop].train_dataloader_next                                                                                                                    	|  0.045415       	|  63             	|  2.8611         	|  2.0902         	|
|  [Strategy]DDPStrategy.batch_to_device                                                                                                                         	|  0.033359       	|  63             	|  2.1016         	|  1.5353         	|
|  [LightningModule]Mask_RCNN.transfer_batch_to_device                                                                                                           	|  0.033149       	|  63             	|  2.0884         	|  1.5257         	|
|  [Callback]ModelCheckpoint{'monitor': None, 'mode': 'min', 'every_n_train_steps': 0, 'every_n_epochs': 1, 'train_time_interval': None}.on_train_epoch_end      	|  0.92931        	|  1              	|  0.92931        	|  0.67891        	|
|  [LightningDataModule]COCODataModule.train_dataloader                                                                                                          	|  0.18309        	|  1              	|  0.18309        	|  0.13375        	|
|  [LightningModule]Mask_RCNN.optimizer_zero_grad                                                                                                                	|  0.00066344     	|  63             	|  0.041797       	|  0.030535       	|
|  [LightningModule]Mask_RCNN.on_train_epoch_end                                                                                                                 	|  0.029869       	|  1              	|  0.029869       	|  0.021821       	|
|  [Callback]ModelSummary.on_fit_start                                                                                                                           	|  0.0071018      	|  1              	|  0.0071018      	|  0.0051882      	|
|  [Callback]TQDMProgressBar.on_train_batch_end                                                                                                                  	|  0.00010126     	|  63             	|  0.0063796      	|  0.0046606      	|
|  [LightningModule]Mask_RCNN.configure_gradient_clipping                                                                                                        	|  4.4096e-05     	|  63             	|  0.002778       	|  0.0020295      	|
|  [Callback]ModelCheckpoint{'monitor': None, 'mode': 'min', 'every_n_train_steps': 0, 'every_n_epochs': 1, 'train_time_interval': None}.on_train_batch_end      	|  3.8637e-05     	|  63             	|  0.0024341      	|  0.0017783      	|
|  [Callback]LearningRateMonitor.on_train_batch_start                                                                                                            	|  3.3489e-05     	|  63             	|  0.0021098      	|  0.0015413      	|
|  [Callback]ModelCheckpoint{'monitor': None, 'mode': 'min', 'every_n_train_steps': 0, 'every_n_epochs': 1, 'train_time_interval': None}.setup                   	|  0.0018428      	|  1              	|  0.0018428      	|  0.0013462      	|
|  [Callback]TQDMProgressBar.on_train_start                                                                                                                      	|  0.001591       	|  1              	|  0.001591       	|  0.0011623      	|
|  [LightningModule]Mask_RCNN.configure_optimizers                                                                                                               	|  0.001103       	|  1              	|  0.001103       	|  0.00080577     	|
|  [LightningDataModule]COCODataModule.val_dataloader                                                                                                            	|  0.00086654     	|  1              	|  0.00086654     	|  0.00063305     	|
|  [Callback]TQDMProgressBar.on_train_end                                                                                                                        	|  0.00059009     	|  1              	|  0.00059009     	|  0.00043109     	|
|  [Callback]TQDMProgressBar.on_train_epoch_end                                                                                                                  	|  0.00058383     	|  1              	|  0.00058383     	|  0.00042651     	|
|  [Callback]TQDMProgressBar.on_train_epoch_start                                                                                                                	|  0.00050411     	|  1              	|  0.00050411     	|  0.00036828     	|
|  [Callback]TQDMProgressBar.on_after_backward                                                                                                                   	|  7.8042e-06     	|  63             	|  0.00049166     	|  0.00035918     	|
|  [Callback]TQDMProgressBar.on_train_batch_start                                                                                                                	|  7.4066e-06     	|  63             	|  0.00046662     	|  0.00034089     	|
|  [Callback]TQDMProgressBar.on_before_optimizer_step                                                                                                            	|  4.5799e-06     	|  63             	|  0.00028853     	|  0.00021079     	|
|  [Callback]TQDMProgressBar.on_before_zero_grad                                                                                                                 	|  4.3699e-06     	|  63             	|  0.00027531     	|  0.00020113     	|
|  [LightningModule]Mask_RCNN.on_before_batch_transfer                                                                                                           	|  4.0727e-06     	|  63             	|  0.00025658     	|  0.00018744     	|
|  [LightningModule]Mask_RCNN.on_after_batch_transfer                                                                                                            	|  3.8572e-06     	|  63             	|  0.00024301     	|  0.00017753     	|
|  [Callback]TQDMProgressBar.on_before_backward                                                                                                                  	|  3.5579e-06     	|  63             	|  0.00022415     	|  0.00016375     	|
|  [LightningModule]Mask_RCNN.on_after_backward                                                                                                                  	|  3.1631e-06     	|  63             	|  0.00019928     	|  0.00014558     	|
|  [LightningModule]Mask_RCNN.on_train_batch_start                                                                                                               	|  2.6772e-06     	|  63             	|  0.00016867     	|  0.00012322     	|
|  [LightningModule]Mask_RCNN.on_train_end                                                                                                                       	|  0.0001675      	|  1              	|  0.0001675      	|  0.00012236     	|
|  [LightningModule]Mask_RCNN.on_before_zero_grad                                                                                                                	|  2.6305e-06     	|  63             	|  0.00016572     	|  0.00012107     	|
|  [Callback]LearningRateMonitor.on_train_batch_end                                                                                                              	|  2.567e-06      	|  63             	|  0.00016172     	|  0.00011815     	|
|  [Callback]LearningRateMonitor.on_after_backward                                                                                                               	|  2.3648e-06     	|  63             	|  0.00014898     	|  0.00010884     	|
|  [Callback]COCOEvaluator.on_before_backward                                                                                                                    	|  2.3597e-06     	|  63             	|  0.00014866     	|  0.0001086      	|
|  [Callback]LearningRateMonitor.on_train_start                                                                                                                  	|  0.00014261     	|  1              	|  0.00014261     	|  0.00010418     	|
|  [LightningModule]Mask_RCNN.on_train_batch_end                                                                                                                 	|  2.1812e-06     	|  63             	|  0.00013742     	|  0.00010039     	|
|  [LightningModule]Mask_RCNN.on_before_optimizer_step                                                                                                           	|  1.9947e-06     	|  63             	|  0.00012567     	|  9.1807e-05     	|
|  [Callback]LearningRateMonitor.on_before_zero_grad                                                                                                             	|  1.8762e-06     	|  63             	|  0.0001182      	|  8.6351e-05     	|
|  [Callback]COCOEvaluator.on_train_batch_start                                                                                                                  	|  1.8626e-06     	|  63             	|  0.00011735     	|  8.5727e-05     	|
|  [Callback]ModelCheckpoint{'monitor': None, 'mode': 'min', 'every_n_train_steps': 0, 'every_n_epochs': 1, 'train_time_interval': None}.on_train_batch_start    	|  1.7245e-06     	|  63             	|  0.00010864     	|  7.9367e-05     	|
|  [Callback]ModelCheckpoint{'monitor': None, 'mode': 'min', 'every_n_train_steps': 0, 'every_n_epochs': 1, 'train_time_interval': None}.on_before_backward      	|  1.645e-06      	|  63             	|  0.00010364     	|  7.5712e-05     	|
|  [Callback]LearningRateMonitor.on_before_backward                                                                                                              	|  1.6086e-06     	|  63             	|  0.00010134     	|  7.4034e-05     	|
|  [Strategy]DDPStrategy.on_train_batch_start                                                                                                                    	|  1.6025e-06     	|  63             	|  0.00010096     	|  7.3753e-05     	|
|  [LightningModule]Mask_RCNN.on_before_backward                                                                                                                 	|  1.5702e-06     	|  63             	|  9.892e-05      	|  7.2266e-05     	|
|  [Callback]ModelCheckpoint{'monitor': None, 'mode': 'min', 'every_n_train_steps': 0, 'every_n_epochs': 1, 'train_time_interval': None}.on_after_backward       	|  1.5596e-06     	|  63             	|  9.8254e-05     	|  7.178e-05      	|
|  [Callback]ModelSummary.on_train_batch_start                                                                                                                   	|  1.5445e-06     	|  63             	|  9.7303e-05     	|  7.1085e-05     	|
|  [Callback]LearningRateMonitor.on_before_optimizer_step                                                                                                        	|  1.5384e-06     	|  63             	|  9.692e-05      	|  7.0805e-05     	|
|  [Callback]COCOEvaluator.on_train_batch_end                                                                                                                    	|  1.4825e-06     	|  63             	|  9.3398e-05     	|  6.8232e-05     	|
|  [Callback]ModelCheckpoint{'monitor': None, 'mode': 'min', 'every_n_train_steps': 0, 'every_n_epochs': 1, 'train_time_interval': None}.on_before_zero_grad     	|  1.4705e-06     	|  63             	|  9.2641e-05     	|  6.7679e-05     	|
|  [Callback]COCOEvaluator.on_after_backward                                                                                                                     	|  1.4387e-06     	|  63             	|  9.0641e-05     	|  6.6218e-05     	|
|  [Callback]COCOEvaluator.on_before_zero_grad                                                                                                                   	|  1.4301e-06     	|  63             	|  9.0095e-05     	|  6.5819e-05     	|
|  [Callback]ModelCheckpoint{'monitor': None, 'mode': 'min', 'every_n_train_steps': 0, 'every_n_epochs': 1, 'train_time_interval': None}.on_before_optimizer_step	|  1.4023e-06     	|  63             	|  8.8343e-05     	|  6.4539e-05     	|
|  [Callback]COCOEvaluator.on_before_optimizer_step                                                                                                              	|  1.3761e-06     	|  63             	|  8.6693e-05     	|  6.3334e-05     	|
|  [Callback]ModelSummary.on_train_batch_end                                                                                                                     	|  1.3536e-06     	|  63             	|  8.5278e-05     	|  6.23e-05       	|
|  [Callback]ModelSummary.on_before_backward                                                                                                                     	|  1.3037e-06     	|  63             	|  8.2131e-05     	|  6.0001e-05     	|
|  [Callback]ModelSummary.on_after_backward                                                                                                                      	|  1.282e-06      	|  63             	|  8.0763e-05     	|  5.9001e-05     	|
|  [Callback]ModelSummary.on_before_zero_grad                                                                                                                    	|  1.2516e-06     	|  63             	|  7.8848e-05     	|  5.7603e-05     	|
|  [Callback]ModelSummary.on_before_optimizer_step                                                                                                               	|  1.218e-06      	|  63             	|  7.6731e-05     	|  5.6056e-05     	|
|  [Callback]TQDMProgressBar.setup                                                                                                                               	|  5.5258e-05     	|  1              	|  5.5258e-05     	|  4.0369e-05     	|
|  [Callback]LearningRateMonitor.on_train_end                                                                                                                    	|  1.95e-05       	|  1              	|  1.95e-05       	|  1.4246e-05     	|
|  [LightningModule]Mask_RCNN.configure_sharded_model                                                                                                            	|  1.6791e-05     	|  1              	|  1.6791e-05     	|  1.2267e-05     	|
|  [LightningModule]Mask_RCNN.on_train_epoch_start                                                                                                               	|  1.0504e-05     	|  1              	|  1.0504e-05     	|  7.6736e-06     	|
|  [LightningModule]Mask_RCNN.configure_callbacks                                                                                                                	|  9.682e-06      	|  1              	|  9.682e-06      	|  7.0732e-06     	|
|  [LightningModule]Mask_RCNN.setup                                                                                                                              	|  8.8911e-06     	|  1              	|  8.8911e-06     	|  6.4954e-06     	|
|  [Callback]TQDMProgressBar.on_fit_end                                                                                                                          	|  8.6259e-06     	|  1              	|  8.6259e-06     	|  6.3017e-06     	|
|  [LightningModule]Mask_RCNN.on_train_start                                                                                                                     	|  8.129e-06      	|  1              	|  8.129e-06      	|  5.9387e-06     	|
|  [Callback]COCOEvaluator.on_train_start                                                                                                                        	|  6.9689e-06     	|  1              	|  6.9689e-06     	|  5.0911e-06     	|
|  [LightningDataModule]COCODataModule.state_dict                                                                                                                	|  6.8089e-06     	|  1              	|  6.8089e-06     	|  4.9742e-06     	|
|  [Callback]TQDMProgressBar.on_fit_start                                                                                                                        	|  5.828e-06      	|  1              	|  5.828e-06      	|  4.2576e-06     	|
|  [Callback]LearningRateMonitor.setup                                                                                                                           	|  5.686e-06      	|  1              	|  5.686e-06      	|  4.1539e-06     	|
|  [Callback]LearningRateMonitor.on_train_epoch_start                                                                                                            	|  4.479e-06      	|  1              	|  4.479e-06      	|  3.2721e-06     	|
|  [Callback]ModelCheckpoint{'monitor': None, 'mode': 'min', 'every_n_train_steps': 0, 'every_n_epochs': 1, 'train_time_interval': None}.on_train_start          	|  4.4589e-06     	|  1              	|  4.4589e-06     	|  3.2575e-06     	|
|  [LightningModule]Mask_RCNN.on_fit_start                                                                                                                       	|  4.278e-06      	|  1              	|  4.278e-06      	|  3.1253e-06     	|
|  [Callback]LearningRateMonitor.on_train_epoch_end                                                                                                              	|  4.0419e-06     	|  1              	|  4.0419e-06     	|  2.9528e-06     	|
|  [LightningDataModule]COCODataModule.prepare_data                                                                                                              	|  3.787e-06      	|  1              	|  3.787e-06      	|  2.7666e-06     	|
|  [Callback]ModelCheckpoint{'monitor': None, 'mode': 'min', 'every_n_train_steps': 0, 'every_n_epochs': 1, 'train_time_interval': None}.on_fit_start            	|  3.4741e-06     	|  1              	|  3.4741e-06     	|  2.538e-06      	|
|  [Callback]TQDMProgressBar.on_save_checkpoint                                                                                                                  	|  3.3479e-06     	|  1              	|  3.3479e-06     	|  2.4458e-06     	|
|  [Callback]COCOEvaluator.on_train_epoch_start                                                                                                                  	|  2.2661e-06     	|  1              	|  2.2661e-06     	|  1.6555e-06     	|
|  [Callback]LearningRateMonitor.on_save_checkpoint                                                                                                              	|  2.18e-06       	|  1              	|  2.18e-06       	|  1.5926e-06     	|
|  [Callback]TQDMProgressBar.teardown                                                                                                                            	|  2.095e-06      	|  1              	|  2.095e-06      	|  1.5305e-06     	|
|  [Callback]LearningRateMonitor.on_fit_end                                                                                                                      	|  2.0741e-06     	|  1              	|  2.0741e-06     	|  1.5152e-06     	|
|  [Callback]LearningRateMonitor.on_fit_start                                                                                                                    	|  1.82e-06       	|  1              	|  1.82e-06       	|  1.3296e-06     	|
|  [LightningModule]Mask_RCNN.prepare_data                                                                                                                       	|  1.8161e-06     	|  1              	|  1.8161e-06     	|  1.3267e-06     	|
|  [Strategy]DDPStrategy.on_train_end                                                                                                                            	|  1.814e-06      	|  1              	|  1.814e-06      	|  1.3252e-06     	|
|  [LightningDataModule]COCODataModule.teardown                                                                                                                  	|  1.8e-06        	|  1              	|  1.8e-06        	|  1.315e-06      	|
|  [Callback]ModelSummary.on_train_epoch_start                                                                                                                   	|  1.6838e-06     	|  1              	|  1.6838e-06     	|  1.2301e-06     	|
|  [Callback]COCOEvaluator.on_train_epoch_end                                                                                                                    	|  1.6631e-06     	|  1              	|  1.6631e-06     	|  1.215e-06      	|
|  [Strategy]DDPStrategy.on_train_start                                                                                                                          	|  1.6352e-06     	|  1              	|  1.6352e-06     	|  1.1946e-06     	|
|  [Callback]COCOEvaluator.on_fit_start                                                                                                                          	|  1.614e-06      	|  1              	|  1.614e-06      	|  1.1791e-06     	|
|  [Callback]ModelSummary.on_train_start                                                                                                                         	|  1.5888e-06     	|  1              	|  1.5888e-06     	|  1.1607e-06     	|
|  [Callback]ModelCheckpoint{'monitor': None, 'mode': 'min', 'every_n_train_steps': 0, 'every_n_epochs': 1, 'train_time_interval': None}.on_save_checkpoint      	|  1.5821e-06     	|  1              	|  1.5821e-06     	|  1.1558e-06     	|
|  [Callback]ModelCheckpoint{'monitor': None, 'mode': 'min', 'every_n_train_steps': 0, 'every_n_epochs': 1, 'train_time_interval': None}.on_train_epoch_start    	|  1.5751e-06     	|  1              	|  1.5751e-06     	|  1.1507e-06     	|
|  [Callback]COCOEvaluator.setup                                                                                                                                 	|  1.552e-06      	|  1              	|  1.552e-06      	|  1.1338e-06     	|
|  [Callback]COCOEvaluator.on_train_end                                                                                                                          	|  1.536e-06      	|  1              	|  1.536e-06      	|  1.1221e-06     	|
|  [Callback]ModelSummary.on_train_epoch_end                                                                                                                     	|  1.532e-06      	|  1              	|  1.532e-06      	|  1.1192e-06     	|
|  [Callback]COCOEvaluator.on_save_checkpoint                                                                                                                    	|  1.4789e-06     	|  1              	|  1.4789e-06     	|  1.0804e-06     	|
|  [Callback]ModelCheckpoint{'monitor': None, 'mode': 'min', 'every_n_train_steps': 0, 'every_n_epochs': 1, 'train_time_interval': None}.teardown                	|  1.4419e-06     	|  1              	|  1.4419e-06     	|  1.0534e-06     	|
|  [Callback]ModelSummary.setup                                                                                                                                  	|  1.427e-06      	|  1              	|  1.427e-06      	|  1.0425e-06     	|
|  [LightningModule]Mask_RCNN.on_fit_end                                                                                                                         	|  1.3881e-06     	|  1              	|  1.3881e-06     	|  1.0141e-06     	|
|  [Callback]ModelSummary.on_save_checkpoint                                                                                                                     	|  1.3849e-06     	|  1              	|  1.3849e-06     	|  1.0117e-06     	|
|  [Callback]ModelSummary.on_train_end                                                                                                                           	|  1.3749e-06     	|  1              	|  1.3749e-06     	|  1.0044e-06     	|
|  [Callback]LearningRateMonitor.teardown                                                                                                                        	|  1.3481e-06     	|  1              	|  1.3481e-06     	|  9.8485e-07     	|
|  [Callback]COCOEvaluator.on_fit_end                                                                                                                            	|  1.3299e-06     	|  1              	|  1.3299e-06     	|  9.7158e-07     	|
|  [Callback]ModelCheckpoint{'monitor': None, 'mode': 'min', 'every_n_train_steps': 0, 'every_n_epochs': 1, 'train_time_interval': None}.on_train_end            	|  1.325e-06      	|  1              	|  1.325e-06      	|  9.6801e-07     	|
|  [Callback]ModelSummary.teardown                                                                                                                               	|  1.281e-06      	|  1              	|  1.281e-06      	|  9.3586e-07     	|
|  [Callback]ModelCheckpoint{'monitor': None, 'mode': 'min', 'every_n_train_steps': 0, 'every_n_epochs': 1, 'train_time_interval': None}.on_fit_end              	|  1.2659e-06     	|  1              	|  1.2659e-06     	|  9.248e-07      	|
|  [LightningModule]Mask_RCNN.on_save_checkpoint                                                                                                                 	|  1.186e-06      	|  1              	|  1.186e-06      	|  8.6646e-07     	|
|  [Callback]ModelSummary.on_fit_end                                                                                                                             	|  1.186e-06      	|  1              	|  1.186e-06      	|  8.6646e-07     	|
|  [Callback]COCOEvaluator.teardown                                                                                                                              	|  1.1779e-06     	|  1              	|  1.1779e-06     	|  8.6051e-07     	|
|  [LightningModule]Mask_RCNN.teardown                                                                                                                           	|  8.6008e-07     	|  1              	|  8.6008e-07     	|  6.2833e-07     	|
--------------------------------------------------------------------------------------------------------------------------------------------------------------------------------------------------------------------------------------------------------------------------

wandb: Waiting for W&B process to finish... (success).
wandb: 
wandb: Run history:
wandb:               epoch ▁▁▁
wandb:        loss_box_reg █▁
wandb:     loss_classifier ▁ 
wandb:           loss_mask ▁█
wandb:     loss_objectness █▁
wandb:    loss_rpn_box_reg █▁
wandb:             lr-LARS ▁
wandb:    lr-LARS-momentum ▁
wandb: trainer/global_step ▁▁██
wandb:  training_step_loss ▁ 
wandb: 
wandb: Run summary:
wandb:               epoch 0
wandb:        loss_box_reg 0.22561
wandb:     loss_classifier nan
wandb:           loss_mask 0.56743
wandb:     loss_objectness 0.24665
wandb:    loss_rpn_box_reg 0.11916
wandb:             lr-LARS 0.001
wandb:    lr-LARS-momentum 0.9
wandb: trainer/global_step 62
wandb:       training_loss nan
wandb:  training_step_loss nan
wandb: 
wandb: 🚀 View run lars-16-cosineannealinglr-1e-3 at: https://wandb.ai/ilhamsyahids/MaskRCNN/runs/d4dsnrb6
wandb: Synced 5 W&B file(s), 1 media file(s), 3 artifact file(s) and 0 other file(s)
wandb: Find logs at: /raid/data/m23522033/logs/wandb/run-20230426_212139-d4dsnrb6/logs
