Building logger...
Building DataModule...
Building callback...
Building model...
Training model...
Loading dataset...
loading annotations into memory...
Done (t=18.97s)
creating index...
index created!
loading annotations into memory...
Done (t=0.52s)
creating index...
index created!
Building training dataloader...
Using [0, 0.5, 0.7071067811865476, 1.0, 1.4142135623730951, 2.0, inf] as bins for aspect ratio quantization
Count of instances per bin: [  104 12004 15546 45675 42779  1158]
Building logger...
Building DataModule...
Building callback...
Building model...
Training model...
Loading dataset...
loading annotations into memory...
Done (t=19.74s)
creating index...
index created!
loading annotations into memory...
Done (t=0.53s)
creating index...
index created!
Building training dataloader...
Using [0, 0.5, 0.7071067811865476, 1.0, 1.4142135623730951, 2.0, inf] as bins for aspect ratio quantization
Count of instances per bin: [  104 12004 15546 45675 42779  1158]
Building logger...
Building DataModule...
Building callback...
Building model...
Training model...
Loading dataset...
loading annotations into memory...
Done (t=19.81s)
creating index...
index created!
loading annotations into memory...
Done (t=0.53s)
creating index...
index created!
Building training dataloader...
Using [0, 0.5, 0.7071067811865476, 1.0, 1.4142135623730951, 2.0, inf] as bins for aspect ratio quantization
Count of instances per bin: [  104 12004 15546 45675 42779  1158]
Building logger...
Building DataModule...
Building callback...
Building model...
Training model...
Loading dataset...
loading annotations into memory...
Done (t=19.75s)
creating index...
index created!
loading annotations into memory...
Done (t=0.53s)
creating index...
index created!
Building training dataloader...
Using [0, 0.5, 0.7071067811865476, 1.0, 1.4142135623730951, 2.0, inf] as bins for aspect ratio quantization
Count of instances per bin: [  104 12004 15546 45675 42779  1158]
Building logger...
Building DataModule...
Building callback...
Building model...
Training model...
Loading dataset...
loading annotations into memory...
Done (t=19.81s)
creating index...
index created!
loading annotations into memory...
Done (t=0.52s)
creating index...
index created!
Building training dataloader...
Using [0, 0.5, 0.7071067811865476, 1.0, 1.4142135623730951, 2.0, inf] as bins for aspect ratio quantization
Count of instances per bin: [  104 12004 15546 45675 42779  1158]
Building logger...
Building DataModule...
Building callback...
Building model...
Training model...
Loading dataset...
loading annotations into memory...
Done (t=19.87s)
creating index...
index created!
loading annotations into memory...
Done (t=0.51s)
creating index...
index created!
Building training dataloader...
Using [0, 0.5, 0.7071067811865476, 1.0, 1.4142135623730951, 2.0, inf] as bins for aspect ratio quantization
Count of instances per bin: [  104 12004 15546 45675 42779  1158]
Building logger...
Building DataModule...
Building callback...
Building model...
Training model...
Loading dataset...
loading annotations into memory...
Done (t=20.04s)
creating index...
index created!
loading annotations into memory...
Done (t=0.52s)
creating index...
index created!
Building training dataloader...
Using [0, 0.5, 0.7071067811865476, 1.0, 1.4142135623730951, 2.0, inf] as bins for aspect ratio quantization
Count of instances per bin: [  104 12004 15546 45675 42779  1158]
Building logger...
Building DataModule...
Building callback...
Building model...
Training model...
Loading dataset...
loading annotations into memory...
Done (t=19.90s)
creating index...
index created!
loading annotations into memory...
Done (t=0.52s)
creating index...
index created!
Building training dataloader...
Using [0, 0.5, 0.7071067811865476, 1.0, 1.4142135623730951, 2.0, inf] as bins for aspect ratio quantization
Count of instances per bin: [  104 12004 15546 45675 42779  1158]
Building validation dataloader...
Building validation dataloader...
Building validation dataloader...
Building validation dataloader...
Building validation dataloader...
Building validation dataloader...
Building validation dataloader...
Building validation dataloader...
Training: 0it [00:00, ?it/s]Training:   0%|          | 0/916 [00:00<?, ?it/s]Epoch 0:   0%|          | 0/916 [00:00<?, ?it/s] Epoch 0:   2%|▏         | 20/916 [00:28<20:56,  1.40s/it]Epoch 0:   2%|▏         | 20/916 [00:28<20:56,  1.40s/it, v_num=b6_1, training_step_loss=3.870, loss_box_reg=0.224, loss_classifier=2.340, loss_mask=0.629, loss_objectness=0.554, loss_rpn_box_reg=0.124]Epoch 0:   4%|▍         | 40/916 [00:51<18:42,  1.28s/it, v_num=b6_1, training_step_loss=3.870, loss_box_reg=0.224, loss_classifier=2.340, loss_mask=0.629, loss_objectness=0.554, loss_rpn_box_reg=0.124]Epoch 0:   4%|▍         | 40/916 [00:51<18:42,  1.28s/it, v_num=b6_1, training_step_loss=3.810, loss_box_reg=0.287, loss_classifier=2.490, loss_mask=0.575, loss_objectness=0.314, loss_rpn_box_reg=0.147]Epoch 0:   7%|▋         | 60/916 [01:14<17:48,  1.25s/it, v_num=b6_1, training_step_loss=3.810, loss_box_reg=0.287, loss_classifier=2.490, loss_mask=0.575, loss_objectness=0.314, loss_rpn_box_reg=0.147]Epoch 0:   7%|▋         | 60/916 [01:14<17:48,  1.25s/it, v_num=b6_1, training_step_loss=6.190, loss_box_reg=0.238, loss_classifier=4.980, loss_mask=0.563, loss_objectness=0.286, loss_rpn_box_reg=0.124]
Loss is nan, stopping training
Epoch 0:   7%|▋         | 60/916 [01:18<18:39,  1.31s/it, v_num=b6_1, training_step_loss=nan.0, loss_box_reg=0.226, loss_classifier=nan.0, loss_mask=0.567, loss_objectness=0.247, loss_rpn_box_reg=0.119]Total time on epoch 0: 0:01:18
Total time on 0 epoch: 0:01:18
Epoch 0:   7%|▋         | 60/916 [01:19<18:53,  1.32s/it, v_num=b6_1, training_step_loss=nan.0, loss_box_reg=0.226, loss_classifier=nan.0, loss_mask=0.567, loss_objectness=0.247, loss_rpn_box_reg=0.119]
Training time 0:01:19
