wandb: Currently logged in as: ilhamsyahids. Use `wandb login --relogin` to force relogin
wandb: - Waiting for wandb.init()...wandb: \ Waiting for wandb.init()...wandb: wandb version 0.15.2 is available!  To upgrade, please run:
wandb:  $ pip install wandb --upgrade
wandb: Tracking run with wandb version 0.14.0
wandb: Run data is saved locally in /raid/data/m23522033/logs/wandb/run-20230512_174236-c1ej6nxl
wandb: Run `wandb offline` to turn off syncing.
wandb: Syncing run sgd-16-multistep-warm1-gamma2-nostep
wandb: ⭐️ View project at https://wandb.ai/ilhamsyahids/MaskRCNN
wandb: 🚀 View run at https://wandb.ai/ilhamsyahids/MaskRCNN/runs/c1ej6nxl
wandb: logging graph, to disable use `wandb.watch(log_graph=False)`
/raid/data/m23522033/torch-mask-rcnn/.venv/lib/python3.8/site-packages/lightning_fabric/connector.py:562: UserWarning: 16 is supported for historical reasons but its usage is discouraged. Please set your precision to 16-mixed instead!
  rank_zero_warn(
/raid/data/m23522033/torch-mask-rcnn/.venv/lib/python3.8/site-packages/lightning_fabric/plugins/environments/slurm.py:165: PossibleUserWarning: The `srun` command is available on your system but is not used. HINT: If your intention is to run Lightning on SLURM, prepend your python command with `srun` like so: srun python3 train.py --config-file neww/gpu-sgd-multistep-warm1 ...
  rank_zero_warn(
Using 16bit Automatic Mixed Precision (AMP)
GPU available: True (cuda), used: True
TPU available: False, using: 0 TPU cores
IPU available: False, using: 0 IPUs
HPU available: False, using: 0 HPUs
/raid/data/m23522033/torch-mask-rcnn/.venv/lib/python3.8/site-packages/lightning_fabric/plugins/environments/slurm.py:165: PossibleUserWarning: The `srun` command is available on your system but is not used. HINT: If your intention is to run Lightning on SLURM, prepend your python command with `srun` like so: srun python3 train.py --config-file neww/gpu-sgd-multistep-warm1 ...
  rank_zero_warn(
Initializing distributed: GLOBAL_RANK: 0, MEMBER: 1/8
Initializing distributed: GLOBAL_RANK: 4, MEMBER: 5/8
Initializing distributed: GLOBAL_RANK: 7, MEMBER: 8/8
Initializing distributed: GLOBAL_RANK: 1, MEMBER: 2/8
Initializing distributed: GLOBAL_RANK: 5, MEMBER: 6/8
Initializing distributed: GLOBAL_RANK: 6, MEMBER: 7/8
Initializing distributed: GLOBAL_RANK: 3, MEMBER: 4/8
Initializing distributed: GLOBAL_RANK: 2, MEMBER: 3/8
----------------------------------------------------------------------------------------------------
distributed_backend=nccl
All distributed processes registered. Starting with 8 processes
----------------------------------------------------------------------------------------------------

LOCAL_RANK: 4 - CUDA_VISIBLE_DEVICES: [0,1,2,3,4,5,6,7]
LOCAL_RANK: 5 - CUDA_VISIBLE_DEVICES: [0,1,2,3,4,5,6,7]
LOCAL_RANK: 2 - CUDA_VISIBLE_DEVICES: [0,1,2,3,4,5,6,7]
LOCAL_RANK: 1 - CUDA_VISIBLE_DEVICES: [0,1,2,3,4,5,6,7]
LOCAL_RANK: 7 - CUDA_VISIBLE_DEVICES: [0,1,2,3,4,5,6,7]
LOCAL_RANK: 0 - CUDA_VISIBLE_DEVICES: [0,1,2,3,4,5,6,7]
LOCAL_RANK: 6 - CUDA_VISIBLE_DEVICES: [0,1,2,3,4,5,6,7]
LOCAL_RANK: 3 - CUDA_VISIBLE_DEVICES: [0,1,2,3,4,5,6,7]

  | Name  | Type     | Params
-----------------------------------
0 | model | MaskRCNN | 46.4 M
-----------------------------------
46.1 M    Trainable params
225 K     Non-trainable params
46.4 M    Total params
185.438   Total estimated model params size (MB)
/raid/data/m23522033/torch-mask-rcnn/.venv/lib/python3.8/site-packages/lightning_fabric/loggers/csv_logs.py:188: UserWarning: Experiment logs directory /raid/data/m23522033/logs/sgd-16-multistep-warm1-gamma2-nostep/version_1 exists and is not empty. Previous log files in this directory will be deleted when the new ones are saved!
  rank_zero_warn(
/raid/data/m23522033/torch-mask-rcnn/.venv/lib/python3.8/site-packages/pytorch_lightning/trainer/connectors/logger_connector/result.py:432: PossibleUserWarning: It is recommended to use `self.log('model_time', ..., sync_dist=True)` when logging on epoch level in distributed setting to accumulate the metric across devices.
  warning_cache.warn(
/raid/data/m23522033/torch-mask-rcnn/.venv/lib/python3.8/site-packages/pytorch_lightning/trainer/connectors/logger_connector/result.py:432: PossibleUserWarning: It is recommended to use `self.log('evaluator_time', ..., sync_dist=True)` when logging on epoch level in distributed setting to accumulate the metric across devices.
  warning_cache.warn(
/raid/data/m23522033/torch-mask-rcnn/.venv/lib/python3.8/site-packages/pytorch_lightning/trainer/connectors/logger_connector/result.py:432: PossibleUserWarning: It is recommended to use `self.log('map_bbox', ..., sync_dist=True)` when logging on epoch level in distributed setting to accumulate the metric across devices.
  warning_cache.warn(
/raid/data/m23522033/torch-mask-rcnn/.venv/lib/python3.8/site-packages/pytorch_lightning/trainer/connectors/logger_connector/result.py:432: PossibleUserWarning: It is recommended to use `self.log('map_50_bbox', ..., sync_dist=True)` when logging on epoch level in distributed setting to accumulate the metric across devices.
  warning_cache.warn(
/raid/data/m23522033/torch-mask-rcnn/.venv/lib/python3.8/site-packages/pytorch_lightning/trainer/connectors/logger_connector/result.py:432: PossibleUserWarning: It is recommended to use `self.log('mar_bbox', ..., sync_dist=True)` when logging on epoch level in distributed setting to accumulate the metric across devices.
  warning_cache.warn(
/raid/data/m23522033/torch-mask-rcnn/.venv/lib/python3.8/site-packages/pytorch_lightning/trainer/connectors/logger_connector/result.py:432: PossibleUserWarning: It is recommended to use `self.log('map_segm', ..., sync_dist=True)` when logging on epoch level in distributed setting to accumulate the metric across devices.
  warning_cache.warn(
/raid/data/m23522033/torch-mask-rcnn/.venv/lib/python3.8/site-packages/pytorch_lightning/trainer/connectors/logger_connector/result.py:432: PossibleUserWarning: It is recommended to use `self.log('map_50_segm', ..., sync_dist=True)` when logging on epoch level in distributed setting to accumulate the metric across devices.
  warning_cache.warn(
/raid/data/m23522033/torch-mask-rcnn/.venv/lib/python3.8/site-packages/pytorch_lightning/trainer/connectors/logger_connector/result.py:432: PossibleUserWarning: It is recommended to use `self.log('mar_segm', ..., sync_dist=True)` when logging on epoch level in distributed setting to accumulate the metric across devices.
  warning_cache.warn(
`Trainer.fit` stopped: `max_epochs=10` reached.
FIT Profiler Report

--------------------------------------------------------------------------------------------------------------------------------------------------------------------------------------------------------------------------------------------------------------------------
|  Action                                                                                                                                                         	|  Mean duration (s)	|  Num calls      	|  Total time (s) 	|  Percentage %   	|
--------------------------------------------------------------------------------------------------------------------------------------------------------------------------------------------------------------------------------------------------------------------------
|  Total                                                                                                                                                          	|  -              	|  454437         	|  1.2229e+04     	|  100 %          	|
--------------------------------------------------------------------------------------------------------------------------------------------------------------------------------------------------------------------------------------------------------------------------
|  run_training_epoch                                                                                                                                             	|  1214.7         	|  10             	|  1.2147e+04     	|  99.327         	|
|  run_training_batch                                                                                                                                             	|  1.0839         	|  9160           	|  9928.6         	|  81.186         	|
|  [LightningModule]Mask_RCNN.optimizer_step                                                                                                                      	|  1.0838         	|  9160           	|  9927.7         	|  81.178         	|
|  [Strategy]DDPStrategy.training_step                                                                                                                            	|  0.54168        	|  9160           	|  4961.8         	|  40.572         	|
|  [Strategy]DDPStrategy.backward                                                                                                                                 	|  0.19951        	|  9160           	|  1827.5         	|  14.944         	|
|  [Strategy]DDPStrategy.validation_step                                                                                                                          	|  0.61357        	|  790            	|  484.72         	|  3.9636         	|
|  [_TrainingEpochLoop].train_dataloader_next                                                                                                                     	|  0.039427       	|  9160           	|  361.15         	|  2.9531         	|
|  [Callback]COCOEvaluator.on_validation_batch_end                                                                                                                	|  0.3938         	|  790            	|  311.1          	|  2.5438         	|
|  [Callback]COCOEvaluator.on_validation_epoch_end                                                                                                                	|  28.172         	|  10             	|  281.72         	|  2.3036         	|
|  [Strategy]DDPStrategy.batch_to_device                                                                                                                          	|  0.024928       	|  9950           	|  248.03         	|  2.0282         	|
|  [LightningModule]Mask_RCNN.transfer_batch_to_device                                                                                                            	|  0.024768       	|  9950           	|  246.44         	|  2.0151         	|
|  [Callback]COCOEvaluator.on_validation_start                                                                                                                    	|  4.6112         	|  10             	|  46.112         	|  0.37706        	|
|  [Callback]COCOEvaluator.on_validation_epoch_start                                                                                                              	|  2.2671         	|  10             	|  22.671         	|  0.18538        	|
|  [Callback]ModelCheckpoint{'monitor': None, 'mode': 'min', 'every_n_train_steps': 0, 'every_n_epochs': 1, 'train_time_interval': None}.on_train_epoch_end       	|  2.1554         	|  10             	|  21.554         	|  0.17625        	|
|  [LightningDataModule]COCODataModule.setup                                                                                                                      	|  19.797         	|  1              	|  19.797         	|  0.16188        	|
|  [_EvaluationLoop].val_next                                                                                                                                     	|  0.018923       	|  790            	|  14.949         	|  0.12224        	|
|  [LightningModule]Mask_RCNN.on_train_epoch_end                                                                                                                  	|  0.75176        	|  10             	|  7.5176         	|  0.061471       	|
|  [LightningModule]Mask_RCNN.optimizer_zero_grad                                                                                                                 	|  0.00059782     	|  9160           	|  5.476          	|  0.044777       	|
|  [Callback]LearningRateMonitor.on_train_batch_start                                                                                                             	|  0.00021629     	|  9160           	|  1.9812         	|  0.0162         	|
|  [Callback]TQDMProgressBar.on_train_batch_end                                                                                                                   	|  0.00012899     	|  9160           	|  1.1815         	|  0.0096611      	|
|  [LightningModule]Mask_RCNN.configure_gradient_clipping                                                                                                         	|  3.1213e-05     	|  9160           	|  0.28591        	|  0.0023379      	|
|  [Callback]ModelCheckpoint{'monitor': None, 'mode': 'min', 'every_n_train_steps': 0, 'every_n_epochs': 1, 'train_time_interval': None}.on_train_batch_end       	|  2.7165e-05     	|  9160           	|  0.24883        	|  0.0020347      	|
|  [LightningDataModule]COCODataModule.train_dataloader                                                                                                           	|  0.17164        	|  1              	|  0.17164        	|  0.0014035      	|
|  [LightningModule]Mask_RCNN.on_before_optimizer_step                                                                                                            	|  9.9738e-06     	|  9160           	|  0.09136        	|  0.00074704     	|
|  [Callback]TQDMProgressBar.on_train_batch_start                                                                                                                 	|  5.9653e-06     	|  9160           	|  0.054642       	|  0.00044681     	|
|  [Callback]TQDMProgressBar.on_validation_batch_end                                                                                                              	|  6.6358e-05     	|  790            	|  0.052423       	|  0.00042866     	|
|  [Callback]TQDMProgressBar.on_validation_start                                                                                                                  	|  0.0047783      	|  10             	|  0.047783       	|  0.00039072     	|
|  [Callback]TQDMProgressBar.on_after_backward                                                                                                                    	|  4.6526e-06     	|  9160           	|  0.042618       	|  0.00034849     	|
|  [LightningModule]Mask_RCNN.on_validation_model_eval                                                                                                            	|  0.0037359      	|  10             	|  0.037359       	|  0.00030549     	|
|  [Callback]TQDMProgressBar.on_before_zero_grad                                                                                                                  	|  3.8389e-06     	|  9160           	|  0.035165       	|  0.00028754     	|
|  [Callback]TQDMProgressBar.on_before_optimizer_step                                                                                                             	|  3.6207e-06     	|  9160           	|  0.033165       	|  0.00027119     	|
|  [LightningModule]Mask_RCNN.on_before_batch_transfer                                                                                                            	|  3.2825e-06     	|  9950           	|  0.032661       	|  0.00026706     	|
|  [LightningModule]Mask_RCNN.on_after_batch_transfer                                                                                                             	|  3.2172e-06     	|  9950           	|  0.032011       	|  0.00026175     	|
|  [Callback]TQDMProgressBar.on_before_backward                                                                                                                   	|  3.243e-06      	|  9160           	|  0.029706       	|  0.0002429      	|
|  [LightningModule]Mask_RCNN.on_train_batch_start                                                                                                                	|  2.3198e-06     	|  9160           	|  0.02125        	|  0.00017376     	|
|  [Callback]TQDMProgressBar.on_validation_batch_start                                                                                                            	|  2.4918e-05     	|  790            	|  0.019685       	|  0.00016097     	|
|  [Callback]LearningRateMonitor.on_train_batch_end                                                                                                               	|  2.1162e-06     	|  9160           	|  0.019385       	|  0.00015851     	|
|  [LightningModule]Mask_RCNN.on_before_zero_grad                                                                                                                 	|  2.0021e-06     	|  9160           	|  0.018339       	|  0.00014996     	|
|  [LightningModule]Mask_RCNN.on_after_backward                                                                                                                   	|  1.8992e-06     	|  9160           	|  0.017397       	|  0.00014225     	|
|  [Callback]LearningRateMonitor.on_after_backward                                                                                                                	|  1.8196e-06     	|  9160           	|  0.016668       	|  0.00013629     	|
|  [Callback]COCOEvaluator.on_train_batch_start                                                                                                                   	|  1.7732e-06     	|  9160           	|  0.016243       	|  0.00013282     	|
|  [LightningModule]Mask_RCNN.on_train_batch_end                                                                                                                  	|  1.6761e-06     	|  9160           	|  0.015353       	|  0.00012554     	|
|  [LightningModule]Mask_RCNN.on_before_backward                                                                                                                  	|  1.6718e-06     	|  9160           	|  0.015314       	|  0.00012522     	|
|  [Callback]ModelCheckpoint{'monitor': None, 'mode': 'min', 'every_n_train_steps': 0, 'every_n_epochs': 1, 'train_time_interval': None}.on_train_batch_start     	|  1.5728e-06     	|  9160           	|  0.014407       	|  0.0001178      	|
|  [Callback]LearningRateMonitor.on_before_optimizer_step                                                                                                         	|  1.5703e-06     	|  9160           	|  0.014384       	|  0.00011762     	|
|  [Callback]LearningRateMonitor.on_before_zero_grad                                                                                                              	|  1.5284e-06     	|  9160           	|  0.014001       	|  0.00011448     	|
|  [Callback]TQDMProgressBar.on_validation_end                                                                                                                    	|  0.0013746      	|  10             	|  0.013746       	|  0.0001124      	|
|  [Callback]ModelCheckpoint{'monitor': None, 'mode': 'min', 'every_n_train_steps': 0, 'every_n_epochs': 1, 'train_time_interval': None}.on_after_backward        	|  1.4671e-06     	|  9160           	|  0.013439       	|  0.00010989     	|
|  [Callback]ModelCheckpoint{'monitor': None, 'mode': 'min', 'every_n_train_steps': 0, 'every_n_epochs': 1, 'train_time_interval': None}.on_before_zero_grad      	|  1.4354e-06     	|  9160           	|  0.013148       	|  0.00010751     	|
|  [Callback]ModelSummary.on_train_batch_start                                                                                                                    	|  1.3941e-06     	|  9160           	|  0.01277        	|  0.00010442     	|
|  [Callback]ModelCheckpoint{'monitor': None, 'mode': 'min', 'every_n_train_steps': 0, 'every_n_epochs': 1, 'train_time_interval': None}.on_before_optimizer_step 	|  1.3777e-06     	|  9160           	|  0.01262        	|  0.00010319     	|
|  [Callback]LearningRateMonitor.on_before_backward                                                                                                               	|  1.3667e-06     	|  9160           	|  0.012519       	|  0.00010237     	|
|  [Callback]COCOEvaluator.on_after_backward                                                                                                                      	|  1.3608e-06     	|  9160           	|  0.012465       	|  0.00010193     	|
|  [Callback]COCOEvaluator.on_train_batch_end                                                                                                                     	|  1.3465e-06     	|  9160           	|  0.012334       	|  0.00010085     	|
|  [Callback]ModelCheckpoint{'monitor': None, 'mode': 'min', 'every_n_train_steps': 0, 'every_n_epochs': 1, 'train_time_interval': None}.on_before_backward       	|  1.3091e-06     	|  9160           	|  0.011991       	|  9.8049e-05     	|
|  [Callback]COCOEvaluator.on_before_backward                                                                                                                     	|  1.2707e-06     	|  9160           	|  0.01164        	|  9.5178e-05     	|
|  [Callback]ModelSummary.on_after_backward                                                                                                                       	|  1.2462e-06     	|  9160           	|  0.011415       	|  9.3341e-05     	|
|  [Callback]ModelSummary.on_before_optimizer_step                                                                                                                	|  1.2296e-06     	|  9160           	|  0.011263       	|  9.2099e-05     	|
|  [Callback]COCOEvaluator.on_before_optimizer_step                                                                                                               	|  1.2267e-06     	|  9160           	|  0.011237       	|  9.1883e-05     	|
|  [Callback]COCOEvaluator.on_before_zero_grad                                                                                                                    	|  1.2266e-06     	|  9160           	|  0.011235       	|  9.187e-05      	|
|  [LightningModule]Mask_RCNN.on_validation_model_train                                                                                                           	|  0.0011095      	|  10             	|  0.011095       	|  9.0726e-05     	|
|  [Strategy]DDPStrategy.on_train_batch_start                                                                                                                     	|  1.2029e-06     	|  9160           	|  0.011019       	|  9.0102e-05     	|
|  [Callback]ModelSummary.on_before_zero_grad                                                                                                                     	|  1.1762e-06     	|  9160           	|  0.010774       	|  8.8101e-05     	|
|  [Callback]ModelSummary.on_train_batch_end                                                                                                                      	|  1.1571e-06     	|  9160           	|  0.010599       	|  8.6671e-05     	|
|  [Callback]ModelSummary.on_before_backward                                                                                                                      	|  1.1303e-06     	|  9160           	|  0.010354       	|  8.4663e-05     	|
|  [Callback]TQDMProgressBar.on_train_epoch_start                                                                                                                 	|  0.00086577     	|  10             	|  0.0086577      	|  7.0794e-05     	|
|  [Callback]ModelSummary.on_fit_start                                                                                                                            	|  0.0067154      	|  1              	|  0.0067154      	|  5.4912e-05     	|
|  [Callback]ModelSummary.on_validation_batch_end                                                                                                                 	|  7.2621e-06     	|  790            	|  0.0057371      	|  4.6912e-05     	|
|  [Callback]TQDMProgressBar.on_train_epoch_end                                                                                                                   	|  0.00041058     	|  10             	|  0.0041058      	|  3.3573e-05     	|
|  [Callback]LearningRateMonitor.on_validation_batch_end                                                                                                          	|  2.9313e-06     	|  790            	|  0.0023157      	|  1.8936e-05     	|
|  [LightningModule]Mask_RCNN.on_validation_batch_end                                                                                                             	|  2.6339e-06     	|  790            	|  0.0020808      	|  1.7015e-05     	|
|  [Callback]LearningRateMonitor.on_validation_batch_start                                                                                                        	|  2.5006e-06     	|  790            	|  0.0019754      	|  1.6153e-05     	|
|  [Callback]TQDMProgressBar.on_train_start                                                                                                                       	|  0.0018597      	|  1              	|  0.0018597      	|  1.5207e-05     	|
|  [Callback]ModelCheckpoint{'monitor': None, 'mode': 'min', 'every_n_train_steps': 0, 'every_n_epochs': 1, 'train_time_interval': None}.on_validation_batch_end  	|  2.0425e-06     	|  790            	|  0.0016136      	|  1.3194e-05     	|
|  [LightningModule]Mask_RCNN.on_validation_epoch_start                                                                                                           	|  0.00014263     	|  10             	|  0.0014263      	|  1.1663e-05     	|
|  [Callback]ModelCheckpoint{'monitor': None, 'mode': 'min', 'every_n_train_steps': 0, 'every_n_epochs': 1, 'train_time_interval': None}.setup                    	|  0.0014218      	|  1              	|  0.0014218      	|  1.1626e-05     	|
|  [LightningModule]Mask_RCNN.on_validation_batch_start                                                                                                           	|  1.762e-06      	|  790            	|  0.001392       	|  1.1382e-05     	|
|  [Callback]ModelCheckpoint{'monitor': None, 'mode': 'min', 'every_n_train_steps': 0, 'every_n_epochs': 1, 'train_time_interval': None}.on_validation_batch_start	|  1.5736e-06     	|  790            	|  0.0012431      	|  1.0165e-05     	|
|  [Callback]COCOEvaluator.on_validation_batch_start                                                                                                              	|  1.5697e-06     	|  790            	|  0.00124        	|  1.014e-05      	|
|  [Callback]ModelSummary.on_validation_batch_start                                                                                                               	|  1.3264e-06     	|  790            	|  0.0010479      	|  8.5683e-06     	|
|  [LightningModule]Mask_RCNN.lr_scheduler_step                                                                                                                   	|  0.00010194     	|  10             	|  0.0010194      	|  8.3354e-06     	|
|  [LightningModule]Mask_RCNN.configure_optimizers                                                                                                                	|  0.00088996     	|  1              	|  0.00088996     	|  7.2772e-06     	|
|  [Callback]TQDMProgressBar.on_train_end                                                                                                                         	|  0.00080444     	|  1              	|  0.00080444     	|  6.5779e-06     	|
|  [LightningDataModule]COCODataModule.val_dataloader                                                                                                             	|  0.00078393     	|  1              	|  0.00078393     	|  6.4101e-06     	|
|  [Callback]ModelSummary.on_validation_start                                                                                                                     	|  6.6134e-05     	|  10             	|  0.00066134     	|  5.4077e-06     	|
|  [Callback]ModelSummary.on_validation_epoch_start                                                                                                               	|  6.3254e-05     	|  10             	|  0.00063254     	|  5.1722e-06     	|
|  [Callback]ModelCheckpoint{'monitor': None, 'mode': 'min', 'every_n_train_steps': 0, 'every_n_epochs': 1, 'train_time_interval': None}.on_validation_end        	|  5.668e-05      	|  10             	|  0.0005668      	|  4.6347e-06     	|
|  [Callback]LearningRateMonitor.on_train_epoch_start                                                                                                             	|  2.1865e-05     	|  10             	|  0.00021865     	|  1.7879e-06     	|
|  [LightningModule]Mask_RCNN.on_train_end                                                                                                                        	|  0.00019512     	|  1              	|  0.00019512     	|  1.5955e-06     	|
|  [Callback]LearningRateMonitor.on_validation_start                                                                                                              	|  1.9422e-05     	|  10             	|  0.00019422     	|  1.5881e-06     	|
|  [Callback]LearningRateMonitor.on_train_start                                                                                                                   	|  0.00017079     	|  1              	|  0.00017079     	|  1.3966e-06     	|
|  [Callback]COCOEvaluator.on_train_epoch_start                                                                                                                   	|  1.5583e-05     	|  10             	|  0.00015583     	|  1.2742e-06     	|
|  [Callback]ModelSummary.on_validation_epoch_end                                                                                                                 	|  1.479e-05      	|  10             	|  0.0001479      	|  1.2094e-06     	|
|  [LightningModule]Mask_RCNN.on_validation_start                                                                                                                 	|  1.3211e-05     	|  10             	|  0.00013211     	|  1.0802e-06     	|
|  [Callback]TQDMProgressBar.on_validation_epoch_start                                                                                                            	|  1.1786e-05     	|  10             	|  0.00011786     	|  9.6377e-07     	|
|  [LightningModule]Mask_RCNN.on_train_epoch_start                                                                                                                	|  1.0023e-05     	|  10             	|  0.00010023     	|  8.1961e-07     	|
|  [LightningModule]Mask_RCNN.on_validation_epoch_end                                                                                                             	|  8.8101e-06     	|  10             	|  8.8101e-05     	|  7.204e-07      	|
|  [LightningDataModule]COCODataModule.state_dict                                                                                                                 	|  5.4413e-06     	|  10             	|  5.4413e-05     	|  4.4494e-07     	|
|  [Strategy]DDPStrategy.on_validation_start                                                                                                                      	|  5.3323e-06     	|  10             	|  5.3323e-05     	|  4.3602e-07     	|
|  [Callback]LearningRateMonitor.on_validation_end                                                                                                                	|  4.9006e-06     	|  10             	|  4.9006e-05     	|  4.0072e-07     	|
|  [Callback]TQDMProgressBar.on_validation_epoch_end                                                                                                              	|  4.5744e-06     	|  10             	|  4.5744e-05     	|  3.7405e-07     	|
|  [Callback]LearningRateMonitor.on_train_epoch_end                                                                                                               	|  4.0258e-06     	|  10             	|  4.0258e-05     	|  3.2919e-07     	|
|  [Callback]TQDMProgressBar.on_save_checkpoint                                                                                                                   	|  3.9931e-06     	|  10             	|  3.9931e-05     	|  3.2652e-07     	|
|  [Callback]COCOEvaluator.on_validation_end                                                                                                                      	|  3.3282e-06     	|  10             	|  3.3282e-05     	|  2.7215e-07     	|
|  [LightningModule]Mask_RCNN.on_validation_end                                                                                                                   	|  2.8195e-06     	|  10             	|  2.8195e-05     	|  2.3055e-07     	|
|  [Callback]ModelCheckpoint{'monitor': None, 'mode': 'min', 'every_n_train_steps': 0, 'every_n_epochs': 1, 'train_time_interval': None}.on_validation_start      	|  2.5379e-06     	|  10             	|  2.5379e-05     	|  2.0753e-07     	|
|  [Callback]LearningRateMonitor.on_save_checkpoint                                                                                                               	|  2.5371e-06     	|  10             	|  2.5371e-05     	|  2.0746e-07     	|
|  [Callback]TQDMProgressBar.on_fit_end                                                                                                                           	|  2.2467e-05     	|  1              	|  2.2467e-05     	|  1.8371e-07     	|
|  [Callback]ModelCheckpoint{'monitor': None, 'mode': 'min', 'every_n_train_steps': 0, 'every_n_epochs': 1, 'train_time_interval': None}.on_train_epoch_start     	|  2.2253e-06     	|  10             	|  2.2253e-05     	|  1.8197e-07     	|
|  [Callback]ModelCheckpoint{'monitor': None, 'mode': 'min', 'every_n_train_steps': 0, 'every_n_epochs': 1, 'train_time_interval': None}.on_validation_epoch_start	|  2.1007e-06     	|  10             	|  2.1007e-05     	|  1.7177e-07     	|
|  [Callback]ModelSummary.on_train_epoch_start                                                                                                                    	|  2.0469e-06     	|  10             	|  2.0469e-05     	|  1.6737e-07     	|
|  [Callback]ModelCheckpoint{'monitor': None, 'mode': 'min', 'every_n_train_steps': 0, 'every_n_epochs': 1, 'train_time_interval': None}.on_validation_epoch_end  	|  2.036e-06      	|  10             	|  2.036e-05      	|  1.6648e-07     	|
|  [Strategy]DDPStrategy.on_validation_end                                                                                                                        	|  2.027e-06      	|  10             	|  2.027e-05      	|  1.6575e-07     	|
|  [Callback]LearningRateMonitor.on_validation_epoch_end                                                                                                          	|  1.8079e-06     	|  10             	|  1.8079e-05     	|  1.4783e-07     	|
|  [Callback]TQDMProgressBar.setup                                                                                                                                	|  1.6686e-05     	|  1              	|  1.6686e-05     	|  1.3644e-07     	|
|  [Callback]LearningRateMonitor.on_validation_epoch_start                                                                                                        	|  1.6249e-06     	|  10             	|  1.6249e-05     	|  1.3287e-07     	|
|  [Callback]ModelSummary.on_validation_end                                                                                                                       	|  1.5579e-06     	|  10             	|  1.5579e-05     	|  1.2739e-07     	|
|  [LightningModule]Mask_RCNN.on_train_start                                                                                                                      	|  1.5474e-05     	|  1              	|  1.5474e-05     	|  1.2653e-07     	|
|  [Callback]ModelSummary.on_save_checkpoint                                                                                                                      	|  1.5284e-06     	|  10             	|  1.5284e-05     	|  1.2498e-07     	|
|  [Callback]COCOEvaluator.on_train_epoch_end                                                                                                                     	|  1.4648e-06     	|  10             	|  1.4648e-05     	|  1.1977e-07     	|
|  [Callback]ModelCheckpoint{'monitor': None, 'mode': 'min', 'every_n_train_steps': 0, 'every_n_epochs': 1, 'train_time_interval': None}.on_save_checkpoint       	|  1.4181e-06     	|  10             	|  1.4181e-05     	|  1.1596e-07     	|
|  [Callback]COCOEvaluator.on_save_checkpoint                                                                                                                     	|  1.3741e-06     	|  10             	|  1.3741e-05     	|  1.1236e-07     	|
|  [Callback]ModelSummary.on_train_epoch_end                                                                                                                      	|  1.3458e-06     	|  10             	|  1.3458e-05     	|  1.1004e-07     	|
|  [LightningModule]Mask_RCNN.on_save_checkpoint                                                                                                                  	|  1.1843e-06     	|  10             	|  1.1843e-05     	|  9.6841e-08     	|
|  [LightningModule]Mask_RCNN.configure_callbacks                                                                                                                 	|  9.6727e-06     	|  1              	|  9.6727e-06     	|  7.9093e-08     	|
|  [Callback]LearningRateMonitor.on_train_end                                                                                                                     	|  5.9339e-06     	|  1              	|  5.9339e-06     	|  4.8521e-08     	|
|  [Callback]ModelCheckpoint{'monitor': None, 'mode': 'min', 'every_n_train_steps': 0, 'every_n_epochs': 1, 'train_time_interval': None}.on_train_start           	|  4.93e-06       	|  1              	|  4.93e-06       	|  4.0312e-08     	|
|  [Strategy]DDPStrategy.on_train_start                                                                                                                           	|  4.8983e-06     	|  1              	|  4.8983e-06     	|  4.0053e-08     	|
|  [LightningModule]Mask_RCNN.on_fit_start                                                                                                                        	|  4.4461e-06     	|  1              	|  4.4461e-06     	|  3.6356e-08     	|
|  [LightningDataModule]COCODataModule.prepare_data                                                                                                               	|  4.2398e-06     	|  1              	|  4.2398e-06     	|  3.4669e-08     	|
|  [Callback]COCOEvaluator.on_train_start                                                                                                                         	|  4.2198e-06     	|  1              	|  4.2198e-06     	|  3.4505e-08     	|
|  [Callback]ModelCheckpoint{'monitor': None, 'mode': 'min', 'every_n_train_steps': 0, 'every_n_epochs': 1, 'train_time_interval': None}.on_fit_start             	|  3.7667e-06     	|  1              	|  3.7667e-06     	|  3.08e-08       	|
|  [LightningModule]Mask_RCNN.configure_sharded_model                                                                                                             	|  3.7458e-06     	|  1              	|  3.7458e-06     	|  3.0629e-08     	|
|  [Callback]TQDMProgressBar.on_fit_start                                                                                                                         	|  3.4878e-06     	|  1              	|  3.4878e-06     	|  2.852e-08      	|
|  [Callback]LearningRateMonitor.setup                                                                                                                            	|  2.7013e-06     	|  1              	|  2.7013e-06     	|  2.2088e-08     	|
|  [LightningModule]Mask_RCNN.setup                                                                                                                               	|  2.468e-06      	|  1              	|  2.468e-06      	|  2.0181e-08     	|
|  [Strategy]DDPStrategy.on_train_end                                                                                                                             	|  2.4387e-06     	|  1              	|  2.4387e-06     	|  1.9941e-08     	|
|  [Callback]ModelSummary.on_train_end                                                                                                                            	|  2.3064e-06     	|  1              	|  2.3064e-06     	|  1.886e-08      	|
|  [Callback]COCOEvaluator.on_train_end                                                                                                                           	|  2.2948e-06     	|  1              	|  2.2948e-06     	|  1.8764e-08     	|
|  [Callback]TQDMProgressBar.teardown                                                                                                                             	|  2.2608e-06     	|  1              	|  2.2608e-06     	|  1.8486e-08     	|
|  [Callback]ModelCheckpoint{'monitor': None, 'mode': 'min', 'every_n_train_steps': 0, 'every_n_epochs': 1, 'train_time_interval': None}.on_train_end             	|  2.244e-06      	|  1              	|  2.244e-06      	|  1.8349e-08     	|
|  [Callback]LearningRateMonitor.on_fit_end                                                                                                                       	|  1.871e-06      	|  1              	|  1.871e-06      	|  1.5299e-08     	|
|  [LightningModule]Mask_RCNN.prepare_data                                                                                                                        	|  1.763e-06      	|  1              	|  1.763e-06      	|  1.4416e-08     	|
|  [LightningDataModule]COCODataModule.teardown                                                                                                                   	|  1.7267e-06     	|  1              	|  1.7267e-06     	|  1.4119e-08     	|
|  [Callback]LearningRateMonitor.on_fit_start                                                                                                                     	|  1.6028e-06     	|  1              	|  1.6028e-06     	|  1.3106e-08     	|
|  [LightningModule]Mask_RCNN.on_fit_end                                                                                                                          	|  1.499e-06      	|  1              	|  1.499e-06      	|  1.2257e-08     	|
|  [Callback]ModelCheckpoint{'monitor': None, 'mode': 'min', 'every_n_train_steps': 0, 'every_n_epochs': 1, 'train_time_interval': None}.teardown                 	|  1.4612e-06     	|  1              	|  1.4612e-06     	|  1.1949e-08     	|
|  [Callback]ModelCheckpoint{'monitor': None, 'mode': 'min', 'every_n_train_steps': 0, 'every_n_epochs': 1, 'train_time_interval': None}.on_fit_end               	|  1.43e-06       	|  1              	|  1.43e-06       	|  1.1693e-08     	|
|  [Callback]ModelSummary.on_train_start                                                                                                                          	|  1.4189e-06     	|  1              	|  1.4189e-06     	|  1.1602e-08     	|
|  [Callback]LearningRateMonitor.teardown                                                                                                                         	|  1.3877e-06     	|  1              	|  1.3877e-06     	|  1.1347e-08     	|
|  [Callback]COCOEvaluator.on_fit_end                                                                                                                             	|  1.37e-06       	|  1              	|  1.37e-06       	|  1.1202e-08     	|
|  [Callback]COCOEvaluator.setup                                                                                                                                  	|  1.2927e-06     	|  1              	|  1.2927e-06     	|  1.057e-08      	|
|  [Callback]COCOEvaluator.teardown                                                                                                                               	|  1.281e-06      	|  1              	|  1.281e-06      	|  1.0475e-08     	|
|  [Callback]ModelSummary.teardown                                                                                                                                	|  1.2657e-06     	|  1              	|  1.2657e-06     	|  1.0349e-08     	|
|  [Callback]ModelSummary.setup                                                                                                                                   	|  1.2391e-06     	|  1              	|  1.2391e-06     	|  1.0132e-08     	|
|  [Callback]ModelSummary.on_fit_end                                                                                                                              	|  1.1628e-06     	|  1              	|  1.1628e-06     	|  9.5078e-09     	|
|  [Callback]COCOEvaluator.on_fit_start                                                                                                                           	|  1.1139e-06     	|  1              	|  1.1139e-06     	|  9.108e-09      	|
|  [LightningModule]Mask_RCNN.teardown                                                                                                                            	|  1.0012e-06     	|  1              	|  1.0012e-06     	|  8.1865e-09     	|
--------------------------------------------------------------------------------------------------------------------------------------------------------------------------------------------------------------------------------------------------------------------------

wandb: Waiting for W&B process to finish... (success).
wandb: - 0.037 MB of 0.037 MB uploaded (0.000 MB deduped)wandb: \ 0.037 MB of 0.037 MB uploaded (0.000 MB deduped)wandb: | 0.037 MB of 0.037 MB uploaded (0.000 MB deduped)wandb: / 0.037 MB of 0.037 MB uploaded (0.000 MB deduped)wandb: - 0.037 MB of 0.037 MB uploaded (0.000 MB deduped)wandb: \ 0.037 MB of 0.037 MB uploaded (0.000 MB deduped)wandb: | 0.037 MB of 0.037 MB uploaded (0.000 MB deduped)wandb: / 0.037 MB of 0.037 MB uploaded (0.000 MB deduped)wandb: - 0.037 MB of 0.037 MB uploaded (0.000 MB deduped)wandb: \ 0.037 MB of 0.037 MB uploaded (0.000 MB deduped)wandb: | 0.037 MB of 0.037 MB uploaded (0.000 MB deduped)wandb: / 0.037 MB of 0.037 MB uploaded (0.000 MB deduped)wandb: - 0.037 MB of 0.037 MB uploaded (0.000 MB deduped)wandb: \ 0.037 MB of 0.037 MB uploaded (0.000 MB deduped)wandb: 
wandb: Run history:
wandb:               epoch ▁▁▁▁▂▂▂▂▃▃▃▃▃▃▃▃▄▄▄▄▅▅▅▅▆▆▆▆▆▆▆▆▇▇▇▇████
wandb:      evaluator_time ▅▄█▇▅▃▃▄▁▁
wandb:        loss_box_reg ▃▅▅▇▆██▆▅▅▅▄▄▃▃▃▃▅▄▄▅▃▃▃▄▃▃▃▁▃▂▄▂▂▂▃▁▁▃▃
wandb:     loss_classifier ████▆▆▆▄▄▄▄▃▃▂▂▂▂▃▃▃▃▂▂▂▃▂▂▂▁▂▁▂▂▂▂▂▁▁▂▂
wandb:           loss_mask █▆▆▅▄▃▃▃▃▃▂▂▂▂▂▂▂▂▂▂▂▂▂▂▂▂▂▂▁▂▁▂▁▂▁▁▁▁▁▁
wandb:     loss_objectness █▄▄▃▃▃▃▂▂▂▂▂▂▂▂▂▁▁▂▂▁▁▂▂▂▁▁▂▁▁▁▂▁▁▁▁▁▁▁▁
wandb:    loss_rpn_box_reg █▇▅▄▄▅▅▄▃▃▃▃▄▂▃▂▂▃▂▄▄▁▂▃▄▂▂▂▁▃▂▄▂▂▂▂▂▁▂▃
wandb:              lr-SGD ▁▁▁▁████████████████████████████████████
wandb:     lr-SGD-momentum ▁▁▁▁▁▁▁▁▁▁▁▁▁▁▁▁▁▁▁▁▁▁▁▁▁▁▁▁▁▁▁▁▁▁▁▁▁▁▁▁
wandb:         map_50_bbox ▁▆▆▇▇▇████
wandb:         map_50_segm ▁▅▆▇▇█████
wandb:            map_bbox ▁▅▆▆▇▇▇███
wandb:            map_segm ▁▅▆▆▇▇▇███
wandb:            mar_bbox ▁▅▆▇▇▇████
wandb:            mar_segm ▁▆▇▇▇█████
wandb:          model_time ▆▅█▅▆▄▅▃▁▂
wandb: trainer/global_step ▁▁▁▂▂▂▂▂▂▃▃▃▃▃▄▄▄▄▄▄▅▅▅▅▅▅▆▆▆▆▆▇▇▇▇▇▇███
wandb:       training_loss █▅▃▂▂▂▂▁▁▁
wandb:  training_step_loss █▇▆▆▅▅▅▄▃▃▃▃▃▂▂▂▂▃▂▂▃▂▂▂▂▂▂▂▁▂▁▂▂▂▂▂▁▁▂▂
wandb: 
wandb: Run summary:
wandb:               epoch 9
wandb:      evaluator_time 0.34511
wandb:        loss_box_reg 0.24569
wandb:     loss_classifier 0.20865
wandb:           loss_mask 0.28419
wandb:     loss_objectness 0.047
wandb:    loss_rpn_box_reg 0.05712
wandb:              lr-SGD 0.02
wandb:     lr-SGD-momentum 0.9
wandb:         map_50_bbox 0.55561
wandb:         map_50_segm 0.51462
wandb:            map_bbox 0.33893
wandb:            map_segm 0.30388
wandb:            mar_bbox 0.491
wandb:            mar_segm 0.43833
wandb:          model_time 0.55786
wandb: trainer/global_step 9159
wandb:       training_loss 0.85013
wandb:  training_step_loss 0.84264
wandb: 
wandb: 🚀 View run sgd-16-multistep-warm1-gamma2-nostep at: https://wandb.ai/ilhamsyahids/MaskRCNN/runs/c1ej6nxl
wandb: Synced 5 W&B file(s), 1 media file(s), 0 artifact file(s) and 0 other file(s)
wandb: Find logs at: /raid/data/m23522033/logs/wandb/run-20230512_174236-c1ej6nxl/logs
