wandb: Currently logged in as: ilhamsyahids. Use `wandb login --relogin` to force relogin
wandb: wandb version 0.15.0 is available!  To upgrade, please run:
wandb:  $ pip install wandb --upgrade
wandb: Tracking run with wandb version 0.14.0
wandb: Run data is saved locally in /raid/data/m23522033/logs/wandb/run-20230421_100840-9wb39zae
wandb: Run `wandb offline` to turn off syncing.
wandb: Syncing run sgd-16-multistep-baseline
wandb: ⭐️ View project at https://wandb.ai/ilhamsyahids/MaskRCNN
wandb: 🚀 View run at https://wandb.ai/ilhamsyahids/MaskRCNN/runs/9wb39zae
wandb: logging graph, to disable use `wandb.watch(log_graph=False)`
/home/m23522033/torch-mask-rcnn/.venv/lib/python3.8/site-packages/lightning_fabric/connector.py:562: UserWarning: 16 is supported for historical reasons but its usage is discouraged. Please set your precision to 16-mixed instead!
  rank_zero_warn(
/home/m23522033/torch-mask-rcnn/.venv/lib/python3.8/site-packages/lightning_fabric/plugins/environments/slurm.py:165: PossibleUserWarning: The `srun` command is available on your system but is not used. HINT: If your intention is to run Lightning on SLURM, prepend your python command with `srun` like so: srun python3 train.py --config-file config/gpu/multistep/gpu-sgd ...
  rank_zero_warn(
Using 16bit Automatic Mixed Precision (AMP)
GPU available: True (cuda), used: True
TPU available: False, using: 0 TPU cores
IPU available: False, using: 0 IPUs
HPU available: False, using: 0 HPUs
/home/m23522033/torch-mask-rcnn/.venv/lib/python3.8/site-packages/lightning_fabric/plugins/environments/slurm.py:165: PossibleUserWarning: The `srun` command is available on your system but is not used. HINT: If your intention is to run Lightning on SLURM, prepend your python command with `srun` like so: srun python3 train.py --config-file config/gpu/multistep/gpu-sgd ...
  rank_zero_warn(
Initializing distributed: GLOBAL_RANK: 0, MEMBER: 1/8
Initializing distributed: GLOBAL_RANK: 2, MEMBER: 3/8
Initializing distributed: GLOBAL_RANK: 1, MEMBER: 2/8
Initializing distributed: GLOBAL_RANK: 7, MEMBER: 8/8
Initializing distributed: GLOBAL_RANK: 6, MEMBER: 7/8
Initializing distributed: GLOBAL_RANK: 3, MEMBER: 4/8
Initializing distributed: GLOBAL_RANK: 4, MEMBER: 5/8
Initializing distributed: GLOBAL_RANK: 5, MEMBER: 6/8
----------------------------------------------------------------------------------------------------
distributed_backend=nccl
All distributed processes registered. Starting with 8 processes
----------------------------------------------------------------------------------------------------

LOCAL_RANK: 1 - CUDA_VISIBLE_DEVICES: [0,1,2,3,4,5,6,7]
LOCAL_RANK: 6 - CUDA_VISIBLE_DEVICES: [0,1,2,3,4,5,6,7]
LOCAL_RANK: 3 - CUDA_VISIBLE_DEVICES: [0,1,2,3,4,5,6,7]
LOCAL_RANK: 5 - CUDA_VISIBLE_DEVICES: [0,1,2,3,4,5,6,7]
LOCAL_RANK: 7 - CUDA_VISIBLE_DEVICES: [0,1,2,3,4,5,6,7]
LOCAL_RANK: 2 - CUDA_VISIBLE_DEVICES: [0,1,2,3,4,5,6,7]
LOCAL_RANK: 4 - CUDA_VISIBLE_DEVICES: [0,1,2,3,4,5,6,7]
LOCAL_RANK: 0 - CUDA_VISIBLE_DEVICES: [0,1,2,3,4,5,6,7]

  | Name  | Type     | Params
-----------------------------------
0 | model | MaskRCNN | 46.4 M
-----------------------------------
46.1 M    Trainable params
225 K     Non-trainable params
46.4 M    Total params
185.438   Total estimated model params size (MB)
/home/m23522033/torch-mask-rcnn/.venv/lib/python3.8/site-packages/lightning_fabric/loggers/csv_logs.py:188: UserWarning: Experiment logs directory /raid/data/m23522033/logs/sgd-16-multistep-baseline/version_1 exists and is not empty. Previous log files in this directory will be deleted when the new ones are saved!
  rank_zero_warn(
/home/m23522033/torch-mask-rcnn/.venv/lib/python3.8/site-packages/pytorch_lightning/trainer/connectors/logger_connector/result.py:432: PossibleUserWarning: It is recommended to use `self.log('model_time', ..., sync_dist=True)` when logging on epoch level in distributed setting to accumulate the metric across devices.
  warning_cache.warn(
/home/m23522033/torch-mask-rcnn/.venv/lib/python3.8/site-packages/pytorch_lightning/trainer/connectors/logger_connector/result.py:432: PossibleUserWarning: It is recommended to use `self.log('evaluator_time', ..., sync_dist=True)` when logging on epoch level in distributed setting to accumulate the metric across devices.
  warning_cache.warn(
/home/m23522033/torch-mask-rcnn/.venv/lib/python3.8/site-packages/pytorch_lightning/trainer/connectors/logger_connector/result.py:432: PossibleUserWarning: It is recommended to use `self.log('map_bbox', ..., sync_dist=True)` when logging on epoch level in distributed setting to accumulate the metric across devices.
  warning_cache.warn(
/home/m23522033/torch-mask-rcnn/.venv/lib/python3.8/site-packages/pytorch_lightning/trainer/connectors/logger_connector/result.py:432: PossibleUserWarning: It is recommended to use `self.log('map_50_bbox', ..., sync_dist=True)` when logging on epoch level in distributed setting to accumulate the metric across devices.
  warning_cache.warn(
/home/m23522033/torch-mask-rcnn/.venv/lib/python3.8/site-packages/pytorch_lightning/trainer/connectors/logger_connector/result.py:432: PossibleUserWarning: It is recommended to use `self.log('mar_bbox', ..., sync_dist=True)` when logging on epoch level in distributed setting to accumulate the metric across devices.
  warning_cache.warn(
/home/m23522033/torch-mask-rcnn/.venv/lib/python3.8/site-packages/pytorch_lightning/trainer/connectors/logger_connector/result.py:432: PossibleUserWarning: It is recommended to use `self.log('map_segm', ..., sync_dist=True)` when logging on epoch level in distributed setting to accumulate the metric across devices.
  warning_cache.warn(
/home/m23522033/torch-mask-rcnn/.venv/lib/python3.8/site-packages/pytorch_lightning/trainer/connectors/logger_connector/result.py:432: PossibleUserWarning: It is recommended to use `self.log('map_50_segm', ..., sync_dist=True)` when logging on epoch level in distributed setting to accumulate the metric across devices.
  warning_cache.warn(
/home/m23522033/torch-mask-rcnn/.venv/lib/python3.8/site-packages/pytorch_lightning/trainer/connectors/logger_connector/result.py:432: PossibleUserWarning: It is recommended to use `self.log('mar_segm', ..., sync_dist=True)` when logging on epoch level in distributed setting to accumulate the metric across devices.
  warning_cache.warn(
`Trainer.fit` stopped: `max_epochs=10` reached.
FIT Profiler Report

--------------------------------------------------------------------------------------------------------------------------------------------------------------------------------------------------------------------------------------------------------------------------
|  Action                                                                                                                                                         	|  Mean duration (s)	|  Num calls      	|  Total time (s) 	|  Percentage %   	|
--------------------------------------------------------------------------------------------------------------------------------------------------------------------------------------------------------------------------------------------------------------------------
|  Total                                                                                                                                                          	|  -              	|  454437         	|  1.2236e+04     	|  100 %          	|
--------------------------------------------------------------------------------------------------------------------------------------------------------------------------------------------------------------------------------------------------------------------------
|  run_training_epoch                                                                                                                                             	|  1215.2         	|  10             	|  1.2152e+04     	|  99.314         	|
|  run_training_batch                                                                                                                                             	|  1.078          	|  9160           	|  9874.3         	|  80.698         	|
|  [LightningModule]Mask_RCNN.optimizer_step                                                                                                                      	|  1.0779         	|  9160           	|  9873.4         	|  80.691         	|
|  [Strategy]DDPStrategy.training_step                                                                                                                            	|  0.53595        	|  9160           	|  4909.3         	|  40.121         	|
|  [Strategy]DDPStrategy.backward                                                                                                                                 	|  0.19933        	|  9160           	|  1825.8         	|  14.922         	|
|  [Strategy]DDPStrategy.validation_step                                                                                                                          	|  0.6217         	|  790            	|  491.14         	|  4.0139         	|
|  [_TrainingEpochLoop].train_dataloader_next                                                                                                                     	|  0.038557       	|  9160           	|  353.19         	|  2.8864         	|
|  [Callback]COCOEvaluator.on_validation_batch_end                                                                                                                	|  0.39875        	|  790            	|  315.01         	|  2.5744         	|
|  [Strategy]DDPStrategy.batch_to_device                                                                                                                          	|  0.030111       	|  9950           	|  299.61         	|  2.4485         	|
|  [LightningModule]Mask_RCNN.transfer_batch_to_device                                                                                                            	|  0.029952       	|  9950           	|  298.02         	|  2.4356         	|
|  [Callback]COCOEvaluator.on_validation_epoch_end                                                                                                                	|  29.552         	|  10             	|  295.52         	|  2.4152         	|
|  [Callback]COCOEvaluator.on_validation_start                                                                                                                    	|  4.5203         	|  10             	|  45.203         	|  0.36942        	|
|  [Callback]COCOEvaluator.on_validation_epoch_start                                                                                                              	|  2.2308         	|  10             	|  22.308         	|  0.18231        	|
|  [Callback]ModelCheckpoint{'monitor': None, 'mode': 'min', 'every_n_train_steps': 0, 'every_n_epochs': 1, 'train_time_interval': None}.on_train_epoch_end       	|  2.2242         	|  10             	|  22.242         	|  0.18177        	|
|  [LightningDataModule]COCODataModule.setup                                                                                                                      	|  20.847         	|  1              	|  20.847         	|  0.17037        	|
|  [_EvaluationLoop].val_next                                                                                                                                     	|  0.018485       	|  790            	|  14.603         	|  0.11935        	|
|  [LightningModule]Mask_RCNN.on_train_epoch_end                                                                                                                  	|  0.73186        	|  10             	|  7.3186         	|  0.059811       	|
|  [LightningModule]Mask_RCNN.optimizer_zero_grad                                                                                                                 	|  0.00058444     	|  9160           	|  5.3535         	|  0.043751       	|
|  [Callback]LearningRateMonitor.on_train_batch_start                                                                                                             	|  0.00021156     	|  9160           	|  1.9379         	|  0.015838       	|
|  [Callback]TQDMProgressBar.on_train_batch_end                                                                                                                   	|  0.00012826     	|  9160           	|  1.1749         	|  0.0096018      	|
|  [LightningModule]Mask_RCNN.configure_gradient_clipping                                                                                                         	|  3.1379e-05     	|  9160           	|  0.28743        	|  0.002349       	|
|  [Callback]ModelCheckpoint{'monitor': None, 'mode': 'min', 'every_n_train_steps': 0, 'every_n_epochs': 1, 'train_time_interval': None}.on_train_batch_end       	|  2.6352e-05     	|  9160           	|  0.24139        	|  0.0019727      	|
|  [LightningDataModule]COCODataModule.train_dataloader                                                                                                           	|  0.17634        	|  1              	|  0.17634        	|  0.0014411      	|
|  [LightningModule]Mask_RCNN.on_validation_model_eval                                                                                                            	|  0.0089317      	|  10             	|  0.089317       	|  0.00072995     	|
|  [Callback]TQDMProgressBar.on_validation_start                                                                                                                  	|  0.0057811      	|  10             	|  0.057811       	|  0.00047246     	|
|  [Callback]TQDMProgressBar.on_train_batch_start                                                                                                                 	|  6.155e-06      	|  9160           	|  0.056379       	|  0.00046076     	|
|  [Callback]TQDMProgressBar.on_validation_batch_end                                                                                                              	|  6.5139e-05     	|  790            	|  0.05146        	|  0.00042056     	|
|  [Callback]TQDMProgressBar.on_after_backward                                                                                                                    	|  4.4369e-06     	|  9160           	|  0.040642       	|  0.00033215     	|
|  [LightningModule]Mask_RCNN.on_before_batch_transfer                                                                                                            	|  3.5516e-06     	|  9950           	|  0.035338       	|  0.0002888      	|
|  [Callback]TQDMProgressBar.on_before_zero_grad                                                                                                                  	|  3.5283e-06     	|  9160           	|  0.032319       	|  0.00026413     	|
|  [Callback]TQDMProgressBar.on_before_optimizer_step                                                                                                             	|  3.4627e-06     	|  9160           	|  0.031718       	|  0.00025922     	|
|  [Callback]TQDMProgressBar.on_before_backward                                                                                                                   	|  3.2787e-06     	|  9160           	|  0.030032       	|  0.00024544     	|
|  [Callback]COCOEvaluator.on_train_batch_end                                                                                                                     	|  3.0337e-06     	|  9160           	|  0.027789       	|  0.00022711     	|
|  [LightningModule]Mask_RCNN.on_after_batch_transfer                                                                                                             	|  2.6588e-06     	|  9950           	|  0.026455       	|  0.00021621     	|
|  [Callback]COCOEvaluator.on_after_backward                                                                                                                      	|  2.2935e-06     	|  9160           	|  0.021009       	|  0.00017169     	|
|  [Callback]TQDMProgressBar.on_validation_batch_start                                                                                                            	|  2.5885e-05     	|  790            	|  0.020449       	|  0.00016712     	|
|  [LightningModule]Mask_RCNN.on_train_batch_start                                                                                                                	|  2.0558e-06     	|  9160           	|  0.018831       	|  0.0001539      	|
|  [Callback]LearningRateMonitor.on_train_batch_end                                                                                                               	|  2.0351e-06     	|  9160           	|  0.018642       	|  0.00015235     	|
|  [LightningModule]Mask_RCNN.on_after_backward                                                                                                                   	|  1.8197e-06     	|  9160           	|  0.016668       	|  0.00013622     	|
|  [Callback]COCOEvaluator.on_train_batch_start                                                                                                                   	|  1.7611e-06     	|  9160           	|  0.016131       	|  0.00013183     	|
|  [LightningModule]Mask_RCNN.on_before_optimizer_step                                                                                                            	|  1.709e-06      	|  9160           	|  0.015655       	|  0.00012794     	|
|  [LightningModule]Mask_RCNN.on_before_zero_grad                                                                                                                 	|  1.7083e-06     	|  9160           	|  0.015648       	|  0.00012788     	|
|  [LightningModule]Mask_RCNN.on_train_batch_end                                                                                                                  	|  1.6262e-06     	|  9160           	|  0.014896       	|  0.00012174     	|
|  [Callback]ModelCheckpoint{'monitor': None, 'mode': 'min', 'every_n_train_steps': 0, 'every_n_epochs': 1, 'train_time_interval': None}.on_train_batch_start     	|  1.608e-06      	|  9160           	|  0.01473        	|  0.00012038     	|
|  [Callback]LearningRateMonitor.on_after_backward                                                                                                                	|  1.5976e-06     	|  9160           	|  0.014634       	|  0.00011959     	|
|  [LightningModule]Mask_RCNN.on_before_backward                                                                                                                  	|  1.5805e-06     	|  9160           	|  0.014477       	|  0.00011831     	|
|  [Callback]LearningRateMonitor.on_before_zero_grad                                                                                                              	|  1.539e-06      	|  9160           	|  0.014098       	|  0.00011521     	|
|  [Callback]LearningRateMonitor.on_before_backward                                                                                                               	|  1.4644e-06     	|  9160           	|  0.013414       	|  0.00010963     	|
|  [Strategy]DDPStrategy.on_train_batch_start                                                                                                                     	|  1.4311e-06     	|  9160           	|  0.013109       	|  0.00010713     	|
|  [Callback]LearningRateMonitor.on_before_optimizer_step                                                                                                         	|  1.4269e-06     	|  9160           	|  0.01307        	|  0.00010682     	|
|  [Callback]ModelCheckpoint{'monitor': None, 'mode': 'min', 'every_n_train_steps': 0, 'every_n_epochs': 1, 'train_time_interval': None}.on_before_optimizer_step 	|  1.4071e-06     	|  9160           	|  0.012889       	|  0.00010533     	|
|  [Callback]ModelSummary.on_train_batch_start                                                                                                                    	|  1.3962e-06     	|  9160           	|  0.012789       	|  0.00010452     	|
|  [Callback]ModelCheckpoint{'monitor': None, 'mode': 'min', 'every_n_train_steps': 0, 'every_n_epochs': 1, 'train_time_interval': None}.on_after_backward        	|  1.3887e-06     	|  9160           	|  0.012721       	|  0.00010396     	|
|  [Callback]TQDMProgressBar.on_validation_end                                                                                                                    	|  0.0012668      	|  10             	|  0.012668       	|  0.00010353     	|
|  [Callback]ModelCheckpoint{'monitor': None, 'mode': 'min', 'every_n_train_steps': 0, 'every_n_epochs': 1, 'train_time_interval': None}.on_before_backward       	|  1.3402e-06     	|  9160           	|  0.012276       	|  0.00010033     	|
|  [Callback]ModelCheckpoint{'monitor': None, 'mode': 'min', 'every_n_train_steps': 0, 'every_n_epochs': 1, 'train_time_interval': None}.on_before_zero_grad      	|  1.3142e-06     	|  9160           	|  0.012038       	|  9.838e-05      	|
|  [Callback]COCOEvaluator.on_before_zero_grad                                                                                                                    	|  1.2811e-06     	|  9160           	|  0.011734       	|  9.59e-05       	|
|  [Callback]ModelSummary.on_after_backward                                                                                                                       	|  1.2347e-06     	|  9160           	|  0.01131        	|  9.2428e-05     	|
|  [Callback]ModelSummary.on_train_batch_end                                                                                                                      	|  1.2178e-06     	|  9160           	|  0.011155       	|  9.1163e-05     	|
|  [Callback]COCOEvaluator.on_before_backward                                                                                                                     	|  1.2087e-06     	|  9160           	|  0.011072       	|  9.0483e-05     	|
|  [Callback]ModelSummary.on_before_zero_grad                                                                                                                     	|  1.1852e-06     	|  9160           	|  0.010857       	|  8.8728e-05     	|
|  [Callback]COCOEvaluator.on_before_optimizer_step                                                                                                               	|  1.177e-06      	|  9160           	|  0.010782       	|  8.8114e-05     	|
|  [Callback]ModelSummary.on_before_optimizer_step                                                                                                                	|  1.1506e-06     	|  9160           	|  0.010539       	|  8.6132e-05     	|
|  [LightningModule]Mask_RCNN.on_validation_model_train                                                                                                           	|  0.0010252      	|  10             	|  0.010252       	|  8.3787e-05     	|
|  [Callback]ModelSummary.on_before_backward                                                                                                                      	|  1.1189e-06     	|  9160           	|  0.010249       	|  8.3763e-05     	|
|  [Callback]TQDMProgressBar.on_train_epoch_start                                                                                                                 	|  0.00095279     	|  10             	|  0.0095279      	|  7.7867e-05     	|
|  [Callback]ModelSummary.on_fit_start                                                                                                                            	|  0.0067252      	|  1              	|  0.0067252      	|  5.4962e-05     	|
|  [Callback]ModelSummary.on_validation_batch_end                                                                                                                 	|  6.9121e-06     	|  790            	|  0.0054606      	|  4.4627e-05     	|
|  [Callback]TQDMProgressBar.on_train_epoch_end                                                                                                                   	|  0.00037959     	|  10             	|  0.0037959      	|  3.1022e-05     	|
|  [Callback]LearningRateMonitor.on_validation_batch_end                                                                                                          	|  2.7112e-06     	|  790            	|  0.0021418      	|  1.7504e-05     	|
|  [LightningModule]Mask_RCNN.on_validation_batch_end                                                                                                             	|  2.6745e-06     	|  790            	|  0.0021128      	|  1.7267e-05     	|
|  [Callback]LearningRateMonitor.on_validation_batch_start                                                                                                        	|  2.3698e-06     	|  790            	|  0.0018721      	|  1.53e-05       	|
|  [Callback]ModelCheckpoint{'monitor': None, 'mode': 'min', 'every_n_train_steps': 0, 'every_n_epochs': 1, 'train_time_interval': None}.on_validation_batch_end  	|  1.9901e-06     	|  790            	|  0.0015722      	|  1.2849e-05     	|
|  [Callback]ModelCheckpoint{'monitor': None, 'mode': 'min', 'every_n_train_steps': 0, 'every_n_epochs': 1, 'train_time_interval': None}.setup                    	|  0.0015628      	|  1              	|  0.0015628      	|  1.2772e-05     	|
|  [Callback]TQDMProgressBar.on_train_start                                                                                                                       	|  0.0013103      	|  1              	|  0.0013103      	|  1.0708e-05     	|
|  [LightningModule]Mask_RCNN.on_validation_batch_start                                                                                                           	|  1.5129e-06     	|  790            	|  0.0011952      	|  9.7678e-06     	|
|  [Callback]ModelCheckpoint{'monitor': None, 'mode': 'min', 'every_n_train_steps': 0, 'every_n_epochs': 1, 'train_time_interval': None}.on_validation_batch_start	|  1.4804e-06     	|  790            	|  0.0011695      	|  9.5577e-06     	|
|  [Callback]COCOEvaluator.on_validation_batch_start                                                                                                              	|  1.4529e-06     	|  790            	|  0.0011478      	|  9.3804e-06     	|
|  [LightningModule]Mask_RCNN.configure_optimizers                                                                                                                	|  0.0010088      	|  1              	|  0.0010088      	|  8.2442e-06     	|
|  [LightningModule]Mask_RCNN.lr_scheduler_step                                                                                                                   	|  0.00010012     	|  10             	|  0.0010012      	|  8.1821e-06     	|
|  [Callback]ModelSummary.on_validation_batch_start                                                                                                               	|  1.2448e-06     	|  790            	|  0.00098342     	|  8.0371e-06     	|
|  [LightningModule]Mask_RCNN.on_validation_epoch_start                                                                                                           	|  9.7292e-05     	|  10             	|  0.00097292     	|  7.9512e-06     	|
|  [LightningDataModule]COCODataModule.val_dataloader                                                                                                             	|  0.00088513     	|  1              	|  0.00088513     	|  7.2337e-06     	|
|  [Callback]ModelSummary.on_validation_epoch_start                                                                                                               	|  6.3912e-05     	|  10             	|  0.00063912     	|  5.2232e-06     	|
|  [Callback]TQDMProgressBar.on_train_end                                                                                                                         	|  0.00061648     	|  1              	|  0.00061648     	|  5.0382e-06     	|
|  [Callback]ModelCheckpoint{'monitor': None, 'mode': 'min', 'every_n_train_steps': 0, 'every_n_epochs': 1, 'train_time_interval': None}.on_validation_end        	|  5.7108e-05     	|  10             	|  0.00057108     	|  4.6672e-06     	|
|  [Callback]ModelSummary.on_validation_start                                                                                                                     	|  2.4772e-05     	|  10             	|  0.00024772     	|  2.0245e-06     	|
|  [Callback]LearningRateMonitor.on_validation_start                                                                                                              	|  1.7685e-05     	|  10             	|  0.00017685     	|  1.4453e-06     	|
|  [LightningModule]Mask_RCNN.on_train_epoch_start                                                                                                                	|  1.5931e-05     	|  10             	|  0.00015931     	|  1.3019e-06     	|
|  [Callback]LearningRateMonitor.on_train_epoch_start                                                                                                             	|  1.4824e-05     	|  10             	|  0.00014824     	|  1.2115e-06     	|
|  [LightningModule]Mask_RCNN.on_train_end                                                                                                                        	|  0.0001463      	|  1              	|  0.0001463      	|  1.1957e-06     	|
|  [Callback]LearningRateMonitor.on_train_start                                                                                                                   	|  0.00013725     	|  1              	|  0.00013725     	|  1.1216e-06     	|
|  [LightningModule]Mask_RCNN.on_validation_start                                                                                                                 	|  1.0257e-05     	|  10             	|  0.00010257     	|  8.3824e-07     	|
|  [LightningDataModule]COCODataModule.state_dict                                                                                                                 	|  1.0119e-05     	|  10             	|  0.00010119     	|  8.2696e-07     	|
|  [Callback]ModelSummary.on_validation_epoch_end                                                                                                                 	|  6.9116e-06     	|  10             	|  6.9116e-05     	|  5.6485e-07     	|
|  [Strategy]DDPStrategy.on_validation_start                                                                                                                      	|  5.3562e-06     	|  10             	|  5.3562e-05     	|  4.3774e-07     	|
|  [Callback]TQDMProgressBar.on_validation_epoch_end                                                                                                              	|  4.3943e-06     	|  10             	|  4.3943e-05     	|  3.5913e-07     	|
|  [Callback]LearningRateMonitor.on_validation_end                                                                                                                	|  4.3562e-06     	|  10             	|  4.3562e-05     	|  3.5601e-07     	|
|  [Callback]LearningRateMonitor.on_train_epoch_end                                                                                                               	|  4.1437e-06     	|  10             	|  4.1437e-05     	|  3.3864e-07     	|
|  [Callback]COCOEvaluator.on_train_epoch_start                                                                                                                   	|  3.6302e-06     	|  10             	|  3.6302e-05     	|  2.9668e-07     	|
|  [Callback]TQDMProgressBar.on_save_checkpoint                                                                                                                   	|  3.3304e-06     	|  10             	|  3.3304e-05     	|  2.7218e-07     	|
|  [Callback]TQDMProgressBar.setup                                                                                                                                	|  3.1501e-05     	|  1              	|  3.1501e-05     	|  2.5744e-07     	|
|  [Callback]ModelSummary.on_save_checkpoint                                                                                                                      	|  3.1052e-06     	|  10             	|  3.1052e-05     	|  2.5378e-07     	|
|  [Callback]TQDMProgressBar.on_validation_epoch_start                                                                                                            	|  3.0424e-06     	|  10             	|  3.0424e-05     	|  2.4864e-07     	|
|  [LightningModule]Mask_RCNN.on_validation_end                                                                                                                   	|  2.8257e-06     	|  10             	|  2.8257e-05     	|  2.3093e-07     	|
|  [LightningModule]Mask_RCNN.on_validation_epoch_end                                                                                                             	|  2.7498e-06     	|  10             	|  2.7498e-05     	|  2.2473e-07     	|
|  [Callback]ModelCheckpoint{'monitor': None, 'mode': 'min', 'every_n_train_steps': 0, 'every_n_epochs': 1, 'train_time_interval': None}.on_validation_start      	|  2.4908e-06     	|  10             	|  2.4908e-05     	|  2.0357e-07     	|
|  [Callback]LearningRateMonitor.on_save_checkpoint                                                                                                               	|  2.4077e-06     	|  10             	|  2.4077e-05     	|  1.9677e-07     	|
|  [Callback]ModelSummary.on_train_epoch_start                                                                                                                    	|  2.0875e-06     	|  10             	|  2.0875e-05     	|  1.706e-07      	|
|  [Callback]ModelCheckpoint{'monitor': None, 'mode': 'min', 'every_n_train_steps': 0, 'every_n_epochs': 1, 'train_time_interval': None}.on_train_epoch_start     	|  2.0843e-06     	|  10             	|  2.0843e-05     	|  1.7034e-07     	|
|  [Callback]ModelCheckpoint{'monitor': None, 'mode': 'min', 'every_n_train_steps': 0, 'every_n_epochs': 1, 'train_time_interval': None}.on_validation_epoch_start	|  1.8998e-06     	|  10             	|  1.8998e-05     	|  1.5526e-07     	|
|  [Callback]ModelCheckpoint{'monitor': None, 'mode': 'min', 'every_n_train_steps': 0, 'every_n_epochs': 1, 'train_time_interval': None}.on_validation_epoch_end  	|  1.8736e-06     	|  10             	|  1.8736e-05     	|  1.5312e-07     	|
|  [Strategy]DDPStrategy.on_validation_end                                                                                                                        	|  1.8612e-06     	|  10             	|  1.8612e-05     	|  1.5211e-07     	|
|  [Callback]ModelCheckpoint{'monitor': None, 'mode': 'min', 'every_n_train_steps': 0, 'every_n_epochs': 1, 'train_time_interval': None}.on_save_checkpoint       	|  1.7592e-06     	|  10             	|  1.7592e-05     	|  1.4377e-07     	|
|  [Callback]LearningRateMonitor.on_validation_epoch_end                                                                                                          	|  1.7481e-06     	|  10             	|  1.7481e-05     	|  1.4286e-07     	|
|  [Callback]COCOEvaluator.on_save_checkpoint                                                                                                                     	|  1.652e-06      	|  10             	|  1.652e-05      	|  1.3501e-07     	|
|  [Callback]ModelSummary.on_validation_end                                                                                                                       	|  1.5739e-06     	|  10             	|  1.5739e-05     	|  1.2862e-07     	|
|  [Callback]COCOEvaluator.on_validation_end                                                                                                                      	|  1.383e-06      	|  10             	|  1.383e-05      	|  1.1303e-07     	|
|  [Callback]COCOEvaluator.on_train_epoch_end                                                                                                                     	|  1.3282e-06     	|  10             	|  1.3282e-05     	|  1.0855e-07     	|
|  [Callback]ModelSummary.on_train_epoch_end                                                                                                                      	|  1.2854e-06     	|  10             	|  1.2854e-05     	|  1.0505e-07     	|
|  [LightningModule]Mask_RCNN.configure_sharded_model                                                                                                             	|  1.2532e-05     	|  1              	|  1.2532e-05     	|  1.0242e-07     	|
|  [Callback]LearningRateMonitor.on_validation_epoch_start                                                                                                        	|  1.1974e-06     	|  10             	|  1.1974e-05     	|  9.7858e-08     	|
|  [LightningModule]Mask_RCNN.on_save_checkpoint                                                                                                                  	|  1.0783e-06     	|  10             	|  1.0783e-05     	|  8.8123e-08     	|
|  [LightningModule]Mask_RCNN.on_train_start                                                                                                                      	|  1.0043e-05     	|  1              	|  1.0043e-05     	|  8.2078e-08     	|
|  [LightningModule]Mask_RCNN.configure_callbacks                                                                                                                 	|  8.485e-06      	|  1              	|  8.485e-06      	|  6.9344e-08     	|
|  [Callback]TQDMProgressBar.on_fit_end                                                                                                                           	|  7.9758e-06     	|  1              	|  7.9758e-06     	|  6.5183e-08     	|
|  [LightningDataModule]COCODataModule.teardown                                                                                                                   	|  7.889e-06      	|  1              	|  7.889e-06      	|  6.4473e-08     	|
|  [Callback]LearningRateMonitor.on_train_end                                                                                                                     	|  7.4201e-06     	|  1              	|  7.4201e-06     	|  6.0641e-08     	|
|  [LightningModule]Mask_RCNN.on_fit_end                                                                                                                          	|  7.401e-06      	|  1              	|  7.401e-06      	|  6.0485e-08     	|
|  [Callback]TQDMProgressBar.teardown                                                                                                                             	|  6.4028e-06     	|  1              	|  6.4028e-06     	|  5.2327e-08     	|
|  [Callback]LearningRateMonitor.setup                                                                                                                            	|  6.3849e-06     	|  1              	|  6.3849e-06     	|  5.2181e-08     	|
|  [LightningModule]Mask_RCNN.setup                                                                                                                               	|  5.8049e-06     	|  1              	|  5.8049e-06     	|  4.7441e-08     	|
|  [Callback]COCOEvaluator.on_train_start                                                                                                                         	|  5.4641e-06     	|  1              	|  5.4641e-06     	|  4.4655e-08     	|
|  [LightningDataModule]COCODataModule.prepare_data                                                                                                               	|  5.461e-06      	|  1              	|  5.461e-06      	|  4.4631e-08     	|
|  [LightningModule]Mask_RCNN.on_fit_start                                                                                                                        	|  4.15e-06       	|  1              	|  4.15e-06       	|  3.3916e-08     	|
|  [Callback]ModelCheckpoint{'monitor': None, 'mode': 'min', 'every_n_train_steps': 0, 'every_n_epochs': 1, 'train_time_interval': None}.on_train_start           	|  4.115e-06      	|  1              	|  4.115e-06      	|  3.363e-08      	|
|  [Callback]TQDMProgressBar.on_fit_start                                                                                                                         	|  3.865e-06      	|  1              	|  3.865e-06      	|  3.1587e-08     	|
|  [Callback]ModelCheckpoint{'monitor': None, 'mode': 'min', 'every_n_train_steps': 0, 'every_n_epochs': 1, 'train_time_interval': None}.on_fit_start             	|  3.7479e-06     	|  1              	|  3.7479e-06     	|  3.063e-08      	|
|  [LightningModule]Mask_RCNN.prepare_data                                                                                                                        	|  3.523e-06      	|  1              	|  3.523e-06      	|  2.8792e-08     	|
|  [Callback]COCOEvaluator.teardown                                                                                                                               	|  2.77e-06       	|  1              	|  2.77e-06       	|  2.2638e-08     	|
|  [Callback]ModelSummary.teardown                                                                                                                                	|  2.5299e-06     	|  1              	|  2.5299e-06     	|  2.0676e-08     	|
|  [Callback]LearningRateMonitor.on_fit_end                                                                                                                       	|  2.5239e-06     	|  1              	|  2.5239e-06     	|  2.0627e-08     	|
|  [LightningModule]Mask_RCNN.teardown                                                                                                                            	|  2.431e-06      	|  1              	|  2.431e-06      	|  1.9867e-08     	|
|  [Strategy]DDPStrategy.on_train_start                                                                                                                           	|  2.3849e-06     	|  1              	|  2.3849e-06     	|  1.9491e-08     	|
|  [Callback]ModelCheckpoint{'monitor': None, 'mode': 'min', 'every_n_train_steps': 0, 'every_n_epochs': 1, 'train_time_interval': None}.teardown                 	|  2.2119e-06     	|  1              	|  2.2119e-06     	|  1.8077e-08     	|
|  [Callback]ModelCheckpoint{'monitor': None, 'mode': 'min', 'every_n_train_steps': 0, 'every_n_epochs': 1, 'train_time_interval': None}.on_fit_end               	|  2.2042e-06     	|  1              	|  2.2042e-06     	|  1.8014e-08     	|
|  [Callback]LearningRateMonitor.teardown                                                                                                                         	|  2.166e-06      	|  1              	|  2.166e-06      	|  1.7702e-08     	|
|  [Callback]COCOEvaluator.on_fit_end                                                                                                                             	|  1.9439e-06     	|  1              	|  1.9439e-06     	|  1.5887e-08     	|
|  [Callback]COCOEvaluator.on_train_end                                                                                                                           	|  1.8929e-06     	|  1              	|  1.8929e-06     	|  1.547e-08      	|
|  [Strategy]DDPStrategy.on_train_end                                                                                                                             	|  1.8871e-06     	|  1              	|  1.8871e-06     	|  1.5422e-08     	|
|  [Callback]ModelSummary.on_fit_end                                                                                                                              	|  1.7742e-06     	|  1              	|  1.7742e-06     	|  1.4499e-08     	|
|  [Callback]ModelSummary.on_train_end                                                                                                                            	|  1.7709e-06     	|  1              	|  1.7709e-06     	|  1.4473e-08     	|
|  [Callback]ModelCheckpoint{'monitor': None, 'mode': 'min', 'every_n_train_steps': 0, 'every_n_epochs': 1, 'train_time_interval': None}.on_train_end             	|  1.7439e-06     	|  1              	|  1.7439e-06     	|  1.4252e-08     	|
|  [Callback]LearningRateMonitor.on_fit_start                                                                                                                     	|  1.6231e-06     	|  1              	|  1.6231e-06     	|  1.3265e-08     	|
|  [Callback]COCOEvaluator.setup                                                                                                                                  	|  1.4841e-06     	|  1              	|  1.4841e-06     	|  1.2129e-08     	|
|  [Callback]ModelSummary.on_train_start                                                                                                                          	|  1.36e-06       	|  1              	|  1.36e-06       	|  1.1114e-08     	|
|  [Callback]ModelSummary.setup                                                                                                                                   	|  1.3278e-06     	|  1              	|  1.3278e-06     	|  1.0852e-08     	|
|  [Callback]COCOEvaluator.on_fit_start                                                                                                                           	|  1.2652e-06     	|  1              	|  1.2652e-06     	|  1.034e-08      	|
--------------------------------------------------------------------------------------------------------------------------------------------------------------------------------------------------------------------------------------------------------------------------

wandb: Waiting for W&B process to finish... (success).
wandb: 
wandb: Run history:
wandb:               epoch ▁▁▁▁▂▂▂▂▃▃▃▃▃▃▃▃▄▄▄▄▅▅▅▅▆▆▆▆▆▆▆▆▇▇▇▇████
wandb:      evaluator_time ▅▄██▆▆▃▄▁▂
wandb:        loss_box_reg ▃▅▅▇▇██▆▅▅▆▄▄▃▃▃▄▅▄▄▅▃▃▄▄▃▃▃▁▃▂▄▃▃▂▃▁▁▃▃
wandb:     loss_classifier ██▇█▆▆▆▄▄▄▄▃▃▂▂▂▂▃▃▃▃▂▂▂▃▂▂▂▁▂▁▂▂▂▂▂▁▁▂▂
wandb:           loss_mask █▆▆▅▄▃▃▃▃▃▂▂▂▂▂▂▂▂▂▂▂▂▂▂▂▂▂▂▁▂▁▂▁▂▁▁▁▁▁▁
wandb:     loss_objectness █▄▄▃▃▃▃▂▂▂▂▂▂▂▂▂▁▁▂▂▂▁▂▂▂▁▁▂▁▁▁▂▁▁▁▁▁▁▁▁
wandb:    loss_rpn_box_reg █▇▅▄▄▅▅▄▃▃▃▃▄▂▂▂▂▃▂▄▄▂▂▃▄▂▂▂▁▃▂▃▂▂▂▂▂▁▂▃
wandb:              lr-SGD ▁▁▁▁▂▂▂▂▂▂▂▂▂▂▂▂▂▂▂▂▄▄▄▄▄▄▄▄▄▄▄▄████████
wandb:     lr-SGD-momentum ▁▁▁▁▁▁▁▁▁▁▁▁▁▁▁▁▁▁▁▁▁▁▁▁▁▁▁▁▁▁▁▁▁▁▁▁▁▁▁▁
wandb:         map_50_bbox ▁▆▇▇▇▇████
wandb:         map_50_segm ▁▅▆▇▇▇████
wandb:            map_bbox ▁▅▆▆▇▇▇███
wandb:            map_segm ▁▅▆▆▇▇████
wandb:            mar_bbox ▁▅▆▇▇▇████
wandb:            mar_segm ▁▅▆▇▇▇████
wandb:          model_time ▆▅█▇▇▃▂▆▂▁
wandb: trainer/global_step ▁▁▁▂▂▂▂▂▂▃▃▃▃▃▄▄▄▄▄▄▅▅▅▅▅▅▆▆▆▆▆▇▇▇▇▇▇███
wandb:       training_loss █▅▃▃▂▂▂▁▁▁
wandb:  training_step_loss █▇▆▆▅▅▅▄▃▃▃▃▃▂▂▂▂▃▂▃▃▂▂▂▂▂▂▂▁▂▁▂▂▂▂▂▁▁▂▂
wandb: 
wandb: Run summary:
wandb:               epoch 9
wandb:      evaluator_time 0.36784
wandb:        loss_box_reg 0.23563
wandb:     loss_classifier 0.21457
wandb:           loss_mask 0.27314
wandb:     loss_objectness 0.04553
wandb:    loss_rpn_box_reg 0.05769
wandb:              lr-SGD 0.08
wandb:     lr-SGD-momentum 0.9
wandb:         map_50_bbox 0.54961
wandb:         map_50_segm 0.51352
wandb:            map_bbox 0.33703
wandb:            map_segm 0.30654
wandb:            mar_bbox 0.49389
wandb:            mar_segm 0.44507
wandb:          model_time 0.54849
wandb: trainer/global_step 9159
wandb:       training_loss 0.8427
wandb:  training_step_loss 0.82655
wandb: 
wandb: 🚀 View run sgd-16-multistep-baseline at: https://wandb.ai/ilhamsyahids/MaskRCNN/runs/9wb39zae
wandb: Synced 5 W&B file(s), 1 media file(s), 3 artifact file(s) and 0 other file(s)
wandb: Find logs at: /raid/data/m23522033/logs/wandb/run-20230421_100840-9wb39zae/logs
